query 1 run 1
SET
SET
SET
                                                                           QUERY PLAN                                                                            
-----------------------------------------------------------------------------------------------------------------------------------------------------------------
 Limit  (cost=1831998.36..1831999.00 rows=1 width=236) (actual time=17040.288..17042.479 rows=1 loops=1)
   ->  Finalize GroupAggregate  (cost=1831998.36..1832002.18 rows=6 width=236) (actual time=17040.286..17042.477 rows=1 loops=1)
         Group Key: l_returnflag, l_linestatus
         ->  Gather Merge  (cost=1831998.36..1832001.23 rows=24 width=236) (actual time=17040.262..17042.455 rows=6 loops=1)
               Workers Planned: 4
               Workers Launched: 4
               ->  Sort  (cost=1830998.30..1830998.32 rows=6 width=236) (actual time=17030.983..17030.984 rows=4 loops=5)
                     Sort Key: l_returnflag, l_linestatus
                     Sort Method: quicksort  Memory: 26kB
                     Worker 0:  Sort Method: quicksort  Memory: 26kB
                     Worker 1:  Sort Method: quicksort  Memory: 26kB
                     Worker 2:  Sort Method: quicksort  Memory: 26kB
                     Worker 3:  Sort Method: quicksort  Memory: 26kB
                     ->  Partial HashAggregate  (cost=1830998.09..1830998.23 rows=6 width=236) (actual time=17030.938..17030.943 rows=4 loops=5)
                           Group Key: l_returnflag, l_linestatus
                           Batches: 1  Memory Usage: 24kB
                           Worker 0:  Batches: 1  Memory Usage: 24kB
                           Worker 1:  Batches: 1  Memory Usage: 24kB
                           Worker 2:  Batches: 1  Memory Usage: 24kB
                           Worker 3:  Batches: 1  Memory Usage: 24kB
                           ->  Parallel Seq Scan on lineitem  (cost=0.00..1312582.68 rows=14811869 width=25) (actual time=0.395..4393.241 rows=11856890 loops=5)
                                 Filter: (l_shipdate <= '1998-09-10 00:00:00'::timestamp without time zone)
                                 Rows Removed by Filter: 140321
 Planning Time: 24.428 ms
 Execution Time: 17043.268 ms
(25 rows)

SET
SET
SET
                                                                           QUERY PLAN                                                                            
-----------------------------------------------------------------------------------------------------------------------------------------------------------------
 Limit  (cost=1831998.36..1831999.00 rows=1 width=236) (actual time=16240.957..16241.605 rows=1 loops=1)
   ->  Finalize GroupAggregate  (cost=1831998.36..1832002.18 rows=6 width=236) (actual time=16240.955..16241.602 rows=1 loops=1)
         Group Key: l_returnflag, l_linestatus
         ->  Gather Merge  (cost=1831998.36..1832001.23 rows=24 width=236) (actual time=16240.917..16241.572 rows=6 loops=1)
               Workers Planned: 4
               Workers Launched: 4
               ->  Sort  (cost=1830998.30..1830998.32 rows=6 width=236) (actual time=16235.942..16235.943 rows=4 loops=5)
                     Sort Key: l_returnflag, l_linestatus
                     Sort Method: quicksort  Memory: 26kB
                     Worker 0:  Sort Method: quicksort  Memory: 26kB
                     Worker 1:  Sort Method: quicksort  Memory: 26kB
                     Worker 2:  Sort Method: quicksort  Memory: 26kB
                     Worker 3:  Sort Method: quicksort  Memory: 26kB
                     ->  Partial HashAggregate  (cost=1830998.09..1830998.23 rows=6 width=236) (actual time=16235.902..16235.907 rows=4 loops=5)
                           Group Key: l_returnflag, l_linestatus
                           Batches: 1  Memory Usage: 24kB
                           Worker 0:  Batches: 1  Memory Usage: 24kB
                           Worker 1:  Batches: 1  Memory Usage: 24kB
                           Worker 2:  Batches: 1  Memory Usage: 24kB
                           Worker 3:  Batches: 1  Memory Usage: 24kB
                           ->  Parallel Seq Scan on lineitem  (cost=0.00..1312582.68 rows=14811869 width=25) (actual time=0.031..2408.724 rows=11856890 loops=5)
                                 Filter: (l_shipdate <= '1998-09-10 00:00:00'::timestamp without time zone)
                                 Rows Removed by Filter: 140321
 Planning Time: 1.347 ms
 Execution Time: 16241.728 ms
(25 rows)

query 2 run 1
SET
SET
SET
                                                                                                 QUERY PLAN                                                                                                 
------------------------------------------------------------------------------------------------------------------------------------------------------------------------------------------------------------
 Limit  (cost=433389.75..433389.76 rows=1 width=192) (actual time=1339.960..1339.975 rows=100 loops=1)
   ->  Sort  (cost=433389.75..433389.76 rows=1 width=192) (actual time=1339.959..1339.968 rows=100 loops=1)
         Sort Key: supplier.s_acctbal DESC, nation.n_name, supplier.s_name, part.p_partkey
         Sort Method: top-N heapsort  Memory: 67kB
         ->  Nested Loop  (cost=50.66..433389.74 rows=1 width=192) (actual time=4.540..1337.827 rows=4737 loops=1)
               Join Filter: (supplier.s_nationkey = nation.n_nationkey)
               Rows Removed by Join Filter: 18948
               ->  Nested Loop  (cost=0.00..2.62 rows=5 width=30) (actual time=0.351..0.359 rows=5 loops=1)
                     Join Filter: (nation.n_regionkey = region.r_regionkey)
                     Rows Removed by Join Filter: 20
                     ->  Seq Scan on region  (cost=0.00..1.06 rows=1 width=4) (actual time=0.158..0.160 rows=1 loops=1)
                           Filter: (r_name = 'AMERICA'::bpchar)
                           Rows Removed by Filter: 4
                     ->  Seq Scan on nation  (cost=0.00..1.25 rows=25 width=34) (actual time=0.188..0.191 rows=25 loops=1)
               ->  Materialize  (cost=50.66..433387.05 rows=1 width=170) (actual time=0.408..266.758 rows=4737 loops=5)
                     Storage: Memory  Maximum Storage: 987kB
                     ->  Nested Loop  (cost=50.66..433387.04 rows=1 width=170) (actual time=2.029..1327.242 rows=4737 loops=1)
                           ->  Nested Loop  (cost=50.37..433383.03 rows=1 width=34) (actual time=1.609..1072.886 rows=4737 loops=1)
                                 ->  Index Only Scan using q2_idx_1 on part  (cost=0.43..54322.54 rows=7286 width=30) (actual time=0.245..230.685 rows=8046 loops=1)
                                       Index Cond: (p_size = 16)
                                       Filter: ((p_type)::text ~~ '%NICKEL'::text)
                                       Rows Removed by Filter: 32185
                                       Heap Fetches: 0
                                 ->  Index Only Scan using q2_idx_2 on partsupp  (cost=49.94..52.02 rows=1 width=14) (actual time=0.001..0.002 rows=1 loops=8046)
                                       Index Cond: ((ps_partkey = part.p_partkey) AND (ps_supplycost = (SubPlan 1)))
                                       Heap Fetches: 0
                                       SubPlan 1
                                         ->  Aggregate  (cost=49.50..49.51 rows=1 width=32) (actual time=0.101..0.101 rows=1 loops=8046)
                                               ->  Nested Loop  (cost=2.41..49.49 rows=4 width=6) (actual time=0.091..0.099 rows=1 loops=8046)
                                                     Join Filter: (nation_1.n_regionkey = region_1.r_regionkey)
                                                     Rows Removed by Join Filter: 3
                                                     ->  Seq Scan on region region_1  (cost=0.00..1.06 rows=1 width=4) (actual time=0.001..0.002 rows=1 loops=8046)
                                                           Filter: (r_name = 'AMERICA'::bpchar)
                                                           Rows Removed by Filter: 4
                                                     ->  Hash Join  (cost=2.41..48.20 rows=18 width=10) (actual time=0.076..0.097 rows=4 loops=8046)
                                                           Hash Cond: (supplier_1.s_nationkey = nation_1.n_nationkey)
                                                           ->  Nested Loop  (cost=0.85..46.58 rows=18 width=10) (actual time=0.075..0.095 rows=4 loops=8046)
                                                                 ->  Index Only Scan using q2_idx_2 on partsupp partsupp_1  (cost=0.43..2.75 rows=18 width=10) (actual time=0.069..0.071 rows=4 loops=8046)
                                                                       Index Cond: (ps_partkey = part.p_partkey)
                                                                       Heap Fetches: 0
                                                                 ->  Index Only Scan using q2_idx_3 on supplier supplier_1  (cost=0.42..2.43 rows=1 width=8) (actual time=0.006..0.006 rows=1 loops=32184)
                                                                       Index Cond: (s_suppkey = partsupp_1.ps_suppkey)
                                                                       Heap Fetches: 0
                                                           ->  Hash  (cost=1.25..1.25 rows=25 width=8) (actual time=0.017..0.017 rows=25 loops=1)
                                                                 Buckets: 1024  Batches: 1  Memory Usage: 9kB
                                                                 ->  Seq Scan on nation nation_1  (cost=0.00..1.25 rows=25 width=8) (actual time=0.004..0.007 rows=25 loops=1)
                           ->  Index Scan using supplier_pkey on supplier  (cost=0.29..4.01 rows=1 width=144) (actual time=0.053..0.053 rows=1 loops=4737)
                                 Index Cond: (s_suppkey = partsupp.ps_suppkey)
 Planning Time: 24.474 ms
 Execution Time: 1340.206 ms
(50 rows)

SET
SET
SET
                                                                                                 QUERY PLAN                                                                                                 
------------------------------------------------------------------------------------------------------------------------------------------------------------------------------------------------------------
 Limit  (cost=433389.75..433389.76 rows=1 width=192) (actual time=252.510..252.524 rows=100 loops=1)
   ->  Sort  (cost=433389.75..433389.76 rows=1 width=192) (actual time=252.509..252.517 rows=100 loops=1)
         Sort Key: supplier.s_acctbal DESC, nation.n_name, supplier.s_name, part.p_partkey
         Sort Method: top-N heapsort  Memory: 67kB
         ->  Nested Loop  (cost=50.66..433389.74 rows=1 width=192) (actual time=0.235..250.815 rows=4737 loops=1)
               Join Filter: (supplier.s_nationkey = nation.n_nationkey)
               Rows Removed by Join Filter: 18948
               ->  Nested Loop  (cost=0.00..2.62 rows=5 width=30) (actual time=0.024..0.031 rows=5 loops=1)
                     Join Filter: (nation.n_regionkey = region.r_regionkey)
                     Rows Removed by Join Filter: 20
                     ->  Seq Scan on region  (cost=0.00..1.06 rows=1 width=4) (actual time=0.013..0.014 rows=1 loops=1)
                           Filter: (r_name = 'AMERICA'::bpchar)
                           Rows Removed by Filter: 4
                     ->  Seq Scan on nation  (cost=0.00..1.25 rows=25 width=34) (actual time=0.008..0.011 rows=25 loops=1)
               ->  Materialize  (cost=50.66..433387.05 rows=1 width=170) (actual time=0.027..49.573 rows=4737 loops=5)
                     Storage: Memory  Maximum Storage: 987kB
                     ->  Nested Loop  (cost=50.66..433387.04 rows=1 width=170) (actual time=0.127..243.556 rows=4737 loops=1)
                           ->  Nested Loop  (cost=50.37..433383.03 rows=1 width=34) (actual time=0.111..229.006 rows=4737 loops=1)
                                 ->  Index Only Scan using q2_idx_1 on part  (cost=0.43..54322.54 rows=7286 width=30) (actual time=0.017..84.341 rows=8046 loops=1)
                                       Index Cond: (p_size = 16)
                                       Filter: ((p_type)::text ~~ '%NICKEL'::text)
                                       Rows Removed by Filter: 32185
                                       Heap Fetches: 0
                                 ->  Index Only Scan using q2_idx_2 on partsupp  (cost=49.94..52.02 rows=1 width=14) (actual time=0.001..0.001 rows=1 loops=8046)
                                       Index Cond: ((ps_partkey = part.p_partkey) AND (ps_supplycost = (SubPlan 1)))
                                       Heap Fetches: 0
                                       SubPlan 1
                                         ->  Aggregate  (cost=49.50..49.51 rows=1 width=32) (actual time=0.016..0.016 rows=1 loops=8046)
                                               ->  Nested Loop  (cost=2.41..49.49 rows=4 width=6) (actual time=0.011..0.014 rows=1 loops=8046)
                                                     Join Filter: (nation_1.n_regionkey = region_1.r_regionkey)
                                                     Rows Removed by Join Filter: 3
                                                     ->  Seq Scan on region region_1  (cost=0.00..1.06 rows=1 width=4) (actual time=0.001..0.001 rows=1 loops=8046)
                                                           Filter: (r_name = 'AMERICA'::bpchar)
                                                           Rows Removed by Filter: 4
                                                     ->  Hash Join  (cost=2.41..48.20 rows=18 width=10) (actual time=0.005..0.013 rows=4 loops=8046)
                                                           Hash Cond: (supplier_1.s_nationkey = nation_1.n_nationkey)
                                                           ->  Nested Loop  (cost=0.85..46.58 rows=18 width=10) (actual time=0.005..0.012 rows=4 loops=8046)
                                                                 ->  Index Only Scan using q2_idx_2 on partsupp partsupp_1  (cost=0.43..2.75 rows=18 width=10) (actual time=0.003..0.003 rows=4 loops=8046)
                                                                       Index Cond: (ps_partkey = part.p_partkey)
                                                                       Heap Fetches: 0
                                                                 ->  Index Only Scan using q2_idx_3 on supplier supplier_1  (cost=0.42..2.43 rows=1 width=8) (actual time=0.002..0.002 rows=1 loops=32184)
                                                                       Index Cond: (s_suppkey = partsupp_1.ps_suppkey)
                                                                       Heap Fetches: 0
                                                           ->  Hash  (cost=1.25..1.25 rows=25 width=8) (actual time=0.015..0.016 rows=25 loops=1)
                                                                 Buckets: 1024  Batches: 1  Memory Usage: 9kB
                                                                 ->  Seq Scan on nation nation_1  (cost=0.00..1.25 rows=25 width=8) (actual time=0.004..0.007 rows=25 loops=1)
                           ->  Index Scan using supplier_pkey on supplier  (cost=0.29..4.01 rows=1 width=144) (actual time=0.003..0.003 rows=1 loops=4737)
                                 Index Cond: (s_suppkey = partsupp.ps_suppkey)
 Planning Time: 2.563 ms
 Execution Time: 252.738 ms
(50 rows)

query 3 run 1
SET
SET
SET
                                                                                  QUERY PLAN                                                                                   
-------------------------------------------------------------------------------------------------------------------------------------------------------------------------------
 Limit  (cost=2318876.93..2318876.96 rows=10 width=44) (actual time=9698.040..9710.793 rows=10 loops=1)
   ->  Sort  (cost=2318876.93..2326671.00 rows=3117627 width=44) (actual time=9698.039..9710.790 rows=10 loops=1)
         Sort Key: (sum((lineitem.l_extendedprice * ('1'::numeric - lineitem.l_discount)))) DESC, orders.o_orderdate
         Sort Method: top-N heapsort  Memory: 26kB
         ->  GroupAggregate  (cost=1792483.44..2251506.13 rows=3117627 width=44) (actual time=9500.236..9690.306 rows=113934 loops=1)
               Group Key: lineitem.l_orderkey, orders.o_orderdate, orders.o_shippriority
               ->  Gather Merge  (cost=1792483.44..2165771.39 rows=3117627 width=24) (actual time=9500.211..9552.680 rows=301530 loops=1)
                     Workers Planned: 4
                     Workers Launched: 4
                     ->  Sort  (cost=1791483.38..1793431.90 rows=779407 width=24) (actual time=9490.306..9493.163 rows=60306 loops=5)
                           Sort Key: lineitem.l_orderkey, orders.o_orderdate, orders.o_shippriority
                           Sort Method: quicksort  Memory: 4202kB
                           Worker 0:  Sort Method: quicksort  Memory: 4259kB
                           Worker 1:  Sort Method: quicksort  Memory: 4244kB
                           Worker 2:  Sort Method: quicksort  Memory: 4268kB
                           Worker 3:  Sort Method: quicksort  Memory: 4258kB
                           ->  Parallel Hash Join  (cost=358969.04..1703793.05 rows=779407 width=24) (actual time=2413.180..9469.359 rows=60306 loops=5)
                                 Hash Cond: (lineitem.l_orderkey = orders.o_orderkey)
                                 ->  Parallel Seq Scan on lineitem  (cost=0.00..1312582.68 rows=8078084 width=16) (actual time=0.587..6284.623 rows=6506846 loops=5)
                                       Filter: (l_shipdate > '1995-03-07'::date)
                                       Rows Removed by Filter: 5490365
                                 ->  Parallel Hash  (cost=354446.70..354446.70 rows=361787 width=12) (actual time=2407.673..2407.858 rows=290361 loops=5)
                                       Buckets: 2097152  Batches: 1  Memory Usage: 84608kB
                                       ->  Parallel Hash Join  (cost=41575.47..354446.70 rows=361787 width=12) (actual time=273.959..2311.534 rows=290361 loops=5)
                                             Hash Cond: (orders.o_custkey = customer.c_custkey)
                                             ->  Parallel Seq Scan on orders  (cost=0.00..308139.32 rows=1802628 width=16) (actual time=0.611..1692.044 rows=1447887 loops=5)
                                                   Filter: (o_orderdate < '1995-03-07'::date)
                                                   Rows Removed by Filter: 1552113
                                             ->  Parallel Hash  (cost=40634.66..40634.66 rows=75265 width=4) (actual time=272.788..272.788 rows=60055 loops=5)
                                                   Buckets: 524288  Batches: 1  Memory Usage: 15904kB
                                                   ->  Parallel Seq Scan on customer  (cost=0.00..40634.66 rows=75265 width=4) (actual time=0.471..254.567 rows=60055 loops=5)
                                                         Filter: (c_mktsegment = 'BUILDING'::bpchar)
                                                         Rows Removed by Filter: 239945
 Planning Time: 34.582 ms
 Execution Time: 9711.147 ms
(35 rows)

SET
SET
SET
                                                                                  QUERY PLAN                                                                                  
------------------------------------------------------------------------------------------------------------------------------------------------------------------------------
 Limit  (cost=2318876.93..2318876.96 rows=10 width=44) (actual time=4417.502..4429.291 rows=10 loops=1)
   ->  Sort  (cost=2318876.93..2326671.00 rows=3117627 width=44) (actual time=4417.501..4429.288 rows=10 loops=1)
         Sort Key: (sum((lineitem.l_extendedprice * ('1'::numeric - lineitem.l_discount)))) DESC, orders.o_orderdate
         Sort Method: top-N heapsort  Memory: 26kB
         ->  GroupAggregate  (cost=1792483.44..2251506.13 rows=3117627 width=44) (actual time=4220.027..4408.624 rows=113934 loops=1)
               Group Key: lineitem.l_orderkey, orders.o_orderdate, orders.o_shippriority
               ->  Gather Merge  (cost=1792483.44..2165771.39 rows=3117627 width=24) (actual time=4220.014..4271.183 rows=301530 loops=1)
                     Workers Planned: 4
                     Workers Launched: 4
                     ->  Sort  (cost=1791483.38..1793431.90 rows=779407 width=24) (actual time=4213.958..4216.646 rows=60306 loops=5)
                           Sort Key: lineitem.l_orderkey, orders.o_orderdate, orders.o_shippriority
                           Sort Method: quicksort  Memory: 4271kB
                           Worker 0:  Sort Method: quicksort  Memory: 4280kB
                           Worker 1:  Sort Method: quicksort  Memory: 4105kB
                           Worker 2:  Sort Method: quicksort  Memory: 4237kB
                           Worker 3:  Sort Method: quicksort  Memory: 4339kB
                           ->  Parallel Hash Join  (cost=358969.04..1703793.05 rows=779407 width=24) (actual time=1034.002..4192.344 rows=60306 loops=5)
                                 Hash Cond: (lineitem.l_orderkey = orders.o_orderkey)
                                 ->  Parallel Seq Scan on lineitem  (cost=0.00..1312582.68 rows=8078084 width=16) (actual time=0.041..2219.019 rows=6506846 loops=5)
                                       Filter: (l_shipdate > '1995-03-07'::date)
                                       Rows Removed by Filter: 5490365
                                 ->  Parallel Hash  (cost=354446.70..354446.70 rows=361787 width=12) (actual time=1031.156..1031.159 rows=290361 loops=5)
                                       Buckets: 2097152  Batches: 1  Memory Usage: 84576kB
                                       ->  Parallel Hash Join  (cost=41575.47..354446.70 rows=361787 width=12) (actual time=82.515..911.966 rows=290361 loops=5)
                                             Hash Cond: (orders.o_custkey = customer.c_custkey)
                                             ->  Parallel Seq Scan on orders  (cost=0.00..308139.32 rows=1802628 width=16) (actual time=0.053..430.663 rows=1447887 loops=5)
                                                   Filter: (o_orderdate < '1995-03-07'::date)
                                                   Rows Removed by Filter: 1552113
                                             ->  Parallel Hash  (cost=40634.66..40634.66 rows=75265 width=4) (actual time=81.224..81.225 rows=60055 loops=5)
                                                   Buckets: 524288  Batches: 1  Memory Usage: 15936kB
                                                   ->  Parallel Seq Scan on customer  (cost=0.00..40634.66 rows=75265 width=4) (actual time=0.017..55.129 rows=60055 loops=5)
                                                         Filter: (c_mktsegment = 'BUILDING'::bpchar)
                                                         Rows Removed by Filter: 239945
 Planning Time: 2.031 ms
 Execution Time: 4429.583 ms
(35 rows)

query 4 run 1
SET
SET
SET
                                                                                QUERY PLAN                                                                                
--------------------------------------------------------------------------------------------------------------------------------------------------------------------------
 Limit  (cost=282769.08..535406.20 rows=1 width=24) (actual time=8106.812..8124.046 rows=1 loops=1)
   ->  GroupAggregate  (cost=282769.08..1545954.68 rows=5 width=24) (actual time=8106.811..8124.044 rows=1 loops=1)
         Group Key: orders.o_orderpriority
         ->  Nested Loop Semi Join  (cost=282769.08..1543189.27 rows=553073 width=16) (actual time=4216.295..8086.045 rows=103030 loops=1)
               ->  Gather Merge  (cost=282768.64..349006.80 rows=553208 width=20) (actual time=4215.191..4288.482 rows=112213 loops=1)
                     Workers Planned: 4
                     Workers Launched: 4
                     ->  Sort  (cost=281768.58..282114.34 rows=138302 width=20) (actual time=4203.763..4206.470 rows=23436 loops=5)
                           Sort Key: orders.o_orderpriority
                           Sort Method: quicksort  Memory: 7487kB
                           Worker 0:  Sort Method: quicksort  Memory: 7434kB
                           Worker 1:  Sort Method: quicksort  Memory: 7478kB
                           Worker 2:  Sort Method: quicksort  Memory: 7405kB
                           Worker 3:  Sort Method: quicksort  Memory: 7450kB
                           ->  Parallel Bitmap Heap Scan on orders  (cost=6616.82..269959.35 rows=138302 width=20) (actual time=130.886..4153.551 rows=112085 loops=5)
                                 Recheck Cond: ((o_orderdate >= '1993-12-01'::date) AND (o_orderdate < '1994-03-01'::date))
                                 Heap Blocks: exact=46667
                                 Worker 0:  Heap Blocks: exact=46316
                                 Worker 1:  Heap Blocks: exact=46763
                                 Worker 2:  Heap Blocks: exact=45825
                                 Worker 3:  Heap Blocks: exact=46316
                                 ->  Bitmap Index Scan on idx_orders_orderdate  (cost=0.00..6478.52 rows=553208 width=0) (actual time=86.130..86.130 rows=560424 loops=1)
                                       Index Cond: ((o_orderdate >= '1993-12-01'::date) AND (o_orderdate < '1994-03-01'::date))
               ->  Index Only Scan using q4_idx_1 on lineitem  (cost=0.44..2.44 rows=1 width=4) (actual time=0.033..0.033 rows=1 loops=112213)
                     Index Cond: (l_orderkey = orders.o_orderkey)
                     Heap Fetches: 0
 Planning Time: 29.159 ms
 Execution Time: 8124.519 ms
(28 rows)

SET
SET
SET
                                                                                QUERY PLAN                                                                                
--------------------------------------------------------------------------------------------------------------------------------------------------------------------------
 Limit  (cost=282769.08..535406.20 rows=1 width=24) (actual time=1150.341..1170.489 rows=1 loops=1)
   ->  GroupAggregate  (cost=282769.08..1545954.68 rows=5 width=24) (actual time=1150.340..1170.487 rows=1 loops=1)
         Group Key: orders.o_orderpriority
         ->  Nested Loop Semi Join  (cost=282769.08..1543189.27 rows=553073 width=16) (actual time=696.704..1153.426 rows=103030 loops=1)
               ->  Gather Merge  (cost=282768.64..349006.80 rows=553208 width=20) (actual time=696.640..746.313 rows=112213 loops=1)
                     Workers Planned: 4
                     Workers Launched: 4
                     ->  Sort  (cost=281768.58..282114.34 rows=138302 width=20) (actual time=687.245..689.176 rows=23425 loops=5)
                           Sort Key: orders.o_orderpriority
                           Sort Method: quicksort  Memory: 7240kB
                           Worker 0:  Sort Method: quicksort  Memory: 7502kB
                           Worker 1:  Sort Method: quicksort  Memory: 7262kB
                           Worker 2:  Sort Method: quicksort  Memory: 7617kB
                           Worker 3:  Sort Method: quicksort  Memory: 7632kB
                           ->  Parallel Bitmap Heap Scan on orders  (cost=6616.82..269959.35 rows=138302 width=20) (actual time=125.784..644.164 rows=112085 loops=5)
                                 Recheck Cond: ((o_orderdate >= '1993-12-01'::date) AND (o_orderdate < '1994-03-01'::date))
                                 Heap Blocks: exact=44020
                                 Worker 0:  Heap Blocks: exact=46857
                                 Worker 1:  Heap Blocks: exact=44387
                                 Worker 2:  Heap Blocks: exact=48118
                                 Worker 3:  Heap Blocks: exact=48505
                                 ->  Bitmap Index Scan on idx_orders_orderdate  (cost=0.00..6478.52 rows=553208 width=0) (actual time=80.010..80.011 rows=560424 loops=1)
                                       Index Cond: ((o_orderdate >= '1993-12-01'::date) AND (o_orderdate < '1994-03-01'::date))
               ->  Index Only Scan using q4_idx_1 on lineitem  (cost=0.44..2.44 rows=1 width=4) (actual time=0.003..0.003 rows=1 loops=112213)
                     Index Cond: (l_orderkey = orders.o_orderkey)
                     Heap Fetches: 0
 Planning Time: 2.137 ms
 Execution Time: 1170.823 ms
(28 rows)

query 5 run 1
SET
SET
SET
                                                                                              QUERY PLAN                                                                                               
-------------------------------------------------------------------------------------------------------------------------------------------------------------------------------------------------------
 Limit  (cost=651461.88..651461.88 rows=1 width=58) (actual time=7602.818..7633.362 rows=1 loops=1)
   ->  Sort  (cost=651461.88..651461.94 rows=25 width=58) (actual time=7602.817..7633.360 rows=1 loops=1)
         Sort Key: (sum((lineitem.l_extendedprice * ('1'::numeric - lineitem.l_discount)))) DESC
         Sort Method: top-N heapsort  Memory: 25kB
         ->  Finalize GroupAggregate  (cost=651224.03..651461.76 rows=25 width=58) (actual time=7599.272..7633.335 rows=5 loops=1)
               Group Key: nation.n_name
               ->  Gather Merge  (cost=651224.03..651460.69 rows=100 width=58) (actual time=7598.093..7633.311 rows=25 loops=1)
                     Workers Planned: 4
                     Workers Launched: 4
                     ->  Partial GroupAggregate  (cost=650223.97..650448.72 rows=25 width=58) (actual time=7582.501..7587.114 rows=5 loops=5)
                           Group Key: nation.n_name
                           ->  Sort  (cost=650223.97..650268.86 rows=17955 width=38) (actual time=7581.370..7582.023 rows=14407 loops=5)
                                 Sort Key: nation.n_name
                                 Sort Method: quicksort  Memory: 1175kB
                                 Worker 0:  Sort Method: quicksort  Memory: 1164kB
                                 Worker 1:  Sort Method: quicksort  Memory: 1166kB
                                 Worker 2:  Sort Method: quicksort  Memory: 1178kB
                                 Worker 3:  Sort Method: quicksort  Memory: 1180kB
                                 ->  Parallel Hash Join  (cost=73579.35..648955.27 rows=17955 width=38) (actual time=582.414..7569.119 rows=14407 loops=5)
                                       Hash Cond: ((lineitem.l_suppkey = supplier.s_suppkey) AND (customer.c_nationkey = supplier.s_nationkey))
                                       ->  Nested Loop  (cost=69887.76..642885.69 rows=452949 width=50) (actual time=565.294..7433.845 rows=363065 loops=5)
                                             ->  Parallel Hash Join  (cost=69887.19..342056.92 rows=113265 width=38) (actual time=564.503..5384.759 rows=90680 loops=5)
                                                   Hash Cond: (orders.o_custkey = customer.c_custkey)
                                                   ->  Parallel Bitmap Heap Scan on orders  (cost=27093.70..296856.55 rows=566324 width=8) (actual time=261.260..4871.287 rows=455328 loops=5)
                                                         Recheck Cond: ((o_orderdate >= '1993-01-01'::date) AND (o_orderdate < '1994-01-01'::date))
                                                         Heap Blocks: exact=52290
                                                         Worker 0:  Heap Blocks: exact=51834
                                                         Worker 1:  Heap Blocks: exact=51642
                                                         Worker 2:  Heap Blocks: exact=52588
                                                         Worker 3:  Heap Blocks: exact=52892
                                                         ->  Bitmap Index Scan on idx_orders_orderdate  (cost=0.00..26527.38 rows=2265294 width=0) (actual time=202.554..202.554 rows=2276638 loops=1)
                                                               Index Cond: ((o_orderdate >= '1993-01-01'::date) AND (o_orderdate < '1994-01-01'::date))
                                                   ->  Parallel Hash  (cost=41855.97..41855.97 rows=75002 width=38) (actual time=302.653..302.656 rows=59887 loops=5)
                                                         Buckets: 524288  Batches: 1  Memory Usage: 25280kB
                                                         ->  Hash Join  (cost=2.51..41855.97 rows=75002 width=38) (actual time=0.857..279.282 rows=59887 loops=5)
                                                               Hash Cond: (customer.c_nationkey = nation.n_nationkey)
                                                               ->  Parallel Seq Scan on customer  (cost=0.00..39697.13 rows=375013 width=8) (actual time=0.460..245.367 rows=300000 loops=5)
                                                               ->  Hash  (cost=2.45..2.45 rows=5 width=30) (actual time=0.375..0.377 rows=5 loops=5)
                                                                     Buckets: 1024  Batches: 1  Memory Usage: 9kB
                                                                     ->  Hash Join  (cost=1.07..2.45 rows=5 width=30) (actual time=0.363..0.369 rows=5 loops=5)
                                                                           Hash Cond: (nation.n_regionkey = region.r_regionkey)
                                                                           ->  Seq Scan on nation  (cost=0.00..1.25 rows=25 width=34) (actual time=0.123..0.125 rows=25 loops=5)
                                                                           ->  Hash  (cost=1.06..1.06 rows=1 width=4) (actual time=0.223..0.224 rows=1 loops=5)
                                                                                 Buckets: 1024  Batches: 1  Memory Usage: 9kB
                                                                                 ->  Seq Scan on region  (cost=0.00..1.06 rows=1 width=4) (actual time=0.216..0.218 rows=1 loops=5)
                                                                                       Filter: (r_name = 'AMERICA'::bpchar)
                                                                                       Rows Removed by Filter: 4
                                             ->  Index Only Scan using q5_idx_1 on lineitem  (cost=0.56..2.62 rows=4 width=20) (actual time=0.021..0.022 rows=4 loops=453399)
                                                   Index Cond: (l_orderkey = orders.o_orderkey)
                                                   Heap Fetches: 0
                                       ->  Parallel Hash  (cost=2809.24..2809.24 rows=58824 width=8) (actual time=14.881..14.882 rows=20000 loops=5)
                                             Buckets: 131072  Batches: 1  Memory Usage: 5024kB
                                             ->  Parallel Seq Scan on supplier  (cost=0.00..2809.24 rows=58824 width=8) (actual time=0.123..7.352 rows=20000 loops=5)
 Planning Time: 40.200 ms
 Execution Time: 7633.655 ms
(55 rows)

SET
SET
SET
                                                                                              QUERY PLAN                                                                                               
-------------------------------------------------------------------------------------------------------------------------------------------------------------------------------------------------------
 Limit  (cost=651461.88..651461.88 rows=1 width=58) (actual time=2029.577..2061.255 rows=1 loops=1)
   ->  Sort  (cost=651461.88..651461.94 rows=25 width=58) (actual time=2029.576..2061.252 rows=1 loops=1)
         Sort Key: (sum((lineitem.l_extendedprice * ('1'::numeric - lineitem.l_discount)))) DESC
         Sort Method: top-N heapsort  Memory: 25kB
         ->  Finalize GroupAggregate  (cost=651224.03..651461.76 rows=25 width=58) (actual time=2025.793..2061.223 rows=5 loops=1)
               Group Key: nation.n_name
               ->  Gather Merge  (cost=651224.03..651460.69 rows=100 width=58) (actual time=2024.497..2061.183 rows=25 loops=1)
                     Workers Planned: 4
                     Workers Launched: 4
                     ->  Partial GroupAggregate  (cost=650223.97..650448.72 rows=25 width=58) (actual time=2009.386..2014.034 rows=5 loops=5)
                           Group Key: nation.n_name
                           ->  Sort  (cost=650223.97..650268.86 rows=17955 width=38) (actual time=2008.257..2008.927 rows=14407 loops=5)
                                 Sort Key: nation.n_name
                                 Sort Method: quicksort  Memory: 1207kB
                                 Worker 0:  Sort Method: quicksort  Memory: 1665kB
                                 Worker 1:  Sort Method: quicksort  Memory: 1053kB
                                 Worker 2:  Sort Method: quicksort  Memory: 1117kB
                                 Worker 3:  Sort Method: quicksort  Memory: 1203kB
                                 ->  Parallel Hash Join  (cost=73579.35..648955.27 rows=17955 width=38) (actual time=390.241..1998.327 rows=14407 loops=5)
                                       Hash Cond: ((lineitem.l_suppkey = supplier.s_suppkey) AND (customer.c_nationkey = supplier.s_nationkey))
                                       ->  Nested Loop  (cost=69887.76..642885.69 rows=452949 width=50) (actual time=376.619..1875.669 rows=363065 loops=5)
                                             ->  Parallel Hash Join  (cost=69887.19..342056.92 rows=113265 width=38) (actual time=376.554..963.300 rows=90680 loops=5)
                                                   Hash Cond: (orders.o_custkey = customer.c_custkey)
                                                   ->  Parallel Bitmap Heap Scan on orders  (cost=27093.70..296856.55 rows=566324 width=8) (actual time=248.094..666.779 rows=455328 loops=5)
                                                         Recheck Cond: ((o_orderdate >= '1993-01-01'::date) AND (o_orderdate < '1994-01-01'::date))
                                                         Heap Blocks: exact=55090
                                                         Worker 0:  Heap Blocks: exact=59101
                                                         Worker 1:  Heap Blocks: exact=44329
                                                         Worker 2:  Heap Blocks: exact=48154
                                                         Worker 3:  Heap Blocks: exact=54572
                                                         ->  Bitmap Index Scan on idx_orders_orderdate  (cost=0.00..26527.38 rows=2265294 width=0) (actual time=191.790..191.791 rows=2276638 loops=1)
                                                               Index Cond: ((o_orderdate >= '1993-01-01'::date) AND (o_orderdate < '1994-01-01'::date))
                                                   ->  Parallel Hash  (cost=41855.97..41855.97 rows=75002 width=38) (actual time=127.758..127.761 rows=59887 loops=5)
                                                         Buckets: 524288  Batches: 1  Memory Usage: 25280kB
                                                         ->  Hash Join  (cost=2.51..41855.97 rows=75002 width=38) (actual time=0.115..91.157 rows=59887 loops=5)
                                                               Hash Cond: (customer.c_nationkey = nation.n_nationkey)
                                                               ->  Parallel Seq Scan on customer  (cost=0.00..39697.13 rows=375013 width=8) (actual time=0.028..51.615 rows=300000 loops=5)
                                                               ->  Hash  (cost=2.45..2.45 rows=5 width=30) (actual time=0.064..0.066 rows=5 loops=5)
                                                                     Buckets: 1024  Batches: 1  Memory Usage: 9kB
                                                                     ->  Hash Join  (cost=1.07..2.45 rows=5 width=30) (actual time=0.054..0.060 rows=5 loops=5)
                                                                           Hash Cond: (nation.n_regionkey = region.r_regionkey)
                                                                           ->  Seq Scan on nation  (cost=0.00..1.25 rows=25 width=34) (actual time=0.019..0.021 rows=25 loops=5)
                                                                           ->  Hash  (cost=1.06..1.06 rows=1 width=4) (actual time=0.020..0.020 rows=1 loops=5)
                                                                                 Buckets: 1024  Batches: 1  Memory Usage: 9kB
                                                                                 ->  Seq Scan on region  (cost=0.00..1.06 rows=1 width=4) (actual time=0.015..0.016 rows=1 loops=5)
                                                                                       Filter: (r_name = 'AMERICA'::bpchar)
                                                                                       Rows Removed by Filter: 4
                                             ->  Index Only Scan using q5_idx_1 on lineitem  (cost=0.56..2.62 rows=4 width=20) (actual time=0.009..0.009 rows=4 loops=453399)
                                                   Index Cond: (l_orderkey = orders.o_orderkey)
                                                   Heap Fetches: 0
                                       ->  Parallel Hash  (cost=2809.24..2809.24 rows=58824 width=8) (actual time=13.103..13.104 rows=20000 loops=5)
                                             Buckets: 131072  Batches: 1  Memory Usage: 5024kB
                                             ->  Parallel Seq Scan on supplier  (cost=0.00..2809.24 rows=58824 width=8) (actual time=0.054..6.032 rows=20000 loops=5)
 Planning Time: 7.069 ms
 Execution Time: 2061.520 ms
(55 rows)

query 6 run 1
SET
SET
SET
                                                                                                                QUERY PLAN                                                                                                                 
-------------------------------------------------------------------------------------------------------------------------------------------------------------------------------------------------------------------------------------------
 Limit  (cost=1369485.78..1369485.79 rows=1 width=32) (actual time=10589.828..10619.295 rows=1 loops=1)
   ->  Finalize Aggregate  (cost=1369485.78..1369485.79 rows=1 width=32) (actual time=10589.827..10619.293 rows=1 loops=1)
         ->  Gather  (cost=1369485.35..1369485.76 rows=4 width=32) (actual time=10589.816..10619.284 rows=5 loops=1)
               Workers Planned: 4
               Workers Launched: 4
               ->  Partial Aggregate  (cost=1368485.35..1368485.36 rows=1 width=32) (actual time=10579.447..10579.448 rows=1 loops=5)
                     ->  Parallel Bitmap Heap Scan on lineitem  (cost=230638.83..1366994.61 rows=298147 width=12) (actual time=1331.258..10447.417 rows=238912 loops=5)
                           Recheck Cond: ((l_shipdate >= '1993-01-01'::date) AND (l_shipdate < '1994-01-01 00:00:00'::timestamp without time zone) AND (l_discount >= 0.06) AND (l_discount <= 0.08) AND (l_quantity < '25'::numeric))
                           Rows Removed by Index Recheck: 2744818
                           Heap Blocks: exact=79074 lossy=53588
                           Worker 0:  Heap Blocks: exact=79013 lossy=53512
                           Worker 1:  Heap Blocks: exact=79342 lossy=53065
                           Worker 2:  Heap Blocks: exact=79583 lossy=53905
                           Worker 3:  Heap Blocks: exact=78888 lossy=52998
                           ->  Bitmap Index Scan on idx_lineitem_shipdate  (cost=0.00..230340.69 rows=1192589 width=0) (actual time=1245.788..1245.788 rows=1194558 loops=1)
                                 Index Cond: ((l_shipdate >= '1993-01-01'::date) AND (l_shipdate < '1994-01-01 00:00:00'::timestamp without time zone) AND (l_discount >= 0.06) AND (l_discount <= 0.08) AND (l_quantity < '25'::numeric))
 Planning Time: 24.989 ms
 Execution Time: 10620.219 ms
(18 rows)

SET
SET
SET
                                                                                                                QUERY PLAN                                                                                                                 
-------------------------------------------------------------------------------------------------------------------------------------------------------------------------------------------------------------------------------------------
 Limit  (cost=1369485.78..1369485.79 rows=1 width=32) (actual time=3103.875..3136.972 rows=1 loops=1)
   ->  Finalize Aggregate  (cost=1369485.78..1369485.79 rows=1 width=32) (actual time=3103.873..3136.969 rows=1 loops=1)
         ->  Gather  (cost=1369485.35..1369485.76 rows=4 width=32) (actual time=3102.256..3136.954 rows=5 loops=1)
               Workers Planned: 4
               Workers Launched: 4
               ->  Partial Aggregate  (cost=1368485.35..1368485.36 rows=1 width=32) (actual time=3097.961..3097.962 rows=1 loops=5)
                     ->  Parallel Bitmap Heap Scan on lineitem  (cost=230638.83..1366994.61 rows=298147 width=12) (actual time=1186.299..3010.419 rows=238912 loops=5)
                           Recheck Cond: ((l_shipdate >= '1993-01-01'::date) AND (l_shipdate < '1994-01-01 00:00:00'::timestamp without time zone) AND (l_discount >= 0.06) AND (l_discount <= 0.08) AND (l_quantity < '25'::numeric))
                           Rows Removed by Index Recheck: 2744818
                           Heap Blocks: exact=80606 lossy=53891
                           Worker 0:  Heap Blocks: exact=77810 lossy=53099
                           Worker 1:  Heap Blocks: exact=77948 lossy=52670
                           Worker 2:  Heap Blocks: exact=81297 lossy=54719
                           Worker 3:  Heap Blocks: exact=78239 lossy=52689
                           ->  Bitmap Index Scan on idx_lineitem_shipdate  (cost=0.00..230340.69 rows=1192589 width=0) (actual time=1097.555..1097.555 rows=1194558 loops=1)
                                 Index Cond: ((l_shipdate >= '1993-01-01'::date) AND (l_shipdate < '1994-01-01 00:00:00'::timestamp without time zone) AND (l_discount >= 0.06) AND (l_discount <= 0.08) AND (l_quantity < '25'::numeric))
 Planning Time: 1.469 ms
 Execution Time: 3137.050 ms
(18 rows)

query 7 run 1
SET
SET
SET
                                                                                                      QUERY PLAN                                                                                                       
-----------------------------------------------------------------------------------------------------------------------------------------------------------------------------------------------------------------------
 Limit  (cost=1419849.00..1420886.11 rows=1 width=116) (actual time=30341.970..30347.706 rows=1 loops=1)
   ->  GroupAggregate  (cost=1419849.00..11828275.14 rows=10036 width=116) (actual time=30341.968..30347.696 rows=1 loops=1)
         Group Key: n1.n_name, n2.n_name, EXTRACT(year FROM lineitem.l_shipdate)
         ->  Nested Loop  (cost=1419849.00..11827227.75 rows=59790 width=96) (actual time=7302.405..30319.626 rows=14421 loops=1)
               Join Filter: (customer.c_nationkey = n2.n_nationkey)
               Rows Removed by Join Filter: 349031
               ->  Nested Loop  (cost=1419848.58..8187365.05 rows=1494755 width=76) (actual time=7295.527..24724.296 rows=363452 loops=1)
                     ->  Gather Merge  (cost=1419848.14..1598822.09 rows=1494755 width=76) (actual time=7294.312..7762.258 rows=363452 loops=1)
                           Workers Planned: 4
                           Workers Launched: 4
                           ->  Sort  (cost=1418848.08..1419782.30 rows=373689 width=76) (actual time=7273.651..7318.687 rows=73147 loops=5)
                                 Sort Key: n1.n_name, n2.n_name, (EXTRACT(year FROM lineitem.l_shipdate))
                                 Sort Method: external merge  Disk: 26968kB
                                 Worker 0:  Sort Method: external merge  Disk: 27088kB
                                 Worker 1:  Sort Method: external merge  Disk: 26320kB
                                 Worker 2:  Sort Method: external merge  Disk: 27040kB
                                 Worker 3:  Sort Method: external merge  Disk: 26536kB
                                 ->  Parallel Hash Join  (cost=3140.96..1372397.90 rows=373689 width=76) (actual time=10.486..6980.966 rows=291139 loops=5)
                                       Hash Cond: (lineitem.l_suppkey = supplier.s_suppkey)
                                       ->  Parallel Seq Scan on lineitem  (cost=0.00..1350070.61 rows=4530178 width=24) (actual time=0.408..6441.237 rows=3646065 loops=5)
                                             Filter: ((l_shipdate >= '1995-01-01'::date) AND (l_shipdate <= '1996-12-31'::date))
                                             Rows Removed by Filter: 8351145
                                       ->  Parallel Hash  (cost=3079.76..3079.76 rows=4896 width=60) (actual time=9.693..9.696 rows=1596 loops=5)
                                             Buckets: 16384  Batches: 1  Memory Usage: 960kB
                                             ->  Hash Join  (cost=2.87..3079.76 rows=4896 width=60) (actual time=0.288..8.480 rows=1596 loops=5)
                                                   Hash Cond: (supplier.s_nationkey = n1.n_nationkey)
                                                   ->  Parallel Seq Scan on supplier  (cost=0.00..2809.24 rows=58824 width=8) (actual time=0.176..6.334 rows=20000 loops=5)
                                                   ->  Hash  (cost=2.84..2.84 rows=2 width=60) (actual time=0.091..0.093 rows=2 loops=5)
                                                         Buckets: 1024  Batches: 1  Memory Usage: 9kB
                                                         ->  Nested Loop  (cost=0.00..2.84 rows=2 width=60) (actual time=0.081..0.087 rows=2 loops=5)
                                                               Join Filter: (((n1.n_name = 'PERU'::bpchar) AND (n2.n_name = 'MOROCCO'::bpchar)) OR ((n1.n_name = 'MOROCCO'::bpchar) AND (n2.n_name = 'PERU'::bpchar)))
                                                               Rows Removed by Join Filter: 2
                                                               ->  Seq Scan on nation n1  (cost=0.00..1.38 rows=2 width=30) (actual time=0.053..0.055 rows=2 loops=5)
                                                                     Filter: ((n_name = 'PERU'::bpchar) OR (n_name = 'MOROCCO'::bpchar))
                                                                     Rows Removed by Filter: 23
                                                               ->  Materialize  (cost=0.00..1.39 rows=2 width=30) (actual time=0.011..0.014 rows=2 loops=10)
                                                                     Storage: Memory  Maximum Storage: 17kB
                                                                     ->  Seq Scan on nation n2  (cost=0.00..1.38 rows=2 width=30) (actual time=0.010..0.012 rows=2 loops=5)
                                                                           Filter: ((n_name = 'MOROCCO'::bpchar) OR (n_name = 'PERU'::bpchar))
                                                                           Rows Removed by Filter: 23
                     ->  Index Scan using q21_idx_3 on orders  (cost=0.43..4.41 rows=1 width=8) (actual time=0.046..0.046 rows=1 loops=363452)
                           Index Cond: (o_orderkey = lineitem.l_orderkey)
               ->  Index Only Scan using q10_idx_1 on customer  (cost=0.43..2.42 rows=1 width=8) (actual time=0.014..0.015 rows=1 loops=363452)
                     Index Cond: (c_custkey = orders.o_custkey)
                     Heap Fetches: 0
 Planning Time: 37.765 ms
 Execution Time: 30351.770 ms
(47 rows)

SET
SET
SET
                                                                                                      QUERY PLAN                                                                                                       
-----------------------------------------------------------------------------------------------------------------------------------------------------------------------------------------------------------------------
 Limit  (cost=1419849.00..1420886.11 rows=1 width=116) (actual time=5529.004..5534.907 rows=1 loops=1)
   ->  GroupAggregate  (cost=1419849.00..11828275.14 rows=10036 width=116) (actual time=5529.003..5534.905 rows=1 loops=1)
         Group Key: n1.n_name, n2.n_name, EXTRACT(year FROM lineitem.l_shipdate)
         ->  Nested Loop  (cost=1419849.00..11827227.75 rows=59790 width=96) (actual time=3278.996..5523.300 rows=14421 loops=1)
               Join Filter: (customer.c_nationkey = n2.n_nationkey)
               Rows Removed by Join Filter: 349058
               ->  Nested Loop  (cost=1419848.58..8187365.05 rows=1494755 width=76) (actual time=3278.775..4551.676 rows=363479 loops=1)
                     ->  Gather Merge  (cost=1419848.14..1598822.09 rows=1494755 width=76) (actual time=3278.728..3497.253 rows=363479 loops=1)
                           Workers Planned: 4
                           Workers Launched: 4
                           ->  Sort  (cost=1418848.08..1419782.30 rows=373689 width=76) (actual time=3261.047..3290.181 rows=73091 loops=5)
                                 Sort Key: n1.n_name, n2.n_name, (EXTRACT(year FROM lineitem.l_shipdate))
                                 Sort Method: external merge  Disk: 25200kB
                                 Worker 0:  Sort Method: external merge  Disk: 28024kB
                                 Worker 1:  Sort Method: external merge  Disk: 27904kB
                                 Worker 2:  Sort Method: external merge  Disk: 26272kB
                                 Worker 3:  Sort Method: external merge  Disk: 26552kB
                                 ->  Parallel Hash Join  (cost=3140.96..1372397.90 rows=373689 width=76) (actual time=12.949..2961.675 rows=291139 loops=5)
                                       Hash Cond: (lineitem.l_suppkey = supplier.s_suppkey)
                                       ->  Parallel Seq Scan on lineitem  (cost=0.00..1350070.61 rows=4530178 width=24) (actual time=1.100..2347.913 rows=3646065 loops=5)
                                             Filter: ((l_shipdate >= '1995-01-01'::date) AND (l_shipdate <= '1996-12-31'::date))
                                             Rows Removed by Filter: 8351145
                                       ->  Parallel Hash  (cost=3079.76..3079.76 rows=4896 width=60) (actual time=10.660..10.663 rows=1596 loops=5)
                                             Buckets: 16384  Batches: 1  Memory Usage: 960kB
                                             ->  Hash Join  (cost=2.87..3079.76 rows=4896 width=60) (actual time=0.110..9.638 rows=1596 loops=5)
                                                   Hash Cond: (supplier.s_nationkey = n1.n_nationkey)
                                                   ->  Parallel Seq Scan on supplier  (cost=0.00..2809.24 rows=58824 width=8) (actual time=0.041..7.136 rows=20000 loops=5)
                                                   ->  Hash  (cost=2.84..2.84 rows=2 width=60) (actual time=0.050..0.052 rows=2 loops=5)
                                                         Buckets: 1024  Batches: 1  Memory Usage: 9kB
                                                         ->  Nested Loop  (cost=0.00..2.84 rows=2 width=60) (actual time=0.041..0.047 rows=2 loops=5)
                                                               Join Filter: (((n1.n_name = 'PERU'::bpchar) AND (n2.n_name = 'MOROCCO'::bpchar)) OR ((n1.n_name = 'MOROCCO'::bpchar) AND (n2.n_name = 'PERU'::bpchar)))
                                                               Rows Removed by Join Filter: 2
                                                               ->  Seq Scan on nation n1  (cost=0.00..1.38 rows=2 width=30) (actual time=0.017..0.019 rows=2 loops=5)
                                                                     Filter: ((n_name = 'PERU'::bpchar) OR (n_name = 'MOROCCO'::bpchar))
                                                                     Rows Removed by Filter: 23
                                                               ->  Materialize  (cost=0.00..1.39 rows=2 width=30) (actual time=0.009..0.011 rows=2 loops=10)
                                                                     Storage: Memory  Maximum Storage: 17kB
                                                                     ->  Seq Scan on nation n2  (cost=0.00..1.38 rows=2 width=30) (actual time=0.011..0.013 rows=2 loops=5)
                                                                           Filter: ((n_name = 'MOROCCO'::bpchar) OR (n_name = 'PERU'::bpchar))
                                                                           Rows Removed by Filter: 23
                     ->  Index Scan using q21_idx_3 on orders  (cost=0.43..4.41 rows=1 width=8) (actual time=0.003..0.003 rows=1 loops=363479)
                           Index Cond: (o_orderkey = lineitem.l_orderkey)
               ->  Index Only Scan using q10_idx_1 on customer  (cost=0.43..2.42 rows=1 width=8) (actual time=0.002..0.002 rows=1 loops=363479)
                     Index Cond: (c_custkey = orders.o_custkey)
                     Heap Fetches: 0
 Planning Time: 5.373 ms
 Execution Time: 5538.371 ms
(47 rows)

query 8 run 1
SET
SET
SET
                                                                                              QUERY PLAN                                                                                               
-------------------------------------------------------------------------------------------------------------------------------------------------------------------------------------------------------
 Limit  (cost=384223.32..384365.23 rows=1 width=64) (actual time=7200.601..7208.600 rows=1 loops=1)
   ->  GroupAggregate  (cost=384223.32..725662.70 rows=2406 width=64) (actual time=7200.600..7208.598 rows=1 loops=1)
         Group Key: EXTRACT(year FROM orders.o_orderdate)
         ->  Nested Loop  (cost=384223.32..725174.38 rows=22010 width=70) (actual time=3229.971..7191.628 rows=11818 loops=1)
               ->  Nested Loop  (cost=384223.17..724552.20 rows=22010 width=20) (actual time=3229.955..7172.398 rows=11818 loops=1)
                     ->  Nested Loop  (cost=384222.75..670994.93 rows=22208 width=20) (actual time=3229.688..6924.504 rows=11818 loops=1)
                           Join Filter: (n1.n_regionkey = region.r_regionkey)
                           Rows Removed by Join Filter: 47510
                           ->  Nested Loop  (cost=384222.75..669328.25 rows=111041 width=24) (actual time=3226.418..6895.813 rows=59328 loops=1)
                                 ->  Nested Loop  (cost=384222.60..666584.64 rows=111041 width=24) (actual time=3226.196..6831.712 rows=59328 loops=1)
                                       ->  Gather Merge  (cost=384222.18..397517.63 rows=111041 width=24) (actual time=3225.787..3275.412 rows=59328 loops=1)
                                             Workers Planned: 4
                                             Workers Launched: 4
                                             ->  Sort  (cost=383222.12..383291.52 rows=27760 width=24) (actual time=3215.385..3216.632 rows=12547 loops=5)
                                                   Sort Key: (EXTRACT(year FROM orders.o_orderdate))
                                                   Sort Method: quicksort  Memory: 2025kB
                                                   Worker 0:  Sort Method: quicksort  Memory: 2009kB
                                                   Worker 1:  Sort Method: quicksort  Memory: 1999kB
                                                   Worker 2:  Sort Method: quicksort  Memory: 2040kB
                                                   Worker 3:  Sort Method: quicksort  Memory: 2024kB
                                                   ->  Parallel Hash Join  (cost=59277.61..381173.33 rows=27760 width=24) (actual time=1161.285..3200.965 rows=23719 loops=5)
                                                         Hash Cond: (orders.o_orderkey = lineitem.l_orderkey)
                                                         ->  Parallel Seq Scan on orders  (cost=0.00..317513.58 rows=1150064 width=12) (actual time=0.416..1814.699 rows=911503 loops=5)
                                                               Filter: ((o_orderdate >= '1995-01-01'::date) AND (o_orderdate <= '1996-12-31'::date))
                                                               Rows Removed by Filter: 2088497
                                                         ->  Parallel Hash  (cost=58146.22..58146.22 rows=90511 width=20) (actual time=1160.160..1160.161 rows=77904 loops=5)
                                                               Buckets: 524288  Batches: 1  Memory Usage: 25536kB
                                                               ->  Nested Loop  (cost=0.56..58146.22 rows=90511 width=20) (actual time=2.234..1130.112 rows=77904 loops=5)
                                                                     ->  Parallel Seq Scan on part  (cost=0.00..47231.05 rows=3316 width=4) (actual time=1.174..119.135 rows=2602 loops=5)
                                                                           Filter: ((p_type)::text = 'LARGE POLISHED BRASS'::text)
                                                                           Rows Removed by Filter: 397398
                                                                     ->  Index Only Scan using q8_idx_1 on lineitem  (cost=0.56..3.02 rows=27 width=24) (actual time=0.316..0.385 rows=30 loops=13011)
                                                                           Index Cond: (l_partkey = part.p_partkey)
                                                                           Heap Fetches: 0
                                       ->  Index Only Scan using q10_idx_1 on customer  (cost=0.43..2.42 rows=1 width=8) (actual time=0.059..0.059 rows=1 loops=59328)
                                             Index Cond: (c_custkey = orders.o_custkey)
                                             Heap Fetches: 0
                                 ->  Memoize  (cost=0.15..1.17 rows=1 width=8) (actual time=0.000..0.000 rows=1 loops=59328)
                                       Cache Key: customer.c_nationkey
                                       Cache Mode: logical
                                       Hits: 59303  Misses: 25  Evictions: 0  Overflows: 0  Memory Usage: 3kB
                                       ->  Index Scan using nation_pkey on nation n1  (cost=0.14..1.16 rows=1 width=8) (actual time=0.011..0.011 rows=1 loops=25)
                                             Index Cond: (n_nationkey = customer.c_nationkey)
                           ->  Materialize  (cost=0.00..1.07 rows=1 width=4) (actual time=0.000..0.000 rows=1 loops=59328)
                                 Storage: Memory  Maximum Storage: 17kB
                                 ->  Seq Scan on region  (cost=0.00..1.06 rows=1 width=4) (actual time=0.202..0.204 rows=1 loops=1)
                                       Filter: (r_name = 'AMERICA'::bpchar)
                                       Rows Removed by Filter: 4
                     ->  Index Only Scan using q2_idx_3 on supplier  (cost=0.42..2.41 rows=1 width=8) (actual time=0.020..0.020 rows=1 loops=11818)
                           Index Cond: (s_suppkey = lineitem.l_suppkey)
                           Heap Fetches: 0
               ->  Memoize  (cost=0.15..1.17 rows=1 width=30) (actual time=0.000..0.000 rows=1 loops=11818)
                     Cache Key: supplier.s_nationkey
                     Cache Mode: logical
                     Hits: 11793  Misses: 25  Evictions: 0  Overflows: 0  Memory Usage: 4kB
                     ->  Index Scan using nation_pkey on nation n2  (cost=0.14..1.16 rows=1 width=30) (actual time=0.004..0.004 rows=1 loops=25)
                           Index Cond: (n_nationkey = supplier.s_nationkey)
 Planning Time: 44.052 ms
 Execution Time: 7208.919 ms
(59 rows)

SET
SET
SET
                                                                                              QUERY PLAN                                                                                               
-------------------------------------------------------------------------------------------------------------------------------------------------------------------------------------------------------
 Limit  (cost=384223.32..384365.23 rows=1 width=64) (actual time=1115.813..1123.813 rows=1 loops=1)
   ->  GroupAggregate  (cost=384223.32..725662.70 rows=2406 width=64) (actual time=1115.812..1123.811 rows=1 loops=1)
         Group Key: EXTRACT(year FROM orders.o_orderdate)
         ->  Nested Loop  (cost=384223.32..725174.38 rows=22010 width=70) (actual time=861.756..1116.339 rows=11818 loops=1)
               ->  Nested Loop  (cost=384223.17..724552.20 rows=22010 width=20) (actual time=861.742..1107.694 rows=11818 loops=1)
                     ->  Nested Loop  (cost=384222.75..670994.93 rows=22208 width=20) (actual time=861.724..1079.418 rows=11818 loops=1)
                           Join Filter: (n1.n_regionkey = region.r_regionkey)
                           Rows Removed by Join Filter: 47510
                           ->  Nested Loop  (cost=384222.75..669328.25 rows=111041 width=24) (actual time=861.607..1063.942 rows=59328 loops=1)
                                 ->  Nested Loop  (cost=384222.60..666584.64 rows=111041 width=24) (actual time=861.588..1040.291 rows=59328 loops=1)
                                       ->  Gather Merge  (cost=384222.18..397517.63 rows=111041 width=24) (actual time=861.547..888.276 rows=59328 loops=1)
                                             Workers Planned: 4
                                             Workers Launched: 4
                                             ->  Sort  (cost=383222.12..383291.52 rows=27760 width=24) (actual time=855.016..855.765 rows=12639 loops=5)
                                                   Sort Key: (EXTRACT(year FROM orders.o_orderdate))
                                                   Sort Method: quicksort  Memory: 2005kB
                                                   Worker 0:  Sort Method: quicksort  Memory: 1821kB
                                                   Worker 1:  Sort Method: quicksort  Memory: 1980kB
                                                   Worker 2:  Sort Method: quicksort  Memory: 2141kB
                                                   Worker 3:  Sort Method: quicksort  Memory: 2150kB
                                                   ->  Parallel Hash Join  (cost=59277.61..381173.33 rows=27760 width=24) (actual time=145.297..841.325 rows=23719 loops=5)
                                                         Hash Cond: (orders.o_orderkey = lineitem.l_orderkey)
                                                         ->  Parallel Seq Scan on orders  (cost=0.00..317513.58 rows=1150064 width=12) (actual time=0.285..450.239 rows=911503 loops=5)
                                                               Filter: ((o_orderdate >= '1995-01-01'::date) AND (o_orderdate <= '1996-12-31'::date))
                                                               Rows Removed by Filter: 2088497
                                                         ->  Parallel Hash  (cost=58146.22..58146.22 rows=90511 width=20) (actual time=143.681..143.682 rows=77904 loops=5)
                                                               Buckets: 524288  Batches: 1  Memory Usage: 25504kB
                                                               ->  Nested Loop  (cost=0.56..58146.22 rows=90511 width=20) (actual time=0.061..104.277 rows=77904 loops=5)
                                                                     ->  Parallel Seq Scan on part  (cost=0.00..47231.05 rows=3316 width=4) (actual time=0.023..53.249 rows=2602 loops=5)
                                                                           Filter: ((p_type)::text = 'LARGE POLISHED BRASS'::text)
                                                                           Rows Removed by Filter: 397398
                                                                     ->  Index Only Scan using q8_idx_1 on lineitem  (cost=0.56..3.02 rows=27 width=24) (actual time=0.006..0.016 rows=30 loops=13011)
                                                                           Index Cond: (l_partkey = part.p_partkey)
                                                                           Heap Fetches: 0
                                       ->  Index Only Scan using q10_idx_1 on customer  (cost=0.43..2.42 rows=1 width=8) (actual time=0.002..0.002 rows=1 loops=59328)
                                             Index Cond: (c_custkey = orders.o_custkey)
                                             Heap Fetches: 0
                                 ->  Memoize  (cost=0.15..1.17 rows=1 width=8) (actual time=0.000..0.000 rows=1 loops=59328)
                                       Cache Key: customer.c_nationkey
                                       Cache Mode: logical
                                       Hits: 59303  Misses: 25  Evictions: 0  Overflows: 0  Memory Usage: 3kB
                                       ->  Index Scan using nation_pkey on nation n1  (cost=0.14..1.16 rows=1 width=8) (actual time=0.002..0.002 rows=1 loops=25)
                                             Index Cond: (n_nationkey = customer.c_nationkey)
                           ->  Materialize  (cost=0.00..1.07 rows=1 width=4) (actual time=0.000..0.000 rows=1 loops=59328)
                                 Storage: Memory  Maximum Storage: 17kB
                                 ->  Seq Scan on region  (cost=0.00..1.06 rows=1 width=4) (actual time=0.012..0.013 rows=1 loops=1)
                                       Filter: (r_name = 'AMERICA'::bpchar)
                                       Rows Removed by Filter: 4
                     ->  Index Only Scan using q2_idx_3 on supplier  (cost=0.42..2.41 rows=1 width=8) (actual time=0.002..0.002 rows=1 loops=11818)
                           Index Cond: (s_suppkey = lineitem.l_suppkey)
                           Heap Fetches: 0
               ->  Memoize  (cost=0.15..1.17 rows=1 width=30) (actual time=0.000..0.000 rows=1 loops=11818)
                     Cache Key: supplier.s_nationkey
                     Cache Mode: logical
                     Hits: 11793  Misses: 25  Evictions: 0  Overflows: 0  Memory Usage: 4kB
                     ->  Index Scan using nation_pkey on nation n2  (cost=0.14..1.16 rows=1 width=30) (actual time=0.001..0.001 rows=1 loops=25)
                           Index Cond: (n_nationkey = supplier.s_nationkey)
 Planning Time: 7.000 ms
 Execution Time: 1124.098 ms
(59 rows)

query 9 run 1
SET
SET
SET
                                                                                               QUERY PLAN                                                                                               
--------------------------------------------------------------------------------------------------------------------------------------------------------------------------------------------------------
 Limit  (cost=290432.19..290515.60 rows=1 width=90) (actual time=28402.206..28408.339 rows=1 loops=1)
   ->  GroupAggregate  (cost=290432.19..5307442.04 rows=60150 width=90) (actual time=28402.205..28408.337 rows=1 loops=1)
         Group Key: nation.n_name, (EXTRACT(year FROM orders.o_orderdate))
         ->  Incremental Sort  (cost=290432.19..5287415.41 rows=1092822 width=81) (actual time=28394.534..28401.523 rows=11401 loops=1)
               Sort Key: nation.n_name, (EXTRACT(year FROM orders.o_orderdate)) DESC
               Presorted Key: nation.n_name
               Full-sort Groups: 1  Sort Method: quicksort  Average Memory: 29kB  Peak Memory: 29kB
               Pre-sorted Groups: 1  Sort Method: quicksort  Average Memory: 12850kB  Peak Memory: 12850kB
               ->  Nested Loop  (cost=82793.76..5189521.17 rows=1092822 width=81) (actual time=599.101..28166.937 rows=128453 loops=1)
                     ->  Nested Loop  (cost=82793.32..364544.13 rows=1092822 width=53) (actual time=598.010..5449.072 rows=128453 loops=1)
                           Join Filter: ((supplier.s_suppkey = lineitem.l_suppkey) AND (partsupp.ps_partkey = lineitem.l_partkey))
                           Rows Removed by Join Filter: 386239
                           ->  Gather Merge  (cost=82792.75..102143.18 rows=161611 width=48) (actual time=593.776..620.528 rows=17183 loops=1)
                                 Workers Planned: 4
                                 Workers Launched: 4
                                 ->  Sort  (cost=81792.69..81893.69 rows=40403 width=48) (actual time=574.003..574.637 rows=4000 loops=5)
                                       Sort Key: nation.n_name
                                       Sort Method: quicksort  Memory: 9109kB
                                       Worker 0:  Sort Method: quicksort  Memory: 9291kB
                                       Worker 1:  Sort Method: quicksort  Memory: 9066kB
                                       Worker 2:  Sort Method: quicksort  Memory: 8922kB
                                       Worker 3:  Sort Method: quicksort  Memory: 9437kB
                                       ->  Hash Join  (cost=3546.96..78701.42 rows=40403 width=48) (actual time=17.596..510.798 rows=86650 loops=5)
                                             Hash Cond: (supplier.s_nationkey = nation.n_nationkey)
                                             ->  Parallel Hash Join  (cost=3545.40..78575.82 rows=40403 width=26) (actual time=17.509..493.320 rows=86650 loops=5)
                                                   Hash Cond: (partsupp.ps_suppkey = supplier.s_suppkey)
                                                   ->  Nested Loop  (cost=0.86..74925.23 rows=40403 width=18) (actual time=0.802..439.808 rows=86650 loops=5)
                                                         ->  Parallel Index Only Scan using q20_idx_2 on part  (cost=0.43..45556.55 rows=10101 width=4) (actual time=0.242..246.864 rows=21662 loops=5)
                                                               Filter: ((p_name)::text ~~ '%navy%'::text)
                                                               Rows Removed by Filter: 378338
                                                               Heap Fetches: 0
                                                         ->  Index Only Scan using q2_idx_2 on partsupp  (cost=0.43..2.73 rows=18 width=14) (actual time=0.008..0.008 rows=4 loops=108312)
                                                               Index Cond: (ps_partkey = part.p_partkey)
                                                               Heap Fetches: 0
                                                   ->  Parallel Hash  (cost=2809.24..2809.24 rows=58824 width=8) (actual time=16.383..16.384 rows=20000 loops=5)
                                                         Buckets: 131072  Batches: 1  Memory Usage: 5024kB
                                                         ->  Parallel Seq Scan on supplier  (cost=0.00..2809.24 rows=58824 width=8) (actual time=0.121..9.472 rows=20000 loops=5)
                                             ->  Hash  (cost=1.25..1.25 rows=25 width=30) (actual time=0.074..0.075 rows=25 loops=5)
                                                   Buckets: 1024  Batches: 1  Memory Usage: 10kB
                                                   ->  Seq Scan on nation  (cost=0.00..1.25 rows=25 width=30) (actual time=0.061..0.063 rows=25 loops=5)
                           ->  Memoize  (cost=0.57..3.03 rows=27 width=29) (actual time=0.187..0.271 rows=30 loops=17183)
                                 Cache Key: part.p_partkey
                                 Cache Mode: logical
                                 Hits: 1005  Misses: 16178  Evictions: 0  Overflows: 0  Memory Usage: 31326kB
                                 ->  Index Only Scan using q9_idx_1 on lineitem  (cost=0.56..3.02 rows=27 width=29) (actual time=0.197..0.269 rows=30 loops=16178)
                                       Index Cond: (l_partkey = part.p_partkey)
                                       Heap Fetches: 0
                     ->  Index Scan using q21_idx_3 on orders  (cost=0.43..4.41 rows=1 width=8) (actual time=0.174..0.174 rows=1 loops=128453)
                           Index Cond: (o_orderkey = lineitem.l_orderkey)
 Planning Time: 52.847 ms
 Execution Time: 28410.296 ms
(51 rows)

SET
SET
SET
                                                                                               QUERY PLAN                                                                                               
--------------------------------------------------------------------------------------------------------------------------------------------------------------------------------------------------------
 Limit  (cost=290432.19..290515.60 rows=1 width=90) (actual time=1374.863..1381.910 rows=1 loops=1)
   ->  GroupAggregate  (cost=290432.19..5307442.04 rows=60150 width=90) (actual time=1374.862..1381.908 rows=1 loops=1)
         Group Key: nation.n_name, (EXTRACT(year FROM orders.o_orderdate))
         ->  Incremental Sort  (cost=290432.19..5287415.41 rows=1092822 width=81) (actual time=1367.293..1375.157 rows=11401 loops=1)
               Sort Key: nation.n_name, (EXTRACT(year FROM orders.o_orderdate)) DESC
               Presorted Key: nation.n_name
               Full-sort Groups: 1  Sort Method: quicksort  Average Memory: 29kB  Peak Memory: 29kB
               Pre-sorted Groups: 1  Sort Method: quicksort  Average Memory: 12850kB  Peak Memory: 12850kB
               ->  Nested Loop  (cost=82793.76..5189521.17 rows=1092822 width=81) (actual time=354.786..1303.797 rows=128453 loops=1)
                     ->  Nested Loop  (cost=82793.32..364544.13 rows=1092822 width=53) (actual time=354.760..812.506 rows=128453 loops=1)
                           Join Filter: ((supplier.s_suppkey = lineitem.l_suppkey) AND (partsupp.ps_partkey = lineitem.l_partkey))
                           Rows Removed by Join Filter: 386239
                           ->  Gather Merge  (cost=82792.75..102143.18 rows=161611 width=48) (actual time=354.033..368.073 rows=17183 loops=1)
                                 Workers Planned: 4
                                 Workers Launched: 4
                                 ->  Sort  (cost=81792.69..81893.69 rows=40403 width=48) (actual time=343.973..344.451 rows=3995 loops=5)
                                       Sort Key: nation.n_name
                                       Sort Method: quicksort  Memory: 10256kB
                                       Worker 0:  Sort Method: quicksort  Memory: 5748kB
                                       Worker 1:  Sort Method: quicksort  Memory: 10372kB
                                       Worker 2:  Sort Method: quicksort  Memory: 9788kB
                                       Worker 3:  Sort Method: quicksort  Memory: 8125kB
                                       ->  Hash Join  (cost=3546.96..78701.42 rows=40403 width=48) (actual time=11.143..280.000 rows=86650 loops=5)
                                             Hash Cond: (supplier.s_nationkey = nation.n_nationkey)
                                             ->  Parallel Hash Join  (cost=3545.40..78575.82 rows=40403 width=26) (actual time=11.093..263.296 rows=86650 loops=5)
                                                   Hash Cond: (partsupp.ps_suppkey = supplier.s_suppkey)
                                                   ->  Nested Loop  (cost=0.86..74925.23 rows=40403 width=18) (actual time=0.262..220.159 rows=86650 loops=5)
                                                         ->  Parallel Index Only Scan using q20_idx_2 on part  (cost=0.43..45556.55 rows=10101 width=4) (actual time=0.228..144.279 rows=21662 loops=5)
                                                               Filter: ((p_name)::text ~~ '%navy%'::text)
                                                               Rows Removed by Filter: 378338
                                                               Heap Fetches: 0
                                                         ->  Index Only Scan using q2_idx_2 on partsupp  (cost=0.43..2.73 rows=18 width=14) (actual time=0.002..0.003 rows=4 loops=108312)
                                                               Index Cond: (ps_partkey = part.p_partkey)
                                                               Heap Fetches: 0
                                                   ->  Parallel Hash  (cost=2809.24..2809.24 rows=58824 width=8) (actual time=10.588..10.589 rows=20000 loops=5)
                                                         Buckets: 131072  Batches: 1  Memory Usage: 5056kB
                                                         ->  Parallel Seq Scan on supplier  (cost=0.00..2809.24 rows=58824 width=8) (actual time=0.009..3.113 rows=20000 loops=5)
                                             ->  Hash  (cost=1.25..1.25 rows=25 width=30) (actual time=0.034..0.035 rows=25 loops=5)
                                                   Buckets: 1024  Batches: 1  Memory Usage: 10kB
                                                   ->  Seq Scan on nation  (cost=0.00..1.25 rows=25 width=30) (actual time=0.019..0.022 rows=25 loops=5)
                           ->  Memoize  (cost=0.57..3.03 rows=27 width=29) (actual time=0.005..0.022 rows=30 loops=17183)
                                 Cache Key: part.p_partkey
                                 Cache Mode: logical
                                 Hits: 1005  Misses: 16178  Evictions: 0  Overflows: 0  Memory Usage: 31326kB
                                 ->  Index Only Scan using q9_idx_1 on lineitem  (cost=0.56..3.02 rows=27 width=29) (actual time=0.005..0.014 rows=30 loops=16178)
                                       Index Cond: (l_partkey = part.p_partkey)
                                       Heap Fetches: 0
                     ->  Index Scan using q21_idx_3 on orders  (cost=0.43..4.41 rows=1 width=8) (actual time=0.003..0.003 rows=1 loops=128453)
                           Index Cond: (o_orderkey = lineitem.l_orderkey)
 Planning Time: 9.679 ms
 Execution Time: 1383.043 ms
(51 rows)

query 10 run 1
SET
SET
SET
                                                                                            QUERY PLAN                                                                                            
--------------------------------------------------------------------------------------------------------------------------------------------------------------------------------------------------
 Limit  (cost=790758.92..790758.97 rows=20 width=201) (actual time=12356.590..12402.011 rows=20 loops=1)
   ->  Sort  (cost=790758.92..792180.78 rows=568746 width=201) (actual time=12356.588..12402.007 rows=20 loops=1)
         Sort Key: (sum((lineitem.l_extendedprice * ('1'::numeric - lineitem.l_discount)))) DESC
         Sort Method: top-N heapsort  Memory: 33kB
         ->  GroupAggregate  (cost=693307.54..775624.79 rows=568746 width=201) (actual time=11390.358..12276.782 rows=381205 loops=1)
               Group Key: customer.c_custkey, nation.n_name
               ->  Gather Merge  (cost=693307.54..761406.14 rows=568746 width=181) (actual time=11390.341..11639.277 rows=1145402 loops=1)
                     Workers Planned: 4
                     Workers Launched: 4
                     ->  Sort  (cost=692307.48..692662.95 rows=142186 width=181) (actual time=11372.283..11399.232 rows=229080 loops=5)
                           Sort Key: customer.c_custkey, nation.n_name
                           Sort Method: external merge  Disk: 42384kB
                           Worker 0:  Sort Method: external merge  Disk: 41328kB
                           Worker 1:  Sort Method: external merge  Disk: 45304kB
                           Worker 2:  Sort Method: external merge  Disk: 43912kB
                           Worker 3:  Sort Method: external merge  Disk: 45600kB
                           ->  Nested Loop  (cost=271943.89..680138.20 rows=142186 width=181) (actual time=4193.430..11197.294 rows=229080 loops=5)
                                 ->  Hash Join  (cost=271943.32..315242.06 rows=141654 width=173) (actual time=4192.044..4503.469 rows=114632 loops=5)
                                       Hash Cond: (customer.c_nationkey = nation.n_nationkey)
                                       ->  Parallel Hash Join  (cost=271941.76..314805.62 rows=141654 width=151) (actual time=4191.966..4459.533 rows=114632 loops=5)
                                             Hash Cond: (customer.c_custkey = orders.o_custkey)
                                             ->  Parallel Seq Scan on customer  (cost=0.00..39697.13 rows=375013 width=147) (actual time=0.501..77.771 rows=300000 loops=5)
                                             ->  Parallel Hash  (cost=270171.09..270171.09 rows=141654 width=8) (actual time=4190.372..4190.373 rows=114632 loops=5)
                                                   Buckets: 1048576  Batches: 1  Memory Usage: 30688kB
                                                   ->  Parallel Bitmap Heap Scan on orders  (cost=6778.27..270171.09 rows=141654 width=8) (actual time=136.418..4136.774 rows=114632 loops=5)
                                                         Recheck Cond: ((o_orderdate >= '1994-08-01'::date) AND (o_orderdate < '1994-11-01'::date))
                                                         Heap Blocks: exact=46544
                                                         Worker 0:  Heap Blocks: exact=46702
                                                         Worker 1:  Heap Blocks: exact=46502
                                                         Worker 2:  Heap Blocks: exact=46652
                                                         Worker 3:  Heap Blocks: exact=46946
                                                         ->  Bitmap Index Scan on idx_orders_orderdate  (cost=0.00..6636.62 rows=566618 width=0) (actual time=87.866..87.867 rows=573160 loops=1)
                                                               Index Cond: ((o_orderdate >= '1994-08-01'::date) AND (o_orderdate < '1994-11-01'::date))
                                       ->  Hash  (cost=1.25..1.25 rows=25 width=30) (actual time=0.063..0.063 rows=25 loops=5)
                                             Buckets: 1024  Batches: 1  Memory Usage: 10kB
                                             ->  Seq Scan on nation  (cost=0.00..1.25 rows=25 width=30) (actual time=0.052..0.054 rows=25 loops=5)
                                 ->  Index Only Scan using q10_idx_2 on lineitem  (cost=0.56..2.57 rows=1 width=16) (actual time=0.057..0.058 rows=2 loops=573160)
                                       Index Cond: ((l_orderkey = orders.o_orderkey) AND (l_returnflag = 'R'::bpchar))
                                       Heap Fetches: 0
 Planning Time: 34.143 ms
 Execution Time: 12407.261 ms
(41 rows)

SET
SET
SET
                                                                                            QUERY PLAN                                                                                            
--------------------------------------------------------------------------------------------------------------------------------------------------------------------------------------------------
 Limit  (cost=790758.92..790758.97 rows=20 width=201) (actual time=3270.070..3309.278 rows=20 loops=1)
   ->  Sort  (cost=790758.92..792180.78 rows=568746 width=201) (actual time=3270.068..3309.273 rows=20 loops=1)
         Sort Key: (sum((lineitem.l_extendedprice * ('1'::numeric - lineitem.l_discount)))) DESC
         Sort Method: top-N heapsort  Memory: 33kB
         ->  GroupAggregate  (cost=693307.54..775624.79 rows=568746 width=201) (actual time=2291.558..3185.084 rows=381205 loops=1)
               Group Key: customer.c_custkey, nation.n_name
               ->  Gather Merge  (cost=693307.54..761406.14 rows=568746 width=181) (actual time=2291.531..2545.839 rows=1145402 loops=1)
                     Workers Planned: 4
                     Workers Launched: 4
                     ->  Sort  (cost=692307.48..692662.95 rows=142186 width=181) (actual time=2274.850..2300.365 rows=229080 loops=5)
                           Sort Key: customer.c_custkey, nation.n_name
                           Sort Method: external merge  Disk: 42088kB
                           Worker 0:  Sort Method: external merge  Disk: 43712kB
                           Worker 1:  Sort Method: external merge  Disk: 46296kB
                           Worker 2:  Sort Method: external merge  Disk: 41968kB
                           Worker 3:  Sort Method: external merge  Disk: 44464kB
                           ->  Nested Loop  (cost=271943.89..680138.20 rows=142186 width=181) (actual time=692.959..2107.513 rows=229080 loops=5)
                                 ->  Hash Join  (cost=271943.32..315242.06 rows=141654 width=173) (actual time=692.868..978.062 rows=114632 loops=5)
                                       Hash Cond: (customer.c_nationkey = nation.n_nationkey)
                                       ->  Parallel Hash Join  (cost=271941.76..314805.62 rows=141654 width=151) (actual time=692.821..935.822 rows=114632 loops=5)
                                             Hash Cond: (customer.c_custkey = orders.o_custkey)
                                             ->  Parallel Seq Scan on customer  (cost=0.00..39697.13 rows=375013 width=147) (actual time=0.034..58.660 rows=300000 loops=5)
                                             ->  Parallel Hash  (cost=270171.09..270171.09 rows=141654 width=8) (actual time=690.919..690.920 rows=114632 loops=5)
                                                   Buckets: 1048576  Batches: 1  Memory Usage: 30720kB
                                                   ->  Parallel Bitmap Heap Scan on orders  (cost=6778.27..270171.09 rows=141654 width=8) (actual time=133.156..647.528 rows=114632 loops=5)
                                                         Recheck Cond: ((o_orderdate >= '1994-08-01'::date) AND (o_orderdate < '1994-11-01'::date))
                                                         Heap Blocks: exact=45644
                                                         Worker 0:  Heap Blocks: exact=49325
                                                         Worker 1:  Heap Blocks: exact=50143
                                                         Worker 2:  Heap Blocks: exact=44837
                                                         Worker 3:  Heap Blocks: exact=43397
                                                         ->  Bitmap Index Scan on idx_orders_orderdate  (cost=0.00..6636.62 rows=566618 width=0) (actual time=82.426..82.426 rows=573160 loops=1)
                                                               Index Cond: ((o_orderdate >= '1994-08-01'::date) AND (o_orderdate < '1994-11-01'::date))
                                       ->  Hash  (cost=1.25..1.25 rows=25 width=30) (actual time=0.033..0.033 rows=25 loops=5)
                                             Buckets: 1024  Batches: 1  Memory Usage: 10kB
                                             ->  Seq Scan on nation  (cost=0.00..1.25 rows=25 width=30) (actual time=0.021..0.023 rows=25 loops=5)
                                 ->  Index Only Scan using q10_idx_2 on lineitem  (cost=0.56..2.57 rows=1 width=16) (actual time=0.009..0.009 rows=2 loops=573160)
                                       Index Cond: ((l_orderkey = orders.o_orderkey) AND (l_returnflag = 'R'::bpchar))
                                       Heap Fetches: 0
 Planning Time: 3.180 ms
 Execution Time: 3314.906 ms
(41 rows)

query 11 run 1
SET
SET
SET
                                                                                      QUERY PLAN                                                                                       
---------------------------------------------------------------------------------------------------------------------------------------------------------------------------------------
 Limit  (cost=467688.25..467688.25 rows=1 width=36) (actual time=1944.469..1944.654 rows=0 loops=1)
   InitPlan 1
     ->  Finalize Aggregate  (cost=207463.15..207463.16 rows=1 width=32) (actual time=402.731..402.849 rows=1 loops=1)
           ->  Gather  (cost=207462.72..207463.13 rows=4 width=32) (actual time=402.585..402.839 rows=4 loops=1)
                 Workers Planned: 4
                 Workers Launched: 3
                 ->  Partial Aggregate  (cost=206462.72..206462.73 rows=1 width=32) (actual time=399.664..399.666 rows=1 loops=4)
                       ->  Hash Join  (cost=2341.31..205862.73 rows=79998 width=10) (actual time=4.261..381.537 rows=80200 loops=4)
                             Hash Cond: (partsupp_1.ps_suppkey = supplier_1.s_suppkey)
                             ->  Parallel Seq Scan on partsupp partsupp_1  (cost=0.00..195221.59 rows=1999959 width=14) (actual time=0.034..170.769 rows=2000000 loops=4)
                             ->  Hash  (cost=2291.31..2291.31 rows=4000 width=4) (actual time=4.197..4.199 rows=4010 loops=4)
                                   Buckets: 4096  Batches: 1  Memory Usage: 173kB
                                   ->  Nested Loop  (cost=39.29..2291.31 rows=4000 width=4) (actual time=0.674..3.710 rows=4010 loops=4)
                                         ->  Seq Scan on nation nation_1  (cost=0.00..1.31 rows=1 width=4) (actual time=0.014..0.017 rows=1 loops=4)
                                               Filter: (n_name = 'SAUDI ARABIA'::bpchar)
                                               Rows Removed by Filter: 24
                                         ->  Bitmap Heap Scan on supplier supplier_1  (cost=39.29..2250.00 rows=4000 width=8) (actual time=0.658..3.317 rows=4010 loops=4)
                                               Recheck Cond: (s_nationkey = nation_1.n_nationkey)
                                               Heap Blocks: exact=1869
                                               ->  Bitmap Index Scan on idx_supplier_nation_key  (cost=0.00..38.29 rows=4000 width=0) (actual time=0.426..0.426 rows=4010 loops=4)
                                                     Index Cond: (s_nationkey = nation_1.n_nationkey)
   ->  Sort  (cost=260225.09..260491.75 rows=106664 width=36) (actual time=1944.467..1944.534 rows=0 loops=1)
         Sort Key: (sum((partsupp.ps_supplycost * (partsupp.ps_availqty)::numeric))) DESC
         Sort Method: quicksort  Memory: 25kB
         ->  GroupAggregate  (cost=213377.69..259691.77 rows=106664 width=36) (actual time=1944.450..1944.516 rows=0 loops=1)
               Group Key: partsupp.ps_partkey
               Filter: (sum((partsupp.ps_supplycost * (partsupp.ps_availqty)::numeric)) > (InitPlan 1).col1)
               Rows Removed by Filter: 301833
               ->  Gather Merge  (cost=213377.69..251691.94 rows=319993 width=14) (actual time=1327.946..1367.676 rows=320800 loops=1)
                     Workers Planned: 4
                     Workers Launched: 4
                     ->  Sort  (cost=212377.64..212577.63 rows=79998 width=14) (actual time=1318.525..1321.321 rows=64160 loops=5)
                           Sort Key: partsupp.ps_partkey
                           Sort Method: quicksort  Memory: 3535kB
                           Worker 0:  Sort Method: quicksort  Memory: 3530kB
                           Worker 1:  Sort Method: quicksort  Memory: 3555kB
                           Worker 2:  Sort Method: quicksort  Memory: 3570kB
                           Worker 3:  Sort Method: quicksort  Memory: 3517kB
                           ->  Hash Join  (cost=2341.31..205862.73 rows=79998 width=14) (actual time=35.990..1306.439 rows=64160 loops=5)
                                 Hash Cond: (partsupp.ps_suppkey = supplier.s_suppkey)
                                 ->  Parallel Seq Scan on partsupp  (cost=0.00..195221.59 rows=1999959 width=18) (actual time=0.514..1067.321 rows=1600000 loops=5)
                                 ->  Hash  (cost=2291.31..2291.31 rows=4000 width=4) (actual time=35.434..35.437 rows=4010 loops=5)
                                       Buckets: 4096  Batches: 1  Memory Usage: 173kB
                                       ->  Nested Loop  (cost=39.29..2291.31 rows=4000 width=4) (actual time=1.114..34.285 rows=4010 loops=5)
                                             ->  Seq Scan on nation  (cost=0.00..1.31 rows=1 width=4) (actual time=0.159..0.162 rows=1 loops=5)
                                                   Filter: (n_name = 'SAUDI ARABIA'::bpchar)
                                                   Rows Removed by Filter: 24
                                             ->  Bitmap Heap Scan on supplier  (cost=39.29..2250.00 rows=4000 width=8) (actual time=0.952..33.466 rows=4010 loops=5)
                                                   Recheck Cond: (s_nationkey = nation.n_nationkey)
                                                   Heap Blocks: exact=1869
                                                   ->  Bitmap Index Scan on idx_supplier_nation_key  (cost=0.00..38.29 rows=4000 width=0) (actual time=0.565..0.565 rows=4010 loops=5)
                                                         Index Cond: (s_nationkey = nation.n_nationkey)
 Planning Time: 20.001 ms
 Execution Time: 1945.033 ms
(54 rows)

SET
SET
SET
                                                                                      QUERY PLAN                                                                                       
---------------------------------------------------------------------------------------------------------------------------------------------------------------------------------------
 Limit  (cost=467688.25..467688.25 rows=1 width=36) (actual time=1025.712..1025.864 rows=0 loops=1)
   InitPlan 1
     ->  Finalize Aggregate  (cost=207463.15..207463.16 rows=1 width=32) (actual time=403.248..403.340 rows=1 loops=1)
           ->  Gather  (cost=207462.72..207463.13 rows=4 width=32) (actual time=403.065..403.329 rows=4 loops=1)
                 Workers Planned: 4
                 Workers Launched: 3
                 ->  Partial Aggregate  (cost=206462.72..206462.73 rows=1 width=32) (actual time=400.132..400.135 rows=1 loops=4)
                       ->  Hash Join  (cost=2341.31..205862.73 rows=79998 width=10) (actual time=4.210..381.994 rows=80200 loops=4)
                             Hash Cond: (partsupp_1.ps_suppkey = supplier_1.s_suppkey)
                             ->  Parallel Seq Scan on partsupp partsupp_1  (cost=0.00..195221.59 rows=1999959 width=14) (actual time=0.033..170.386 rows=2000000 loops=4)
                             ->  Hash  (cost=2291.31..2291.31 rows=4000 width=4) (actual time=4.148..4.149 rows=4010 loops=4)
                                   Buckets: 4096  Batches: 1  Memory Usage: 173kB
                                   ->  Nested Loop  (cost=39.29..2291.31 rows=4000 width=4) (actual time=0.665..3.704 rows=4010 loops=4)
                                         ->  Seq Scan on nation nation_1  (cost=0.00..1.31 rows=1 width=4) (actual time=0.014..0.017 rows=1 loops=4)
                                               Filter: (n_name = 'SAUDI ARABIA'::bpchar)
                                               Rows Removed by Filter: 24
                                         ->  Bitmap Heap Scan on supplier supplier_1  (cost=39.29..2250.00 rows=4000 width=8) (actual time=0.649..3.306 rows=4010 loops=4)
                                               Recheck Cond: (s_nationkey = nation_1.n_nationkey)
                                               Heap Blocks: exact=1869
                                               ->  Bitmap Index Scan on idx_supplier_nation_key  (cost=0.00..38.29 rows=4000 width=0) (actual time=0.417..0.417 rows=4010 loops=4)
                                                     Index Cond: (s_nationkey = nation_1.n_nationkey)
   ->  Sort  (cost=260225.09..260491.75 rows=106664 width=36) (actual time=1025.710..1025.770 rows=0 loops=1)
         Sort Key: (sum((partsupp.ps_supplycost * (partsupp.ps_availqty)::numeric))) DESC
         Sort Method: quicksort  Memory: 25kB
         ->  GroupAggregate  (cost=213377.69..259691.77 rows=106664 width=36) (actual time=1025.683..1025.742 rows=0 loops=1)
               Group Key: partsupp.ps_partkey
               Filter: (sum((partsupp.ps_supplycost * (partsupp.ps_availqty)::numeric)) > (InitPlan 1).col1)
               Rows Removed by Filter: 301833
               ->  Gather Merge  (cost=213377.69..251691.94 rows=319993 width=14) (actual time=406.231..446.328 rows=320800 loops=1)
                     Workers Planned: 4
                     Workers Launched: 4
                     ->  Sort  (cost=212377.64..212577.63 rows=79998 width=14) (actual time=401.306..404.103 rows=64160 loops=5)
                           Sort Key: partsupp.ps_partkey
                           Sort Method: quicksort  Memory: 3423kB
                           Worker 0:  Sort Method: quicksort  Memory: 5255kB
                           Worker 1:  Sort Method: quicksort  Memory: 3581kB
                           Worker 2:  Sort Method: quicksort  Memory: 3251kB
                           Worker 3:  Sort Method: quicksort  Memory: 5270kB
                           ->  Hash Join  (cost=2341.31..205862.73 rows=79998 width=14) (actual time=5.597..386.156 rows=64160 loops=5)
                                 Hash Cond: (partsupp.ps_suppkey = supplier.s_suppkey)
                                 ->  Parallel Seq Scan on partsupp  (cost=0.00..195221.59 rows=1999959 width=18) (actual time=0.040..159.683 rows=1600000 loops=5)
                                 ->  Hash  (cost=2291.31..2291.31 rows=4000 width=4) (actual time=5.526..5.528 rows=4010 loops=5)
                                       Buckets: 4096  Batches: 1  Memory Usage: 173kB
                                       ->  Nested Loop  (cost=39.29..2291.31 rows=4000 width=4) (actual time=0.674..5.069 rows=4010 loops=5)
                                             ->  Seq Scan on nation  (cost=0.00..1.31 rows=1 width=4) (actual time=0.017..0.020 rows=1 loops=5)
                                                   Filter: (n_name = 'SAUDI ARABIA'::bpchar)
                                                   Rows Removed by Filter: 24
                                             ->  Bitmap Heap Scan on supplier  (cost=39.29..2250.00 rows=4000 width=8) (actual time=0.655..4.674 rows=4010 loops=5)
                                                   Recheck Cond: (s_nationkey = nation.n_nationkey)
                                                   Heap Blocks: exact=1869
                                                   ->  Bitmap Index Scan on idx_supplier_nation_key  (cost=0.00..38.29 rows=4000 width=0) (actual time=0.421..0.421 rows=4010 loops=5)
                                                         Index Cond: (s_nationkey = nation.n_nationkey)
 Planning Time: 1.537 ms
 Execution Time: 1026.234 ms
(54 rows)

query 12 run 1
SET
SET
SET
                                                                                     QUERY PLAN                                                                                     
------------------------------------------------------------------------------------------------------------------------------------------------------------------------------------
 Limit  (cost=157500.98..349662.72 rows=1 width=27) (actual time=10208.780..10213.918 rows=1 loops=1)
   ->  GroupAggregate  (cost=157500.98..1502633.17 rows=7 width=27) (actual time=10208.779..10213.916 rows=1 loops=1)
         Group Key: lineitem.l_shipmode
         ->  Nested Loop  (cost=157500.98..1497452.59 rows=296029 width=27) (actual time=568.990..10113.036 rows=155572 loops=1)
               ->  Gather Merge  (cost=157500.54..192945.47 rows=296029 width=15) (actual time=567.806..654.830 rows=155572 loops=1)
                     Workers Planned: 4
                     Workers Launched: 4
                     ->  Sort  (cost=156500.48..156685.50 rows=74007 width=15) (actual time=558.575..561.572 rows=32323 loops=5)
                           Sort Key: lineitem.l_shipmode
                           Sort Method: quicksort  Memory: 5280kB
                           Worker 0:  Sort Method: quicksort  Memory: 3526kB
                           Worker 1:  Sort Method: quicksort  Memory: 3352kB
                           Worker 2:  Sort Method: quicksort  Memory: 3263kB
                           Worker 3:  Sort Method: quicksort  Memory: 3524kB
                           ->  Parallel Index Only Scan using q12_idx_1 on lineitem  (cost=0.43..150515.03 rows=74007 width=15) (actual time=0.194..545.811 rows=62252 loops=5)
                                 Index Cond: ((l_shipmode = ANY ('{SHIP,"REG AIR"}'::bpchar[])) AND (l_receiptdate >= '1994-01-01'::date) AND (l_receiptdate < '1995-01-01'::date))
                                 Heap Fetches: 0
               ->  Index Scan using q21_idx_3 on orders  (cost=0.43..4.41 rows=1 width=20) (actual time=0.060..0.060 rows=1 loops=155572)
                     Index Cond: (o_orderkey = lineitem.l_orderkey)
 Planning Time: 29.294 ms
 Execution Time: 10214.333 ms
(21 rows)

SET
SET
SET
                                                                                     QUERY PLAN                                                                                     
------------------------------------------------------------------------------------------------------------------------------------------------------------------------------------
 Limit  (cost=157500.98..349662.72 rows=1 width=27) (actual time=869.358..875.441 rows=1 loops=1)
   ->  GroupAggregate  (cost=157500.98..1502633.17 rows=7 width=27) (actual time=869.356..875.439 rows=1 loops=1)
         Group Key: lineitem.l_shipmode
         ->  Nested Loop  (cost=157500.98..1497452.59 rows=296029 width=27) (actual time=362.061..833.007 rows=155572 loops=1)
               ->  Gather Merge  (cost=157500.54..192945.47 rows=296029 width=15) (actual time=362.018..403.914 rows=155572 loops=1)
                     Workers Planned: 4
                     Workers Launched: 4
                     ->  Sort  (cost=156500.48..156685.50 rows=74007 width=15) (actual time=356.013..357.813 rows=32219 loops=5)
                           Sort Key: lineitem.l_shipmode
                           Sort Method: quicksort  Memory: 3377kB
                           Worker 0:  Sort Method: quicksort  Memory: 3363kB
                           Worker 1:  Sort Method: quicksort  Memory: 3302kB
                           Worker 2:  Sort Method: quicksort  Memory: 5271kB
                           Worker 3:  Sort Method: quicksort  Memory: 5169kB
                           ->  Parallel Index Only Scan using q12_idx_1 on lineitem  (cost=0.43..150515.03 rows=74007 width=15) (actual time=0.065..343.787 rows=62252 loops=5)
                                 Index Cond: ((l_shipmode = ANY ('{SHIP,"REG AIR"}'::bpchar[])) AND (l_receiptdate >= '1994-01-01'::date) AND (l_receiptdate < '1995-01-01'::date))
                                 Heap Fetches: 0
               ->  Index Scan using q21_idx_3 on orders  (cost=0.43..4.41 rows=1 width=20) (actual time=0.002..0.002 rows=1 loops=155572)
                     Index Cond: (o_orderkey = lineitem.l_orderkey)
 Planning Time: 1.796 ms
 Execution Time: 875.771 ms
(21 rows)

query 13 run 1
SET
SET
SET
                                                                                    QUERY PLAN                                                                                     
-----------------------------------------------------------------------------------------------------------------------------------------------------------------------------------
 Limit  (cost=1421598.71..1421598.71 rows=1 width=16) (actual time=16718.126..16718.129 rows=1 loops=1)
   ->  Sort  (cost=1421598.71..1421599.21 rows=200 width=16) (actual time=16718.124..16718.127 rows=1 loops=1)
         Sort Key: (count(*)) DESC, (count(orders.o_orderkey)) DESC
         Sort Method: top-N heapsort  Memory: 25kB
         ->  HashAggregate  (cost=1421595.71..1421597.71 rows=200 width=16) (actual time=16718.078..16718.086 rows=46 loops=1)
               Group Key: count(orders.o_orderkey)
               Batches: 1  Memory Usage: 40kB
               ->  HashAggregate  (cost=1268099.73..1399094.93 rows=1500052 width=12) (actual time=14552.508..16545.004 rows=1500000 loops=1)
                     Group Key: customer.c_custkey
                     Planned Partitions: 4  Batches: 5  Memory Usage: 65585kB  Disk Usage: 212480kB
                     ->  Hash Right Join  (cost=55343.86..664927.44 rows=14847318 width=8) (actual time=370.000..10769.685 rows=15337604 loops=1)
                           Hash Cond: (orders.o_custkey = customer.c_custkey)
                           ->  Seq Scan on orders  (cost=0.00..448753.26 rows=14847318 width=8) (actual time=0.539..4872.350 rows=14837583 loops=1)
                                 Filter: ((o_comment)::text !~~ '%special%requests%'::text)
                                 Rows Removed by Filter: 162417
                           ->  Hash  (cost=30733.21..30733.21 rows=1500052 width=4) (actual time=367.042..367.042 rows=1500000 loops=1)
                                 Buckets: 2097152  Batches: 2  Memory Usage: 42747kB
                                 ->  Index Only Scan using customer_pkey on customer  (cost=0.43..30733.21 rows=1500052 width=4) (actual time=0.340..165.904 rows=1500000 loops=1)
                                       Heap Fetches: 0
 Planning Time: 17.602 ms
 Execution Time: 16749.459 ms
(21 rows)

SET
SET
SET
                                                                                    QUERY PLAN                                                                                     
-----------------------------------------------------------------------------------------------------------------------------------------------------------------------------------
 Limit  (cost=1421598.71..1421598.71 rows=1 width=16) (actual time=16163.023..16163.027 rows=1 loops=1)
   ->  Sort  (cost=1421598.71..1421599.21 rows=200 width=16) (actual time=16163.022..16163.024 rows=1 loops=1)
         Sort Key: (count(*)) DESC, (count(orders.o_orderkey)) DESC
         Sort Method: top-N heapsort  Memory: 25kB
         ->  HashAggregate  (cost=1421595.71..1421597.71 rows=200 width=16) (actual time=16162.949..16162.957 rows=46 loops=1)
               Group Key: count(orders.o_orderkey)
               Batches: 1  Memory Usage: 40kB
               ->  HashAggregate  (cost=1268099.73..1399094.93 rows=1500052 width=12) (actual time=14000.766..15994.698 rows=1500000 loops=1)
                     Group Key: customer.c_custkey
                     Planned Partitions: 4  Batches: 5  Memory Usage: 65585kB  Disk Usage: 212480kB
                     ->  Hash Right Join  (cost=55343.86..664927.44 rows=14847318 width=8) (actual time=337.146..10252.195 rows=15337604 loops=1)
                           Hash Cond: (orders.o_custkey = customer.c_custkey)
                           ->  Seq Scan on orders  (cost=0.00..448753.26 rows=14847318 width=8) (actual time=0.036..4485.041 rows=14837583 loops=1)
                                 Filter: ((o_comment)::text !~~ '%special%requests%'::text)
                                 Rows Removed by Filter: 162417
                           ->  Hash  (cost=30733.21..30733.21 rows=1500052 width=4) (actual time=334.628..334.629 rows=1500000 loops=1)
                                 Buckets: 2097152  Batches: 2  Memory Usage: 42747kB
                                 ->  Index Only Scan using customer_pkey on customer  (cost=0.43..30733.21 rows=1500052 width=4) (actual time=0.034..134.668 rows=1500000 loops=1)
                                       Heap Fetches: 0
 Planning Time: 1.007 ms
 Execution Time: 16195.056 ms
(21 rows)

query 14 run 1
SET
SET
SET
                                                                                  QUERY PLAN                                                                                  
------------------------------------------------------------------------------------------------------------------------------------------------------------------------------
 Limit  (cost=966777.52..966777.54 rows=1 width=32) (actual time=5251.393..5281.491 rows=1 loops=1)
   ->  Finalize Aggregate  (cost=966777.52..966777.54 rows=1 width=32) (actual time=5251.392..5281.489 rows=1 loops=1)
         ->  Gather  (cost=966777.07..966777.48 rows=4 width=64) (actual time=5249.131..5281.472 rows=5 loops=1)
               Workers Planned: 4
               Workers Launched: 4
               ->  Partial Aggregate  (cost=965777.07..965777.08 rows=1 width=64) (actual time=5238.025..5238.027 rows=1 loops=5)
                     ->  Parallel Hash Join  (cost=67085.48..962484.93 rows=188122 width=33) (actual time=655.938..5102.528 rows=154588 loops=5)
                           Hash Cond: (lineitem.l_partkey = part.p_partkey)
                           ->  Parallel Bitmap Heap Scan on lineitem  (cost=14854.39..909711.18 rows=206728 width=16) (actual time=285.422..4559.984 rows=154588 loops=5)
                                 Recheck Cond: ((l_shipdate >= '1994-05-01'::date) AND (l_shipdate < '1994-06-01'::date))
                                 Heap Blocks: exact=82949
                                 Worker 0:  Heap Blocks: exact=83589
                                 Worker 1:  Heap Blocks: exact=83321
                                 Worker 2:  Heap Blocks: exact=83673
                                 Worker 3:  Heap Blocks: exact=83037
                                 ->  Bitmap Index Scan on idx_lineitem_shipdate  (cost=0.00..14647.67 rows=826910 width=0) (actual time=185.800..185.801 rows=772942 loops=1)
                                       Index Cond: ((l_shipdate >= '1994-05-01'::date) AND (l_shipdate < '1994-06-01'::date))
                           ->  Parallel Hash  (cost=45981.04..45981.04 rows=500004 width=25) (actual time=368.409..368.409 rows=400000 loops=5)
                                 Buckets: 2097152  Batches: 1  Memory Usage: 137312kB
                                 ->  Parallel Seq Scan on part  (cost=0.00..45981.04 rows=500004 width=25) (actual time=0.423..213.606 rows=400000 loops=5)
 Planning Time: 28.739 ms
 Execution Time: 5281.582 ms
(22 rows)

SET
SET
SET
                                                                                  QUERY PLAN                                                                                  
------------------------------------------------------------------------------------------------------------------------------------------------------------------------------
 Limit  (cost=966777.52..966777.54 rows=1 width=32) (actual time=1613.618..1645.337 rows=1 loops=1)
   ->  Finalize Aggregate  (cost=966777.52..966777.54 rows=1 width=32) (actual time=1613.616..1645.334 rows=1 loops=1)
         ->  Gather  (cost=966777.07..966777.48 rows=4 width=64) (actual time=1608.309..1645.310 rows=5 loops=1)
               Workers Planned: 4
               Workers Launched: 4
               ->  Partial Aggregate  (cost=965777.07..965777.08 rows=1 width=64) (actual time=1602.925..1602.928 rows=1 loops=5)
                     ->  Parallel Hash Join  (cost=67085.48..962484.93 rows=188122 width=33) (actual time=514.456..1506.438 rows=154588 loops=5)
                           Hash Cond: (lineitem.l_partkey = part.p_partkey)
                           ->  Parallel Bitmap Heap Scan on lineitem  (cost=14854.39..909711.18 rows=206728 width=16) (actual time=267.450..1117.592 rows=154588 loops=5)
                                 Recheck Cond: ((l_shipdate >= '1994-05-01'::date) AND (l_shipdate < '1994-06-01'::date))
                                 Heap Blocks: exact=77119
                                 Worker 0:  Heap Blocks: exact=83712
                                 Worker 1:  Heap Blocks: exact=83467
                                 Worker 2:  Heap Blocks: exact=91665
                                 Worker 3:  Heap Blocks: exact=80606
                                 ->  Bitmap Index Scan on idx_lineitem_shipdate  (cost=0.00..14647.67 rows=826910 width=0) (actual time=168.002..168.002 rows=772942 loops=1)
                                       Index Cond: ((l_shipdate >= '1994-05-01'::date) AND (l_shipdate < '1994-06-01'::date))
                           ->  Parallel Hash  (cost=45981.04..45981.04 rows=500004 width=25) (actual time=245.043..245.044 rows=400000 loops=5)
                                 Buckets: 2097152  Batches: 1  Memory Usage: 137312kB
                                 ->  Parallel Seq Scan on part  (cost=0.00..45981.04 rows=500004 width=25) (actual time=0.061..79.839 rows=400000 loops=5)
 Planning Time: 2.154 ms
 Execution Time: 1645.418 ms
(22 rows)

query 15 run 1
SET
SET
SET
CREATE VIEW
                                                                                       QUERY PLAN                                                                                       
----------------------------------------------------------------------------------------------------------------------------------------------------------------------------------------
 Limit  (cost=2745664.76..2745772.61 rows=1 width=103) (actual time=12996.717..13041.890 rows=1 loops=1)
   InitPlan 1
     ->  Aggregate  (cost=1391594.09..1391594.10 rows=1 width=32) (actual time=2815.576..2824.629 rows=1 loops=1)
           ->  Finalize HashAggregate  (cost=1389071.56..1390332.83 rows=100901 width=36) (actual time=2772.599..2818.875 rows=100000 loops=1)
                 Group Key: lineitem_1.l_suppkey
                 Batches: 1  Memory Usage: 56337kB
                 ->  Gather  (cost=1344422.87..1386044.53 rows=403604 width=36) (actual time=2462.611..2543.213 rows=398592 loops=1)
                       Workers Planned: 4
                       Workers Launched: 3
                       ->  Partial HashAggregate  (cost=1343422.87..1344684.13 rows=100901 width=36) (actual time=2458.541..2504.108 rows=99648 loops=4)
                             Group Key: lineitem_1.l_suppkey
                             Batches: 1  Memory Usage: 39953kB
                             Worker 0:  Batches: 1  Memory Usage: 39953kB
                             Worker 1:  Batches: 1  Memory Usage: 39953kB
                             Worker 2:  Batches: 1  Memory Usage: 39953kB
                             ->  Parallel Bitmap Heap Scan on lineitem lineitem_1  (cost=40165.89..1337832.79 rows=559008 width=16) (actual time=429.424..2004.121 rows=566428 loops=4)
                                   Recheck Cond: ((l_shipdate >= '1996-01-01'::date) AND (l_shipdate < '1996-04-01'::date))
                                   Rows Removed by Index Recheck: 3305913
                                   Heap Blocks: exact=105921 lossy=70410
                                   Worker 0:  Heap Blocks: exact=98900 lossy=65489
                                   Worker 1:  Heap Blocks: exact=97438 lossy=65213
                                   Worker 2:  Heap Blocks: exact=98894 lossy=65993
                                   ->  Bitmap Index Scan on idx_lineitem_shipdate  (cost=0.00..39606.89 rows=2236032 width=0) (actual time=338.867..338.867 rows=2265714 loops=1)
                                         Index Cond: ((l_shipdate >= '1996-01-01'::date) AND (l_shipdate < '1996-04-01'::date))
   ->  Nested Loop  (cost=1354070.66..1408533.89 rows=505 width=103) (actual time=12996.716..13032.834 rows=1 loops=1)
         ->  Finalize GroupAggregate  (cost=1354070.37..1406936.29 rows=505 width=36) (actual time=12995.922..13032.039 rows=1 loops=1)
               Group Key: lineitem.l_suppkey
               Filter: (sum((lineitem.l_extendedprice * ('1'::numeric - lineitem.l_discount))) = (InitPlan 1).col1)
               Rows Removed by Filter: 69997
               ->  Gather Merge  (cost=1354070.37..1402395.75 rows=403604 width=36) (actual time=9992.457..10091.753 rows=346272 loops=1)
                     Workers Planned: 4
                     Workers Launched: 4
                     ->  Sort  (cost=1353070.31..1353322.56 rows=100901 width=36) (actual time=9962.253..9970.431 rows=69756 loops=5)
                           Sort Key: lineitem.l_suppkey
                           Sort Method: quicksort  Memory: 11568kB
                           Worker 0:  Sort Method: quicksort  Memory: 11575kB
                           Worker 1:  Sort Method: quicksort  Memory: 11579kB
                           Worker 2:  Sort Method: quicksort  Memory: 11570kB
                           Worker 3:  Sort Method: quicksort  Memory: 11581kB
                           ->  Partial HashAggregate  (cost=1343422.87..1344684.13 rows=100901 width=36) (actual time=9878.340..9937.436 rows=98933 loops=5)
                                 Group Key: lineitem.l_suppkey
                                 Batches: 1  Memory Usage: 39953kB
                                 Worker 0:  Batches: 1  Memory Usage: 43025kB
                                 Worker 1:  Batches: 1  Memory Usage: 39953kB
                                 Worker 2:  Batches: 1  Memory Usage: 39953kB
                                 Worker 3:  Batches: 1  Memory Usage: 39953kB
                                 ->  Parallel Bitmap Heap Scan on lineitem  (cost=40165.89..1337832.79 rows=559008 width=16) (actual time=471.956..9381.551 rows=453143 loops=5)
                                       Recheck Cond: ((l_shipdate >= '1996-01-01'::date) AND (l_shipdate < '1996-04-01'::date))
                                       Rows Removed by Index Recheck: 2644730
                                       Heap Blocks: exact=78884 lossy=52720
                                       Worker 0:  Heap Blocks: exact=81000 lossy=53691
                                       Worker 1:  Heap Blocks: exact=80697 lossy=54265
                                       Worker 2:  Heap Blocks: exact=79706 lossy=53337
                                       Worker 3:  Heap Blocks: exact=80866 lossy=53092
                                       ->  Bitmap Index Scan on idx_lineitem_shipdate  (cost=0.00..39606.89 rows=2236032 width=0) (actual time=385.639..385.639 rows=2265714 loops=1)
                                             Index Cond: ((l_shipdate >= '1996-01-01'::date) AND (l_shipdate < '1996-04-01'::date))
         ->  Index Scan using supplier_pkey on supplier  (cost=0.29..3.15 rows=1 width=71) (actual time=0.787..0.787 rows=1 loops=1)
               Index Cond: (s_suppkey = lineitem.l_suppkey)
 Planning Time: 23.736 ms
 Execution Time: 13045.486 ms
(60 rows)

DROP VIEW
SET
SET
SET
CREATE VIEW
                                                                                       QUERY PLAN                                                                                       
----------------------------------------------------------------------------------------------------------------------------------------------------------------------------------------
 Limit  (cost=2745664.76..2745772.61 rows=1 width=103) (actual time=5754.098..5800.590 rows=1 loops=1)
   InitPlan 1
     ->  Aggregate  (cost=1391594.09..1391594.10 rows=1 width=32) (actual time=2824.212..2833.848 rows=1 loops=1)
           ->  Finalize HashAggregate  (cost=1389071.56..1390332.83 rows=100901 width=36) (actual time=2779.795..2828.079 rows=100000 loops=1)
                 Group Key: lineitem_1.l_suppkey
                 Batches: 1  Memory Usage: 59409kB
                 ->  Gather  (cost=1344422.87..1386044.53 rows=403604 width=36) (actual time=2464.121..2545.281 rows=398580 loops=1)
                       Workers Planned: 4
                       Workers Launched: 3
                       ->  Partial HashAggregate  (cost=1343422.87..1344684.13 rows=100901 width=36) (actual time=2460.037..2505.570 rows=99645 loops=4)
                             Group Key: lineitem_1.l_suppkey
                             Batches: 1  Memory Usage: 39953kB
                             Worker 0:  Batches: 1  Memory Usage: 43025kB
                             Worker 1:  Batches: 1  Memory Usage: 39953kB
                             Worker 2:  Batches: 1  Memory Usage: 39953kB
                             ->  Parallel Bitmap Heap Scan on lineitem lineitem_1  (cost=40165.89..1337832.79 rows=559008 width=16) (actual time=429.431..2009.982 rows=566428 loops=4)
                                   Recheck Cond: ((l_shipdate >= '1996-01-01'::date) AND (l_shipdate < '1996-04-01'::date))
                                   Rows Removed by Index Recheck: 3305913
                                   Heap Blocks: exact=105541 lossy=69739
                                   Worker 0:  Heap Blocks: exact=99146 lossy=66169
                                   Worker 1:  Heap Blocks: exact=97748 lossy=65183
                                   Worker 2:  Heap Blocks: exact=98718 lossy=66014
                                   ->  Bitmap Index Scan on idx_lineitem_shipdate  (cost=0.00..39606.89 rows=2236032 width=0) (actual time=338.772..338.772 rows=2265714 loops=1)
                                         Index Cond: ((l_shipdate >= '1996-01-01'::date) AND (l_shipdate < '1996-04-01'::date))
   ->  Nested Loop  (cost=1354070.66..1408533.89 rows=505 width=103) (actual time=5754.096..5790.951 rows=1 loops=1)
         ->  Finalize GroupAggregate  (cost=1354070.37..1406936.29 rows=505 width=36) (actual time=5754.041..5790.895 rows=1 loops=1)
               Group Key: lineitem.l_suppkey
               Filter: (sum((lineitem.l_extendedprice * ('1'::numeric - lineitem.l_discount))) = (InitPlan 1).col1)
               Rows Removed by Filter: 69997
               ->  Gather Merge  (cost=1354070.37..1402395.75 rows=403604 width=36) (actual time=2743.717..2842.712 rows=346101 loops=1)
                     Workers Planned: 4
                     Workers Launched: 4
                     ->  Sort  (cost=1353070.31..1353322.56 rows=100901 width=36) (actual time=2715.645..2723.603 rows=69707 loops=5)
                           Sort Key: lineitem.l_suppkey
                           Sort Method: quicksort  Memory: 11559kB
                           Worker 0:  Sort Method: quicksort  Memory: 11603kB
                           Worker 1:  Sort Method: quicksort  Memory: 11521kB
                           Worker 2:  Sort Method: quicksort  Memory: 11591kB
                           Worker 3:  Sort Method: quicksort  Memory: 11581kB
                           ->  Partial HashAggregate  (cost=1343422.87..1344684.13 rows=100901 width=36) (actual time=2632.173..2691.149 rows=98894 loops=5)
                                 Group Key: lineitem.l_suppkey
                                 Batches: 1  Memory Usage: 39953kB
                                 Worker 0:  Batches: 1  Memory Usage: 43025kB
                                 Worker 1:  Batches: 1  Memory Usage: 39953kB
                                 Worker 2:  Batches: 1  Memory Usage: 39953kB
                                 Worker 3:  Batches: 1  Memory Usage: 39953kB
                                 ->  Parallel Bitmap Heap Scan on lineitem  (cost=40165.89..1337832.79 rows=559008 width=16) (actual time=436.571..2194.114 rows=453143 loops=5)
                                       Recheck Cond: ((l_shipdate >= '1996-01-01'::date) AND (l_shipdate < '1996-04-01'::date))
                                       Rows Removed by Index Recheck: 2644730
                                       Heap Blocks: exact=78223 lossy=51971
                                       Worker 0:  Heap Blocks: exact=86266 lossy=57508
                                       Worker 1:  Heap Blocks: exact=72295 lossy=47859
                                       Worker 2:  Heap Blocks: exact=83218 lossy=55755
                                       Worker 3:  Heap Blocks: exact=81151 lossy=54012
                                       ->  Bitmap Index Scan on idx_lineitem_shipdate  (cost=0.00..39606.89 rows=2236032 width=0) (actual time=349.284..349.284 rows=2265714 loops=1)
                                             Index Cond: ((l_shipdate >= '1996-01-01'::date) AND (l_shipdate < '1996-04-01'::date))
         ->  Index Scan using supplier_pkey on supplier  (cost=0.29..3.15 rows=1 width=71) (actual time=0.050..0.051 rows=1 loops=1)
               Index Cond: (s_suppkey = lineitem.l_suppkey)
 Planning Time: 2.019 ms
 Execution Time: 5804.079 ms
(60 rows)

DROP VIEW
query 16 run 1
SET
SET
SET
                                                                                            QUERY PLAN                                                                                            
--------------------------------------------------------------------------------------------------------------------------------------------------------------------------------------------------
 Limit  (cost=263530.59..263530.59 rows=1 width=44) (actual time=2823.642..2831.088 rows=1 loops=1)
   ->  Sort  (cost=263530.59..263916.68 rows=154438 width=44) (actual time=2823.641..2831.086 rows=1 loops=1)
         Sort Key: (count(DISTINCT partsupp.ps_suppkey)) DESC, part.p_brand, part.p_type, part.p_size
         Sort Method: top-N heapsort  Memory: 25kB
         ->  GroupAggregate  (cost=183298.11..262758.40 rows=154438 width=44) (actual time=2155.192..2825.455 rows=27838 loops=1)
               Group Key: part.p_brand, part.p_type, part.p_size
               ->  Gather Merge  (cost=183298.11..255208.23 rows=600579 width=40) (actual time=2155.135..2639.571 rows=1186319 loops=1)
                     Workers Planned: 4
                     Workers Launched: 4
                     ->  Sort  (cost=182298.06..182673.42 rows=150145 width=40) (actual time=2060.650..2076.639 rows=237264 loops=5)
                           Sort Key: part.p_brand, part.p_type, part.p_size, partsupp.ps_suppkey
                           Sort Method: quicksort  Memory: 18937kB
                           Worker 0:  Sort Method: quicksort  Memory: 20256kB
                           Worker 1:  Sort Method: quicksort  Memory: 20883kB
                           Worker 2:  Sort Method: quicksort  Memory: 20355kB
                           Worker 3:  Sort Method: quicksort  Memory: 20283kB
                           ->  Parallel Hash Join  (cost=57890.98..169388.59 rows=150145 width=40) (actual time=345.450..1095.912 rows=237264 loops=5)
                                 Hash Cond: (partsupp.ps_partkey = part.p_partkey)
                                 ->  Parallel Index Only Scan using partsupp_pkey on partsupp  (cost=3471.46..112344.12 rows=999980 width=8) (actual time=36.466..589.754 rows=1599104 loops=5)
                                       Filter: (NOT (ANY (ps_suppkey = (hashed SubPlan 1).col1)))
                                       Rows Removed by Filter: 896
                                       Heap Fetches: 0
                                       SubPlan 1
                                         ->  Seq Scan on supplier  (cost=0.00..3471.00 rows=10 width=4) (actual time=1.104..35.504 rows=56 loops=5)
                                               Filter: ((s_comment)::text ~~ '%Customer%Complaints%'::text)
                                               Rows Removed by Filter: 99944
                                 ->  Parallel Hash  (cost=53481.09..53481.09 rows=75074 width=40) (actual time=308.337..308.338 rows=59347 loops=5)
                                       Buckets: 524288  Batches: 1  Memory Usage: 26368kB
                                       ->  Parallel Seq Scan on part  (cost=0.00..53481.09 rows=75074 width=40) (actual time=0.254..283.353 rows=59347 loops=5)
                                             Filter: ((p_brand <> 'Brand#12'::bpchar) AND ((p_type)::text !~~ 'SMALL BRUSHED%'::text) AND (p_size = ANY ('{12,32,36,26,40,34,49,9}'::integer[])))
                                             Rows Removed by Filter: 340653
 Planning Time: 19.106 ms
 Execution Time: 2831.938 ms
(33 rows)

SET
SET
SET
                                                                                            QUERY PLAN                                                                                            
--------------------------------------------------------------------------------------------------------------------------------------------------------------------------------------------------
 Limit  (cost=263530.59..263530.59 rows=1 width=44) (actual time=2540.702..2544.011 rows=1 loops=1)
   ->  Sort  (cost=263530.59..263916.68 rows=154438 width=44) (actual time=2540.701..2544.009 rows=1 loops=1)
         Sort Key: (count(DISTINCT partsupp.ps_suppkey)) DESC, part.p_brand, part.p_type, part.p_size
         Sort Method: top-N heapsort  Memory: 25kB
         ->  GroupAggregate  (cost=183298.11..262758.40 rows=154438 width=44) (actual time=1865.863..2538.499 rows=27838 loops=1)
               Group Key: part.p_brand, part.p_type, part.p_size
               ->  Gather Merge  (cost=183298.11..255208.23 rows=600579 width=40) (actual time=1865.812..2353.135 rows=1186319 loops=1)
                     Workers Planned: 4
                     Workers Launched: 4
                     ->  Sort  (cost=182298.06..182673.42 rows=150145 width=40) (actual time=1770.639..1786.579 rows=237264 loops=5)
                           Sort Key: part.p_brand, part.p_type, part.p_size, partsupp.ps_suppkey
                           Sort Method: quicksort  Memory: 19813kB
                           Worker 0:  Sort Method: quicksort  Memory: 19012kB
                           Worker 1:  Sort Method: quicksort  Memory: 20466kB
                           Worker 2:  Sort Method: quicksort  Memory: 19253kB
                           Worker 3:  Sort Method: quicksort  Memory: 25343kB
                           ->  Parallel Hash Join  (cost=57890.98..169388.59 rows=150145 width=40) (actual time=175.412..802.473 rows=237264 loops=5)
                                 Hash Cond: (partsupp.ps_partkey = part.p_partkey)
                                 ->  Parallel Index Only Scan using partsupp_pkey on partsupp  (cost=3471.46..112344.12 rows=999980 width=8) (actual time=25.446..451.832 rows=1599104 loops=5)
                                       Filter: (NOT (ANY (ps_suppkey = (hashed SubPlan 1).col1)))
                                       Rows Removed by Filter: 896
                                       Heap Fetches: 0
                                       SubPlan 1
                                         ->  Seq Scan on supplier  (cost=0.00..3471.00 rows=10 width=4) (actual time=0.084..25.229 rows=56 loops=5)
                                               Filter: ((s_comment)::text ~~ '%Customer%Complaints%'::text)
                                               Rows Removed by Filter: 99944
                                 ->  Parallel Hash  (cost=53481.09..53481.09 rows=75074 width=40) (actual time=149.328..149.328 rows=59347 loops=5)
                                       Buckets: 524288  Batches: 1  Memory Usage: 26400kB
                                       ->  Parallel Seq Scan on part  (cost=0.00..53481.09 rows=75074 width=40) (actual time=0.015..114.619 rows=59347 loops=5)
                                             Filter: ((p_brand <> 'Brand#12'::bpchar) AND ((p_type)::text !~~ 'SMALL BRUSHED%'::text) AND (p_size = ANY ('{12,32,36,26,40,34,49,9}'::integer[])))
                                             Rows Removed by Filter: 340653
 Planning Time: 1.287 ms
 Execution Time: 2544.468 ms
(33 rows)

query 17 run 1
SET
SET
SET
                                                                                              QUERY PLAN                                                                                              
------------------------------------------------------------------------------------------------------------------------------------------------------------------------------------------------------
 Limit  (cost=1751467.70..1751467.72 rows=1 width=32) (actual time=33438.410..33465.765 rows=1 loops=1)
   ->  Finalize Aggregate  (cost=1751467.70..1751467.72 rows=1 width=32) (actual time=33438.409..33465.763 rows=1 loops=1)
         ->  Gather  (cost=1751467.27..1751467.68 rows=4 width=32) (actual time=33367.968..33465.744 rows=5 loops=1)
               Workers Planned: 4
               Workers Launched: 4
               ->  Partial Aggregate  (cost=1750467.27..1750467.28 rows=1 width=32) (actual time=33341.500..33341.502 rows=1 loops=5)
                     ->  Nested Loop  (cost=48506.59..1750453.81 rows=5383 width=8) (actual time=1416.646..33341.095 rows=1064 loops=5)
                           Join Filter: (part.p_partkey = lineitem.l_partkey)
                           ->  Merge Join  (cost=48506.02..1748668.29 rows=592 width=40) (actual time=1404.160..32164.008 rows=399 loops=5)
                                 Merge Cond: (part.p_partkey = lineitem_1.l_partkey)
                                 ->  Sort  (cost=48505.46..48506.80 rows=538 width=4) (actual time=292.938..293.192 rows=399 loops=5)
                                       Sort Key: part.p_partkey
                                       Sort Method: quicksort  Memory: 25kB
                                       Worker 0:  Sort Method: quicksort  Memory: 25kB
                                       Worker 1:  Sort Method: quicksort  Memory: 25kB
                                       Worker 2:  Sort Method: quicksort  Memory: 25kB
                                       Worker 3:  Sort Method: quicksort  Memory: 25kB
                                       ->  Parallel Seq Scan on part  (cost=0.00..48481.06 rows=538 width=4) (actual time=1.337..292.814 rows=399 loops=5)
                                             Filter: ((p_brand = 'Brand#22'::bpchar) AND (p_container = 'LG BOX'::bpchar))
                                             Rows Removed by Filter: 399601
                                 ->  GroupAggregate  (cost=0.56..1694659.69 rows=2197814 width=36) (actual time=3.110..31686.279 rows=1996816 loops=5)
                                       Group Key: lineitem_1.l_partkey
                                       ->  Index Only Scan using q17_idx_1 on lineitem lineitem_1  (cost=0.56..1361789.00 rows=59980696 width=9) (actual time=1.081..21286.924 rows=59890304 loops=5)
                                             Heap Fetches: 0
                           ->  Index Only Scan using q9_idx_1 on lineitem  (cost=0.56..2.90 rows=9 width=17) (actual time=2.856..2.945 rows=3 loops=1996)
                                 Index Cond: ((l_partkey = lineitem_1.l_partkey) AND (l_quantity < ((0.2 * avg(lineitem_1.l_quantity)))))
                                 Heap Fetches: 0
 Planning Time: 27.369 ms
 Execution Time: 33465.879 ms
(29 rows)

SET
SET
SET
                                                                                              QUERY PLAN                                                                                              
------------------------------------------------------------------------------------------------------------------------------------------------------------------------------------------------------
 Limit  (cost=1751467.70..1751467.72 rows=1 width=32) (actual time=32883.413..32905.522 rows=1 loops=1)
   ->  Finalize Aggregate  (cost=1751467.70..1751467.72 rows=1 width=32) (actual time=32883.412..32905.520 rows=1 loops=1)
         ->  Gather  (cost=1751467.27..1751467.68 rows=4 width=32) (actual time=31742.979..32905.496 rows=5 loops=1)
               Workers Planned: 4
               Workers Launched: 4
               ->  Partial Aggregate  (cost=1750467.27..1750467.28 rows=1 width=32) (actual time=32280.600..32280.602 rows=1 loops=5)
                     ->  Nested Loop  (cost=48506.59..1750453.81 rows=5383 width=8) (actual time=1094.892..32280.313 rows=1064 loops=5)
                           Join Filter: (part.p_partkey = lineitem.l_partkey)
                           ->  Merge Join  (cost=48506.02..1748668.29 rows=592 width=40) (actual time=1092.940..32260.590 rows=399 loops=5)
                                 Merge Cond: (part.p_partkey = lineitem_1.l_partkey)
                                 ->  Sort  (cost=48505.46..48506.80 rows=538 width=4) (actual time=108.206..108.410 rows=399 loops=5)
                                       Sort Key: part.p_partkey
                                       Sort Method: quicksort  Memory: 25kB
                                       Worker 0:  Sort Method: quicksort  Memory: 25kB
                                       Worker 1:  Sort Method: quicksort  Memory: 25kB
                                       Worker 2:  Sort Method: quicksort  Memory: 25kB
                                       Worker 3:  Sort Method: quicksort  Memory: 25kB
                                       ->  Parallel Seq Scan on part  (cost=0.00..48481.06 rows=538 width=4) (actual time=0.285..108.118 rows=399 loops=5)
                                             Filter: ((p_brand = 'Brand#22'::bpchar) AND (p_container = 'LG BOX'::bpchar))
                                             Rows Removed by Filter: 399601
                                 ->  GroupAggregate  (cost=0.56..1694659.69 rows=2197814 width=36) (actual time=0.092..31989.359 rows=1991441 loops=5)
                                       Group Key: lineitem_1.l_partkey
                                       ->  Index Only Scan using q17_idx_1 on lineitem lineitem_1  (cost=0.56..1361789.00 rows=59980696 width=9) (actual time=0.055..21358.091 rows=59729151 loops=5)
                                             Heap Fetches: 0
                           ->  Index Only Scan using q9_idx_1 on lineitem  (cost=0.56..2.90 rows=9 width=17) (actual time=0.043..0.047 rows=3 loops=1996)
                                 Index Cond: ((l_partkey = lineitem_1.l_partkey) AND (l_quantity < ((0.2 * avg(lineitem_1.l_quantity)))))
                                 Heap Fetches: 0
 Planning Time: 2.369 ms
 Execution Time: 32905.634 ms
(29 rows)

query 18 run 1
SET
SET
SET
                                                                                                QUERY PLAN                                                                                                 
-----------------------------------------------------------------------------------------------------------------------------------------------------------------------------------------------------------
 Limit  (cost=6974443.23..6974443.48 rows=100 width=71) (actual time=47761.378..47773.025 rows=99 loops=1)
   ->  Sort  (cost=6974443.23..7024414.99 rows=19988703 width=71) (actual time=47761.377..47773.017 rows=99 loops=1)
         Sort Key: orders.o_totalprice DESC, orders.o_orderdate
         Sort Method: quicksort  Memory: 31kB
         ->  GroupAggregate  (cost=836786.83..6210489.38 rows=19988703 width=71) (actual time=25967.139..47772.898 rows=99 loops=1)
               Group Key: orders.o_orderkey, customer.c_custkey
               ->  Incremental Sort  (cost=836786.83..5810715.32 rows=19988703 width=44) (actual time=25967.129..47772.624 rows=693 loops=1)
                     Sort Key: orders.o_orderkey, customer.c_custkey
                     Presorted Key: orders.o_orderkey
                     Full-sort Groups: 20  Sort Method: quicksort  Average Memory: 27kB  Peak Memory: 27kB
                     ->  Merge Join  (cost=836786.54..5085869.55 rows=19988703 width=44) (actual time=25642.805..47772.239 rows=693 loops=1)
                           Merge Cond: (orders.o_orderkey = lineitem.l_orderkey)
                           ->  Gather Merge  (cost=836667.74..3362114.30 rows=4998391 width=43) (actual time=25449.161..39971.469 rows=99 loops=1)
                                 Workers Planned: 4
                                 Workers Launched: 4
                                 ->  Merge Join  (cost=835667.68..2765757.69 rows=1249598 width=43) (actual time=5172.606..24629.382 rows=20 loops=5)
                                       Merge Cond: (orders.o_orderkey = lineitem_1.l_orderkey)
                                       ->  Sort  (cost=835667.11..845041.38 rows=3749705 width=39) (actual time=3713.043..4048.587 rows=2996546 loops=5)
                                             Sort Key: orders.o_orderkey
                                             Sort Method: external merge  Disk: 147280kB
                                             Worker 0:  Sort Method: external merge  Disk: 149672kB
                                             Worker 1:  Sort Method: external merge  Disk: 152920kB
                                             Worker 2:  Sort Method: external merge  Disk: 150648kB
                                             Worker 3:  Sort Method: external merge  Disk: 147360kB
                                             ->  Parallel Hash Join  (cost=44384.79..352992.84 rows=3749705 width=39) (actual time=312.132..2984.660 rows=3000000 loops=5)
                                                   Hash Cond: (orders.o_custkey = customer.c_custkey)
                                                   ->  Parallel Seq Scan on orders  (cost=0.00..298765.05 rows=3749705 width=20) (actual time=0.650..1159.684 rows=3000000 loops=5)
                                                   ->  Parallel Hash  (cost=39697.13..39697.13 rows=375013 width=23) (actual time=309.296..309.297 rows=300000 loops=5)
                                                         Buckets: 2097152  Batches: 1  Memory Usage: 98688kB
                                                         ->  Parallel Seq Scan on customer  (cost=0.00..39697.13 rows=375013 width=23) (actual time=0.440..201.974 rows=300000 loops=5)
                                       ->  GroupAggregate  (cost=0.56..1886350.09 rows=4998391 width=4) (actual time=483.550..20378.156 rows=99 loops=5)
                                             Group Key: lineitem_1.l_orderkey
                                             Filter: (sum(lineitem_1.l_quantity) > '313'::numeric)
                                             Rows Removed by Filter: 14999901
                                             ->  Index Only Scan using q18_idx_1 on lineitem lineitem_1  (cost=0.56..1361519.00 rows=59980696 width=9) (actual time=0.844..8131.537 rows=59986052 loops=5)
                                                   Heap Fetches: 0
                           ->  Index Only Scan using q18_idx_1 on lineitem  (cost=0.56..1361519.00 rows=59980696 width=9) (actual time=0.019..5293.882 rows=59916431 loops=1)
                                 Heap Fetches: 0
 Planning Time: 31.949 ms
 Execution Time: 47789.339 ms
(40 rows)

SET
SET
SET
                                                                                                QUERY PLAN                                                                                                 
-----------------------------------------------------------------------------------------------------------------------------------------------------------------------------------------------------------
 Limit  (cost=6974443.23..6974443.48 rows=100 width=71) (actual time=45652.407..45664.005 rows=99 loops=1)
   ->  Sort  (cost=6974443.23..7024414.99 rows=19988703 width=71) (actual time=45652.406..45663.998 rows=99 loops=1)
         Sort Key: orders.o_totalprice DESC, orders.o_orderdate
         Sort Method: quicksort  Memory: 31kB
         ->  GroupAggregate  (cost=836786.83..6210489.38 rows=19988703 width=71) (actual time=23698.799..45663.870 rows=99 loops=1)
               Group Key: orders.o_orderkey, customer.c_custkey
               ->  Incremental Sort  (cost=836786.83..5810715.32 rows=19988703 width=44) (actual time=23698.790..45663.601 rows=693 loops=1)
                     Sort Key: orders.o_orderkey, customer.c_custkey
                     Presorted Key: orders.o_orderkey
                     Full-sort Groups: 20  Sort Method: quicksort  Average Memory: 27kB  Peak Memory: 27kB
                     ->  Merge Join  (cost=836786.54..5085869.55 rows=19988703 width=44) (actual time=21984.256..45663.221 rows=693 loops=1)
                           Merge Cond: (orders.o_orderkey = lineitem.l_orderkey)
                           ->  Gather Merge  (cost=836667.74..3362114.30 rows=4998391 width=43) (actual time=21817.155..37930.832 rows=99 loops=1)
                                 Workers Planned: 4
                                 Workers Launched: 4
                                 ->  Merge Join  (cost=835667.68..2765757.69 rows=1249598 width=43) (actual time=4257.090..21438.608 rows=20 loops=5)
                                       Merge Cond: (orders.o_orderkey = lineitem_1.l_orderkey)
                                       ->  Sort  (cost=835667.11..845041.38 rows=3749705 width=39) (actual time=3050.157..3376.019 rows=2996546 loops=5)
                                             Sort Key: orders.o_orderkey
                                             Sort Method: external merge  Disk: 147072kB
                                             Worker 0:  Sort Method: external merge  Disk: 149728kB
                                             Worker 1:  Sort Method: external merge  Disk: 143248kB
                                             Worker 2:  Sort Method: external merge  Disk: 147784kB
                                             Worker 3:  Sort Method: external merge  Disk: 160072kB
                                             ->  Parallel Hash Join  (cost=44384.79..352992.84 rows=3749705 width=39) (actual time=205.327..2206.755 rows=3000000 loops=5)
                                                   Hash Cond: (orders.o_custkey = customer.c_custkey)
                                                   ->  Parallel Seq Scan on orders  (cost=0.00..298765.05 rows=3749705 width=20) (actual time=0.037..375.860 rows=3000000 loops=5)
                                                   ->  Parallel Hash  (cost=39697.13..39697.13 rows=375013 width=23) (actual time=202.564..202.565 rows=300000 loops=5)
                                                         Buckets: 2097152  Batches: 1  Memory Usage: 98656kB
                                                         ->  Parallel Seq Scan on customer  (cost=0.00..39697.13 rows=375013 width=23) (actual time=0.047..78.957 rows=300000 loops=5)
                                       ->  GroupAggregate  (cost=0.56..1886350.09 rows=4998391 width=4) (actual time=468.749..17865.688 rows=99 loops=5)
                                             Group Key: lineitem_1.l_orderkey
                                             Filter: (sum(lineitem_1.l_quantity) > '313'::numeric)
                                             Rows Removed by Filter: 14999901
                                             ->  Index Only Scan using q18_idx_1 on lineitem lineitem_1  (cost=0.56..1361519.00 rows=59980696 width=9) (actual time=0.063..6047.946 rows=59986052 loops=5)
                                                   Heap Fetches: 0
                           ->  Index Only Scan using q18_idx_1 on lineitem  (cost=0.56..1361519.00 rows=59980696 width=9) (actual time=0.021..5271.564 rows=59916431 loops=1)
                                 Heap Fetches: 0
 Planning Time: 3.003 ms
 Execution Time: 45683.102 ms
(40 rows)

query 19 run 1
SET
SET
SET
                                                                                                                                                                                                                                                                                                                                                                                                                                                              QUERY PLAN                                                                                                                                                                                                                                                                                                                                                                                                                                                              
--------------------------------------------------------------------------------------------------------------------------------------------------------------------------------------------------------------------------------------------------------------------------------------------------------------------------------------------------------------------------------------------------------------------------------------------------------------------------------------------------------------------------------------------------------------------------------------------------------------------------------------------------------------------------------------------------------------------------------------------------------------------------------------------------------------------------------------------------------------------------------------------------------------------------------------
 Limit  (cost=69630.62..69630.63 rows=1 width=32) (actual time=733.786..738.500 rows=1 loops=1)
   ->  Finalize Aggregate  (cost=69630.62..69630.63 rows=1 width=32) (actual time=733.785..738.498 rows=1 loops=1)
         ->  Gather  (cost=69630.19..69630.60 rows=4 width=32) (actual time=733.773..738.481 rows=5 loops=1)
               Workers Planned: 4
               Workers Launched: 4
               ->  Partial Aggregate  (cost=68630.19..68630.20 rows=1 width=32) (actual time=725.014..725.015 rows=1 loops=5)
                     ->  Nested Loop  (cost=0.56..68628.24 rows=260 width=12) (actual time=7.030..724.608 rows=213 loops=5)
                           ->  Parallel Seq Scan on part  (cost=0.00..62231.16 rows=1228 width=30) (actual time=0.930..163.305 rows=956 loops=5)
                                 Filter: ((p_size >= 1) AND (((p_brand = 'Brand#24'::bpchar) AND (p_container = ANY ('{"SM CASE","SM BOX","SM PACK","SM PKG"}'::bpchar[])) AND (p_size <= 5)) OR ((p_brand = 'Brand#43'::bpchar) AND (p_container = ANY ('{"MED BAG","MED BOX","MED PKG","MED PACK"}'::bpchar[])) AND (p_size <= 10)) OR ((p_brand = 'Brand#44'::bpchar) AND (p_container = ANY ('{"LG CASE","LG BOX","LG PACK","LG PKG"}'::bpchar[])) AND (p_size <= 15))))
                                 Rows Removed by Filter: 399044
                           ->  Index Only Scan using q19_idx_1 on lineitem  (cost=0.56..5.20 rows=1 width=21) (actual time=0.583..0.586 rows=0 loops=4781)
                                 Index Cond: ((l_partkey = part.p_partkey) AND (l_shipmode = ANY ('{AIR,"AIR REG"}'::bpchar[])) AND (l_shipinstruct = 'DELIVER IN PERSON'::bpchar))
                                 Filter: ((((l_quantity >= '10'::numeric) AND (l_quantity <= '20'::numeric)) OR ((l_quantity >= '10'::numeric) AND (l_quantity <= '20'::numeric)) OR ((l_quantity >= '20'::numeric) AND (l_quantity <= '30'::numeric))) AND (((part.p_brand = 'Brand#24'::bpchar) AND (part.p_container = ANY ('{"SM CASE","SM BOX","SM PACK","SM PKG"}'::bpchar[])) AND (l_quantity >= '10'::numeric) AND (l_quantity <= '20'::numeric) AND (part.p_size <= 5)) OR ((part.p_brand = 'Brand#43'::bpchar) AND (part.p_container = ANY ('{"MED BAG","MED BOX","MED PKG","MED PACK"}'::bpchar[])) AND (l_quantity >= '10'::numeric) AND (l_quantity <= '20'::numeric) AND (part.p_size <= 10)) OR ((part.p_brand = 'Brand#44'::bpchar) AND (part.p_container = ANY ('{"LG CASE","LG BOX","LG PACK","LG PKG"}'::bpchar[])) AND (l_quantity >= '20'::numeric) AND (l_quantity <= '30'::numeric) AND (part.p_size <= 15))))
                                 Rows Removed by Filter: 1
                                 Heap Fetches: 0
 Planning Time: 28.259 ms
 Execution Time: 739.257 ms
(17 rows)

SET
SET
SET
                                                                                                                                                                                                                                                                                                                                                                                                                                                              QUERY PLAN                                                                                                                                                                                                                                                                                                                                                                                                                                                              
--------------------------------------------------------------------------------------------------------------------------------------------------------------------------------------------------------------------------------------------------------------------------------------------------------------------------------------------------------------------------------------------------------------------------------------------------------------------------------------------------------------------------------------------------------------------------------------------------------------------------------------------------------------------------------------------------------------------------------------------------------------------------------------------------------------------------------------------------------------------------------------------------------------------------------------
 Limit  (cost=69630.62..69630.63 rows=1 width=32) (actual time=144.352..146.409 rows=1 loops=1)
   ->  Finalize Aggregate  (cost=69630.62..69630.63 rows=1 width=32) (actual time=144.351..146.407 rows=1 loops=1)
         ->  Gather  (cost=69630.19..69630.60 rows=4 width=32) (actual time=141.600..146.390 rows=5 loops=1)
               Workers Planned: 4
               Workers Launched: 4
               ->  Partial Aggregate  (cost=68630.19..68630.20 rows=1 width=32) (actual time=135.989..135.991 rows=1 loops=5)
                     ->  Nested Loop  (cost=0.56..68628.24 rows=260 width=12) (actual time=0.652..135.834 rows=213 loops=5)
                           ->  Parallel Seq Scan on part  (cost=0.00..62231.16 rows=1228 width=30) (actual time=0.187..122.843 rows=956 loops=5)
                                 Filter: ((p_size >= 1) AND (((p_brand = 'Brand#24'::bpchar) AND (p_container = ANY ('{"SM CASE","SM BOX","SM PACK","SM PKG"}'::bpchar[])) AND (p_size <= 5)) OR ((p_brand = 'Brand#43'::bpchar) AND (p_container = ANY ('{"MED BAG","MED BOX","MED PKG","MED PACK"}'::bpchar[])) AND (p_size <= 10)) OR ((p_brand = 'Brand#44'::bpchar) AND (p_container = ANY ('{"LG CASE","LG BOX","LG PACK","LG PKG"}'::bpchar[])) AND (p_size <= 15))))
                                 Rows Removed by Filter: 399044
                           ->  Index Only Scan using q19_idx_1 on lineitem  (cost=0.56..5.20 rows=1 width=21) (actual time=0.013..0.013 rows=0 loops=4781)
                                 Index Cond: ((l_partkey = part.p_partkey) AND (l_shipmode = ANY ('{AIR,"AIR REG"}'::bpchar[])) AND (l_shipinstruct = 'DELIVER IN PERSON'::bpchar))
                                 Filter: ((((l_quantity >= '10'::numeric) AND (l_quantity <= '20'::numeric)) OR ((l_quantity >= '10'::numeric) AND (l_quantity <= '20'::numeric)) OR ((l_quantity >= '20'::numeric) AND (l_quantity <= '30'::numeric))) AND (((part.p_brand = 'Brand#24'::bpchar) AND (part.p_container = ANY ('{"SM CASE","SM BOX","SM PACK","SM PKG"}'::bpchar[])) AND (l_quantity >= '10'::numeric) AND (l_quantity <= '20'::numeric) AND (part.p_size <= 5)) OR ((part.p_brand = 'Brand#43'::bpchar) AND (part.p_container = ANY ('{"MED BAG","MED BOX","MED PKG","MED PACK"}'::bpchar[])) AND (l_quantity >= '10'::numeric) AND (l_quantity <= '20'::numeric) AND (part.p_size <= 10)) OR ((part.p_brand = 'Brand#44'::bpchar) AND (part.p_container = ANY ('{"LG CASE","LG BOX","LG PACK","LG PKG"}'::bpchar[])) AND (l_quantity >= '20'::numeric) AND (l_quantity <= '30'::numeric) AND (part.p_size <= 15))))
                                 Rows Removed by Filter: 1
                                 Heap Fetches: 0
 Planning Time: 3.234 ms
 Execution Time: 146.504 ms
(17 rows)

query 20 run 1
SET
SET
SET
                                                                                     QUERY PLAN                                                                                     
------------------------------------------------------------------------------------------------------------------------------------------------------------------------------------
 Limit  (cost=2517733.79..2713216.80 rows=1 width=51) (actual time=15814.667..15816.013 rows=1 loops=1)
   ->  Nested Loop Semi Join  (cost=2517733.79..2713216.80 rows=1 width=51) (actual time=15814.666..15816.011 rows=1 loops=1)
         Join Filter: (supplier.s_suppkey = lineitem.l_suppkey)
         Rows Removed by Join Filter: 13473
         ->  Gather Merge  (cost=4122.93..4578.81 rows=4000 width=55) (actual time=25.381..26.661 rows=1 loops=1)
               Workers Planned: 1
               Workers Launched: 1
               ->  Sort  (cost=3122.92..3128.80 rows=2353 width=55) (actual time=18.398..18.414 rows=393 loops=2)
                     Sort Key: supplier.s_name
                     Sort Method: quicksort  Memory: 289kB
                     Worker 0:  Sort Method: quicksort  Memory: 158kB
                     ->  Hash Join  (cost=1.32..2991.15 rows=2353 width=55) (actual time=0.406..17.018 rows=2048 loops=2)
                           Hash Cond: (supplier.s_nationkey = nation.n_nationkey)
                           ->  Parallel Seq Scan on supplier  (cost=0.00..2809.24 rows=58824 width=59) (actual time=0.284..12.358 rows=50000 loops=2)
                           ->  Hash  (cost=1.31..1.31 rows=1 width=4) (actual time=0.108..0.108 rows=1 loops=2)
                                 Buckets: 1024  Batches: 1  Memory Usage: 9kB
                                 ->  Seq Scan on nation  (cost=0.00..1.31 rows=1 width=4) (actual time=0.100..0.102 rows=1 loops=2)
                                       Filter: (n_name = 'IRAQ'::bpchar)
                                       Rows Removed by Filter: 24
         ->  Materialize  (cost=2513610.86..2708457.99 rows=3 width=8) (actual time=14281.998..15788.267 rows=13474 loops=1)
               Storage: Memory  Maximum Storage: 550kB
               ->  Hash Join  (cost=2513610.86..2708457.97 rows=3 width=8) (actual time=14281.990..15784.666 rows=13474 loops=1)
                     Hash Cond: ((lineitem.l_partkey = partsupp.ps_partkey) AND (lineitem.l_suppkey = partsupp.ps_suppkey))
                     Join Filter: ((partsupp.ps_availqty)::numeric > ((0.5 * sum(lineitem.l_quantity))))
                     Rows Removed by Join Filter: 27
                     ->  HashAggregate  (cost=2443607.18..2602488.68 rows=4795398 width=40) (actual time=13724.686..15033.583 rows=1251651 loops=1)
                           Group Key: lineitem.l_partkey, lineitem.l_suppkey
                           Planned Partitions: 32  Batches: 61  Memory Usage: 65809kB  Disk Usage: 358152kB
                           ->  Seq Scan on lineitem  (cost=0.00..2024853.44 rows=8903734 width=13) (actual time=0.468..9791.928 rows=9123688 loops=1)
                                 Filter: ((l_shipdate >= '1996-01-01'::date) AND (l_shipdate < '1997-01-01'::date))
                                 Rows Removed by Filter: 50862364
                     ->  Hash  (cost=68791.59..68791.59 rows=80806 width=16) (actual time=556.894..556.957 rows=86872 loops=1)
                           Buckets: 131072  Batches: 1  Memory Usage: 5097kB
                           ->  Gather  (cost=1000.86..68791.59 rows=80806 width=16) (actual time=0.335..538.871 rows=86872 loops=1)
                                 Workers Planned: 4
                                 Workers Launched: 4
                                 ->  Nested Loop  (cost=0.86..59710.99 rows=20202 width=16) (actual time=0.282..545.153 rows=17374 loops=5)
                                       ->  Parallel Index Only Scan using q20_idx_2 on part  (cost=0.43..45556.55 rows=5050 width=4) (actual time=0.235..194.252 rows=4344 loops=5)
                                             Filter: ((p_name)::text ~~ 'olive%'::text)
                                             Rows Removed by Filter: 395656
                                             Heap Fetches: 0
                                       ->  Index Only Scan using q20_idx_1 on partsupp  (cost=0.43..2.62 rows=18 width=12) (actual time=0.079..0.080 rows=4 loops=21718)
                                             Index Cond: (ps_partkey = part.p_partkey)
                                             Heap Fetches: 0
 Planning Time: 40.278 ms
 Execution Time: 15860.568 ms
(46 rows)

SET
SET
SET
                                                                                    QUERY PLAN                                                                                     
-----------------------------------------------------------------------------------------------------------------------------------------------------------------------------------
 Limit  (cost=2517733.79..2713216.80 rows=1 width=51) (actual time=13126.727..13128.252 rows=1 loops=1)
   ->  Nested Loop Semi Join  (cost=2517733.79..2713216.80 rows=1 width=51) (actual time=13126.725..13128.249 rows=1 loops=1)
         Join Filter: (supplier.s_suppkey = lineitem.l_suppkey)
         Rows Removed by Join Filter: 13473
         ->  Gather Merge  (cost=4122.93..4578.81 rows=4000 width=55) (actual time=12.482..13.938 rows=1 loops=1)
               Workers Planned: 1
               Workers Launched: 1
               ->  Sort  (cost=3122.92..3128.80 rows=2353 width=55) (actual time=10.490..10.507 rows=395 loops=2)
                     Sort Key: supplier.s_name
                     Sort Method: quicksort  Memory: 275kB
                     Worker 0:  Sort Method: quicksort  Memory: 172kB
                     ->  Hash Join  (cost=1.32..2991.15 rows=2353 width=55) (actual time=0.045..9.111 rows=2048 loops=2)
                           Hash Cond: (supplier.s_nationkey = nation.n_nationkey)
                           ->  Parallel Seq Scan on supplier  (cost=0.00..2809.24 rows=58824 width=59) (actual time=0.005..3.571 rows=50000 loops=2)
                           ->  Hash  (cost=1.31..1.31 rows=1 width=4) (actual time=0.022..0.023 rows=1 loops=2)
                                 Buckets: 1024  Batches: 1  Memory Usage: 9kB
                                 ->  Seq Scan on nation  (cost=0.00..1.31 rows=1 width=4) (actual time=0.012..0.014 rows=1 loops=2)
                                       Filter: (n_name = 'IRAQ'::bpchar)
                                       Rows Removed by Filter: 24
         ->  Materialize  (cost=2513610.86..2708457.99 rows=3 width=8) (actual time=11608.861..13113.146 rows=13474 loops=1)
               Storage: Memory  Maximum Storage: 550kB
               ->  Hash Join  (cost=2513610.86..2708457.97 rows=3 width=8) (actual time=11608.857..13109.786 rows=13474 loops=1)
                     Hash Cond: ((lineitem.l_partkey = partsupp.ps_partkey) AND (lineitem.l_suppkey = partsupp.ps_suppkey))
                     Join Filter: ((partsupp.ps_availqty)::numeric > ((0.5 * sum(lineitem.l_quantity))))
                     Rows Removed by Join Filter: 27
                     ->  HashAggregate  (cost=2443607.18..2602488.68 rows=4795398 width=40) (actual time=11497.228..12807.013 rows=1251651 loops=1)
                           Group Key: lineitem.l_partkey, lineitem.l_suppkey
                           Planned Partitions: 32  Batches: 61  Memory Usage: 65809kB  Disk Usage: 358152kB
                           ->  Seq Scan on lineitem  (cost=0.00..2024853.44 rows=8903734 width=13) (actual time=0.046..7774.228 rows=9123688 loops=1)
                                 Filter: ((l_shipdate >= '1996-01-01'::date) AND (l_shipdate < '1997-01-01'::date))
                                 Rows Removed by Filter: 50862364
                     ->  Hash  (cost=68791.59..68791.59 rows=80806 width=16) (actual time=111.218..111.284 rows=86872 loops=1)
                           Buckets: 131072  Batches: 1  Memory Usage: 5097kB
                           ->  Gather  (cost=1000.86..68791.59 rows=80806 width=16) (actual time=0.316..95.493 rows=86872 loops=1)
                                 Workers Planned: 4
                                 Workers Launched: 4
                                 ->  Nested Loop  (cost=0.86..59710.99 rows=20202 width=16) (actual time=0.088..97.590 rows=17374 loops=5)
                                       ->  Parallel Index Only Scan using q20_idx_2 on part  (cost=0.43..45556.55 rows=5050 width=4) (actual time=0.057..78.626 rows=4344 loops=5)
                                             Filter: ((p_name)::text ~~ 'olive%'::text)
                                             Rows Removed by Filter: 395656
                                             Heap Fetches: 0
                                       ->  Index Only Scan using q20_idx_1 on partsupp  (cost=0.43..2.62 rows=18 width=12) (actual time=0.003..0.004 rows=4 loops=21718)
                                             Index Cond: (ps_partkey = part.p_partkey)
                                             Heap Fetches: 0
 Planning Time: 2.765 ms
 Execution Time: 13177.031 ms
(46 rows)

query 21 run 1
SET
SET
SET
                                                                                                     QUERY PLAN                                                                                                      
---------------------------------------------------------------------------------------------------------------------------------------------------------------------------------------------------------------------
 Limit  (cost=565186.45..565186.46 rows=1 width=34) (actual time=20095.285..20107.462 rows=100 loops=1)
   ->  Sort  (cost=565186.45..565186.46 rows=1 width=34) (actual time=20095.284..20107.455 rows=100 loops=1)
         Sort Key: (count(*)) DESC, supplier.s_name
         Sort Method: top-N heapsort  Memory: 37kB
         ->  GroupAggregate  (cost=565186.42..565186.44 rows=1 width=34) (actual time=20088.500..20106.232 rows=3991 loops=1)
               Group Key: supplier.s_name
               ->  Sort  (cost=565186.42..565186.43 rows=1 width=26) (actual time=20088.490..20102.214 rows=39281 loops=1)
                     Sort Key: supplier.s_name
                     Sort Method: quicksort  Memory: 1537kB
                     ->  Nested Loop Semi Join  (cost=286010.89..565186.41 rows=1 width=26) (actual time=4776.826..19918.613 rows=39281 loops=1)
                           Join Filter: (l2.l_suppkey <> l1.l_suppkey)
                           Rows Removed by Join Filter: 27756
                           ->  Nested Loop  (cost=286010.33..565183.77 rows=1 width=38) (actual time=4774.964..9652.076 rows=65960 loops=1)
                                 ->  Gather  (cost=286009.89..565181.32 rows=1 width=34) (actual time=4774.392..4836.749 rows=134155 loops=1)
                                       Workers Planned: 4
                                       Workers Launched: 4
                                       ->  Parallel Hash Right Anti Join  (cost=285009.89..564181.22 rows=1 width=34) (actual time=4766.650..4790.302 rows=26831 loops=5)
                                             Hash Cond: (l3.l_orderkey = l1.l_orderkey)
                                             Join Filter: (l3.l_suppkey <> l1.l_suppkey)
                                             Rows Removed by Join Filter: 302862
                                             ->  Parallel Index Only Scan using q21_idx_2 on lineitem l3  (cost=0.56..259602.30 rows=4998391 width=8) (actual time=0.915..1133.782 rows=7585870 loops=5)
                                                   Heap Fetches: 0
                                             ->  Parallel Hash  (cost=282532.45..282532.45 rows=198150 width=34) (actual time=2514.382..2514.682 rows=302853 loops=5)
                                                   Buckets: 2097152 (originally 1048576)  Batches: 1 (originally 1)  Memory Usage: 131392kB
                                                   ->  Parallel Hash Join  (cost=3021.13..282532.45 rows=198150 width=34) (actual time=22.478..2379.689 rows=302853 loops=5)
                                                         Hash Cond: (l1.l_suppkey = supplier.s_suppkey)
                                                         ->  Parallel Index Only Scan using q21_idx_2 on lineitem l1  (cost=0.56..259602.30 rows=4998391 width=8) (actual time=0.856..1684.439 rows=7585870 loops=5)
                                                               Heap Fetches: 0
                                                         ->  Parallel Hash  (cost=2991.15..2991.15 rows=2353 width=30) (actual time=21.546..21.548 rows=798 loops=5)
                                                               Buckets: 4096  Batches: 1  Memory Usage: 352kB
                                                               ->  Hash Join  (cost=1.32..2991.15 rows=2353 width=30) (actual time=0.882..21.119 rows=798 loops=5)
                                                                     Hash Cond: (supplier.s_nationkey = nation.n_nationkey)
                                                                     ->  Parallel Seq Scan on supplier  (cost=0.00..2809.24 rows=58824 width=34) (actual time=0.234..19.020 rows=20000 loops=5)
                                                                     ->  Hash  (cost=1.31..1.31 rows=1 width=4) (actual time=0.055..0.056 rows=1 loops=5)
                                                                           Buckets: 1024  Batches: 1  Memory Usage: 9kB
                                                                           ->  Seq Scan on nation  (cost=0.00..1.31 rows=1 width=4) (actual time=0.051..0.052 rows=1 loops=5)
                                                                                 Filter: (n_name = 'PERU'::bpchar)
                                                                                 Rows Removed by Filter: 24
                                 ->  Index Only Scan using q21_idx_3 on orders  (cost=0.43..2.45 rows=1 width=4) (actual time=0.035..0.035 rows=0 loops=134155)
                                       Index Cond: ((o_orderkey = l1.l_orderkey) AND (o_orderstatus = 'F'::bpchar))
                                       Heap Fetches: 0
                           ->  Index Only Scan using q21_idx_1 on lineitem l2  (cost=0.56..2.63 rows=4 width=8) (actual time=0.154..0.154 rows=1 loops=65960)
                                 Index Cond: (l_orderkey = orders.o_orderkey)
                                 Heap Fetches: 0
 Planning Time: 31.507 ms
 Execution Time: 20107.809 ms
(46 rows)

SET
SET
SET
                                                                                                     QUERY PLAN                                                                                                      
---------------------------------------------------------------------------------------------------------------------------------------------------------------------------------------------------------------------
 Limit  (cost=565186.45..565186.46 rows=1 width=34) (actual time=4966.342..4978.296 rows=100 loops=1)
   ->  Sort  (cost=565186.45..565186.46 rows=1 width=34) (actual time=4966.340..4978.288 rows=100 loops=1)
         Sort Key: (count(*)) DESC, supplier.s_name
         Sort Method: top-N heapsort  Memory: 37kB
         ->  GroupAggregate  (cost=565186.42..565186.44 rows=1 width=34) (actual time=4959.554..4977.066 rows=3991 loops=1)
               Group Key: supplier.s_name
               ->  Sort  (cost=565186.42..565186.43 rows=1 width=26) (actual time=4959.543..4973.045 rows=39281 loops=1)
                     Sort Key: supplier.s_name
                     Sort Method: quicksort  Memory: 1537kB
                     ->  Nested Loop Semi Join  (cost=286010.89..565186.41 rows=1 width=26) (actual time=4128.449..4807.685 rows=39281 loops=1)
                           Join Filter: (l2.l_suppkey <> l1.l_suppkey)
                           Rows Removed by Join Filter: 27756
                           ->  Nested Loop  (cost=286010.33..565183.77 rows=1 width=38) (actual time=4128.388..4562.437 rows=65960 loops=1)
                                 ->  Gather  (cost=286009.89..565181.32 rows=1 width=34) (actual time=4128.354..4156.675 rows=134155 loops=1)
                                       Workers Planned: 4
                                       Workers Launched: 4
                                       ->  Parallel Hash Right Anti Join  (cost=285009.89..564181.22 rows=1 width=34) (actual time=4121.483..4140.565 rows=26831 loops=5)
                                             Hash Cond: (l3.l_orderkey = l1.l_orderkey)
                                             Join Filter: (l3.l_suppkey <> l1.l_suppkey)
                                             Rows Removed by Join Filter: 302862
                                             ->  Parallel Index Only Scan using q21_idx_2 on lineitem l3  (cost=0.56..259602.30 rows=4998391 width=8) (actual time=0.372..1032.353 rows=7585870 loops=5)
                                                   Heap Fetches: 0
                                             ->  Parallel Hash  (cost=282532.45..282532.45 rows=198150 width=34) (actual time=1931.173..1931.467 rows=302853 loops=5)
                                                   Buckets: 2097152 (originally 1048576)  Batches: 1 (originally 1)  Memory Usage: 131392kB
                                                   ->  Parallel Hash Join  (cost=3021.13..282532.45 rows=198150 width=34) (actual time=6.296..1795.009 rows=302853 loops=5)
                                                         Hash Cond: (l1.l_suppkey = supplier.s_suppkey)
                                                         ->  Parallel Index Only Scan using q21_idx_2 on lineitem l1  (cost=0.56..259602.30 rows=4998391 width=8) (actual time=0.051..1121.044 rows=7585870 loops=5)
                                                               Heap Fetches: 0
                                                         ->  Parallel Hash  (cost=2991.15..2991.15 rows=2353 width=30) (actual time=5.969..5.971 rows=798 loops=5)
                                                               Buckets: 4096  Batches: 1  Memory Usage: 352kB
                                                               ->  Hash Join  (cost=1.32..2991.15 rows=2353 width=30) (actual time=0.054..5.718 rows=798 loops=5)
                                                                     Hash Cond: (supplier.s_nationkey = nation.n_nationkey)
                                                                     ->  Parallel Seq Scan on supplier  (cost=0.00..2809.24 rows=58824 width=34) (actual time=0.011..2.102 rows=20000 loops=5)
                                                                     ->  Hash  (cost=1.31..1.31 rows=1 width=4) (actual time=0.027..0.028 rows=1 loops=5)
                                                                           Buckets: 1024  Batches: 1  Memory Usage: 9kB
                                                                           ->  Seq Scan on nation  (cost=0.00..1.31 rows=1 width=4) (actual time=0.022..0.023 rows=1 loops=5)
                                                                                 Filter: (n_name = 'PERU'::bpchar)
                                                                                 Rows Removed by Filter: 24
                                 ->  Index Only Scan using q21_idx_3 on orders  (cost=0.43..2.45 rows=1 width=4) (actual time=0.003..0.003 rows=0 loops=134155)
                                       Index Cond: ((o_orderkey = l1.l_orderkey) AND (o_orderstatus = 'F'::bpchar))
                                       Heap Fetches: 0
                           ->  Index Only Scan using q21_idx_1 on lineitem l2  (cost=0.56..2.63 rows=4 width=8) (actual time=0.003..0.003 rows=1 loops=65960)
                                 Index Cond: (l_orderkey = orders.o_orderkey)
                                 Heap Fetches: 0
 Planning Time: 4.250 ms
 Execution Time: 4978.556 ms
(46 rows)

query 22 run 1
SET
SET
SET
                                                                          QUERY PLAN                                                                          
--------------------------------------------------------------------------------------------------------------------------------------------------------------
 Limit  (cost=93877.58..93879.34 rows=1 width=72) (actual time=1507.689..1511.579 rows=1 loops=1)
   InitPlan 1
     ->  Finalize Aggregate  (cost=46821.40..46821.41 rows=1 width=32) (actual time=348.248..348.354 rows=1 loops=1)
           ->  Gather  (cost=46820.97..46821.38 rows=4 width=32) (actual time=348.233..348.345 rows=5 loops=1)
                 Workers Planned: 4
                 Workers Launched: 4
                 ->  Partial Aggregate  (cost=45820.97..45820.98 rows=1 width=32) (actual time=336.204..336.204 rows=1 loops=5)
                       ->  Parallel Seq Scan on customer customer_1  (cost=0.00..45791.09 rows=11951 width=6) (actual time=0.391..328.977 rows=76485 loops=5)
                             Filter: ((c_acctbal > 0.00) AND (SUBSTRING(c_phone FROM 1 FOR 2) = ANY ('{21,29,26,34,14,15,17}'::text[])))
                             Rows Removed by Filter: 223515
   ->  GroupAggregate  (cost=47056.16..60466.86 rows=7591 width=72) (actual time=1507.688..1511.470 rows=1 loops=1)
         Group Key: SUBSTRING(customer.c_phone FROM 1 FOR 2)
         ->  Nested Loop Anti Join  (cost=47056.16..60277.08 rows=7591 width=38) (actual time=511.962..1504.839 rows=9006 loops=1)
               ->  Gather Merge  (cost=47055.73..49151.20 rows=17501 width=26) (actual time=510.667..531.528 rows=27128 loops=1)
                     Workers Planned: 4
                     Workers Launched: 3
                     ->  Sort  (cost=46055.67..46066.61 rows=4375 width=26) (actual time=156.932..157.934 rows=7567 loops=4)
                           Sort Key: (SUBSTRING(customer.c_phone FROM 1 FOR 2))
                           Sort Method: quicksort  Memory: 3866kB
                           Worker 0:  Sort Method: quicksort  Memory: 3761kB
                           Worker 1:  Sort Method: quicksort  Memory: 3782kB
                           Worker 2:  Sort Method: quicksort  Memory: 3696kB
                           ->  Parallel Seq Scan on customer  (cost=0.00..45791.09 rows=4375 width=26) (actual time=0.020..141.304 rows=47782 loops=4)
                                 Filter: ((c_acctbal > (InitPlan 1).col1) AND (SUBSTRING(c_phone FROM 1 FOR 2) = ANY ('{21,29,26,34,14,15,17}'::text[])))
                                 Rows Removed by Filter: 327218
               ->  Index Only Scan using idx_orders_custkey on orders  (cost=0.43..2.65 rows=18 width=4) (actual time=0.035..0.035 rows=1 loops=27128)
                     Index Cond: (o_custkey = customer.c_custkey)
                     Heap Fetches: 0
 Planning Time: 19.290 ms
 Execution Time: 1512.668 ms
(30 rows)

SET
SET
SET
                                                                          QUERY PLAN                                                                          
--------------------------------------------------------------------------------------------------------------------------------------------------------------
 Limit  (cost=93877.58..93879.34 rows=1 width=72) (actual time=419.371..424.972 rows=1 loops=1)
   InitPlan 1
     ->  Finalize Aggregate  (cost=46821.40..46821.41 rows=1 width=32) (actual time=192.790..192.892 rows=1 loops=1)
           ->  Gather  (cost=46820.97..46821.38 rows=4 width=32) (actual time=190.469..192.868 rows=5 loops=1)
                 Workers Planned: 4
                 Workers Launched: 4
                 ->  Partial Aggregate  (cost=45820.97..45820.98 rows=1 width=32) (actual time=186.450..186.450 rows=1 loops=5)
                       ->  Parallel Seq Scan on customer customer_1  (cost=0.00..45791.09 rows=11951 width=6) (actual time=0.016..178.051 rows=76485 loops=5)
                             Filter: ((c_acctbal > 0.00) AND (SUBSTRING(c_phone FROM 1 FOR 2) = ANY ('{21,29,26,34,14,15,17}'::text[])))
                             Rows Removed by Filter: 223515
   ->  GroupAggregate  (cost=47056.16..60466.86 rows=7591 width=72) (actual time=419.370..424.868 rows=1 loops=1)
         Group Key: SUBSTRING(customer.c_phone FROM 1 FOR 2)
         ->  Nested Loop Anti Join  (cost=47056.16..60277.08 rows=7591 width=38) (actual time=353.425..422.873 rows=9006 loops=1)
               ->  Gather Merge  (cost=47055.73..49151.20 rows=17501 width=26) (actual time=353.351..365.777 rows=27128 loops=1)
                     Workers Planned: 4
                     Workers Launched: 4
                     ->  Sort  (cost=46055.67..46066.61 rows=4375 width=26) (actual time=155.406..155.967 rows=6270 loops=5)
                           Sort Key: (SUBSTRING(customer.c_phone FROM 1 FOR 2))
                           Sort Method: quicksort  Memory: 3849kB
                           Worker 0:  Sort Method: quicksort  Memory: 3772kB
                           Worker 1:  Sort Method: quicksort  Memory: 1884kB
                           Worker 2:  Sort Method: quicksort  Memory: 3773kB
                           Worker 3:  Sort Method: quicksort  Memory: 1828kB
                           ->  Parallel Seq Scan on customer  (cost=0.00..45791.09 rows=4375 width=26) (actual time=0.017..140.925 rows=38226 loops=5)
                                 Filter: ((c_acctbal > (InitPlan 1).col1) AND (SUBSTRING(c_phone FROM 1 FOR 2) = ANY ('{21,29,26,34,14,15,17}'::text[])))
                                 Rows Removed by Filter: 261774
               ->  Index Only Scan using idx_orders_custkey on orders  (cost=0.43..2.65 rows=18 width=4) (actual time=0.002..0.002 rows=1 loops=27128)
                     Index Cond: (o_custkey = customer.c_custkey)
                     Heap Fetches: 0
 Planning Time: 1.206 ms
 Execution Time: 425.262 ms
(31 rows)

