query 1 run 1
SET
SET
SET
                                                 QUERY PLAN                                                 
------------------------------------------------------------------------------------------------------------
 Limit  (cost=184208.43..184209.06 rows=1 width=236)
   ->  Finalize GroupAggregate  (cost=184208.43..184212.25 rows=6 width=236)
         Group Key: l_returnflag, l_linestatus
         ->  Gather Merge  (cost=184208.43..184211.30 rows=24 width=236)
               Workers Planned: 4
               ->  Sort  (cost=183208.37..183208.38 rows=6 width=236)
                     Sort Key: l_returnflag, l_linestatus
                     ->  Partial HashAggregate  (cost=183208.16..183208.29 rows=6 width=236)
                           Group Key: l_returnflag, l_linestatus
                           ->  Parallel Seq Scan on lineitem  (cost=0.00..131313.48 rows=1482705 width=25)
                                 Filter: (l_shipdate <= '1998-09-10 00:00:00'::timestamp without time zone)
(11 rows)

query 1 run 2
SET
SET
SET
                                                 QUERY PLAN                                                 
------------------------------------------------------------------------------------------------------------
 Limit  (cost=184208.43..184209.06 rows=1 width=236)
   ->  Finalize GroupAggregate  (cost=184208.43..184212.25 rows=6 width=236)
         Group Key: l_returnflag, l_linestatus
         ->  Gather Merge  (cost=184208.43..184211.30 rows=24 width=236)
               Workers Planned: 4
               ->  Sort  (cost=183208.37..183208.38 rows=6 width=236)
                     Sort Key: l_returnflag, l_linestatus
                     ->  Partial HashAggregate  (cost=183208.16..183208.29 rows=6 width=236)
                           Group Key: l_returnflag, l_linestatus
                           ->  Parallel Seq Scan on lineitem  (cost=0.00..131313.48 rows=1482705 width=25)
                                 Filter: (l_shipdate <= '1998-09-10 00:00:00'::timestamp without time zone)
(11 rows)

query 1 run 3
SET
SET
SET
                                                 QUERY PLAN                                                 
------------------------------------------------------------------------------------------------------------
 Limit  (cost=184208.43..184209.06 rows=1 width=236)
   ->  Finalize GroupAggregate  (cost=184208.43..184212.25 rows=6 width=236)
         Group Key: l_returnflag, l_linestatus
         ->  Gather Merge  (cost=184208.43..184211.30 rows=24 width=236)
               Workers Planned: 4
               ->  Sort  (cost=183208.37..183208.38 rows=6 width=236)
                     Sort Key: l_returnflag, l_linestatus
                     ->  Partial HashAggregate  (cost=183208.16..183208.29 rows=6 width=236)
                           Group Key: l_returnflag, l_linestatus
                           ->  Parallel Seq Scan on lineitem  (cost=0.00..131313.48 rows=1482705 width=25)
                                 Filter: (l_shipdate <= '1998-09-10 00:00:00'::timestamp without time zone)
(11 rows)

query 1 run 4
SET
SET
SET
                                                 QUERY PLAN                                                 
------------------------------------------------------------------------------------------------------------
 Limit  (cost=184208.43..184209.06 rows=1 width=236)
   ->  Finalize GroupAggregate  (cost=184208.43..184212.25 rows=6 width=236)
         Group Key: l_returnflag, l_linestatus
         ->  Gather Merge  (cost=184208.43..184211.30 rows=24 width=236)
               Workers Planned: 4
               ->  Sort  (cost=183208.37..183208.38 rows=6 width=236)
                     Sort Key: l_returnflag, l_linestatus
                     ->  Partial HashAggregate  (cost=183208.16..183208.29 rows=6 width=236)
                           Group Key: l_returnflag, l_linestatus
                           ->  Parallel Seq Scan on lineitem  (cost=0.00..131313.48 rows=1482705 width=25)
                                 Filter: (l_shipdate <= '1998-09-10 00:00:00'::timestamp without time zone)
(11 rows)

query 1 run 5
SET
SET
SET
                                                 QUERY PLAN                                                 
------------------------------------------------------------------------------------------------------------
 Limit  (cost=184208.43..184209.06 rows=1 width=236)
   ->  Finalize GroupAggregate  (cost=184208.43..184212.25 rows=6 width=236)
         Group Key: l_returnflag, l_linestatus
         ->  Gather Merge  (cost=184208.43..184211.30 rows=24 width=236)
               Workers Planned: 4
               ->  Sort  (cost=183208.37..183208.38 rows=6 width=236)
                     Sort Key: l_returnflag, l_linestatus
                     ->  Partial HashAggregate  (cost=183208.16..183208.29 rows=6 width=236)
                           Group Key: l_returnflag, l_linestatus
                           ->  Parallel Seq Scan on lineitem  (cost=0.00..131313.48 rows=1482705 width=25)
                                 Filter: (l_shipdate <= '1998-09-10 00:00:00'::timestamp without time zone)
(11 rows)

query 2 run 1
SET
SET
SET
                                                                          QUERY PLAN                                                                          
--------------------------------------------------------------------------------------------------------------------------------------------------------------
 Limit  (cost=18925.42..18925.43 rows=1 width=192)
   ->  Sort  (cost=18925.42..18925.43 rows=1 width=192)
         Sort Key: supplier.s_acctbal DESC, nation.n_name, supplier.s_name, part.p_partkey
         ->  Nested Loop  (cost=14.58..18925.41 rows=1 width=192)
               Join Filter: (supplier.s_nationkey = nation.n_nationkey)
               ->  Nested Loop  (cost=0.00..2.62 rows=5 width=30)
                     Join Filter: (nation.n_regionkey = region.r_regionkey)
                     ->  Seq Scan on region  (cost=0.00..1.06 rows=1 width=4)
                           Filter: (r_name = 'AMERICA'::bpchar)
                     ->  Seq Scan on nation  (cost=0.00..1.25 rows=25 width=34)
               ->  Materialize  (cost=14.58..18922.72 rows=1 width=170)
                     ->  Nested Loop  (cost=14.58..18922.71 rows=1 width=170)
                           ->  Nested Loop  (cost=14.30..18921.44 rows=1 width=34)
                                 ->  Index Only Scan using q2_idx_1 on part  (cost=0.42..5439.67 rows=859 width=30)
                                       Index Cond: (p_size = 16)
                                       Filter: ((p_type)::text ~~ '%NICKEL'::text)
                                 ->  Index Only Scan using q2_idx_2 on partsupp  (cost=13.88..15.68 rows=1 width=14)
                                       Index Cond: ((ps_partkey = part.p_partkey) AND (ps_supplycost = (SubPlan 1)))
                                       SubPlan 1
                                         ->  Aggregate  (cost=13.44..13.45 rows=1 width=32)
                                               ->  Nested Loop  (cost=0.85..13.44 rows=1 width=6)
                                                     Join Filter: (nation_1.n_regionkey = region_1.r_regionkey)
                                                     ->  Seq Scan on region region_1  (cost=0.00..1.06 rows=1 width=4)
                                                           Filter: (r_name = 'AMERICA'::bpchar)
                                                     ->  Nested Loop  (cost=0.85..12.33 rows=4 width=10)
                                                           ->  Nested Loop  (cost=0.71..11.71 rows=4 width=10)
                                                                 ->  Index Only Scan using q2_idx_2 on partsupp partsupp_1  (cost=0.42..2.49 rows=4 width=10)
                                                                       Index Cond: (ps_partkey = part.p_partkey)
                                                                 ->  Index Only Scan using q2_idx_3 on supplier supplier_1  (cost=0.29..2.30 rows=1 width=8)
                                                                       Index Cond: (s_suppkey = partsupp_1.ps_suppkey)
                                                           ->  Index Scan using nation_pkey on nation nation_1  (cost=0.14..0.16 rows=1 width=8)
                                                                 Index Cond: (n_nationkey = supplier_1.s_nationkey)
                           ->  Index Scan using supplier_pkey on supplier  (cost=0.29..1.27 rows=1 width=144)
                                 Index Cond: (s_suppkey = partsupp.ps_suppkey)
(34 rows)

query 2 run 2
SET
SET
SET
                                                                          QUERY PLAN                                                                          
--------------------------------------------------------------------------------------------------------------------------------------------------------------
 Limit  (cost=18925.42..18925.43 rows=1 width=192)
   ->  Sort  (cost=18925.42..18925.43 rows=1 width=192)
         Sort Key: supplier.s_acctbal DESC, nation.n_name, supplier.s_name, part.p_partkey
         ->  Nested Loop  (cost=14.58..18925.41 rows=1 width=192)
               Join Filter: (supplier.s_nationkey = nation.n_nationkey)
               ->  Nested Loop  (cost=0.00..2.62 rows=5 width=30)
                     Join Filter: (nation.n_regionkey = region.r_regionkey)
                     ->  Seq Scan on region  (cost=0.00..1.06 rows=1 width=4)
                           Filter: (r_name = 'AMERICA'::bpchar)
                     ->  Seq Scan on nation  (cost=0.00..1.25 rows=25 width=34)
               ->  Materialize  (cost=14.58..18922.72 rows=1 width=170)
                     ->  Nested Loop  (cost=14.58..18922.71 rows=1 width=170)
                           ->  Nested Loop  (cost=14.30..18921.44 rows=1 width=34)
                                 ->  Index Only Scan using q2_idx_1 on part  (cost=0.42..5439.67 rows=859 width=30)
                                       Index Cond: (p_size = 16)
                                       Filter: ((p_type)::text ~~ '%NICKEL'::text)
                                 ->  Index Only Scan using q2_idx_2 on partsupp  (cost=13.88..15.68 rows=1 width=14)
                                       Index Cond: ((ps_partkey = part.p_partkey) AND (ps_supplycost = (SubPlan 1)))
                                       SubPlan 1
                                         ->  Aggregate  (cost=13.44..13.45 rows=1 width=32)
                                               ->  Nested Loop  (cost=0.85..13.44 rows=1 width=6)
                                                     Join Filter: (nation_1.n_regionkey = region_1.r_regionkey)
                                                     ->  Seq Scan on region region_1  (cost=0.00..1.06 rows=1 width=4)
                                                           Filter: (r_name = 'AMERICA'::bpchar)
                                                     ->  Nested Loop  (cost=0.85..12.33 rows=4 width=10)
                                                           ->  Nested Loop  (cost=0.71..11.71 rows=4 width=10)
                                                                 ->  Index Only Scan using q2_idx_2 on partsupp partsupp_1  (cost=0.42..2.49 rows=4 width=10)
                                                                       Index Cond: (ps_partkey = part.p_partkey)
                                                                 ->  Index Only Scan using q2_idx_3 on supplier supplier_1  (cost=0.29..2.30 rows=1 width=8)
                                                                       Index Cond: (s_suppkey = partsupp_1.ps_suppkey)
                                                           ->  Index Scan using nation_pkey on nation nation_1  (cost=0.14..0.16 rows=1 width=8)
                                                                 Index Cond: (n_nationkey = supplier_1.s_nationkey)
                           ->  Index Scan using supplier_pkey on supplier  (cost=0.29..1.27 rows=1 width=144)
                                 Index Cond: (s_suppkey = partsupp.ps_suppkey)
(34 rows)

query 2 run 3
SET
SET
SET
                                                                          QUERY PLAN                                                                          
--------------------------------------------------------------------------------------------------------------------------------------------------------------
 Limit  (cost=18925.42..18925.43 rows=1 width=192)
   ->  Sort  (cost=18925.42..18925.43 rows=1 width=192)
         Sort Key: supplier.s_acctbal DESC, nation.n_name, supplier.s_name, part.p_partkey
         ->  Nested Loop  (cost=14.58..18925.41 rows=1 width=192)
               Join Filter: (supplier.s_nationkey = nation.n_nationkey)
               ->  Nested Loop  (cost=0.00..2.62 rows=5 width=30)
                     Join Filter: (nation.n_regionkey = region.r_regionkey)
                     ->  Seq Scan on region  (cost=0.00..1.06 rows=1 width=4)
                           Filter: (r_name = 'AMERICA'::bpchar)
                     ->  Seq Scan on nation  (cost=0.00..1.25 rows=25 width=34)
               ->  Materialize  (cost=14.58..18922.72 rows=1 width=170)
                     ->  Nested Loop  (cost=14.58..18922.71 rows=1 width=170)
                           ->  Nested Loop  (cost=14.30..18921.44 rows=1 width=34)
                                 ->  Index Only Scan using q2_idx_1 on part  (cost=0.42..5439.67 rows=859 width=30)
                                       Index Cond: (p_size = 16)
                                       Filter: ((p_type)::text ~~ '%NICKEL'::text)
                                 ->  Index Only Scan using q2_idx_2 on partsupp  (cost=13.88..15.68 rows=1 width=14)
                                       Index Cond: ((ps_partkey = part.p_partkey) AND (ps_supplycost = (SubPlan 1)))
                                       SubPlan 1
                                         ->  Aggregate  (cost=13.44..13.45 rows=1 width=32)
                                               ->  Nested Loop  (cost=0.85..13.44 rows=1 width=6)
                                                     Join Filter: (nation_1.n_regionkey = region_1.r_regionkey)
                                                     ->  Seq Scan on region region_1  (cost=0.00..1.06 rows=1 width=4)
                                                           Filter: (r_name = 'AMERICA'::bpchar)
                                                     ->  Nested Loop  (cost=0.85..12.33 rows=4 width=10)
                                                           ->  Nested Loop  (cost=0.71..11.71 rows=4 width=10)
                                                                 ->  Index Only Scan using q2_idx_2 on partsupp partsupp_1  (cost=0.42..2.49 rows=4 width=10)
                                                                       Index Cond: (ps_partkey = part.p_partkey)
                                                                 ->  Index Only Scan using q2_idx_3 on supplier supplier_1  (cost=0.29..2.30 rows=1 width=8)
                                                                       Index Cond: (s_suppkey = partsupp_1.ps_suppkey)
                                                           ->  Index Scan using nation_pkey on nation nation_1  (cost=0.14..0.16 rows=1 width=8)
                                                                 Index Cond: (n_nationkey = supplier_1.s_nationkey)
                           ->  Index Scan using supplier_pkey on supplier  (cost=0.29..1.27 rows=1 width=144)
                                 Index Cond: (s_suppkey = partsupp.ps_suppkey)
(34 rows)

query 2 run 4
SET
SET
SET
                                                                          QUERY PLAN                                                                          
--------------------------------------------------------------------------------------------------------------------------------------------------------------
 Limit  (cost=18925.42..18925.43 rows=1 width=192)
   ->  Sort  (cost=18925.42..18925.43 rows=1 width=192)
         Sort Key: supplier.s_acctbal DESC, nation.n_name, supplier.s_name, part.p_partkey
         ->  Nested Loop  (cost=14.58..18925.41 rows=1 width=192)
               Join Filter: (supplier.s_nationkey = nation.n_nationkey)
               ->  Nested Loop  (cost=0.00..2.62 rows=5 width=30)
                     Join Filter: (nation.n_regionkey = region.r_regionkey)
                     ->  Seq Scan on region  (cost=0.00..1.06 rows=1 width=4)
                           Filter: (r_name = 'AMERICA'::bpchar)
                     ->  Seq Scan on nation  (cost=0.00..1.25 rows=25 width=34)
               ->  Materialize  (cost=14.58..18922.72 rows=1 width=170)
                     ->  Nested Loop  (cost=14.58..18922.71 rows=1 width=170)
                           ->  Nested Loop  (cost=14.30..18921.44 rows=1 width=34)
                                 ->  Index Only Scan using q2_idx_1 on part  (cost=0.42..5439.67 rows=859 width=30)
                                       Index Cond: (p_size = 16)
                                       Filter: ((p_type)::text ~~ '%NICKEL'::text)
                                 ->  Index Only Scan using q2_idx_2 on partsupp  (cost=13.88..15.68 rows=1 width=14)
                                       Index Cond: ((ps_partkey = part.p_partkey) AND (ps_supplycost = (SubPlan 1)))
                                       SubPlan 1
                                         ->  Aggregate  (cost=13.44..13.45 rows=1 width=32)
                                               ->  Nested Loop  (cost=0.85..13.44 rows=1 width=6)
                                                     Join Filter: (nation_1.n_regionkey = region_1.r_regionkey)
                                                     ->  Seq Scan on region region_1  (cost=0.00..1.06 rows=1 width=4)
                                                           Filter: (r_name = 'AMERICA'::bpchar)
                                                     ->  Nested Loop  (cost=0.85..12.33 rows=4 width=10)
                                                           ->  Nested Loop  (cost=0.71..11.71 rows=4 width=10)
                                                                 ->  Index Only Scan using q2_idx_2 on partsupp partsupp_1  (cost=0.42..2.49 rows=4 width=10)
                                                                       Index Cond: (ps_partkey = part.p_partkey)
                                                                 ->  Index Only Scan using q2_idx_3 on supplier supplier_1  (cost=0.29..2.30 rows=1 width=8)
                                                                       Index Cond: (s_suppkey = partsupp_1.ps_suppkey)
                                                           ->  Index Scan using nation_pkey on nation nation_1  (cost=0.14..0.16 rows=1 width=8)
                                                                 Index Cond: (n_nationkey = supplier_1.s_nationkey)
                           ->  Index Scan using supplier_pkey on supplier  (cost=0.29..1.27 rows=1 width=144)
                                 Index Cond: (s_suppkey = partsupp.ps_suppkey)
(34 rows)

query 2 run 5
SET
SET
SET
                                                                          QUERY PLAN                                                                          
--------------------------------------------------------------------------------------------------------------------------------------------------------------
 Limit  (cost=18925.42..18925.43 rows=1 width=192)
   ->  Sort  (cost=18925.42..18925.43 rows=1 width=192)
         Sort Key: supplier.s_acctbal DESC, nation.n_name, supplier.s_name, part.p_partkey
         ->  Nested Loop  (cost=14.58..18925.41 rows=1 width=192)
               Join Filter: (supplier.s_nationkey = nation.n_nationkey)
               ->  Nested Loop  (cost=0.00..2.62 rows=5 width=30)
                     Join Filter: (nation.n_regionkey = region.r_regionkey)
                     ->  Seq Scan on region  (cost=0.00..1.06 rows=1 width=4)
                           Filter: (r_name = 'AMERICA'::bpchar)
                     ->  Seq Scan on nation  (cost=0.00..1.25 rows=25 width=34)
               ->  Materialize  (cost=14.58..18922.72 rows=1 width=170)
                     ->  Nested Loop  (cost=14.58..18922.71 rows=1 width=170)
                           ->  Nested Loop  (cost=14.30..18921.44 rows=1 width=34)
                                 ->  Index Only Scan using q2_idx_1 on part  (cost=0.42..5439.67 rows=859 width=30)
                                       Index Cond: (p_size = 16)
                                       Filter: ((p_type)::text ~~ '%NICKEL'::text)
                                 ->  Index Only Scan using q2_idx_2 on partsupp  (cost=13.88..15.68 rows=1 width=14)
                                       Index Cond: ((ps_partkey = part.p_partkey) AND (ps_supplycost = (SubPlan 1)))
                                       SubPlan 1
                                         ->  Aggregate  (cost=13.44..13.45 rows=1 width=32)
                                               ->  Nested Loop  (cost=0.85..13.44 rows=1 width=6)
                                                     Join Filter: (nation_1.n_regionkey = region_1.r_regionkey)
                                                     ->  Seq Scan on region region_1  (cost=0.00..1.06 rows=1 width=4)
                                                           Filter: (r_name = 'AMERICA'::bpchar)
                                                     ->  Nested Loop  (cost=0.85..12.33 rows=4 width=10)
                                                           ->  Nested Loop  (cost=0.71..11.71 rows=4 width=10)
                                                                 ->  Index Only Scan using q2_idx_2 on partsupp partsupp_1  (cost=0.42..2.49 rows=4 width=10)
                                                                       Index Cond: (ps_partkey = part.p_partkey)
                                                                 ->  Index Only Scan using q2_idx_3 on supplier supplier_1  (cost=0.29..2.30 rows=1 width=8)
                                                                       Index Cond: (s_suppkey = partsupp_1.ps_suppkey)
                                                           ->  Index Scan using nation_pkey on nation nation_1  (cost=0.14..0.16 rows=1 width=8)
                                                                 Index Cond: (n_nationkey = supplier_1.s_nationkey)
                           ->  Index Scan using supplier_pkey on supplier  (cost=0.29..1.27 rows=1 width=144)
                                 Index Cond: (s_suppkey = partsupp.ps_suppkey)
(34 rows)

query 3 run 1
SET
SET
SET
                                                          QUERY PLAN                                                          
------------------------------------------------------------------------------------------------------------------------------
 Limit  (cost=231870.43..231870.46 rows=10 width=44)
   ->  Sort  (cost=231870.43..232642.20 rows=308706 width=44)
         Sort Key: (sum((lineitem.l_extendedprice * ('1'::numeric - lineitem.l_discount)))) DESC, orders.o_orderdate
         ->  GroupAggregate  (cost=179747.19..225199.41 rows=308706 width=44)
               Group Key: lineitem.l_orderkey, orders.o_orderdate, orders.o_shippriority
               ->  Gather Merge  (cost=179747.19..216709.99 rows=308706 width=24)
                     Workers Planned: 4
                     ->  Sort  (cost=178747.13..178940.07 rows=77176 width=24)
                           Sort Key: lineitem.l_orderkey, orders.o_orderdate, orders.o_shippriority
                           ->  Parallel Hash Join  (cost=37902.78..172482.04 rows=77176 width=24)
                                 Hash Cond: (lineitem.l_orderkey = orders.o_orderkey)
                                 ->  Parallel Seq Scan on lineitem  (cost=0.00..131313.48 rows=804498 width=16)
                                       Filter: (l_shipdate > '1995-03-07'::date)
                                 ->  Parallel Hash  (cost=37322.55..37322.55 rows=46418 width=12)
                                       ->  Parallel Hash Join  (cost=4534.71..37322.55 rows=46418 width=12)
                                             Hash Cond: (orders.o_custkey = customer.c_custkey)
                                             ->  Parallel Seq Scan on orders  (cost=0.00..32179.39 rows=231783 width=16)
                                                   Filter: (o_orderdate < '1995-03-07'::date)
                                             ->  Parallel Hash  (cost=4378.25..4378.25 rows=12517 width=4)
                                                   ->  Parallel Seq Scan on customer  (cost=0.00..4378.25 rows=12517 width=4)
                                                         Filter: (c_mktsegment = 'BUILDING'::bpchar)
(21 rows)

query 3 run 2
SET
SET
SET
                                                          QUERY PLAN                                                          
------------------------------------------------------------------------------------------------------------------------------
 Limit  (cost=231870.43..231870.46 rows=10 width=44)
   ->  Sort  (cost=231870.43..232642.20 rows=308706 width=44)
         Sort Key: (sum((lineitem.l_extendedprice * ('1'::numeric - lineitem.l_discount)))) DESC, orders.o_orderdate
         ->  GroupAggregate  (cost=179747.19..225199.41 rows=308706 width=44)
               Group Key: lineitem.l_orderkey, orders.o_orderdate, orders.o_shippriority
               ->  Gather Merge  (cost=179747.19..216709.99 rows=308706 width=24)
                     Workers Planned: 4
                     ->  Sort  (cost=178747.13..178940.07 rows=77176 width=24)
                           Sort Key: lineitem.l_orderkey, orders.o_orderdate, orders.o_shippriority
                           ->  Parallel Hash Join  (cost=37902.78..172482.04 rows=77176 width=24)
                                 Hash Cond: (lineitem.l_orderkey = orders.o_orderkey)
                                 ->  Parallel Seq Scan on lineitem  (cost=0.00..131313.48 rows=804498 width=16)
                                       Filter: (l_shipdate > '1995-03-07'::date)
                                 ->  Parallel Hash  (cost=37322.55..37322.55 rows=46418 width=12)
                                       ->  Parallel Hash Join  (cost=4534.71..37322.55 rows=46418 width=12)
                                             Hash Cond: (orders.o_custkey = customer.c_custkey)
                                             ->  Parallel Seq Scan on orders  (cost=0.00..32179.39 rows=231783 width=16)
                                                   Filter: (o_orderdate < '1995-03-07'::date)
                                             ->  Parallel Hash  (cost=4378.25..4378.25 rows=12517 width=4)
                                                   ->  Parallel Seq Scan on customer  (cost=0.00..4378.25 rows=12517 width=4)
                                                         Filter: (c_mktsegment = 'BUILDING'::bpchar)
(21 rows)

query 3 run 3
SET
SET
SET
                                                          QUERY PLAN                                                          
------------------------------------------------------------------------------------------------------------------------------
 Limit  (cost=231870.43..231870.46 rows=10 width=44)
   ->  Sort  (cost=231870.43..232642.20 rows=308706 width=44)
         Sort Key: (sum((lineitem.l_extendedprice * ('1'::numeric - lineitem.l_discount)))) DESC, orders.o_orderdate
         ->  GroupAggregate  (cost=179747.19..225199.41 rows=308706 width=44)
               Group Key: lineitem.l_orderkey, orders.o_orderdate, orders.o_shippriority
               ->  Gather Merge  (cost=179747.19..216709.99 rows=308706 width=24)
                     Workers Planned: 4
                     ->  Sort  (cost=178747.13..178940.07 rows=77176 width=24)
                           Sort Key: lineitem.l_orderkey, orders.o_orderdate, orders.o_shippriority
                           ->  Parallel Hash Join  (cost=37902.78..172482.04 rows=77176 width=24)
                                 Hash Cond: (lineitem.l_orderkey = orders.o_orderkey)
                                 ->  Parallel Seq Scan on lineitem  (cost=0.00..131313.48 rows=804498 width=16)
                                       Filter: (l_shipdate > '1995-03-07'::date)
                                 ->  Parallel Hash  (cost=37322.55..37322.55 rows=46418 width=12)
                                       ->  Parallel Hash Join  (cost=4534.71..37322.55 rows=46418 width=12)
                                             Hash Cond: (orders.o_custkey = customer.c_custkey)
                                             ->  Parallel Seq Scan on orders  (cost=0.00..32179.39 rows=231783 width=16)
                                                   Filter: (o_orderdate < '1995-03-07'::date)
                                             ->  Parallel Hash  (cost=4378.25..4378.25 rows=12517 width=4)
                                                   ->  Parallel Seq Scan on customer  (cost=0.00..4378.25 rows=12517 width=4)
                                                         Filter: (c_mktsegment = 'BUILDING'::bpchar)
(21 rows)

query 3 run 4
SET
SET
SET
                                                          QUERY PLAN                                                          
------------------------------------------------------------------------------------------------------------------------------
 Limit  (cost=231870.43..231870.46 rows=10 width=44)
   ->  Sort  (cost=231870.43..232642.20 rows=308706 width=44)
         Sort Key: (sum((lineitem.l_extendedprice * ('1'::numeric - lineitem.l_discount)))) DESC, orders.o_orderdate
         ->  GroupAggregate  (cost=179747.19..225199.41 rows=308706 width=44)
               Group Key: lineitem.l_orderkey, orders.o_orderdate, orders.o_shippriority
               ->  Gather Merge  (cost=179747.19..216709.99 rows=308706 width=24)
                     Workers Planned: 4
                     ->  Sort  (cost=178747.13..178940.07 rows=77176 width=24)
                           Sort Key: lineitem.l_orderkey, orders.o_orderdate, orders.o_shippriority
                           ->  Parallel Hash Join  (cost=37902.78..172482.04 rows=77176 width=24)
                                 Hash Cond: (lineitem.l_orderkey = orders.o_orderkey)
                                 ->  Parallel Seq Scan on lineitem  (cost=0.00..131313.48 rows=804498 width=16)
                                       Filter: (l_shipdate > '1995-03-07'::date)
                                 ->  Parallel Hash  (cost=37322.55..37322.55 rows=46418 width=12)
                                       ->  Parallel Hash Join  (cost=4534.71..37322.55 rows=46418 width=12)
                                             Hash Cond: (orders.o_custkey = customer.c_custkey)
                                             ->  Parallel Seq Scan on orders  (cost=0.00..32179.39 rows=231783 width=16)
                                                   Filter: (o_orderdate < '1995-03-07'::date)
                                             ->  Parallel Hash  (cost=4378.25..4378.25 rows=12517 width=4)
                                                   ->  Parallel Seq Scan on customer  (cost=0.00..4378.25 rows=12517 width=4)
                                                         Filter: (c_mktsegment = 'BUILDING'::bpchar)
(21 rows)

query 3 run 5
SET
SET
SET
                                                          QUERY PLAN                                                          
------------------------------------------------------------------------------------------------------------------------------
 Limit  (cost=231870.43..231870.46 rows=10 width=44)
   ->  Sort  (cost=231870.43..232642.20 rows=308706 width=44)
         Sort Key: (sum((lineitem.l_extendedprice * ('1'::numeric - lineitem.l_discount)))) DESC, orders.o_orderdate
         ->  GroupAggregate  (cost=179747.19..225199.41 rows=308706 width=44)
               Group Key: lineitem.l_orderkey, orders.o_orderdate, orders.o_shippriority
               ->  Gather Merge  (cost=179747.19..216709.99 rows=308706 width=24)
                     Workers Planned: 4
                     ->  Sort  (cost=178747.13..178940.07 rows=77176 width=24)
                           Sort Key: lineitem.l_orderkey, orders.o_orderdate, orders.o_shippriority
                           ->  Parallel Hash Join  (cost=37902.78..172482.04 rows=77176 width=24)
                                 Hash Cond: (lineitem.l_orderkey = orders.o_orderkey)
                                 ->  Parallel Seq Scan on lineitem  (cost=0.00..131313.48 rows=804498 width=16)
                                       Filter: (l_shipdate > '1995-03-07'::date)
                                 ->  Parallel Hash  (cost=37322.55..37322.55 rows=46418 width=12)
                                       ->  Parallel Hash Join  (cost=4534.71..37322.55 rows=46418 width=12)
                                             Hash Cond: (orders.o_custkey = customer.c_custkey)
                                             ->  Parallel Seq Scan on orders  (cost=0.00..32179.39 rows=231783 width=16)
                                                   Filter: (o_orderdate < '1995-03-07'::date)
                                             ->  Parallel Hash  (cost=4378.25..4378.25 rows=12517 width=4)
                                                   ->  Parallel Seq Scan on customer  (cost=0.00..4378.25 rows=12517 width=4)
                                                         Filter: (c_mktsegment = 'BUILDING'::bpchar)
(21 rows)

query 4 run 1
SET
SET
SET
                                                           QUERY PLAN                                                           
--------------------------------------------------------------------------------------------------------------------------------
 Limit  (cost=29363.52..52979.24 rows=1 width=24)
   ->  GroupAggregate  (cost=29363.52..147442.14 rows=5 width=24)
         Group Key: orders.o_orderpriority
         ->  Nested Loop Semi Join  (cost=29363.52..147160.92 rows=56234 width=16)
               ->  Gather Merge  (cost=29363.09..36015.93 rows=56234 width=20)
                     Workers Planned: 3
                     ->  Sort  (cost=28363.05..28408.40 rows=18140 width=20)
                           Sort Key: orders.o_orderpriority
                           ->  Parallel Bitmap Heap Scan on orders  (cost=676.83..27079.93 rows=18140 width=20)
                                 Recheck Cond: ((o_orderdate >= '1993-12-01'::date) AND (o_orderdate < '1994-03-01'::date))
                                 ->  Bitmap Index Scan on idx_orders_orderdate  (cost=0.00..662.77 rows=56234 width=0)
                                       Index Cond: ((o_orderdate >= '1993-12-01'::date) AND (o_orderdate < '1994-03-01'::date))
               ->  Index Only Scan using q4_idx_1 on lineitem  (cost=0.43..2.22 rows=1 width=4)
                     Index Cond: (l_orderkey = orders.o_orderkey)
(14 rows)

query 4 run 2
SET
SET
SET
                                                           QUERY PLAN                                                           
--------------------------------------------------------------------------------------------------------------------------------
 Limit  (cost=29363.52..52979.24 rows=1 width=24)
   ->  GroupAggregate  (cost=29363.52..147442.14 rows=5 width=24)
         Group Key: orders.o_orderpriority
         ->  Nested Loop Semi Join  (cost=29363.52..147160.92 rows=56234 width=16)
               ->  Gather Merge  (cost=29363.09..36015.93 rows=56234 width=20)
                     Workers Planned: 3
                     ->  Sort  (cost=28363.05..28408.40 rows=18140 width=20)
                           Sort Key: orders.o_orderpriority
                           ->  Parallel Bitmap Heap Scan on orders  (cost=676.83..27079.93 rows=18140 width=20)
                                 Recheck Cond: ((o_orderdate >= '1993-12-01'::date) AND (o_orderdate < '1994-03-01'::date))
                                 ->  Bitmap Index Scan on idx_orders_orderdate  (cost=0.00..662.77 rows=56234 width=0)
                                       Index Cond: ((o_orderdate >= '1993-12-01'::date) AND (o_orderdate < '1994-03-01'::date))
               ->  Index Only Scan using q4_idx_1 on lineitem  (cost=0.43..2.22 rows=1 width=4)
                     Index Cond: (l_orderkey = orders.o_orderkey)
(14 rows)

query 4 run 3
SET
SET
SET
                                                           QUERY PLAN                                                           
--------------------------------------------------------------------------------------------------------------------------------
 Limit  (cost=29363.52..52979.24 rows=1 width=24)
   ->  GroupAggregate  (cost=29363.52..147442.14 rows=5 width=24)
         Group Key: orders.o_orderpriority
         ->  Nested Loop Semi Join  (cost=29363.52..147160.92 rows=56234 width=16)
               ->  Gather Merge  (cost=29363.09..36015.93 rows=56234 width=20)
                     Workers Planned: 3
                     ->  Sort  (cost=28363.05..28408.40 rows=18140 width=20)
                           Sort Key: orders.o_orderpriority
                           ->  Parallel Bitmap Heap Scan on orders  (cost=676.83..27079.93 rows=18140 width=20)
                                 Recheck Cond: ((o_orderdate >= '1993-12-01'::date) AND (o_orderdate < '1994-03-01'::date))
                                 ->  Bitmap Index Scan on idx_orders_orderdate  (cost=0.00..662.77 rows=56234 width=0)
                                       Index Cond: ((o_orderdate >= '1993-12-01'::date) AND (o_orderdate < '1994-03-01'::date))
               ->  Index Only Scan using q4_idx_1 on lineitem  (cost=0.43..2.22 rows=1 width=4)
                     Index Cond: (l_orderkey = orders.o_orderkey)
(14 rows)

query 4 run 4
SET
SET
SET
                                                           QUERY PLAN                                                           
--------------------------------------------------------------------------------------------------------------------------------
 Limit  (cost=29363.52..52979.24 rows=1 width=24)
   ->  GroupAggregate  (cost=29363.52..147442.14 rows=5 width=24)
         Group Key: orders.o_orderpriority
         ->  Nested Loop Semi Join  (cost=29363.52..147160.92 rows=56234 width=16)
               ->  Gather Merge  (cost=29363.09..36015.93 rows=56234 width=20)
                     Workers Planned: 3
                     ->  Sort  (cost=28363.05..28408.40 rows=18140 width=20)
                           Sort Key: orders.o_orderpriority
                           ->  Parallel Bitmap Heap Scan on orders  (cost=676.83..27079.93 rows=18140 width=20)
                                 Recheck Cond: ((o_orderdate >= '1993-12-01'::date) AND (o_orderdate < '1994-03-01'::date))
                                 ->  Bitmap Index Scan on idx_orders_orderdate  (cost=0.00..662.77 rows=56234 width=0)
                                       Index Cond: ((o_orderdate >= '1993-12-01'::date) AND (o_orderdate < '1994-03-01'::date))
               ->  Index Only Scan using q4_idx_1 on lineitem  (cost=0.43..2.22 rows=1 width=4)
                     Index Cond: (l_orderkey = orders.o_orderkey)
(14 rows)

query 4 run 5
SET
SET
SET
                                                           QUERY PLAN                                                           
--------------------------------------------------------------------------------------------------------------------------------
 Limit  (cost=29363.52..52979.24 rows=1 width=24)
   ->  GroupAggregate  (cost=29363.52..147442.14 rows=5 width=24)
         Group Key: orders.o_orderpriority
         ->  Nested Loop Semi Join  (cost=29363.52..147160.92 rows=56234 width=16)
               ->  Gather Merge  (cost=29363.09..36015.93 rows=56234 width=20)
                     Workers Planned: 3
                     ->  Sort  (cost=28363.05..28408.40 rows=18140 width=20)
                           Sort Key: orders.o_orderpriority
                           ->  Parallel Bitmap Heap Scan on orders  (cost=676.83..27079.93 rows=18140 width=20)
                                 Recheck Cond: ((o_orderdate >= '1993-12-01'::date) AND (o_orderdate < '1994-03-01'::date))
                                 ->  Bitmap Index Scan on idx_orders_orderdate  (cost=0.00..662.77 rows=56234 width=0)
                                       Index Cond: ((o_orderdate >= '1993-12-01'::date) AND (o_orderdate < '1994-03-01'::date))
               ->  Index Only Scan using q4_idx_1 on lineitem  (cost=0.43..2.22 rows=1 width=4)
                     Index Cond: (l_orderkey = orders.o_orderkey)
(14 rows)

query 5 run 1
SET
SET
SET
                                                                       QUERY PLAN                                                                       
--------------------------------------------------------------------------------------------------------------------------------------------------------
 Limit  (cost=71650.62..71650.62 rows=1 width=58)
   ->  Sort  (cost=71650.62..71650.68 rows=25 width=58)
         Sort Key: (sum((lineitem.l_extendedprice * ('1'::numeric - lineitem.l_discount)))) DESC
         ->  Finalize GroupAggregate  (cost=71610.72..71650.50 rows=25 width=58)
               Group Key: nation.n_name
               ->  Gather Merge  (cost=71610.72..71649.60 rows=78 width=58)
                     Workers Planned: 3
                     ->  Partial GroupAggregate  (cost=70610.68..70640.39 rows=25 width=58)
                           Group Key: nation.n_name
                           ->  Sort  (cost=70610.68..70616.56 rows=2352 width=38)
                                 Sort Key: nation.n_name
                                 ->  Hash Join  (cost=7958.55..70478.97 rows=2352 width=38)
                                       Hash Cond: ((lineitem.l_suppkey = supplier.s_suppkey) AND (customer.c_nationkey = supplier.s_nationkey))
                                       ->  Nested Loop  (cost=7485.55..69696.81 rows=58889 width=50)
                                             ->  Parallel Hash Join  (cost=7485.12..35057.40 rows=14719 width=38)
                                                   Hash Cond: (orders.o_custkey = customer.c_custkey)
                                                   ->  Parallel Bitmap Heap Scan on orders  (cost=2744.99..29979.95 rows=73597 width=8)
                                                         Recheck Cond: ((o_orderdate >= '1993-01-01'::date) AND (o_orderdate < '1994-01-01'::date))
                                                         ->  Bitmap Index Scan on idx_orders_orderdate  (cost=0.00..2687.95 rows=228152 width=0)
                                                               Index Cond: ((o_orderdate >= '1993-01-01'::date) AND (o_orderdate < '1994-01-01'::date))
                                                   ->  Parallel Hash  (cost=4583.88..4583.88 rows=12500 width=38)
                                                         ->  Hash Join  (cost=2.51..4583.88 rows=12500 width=38)
                                                               Hash Cond: (customer.c_nationkey = nation.n_nationkey)
                                                               ->  Parallel Seq Scan on customer  (cost=0.00..4222.00 rows=62500 width=8)
                                                               ->  Hash  (cost=2.45..2.45 rows=5 width=30)
                                                                     ->  Hash Join  (cost=1.07..2.45 rows=5 width=30)
                                                                           Hash Cond: (nation.n_regionkey = region.r_regionkey)
                                                                           ->  Seq Scan on nation  (cost=0.00..1.25 rows=25 width=34)
                                                                           ->  Hash  (cost=1.06..1.06 rows=1 width=4)
                                                                                 ->  Seq Scan on region  (cost=0.00..1.06 rows=1 width=4)
                                                                                       Filter: (r_name = 'AMERICA'::bpchar)
                                             ->  Index Only Scan using q5_idx_1 on lineitem  (cost=0.43..2.31 rows=4 width=20)
                                                   Index Cond: (l_orderkey = orders.o_orderkey)
                                       ->  Hash  (cost=323.00..323.00 rows=10000 width=8)
                                             ->  Seq Scan on supplier  (cost=0.00..323.00 rows=10000 width=8)
(35 rows)

query 5 run 2
SET
SET
SET
                                                                       QUERY PLAN                                                                       
--------------------------------------------------------------------------------------------------------------------------------------------------------
 Limit  (cost=71650.62..71650.62 rows=1 width=58)
   ->  Sort  (cost=71650.62..71650.68 rows=25 width=58)
         Sort Key: (sum((lineitem.l_extendedprice * ('1'::numeric - lineitem.l_discount)))) DESC
         ->  Finalize GroupAggregate  (cost=71610.72..71650.50 rows=25 width=58)
               Group Key: nation.n_name
               ->  Gather Merge  (cost=71610.72..71649.60 rows=78 width=58)
                     Workers Planned: 3
                     ->  Partial GroupAggregate  (cost=70610.68..70640.39 rows=25 width=58)
                           Group Key: nation.n_name
                           ->  Sort  (cost=70610.68..70616.56 rows=2352 width=38)
                                 Sort Key: nation.n_name
                                 ->  Hash Join  (cost=7958.55..70478.97 rows=2352 width=38)
                                       Hash Cond: ((lineitem.l_suppkey = supplier.s_suppkey) AND (customer.c_nationkey = supplier.s_nationkey))
                                       ->  Nested Loop  (cost=7485.55..69696.81 rows=58889 width=50)
                                             ->  Parallel Hash Join  (cost=7485.12..35057.40 rows=14719 width=38)
                                                   Hash Cond: (orders.o_custkey = customer.c_custkey)
                                                   ->  Parallel Bitmap Heap Scan on orders  (cost=2744.99..29979.95 rows=73597 width=8)
                                                         Recheck Cond: ((o_orderdate >= '1993-01-01'::date) AND (o_orderdate < '1994-01-01'::date))
                                                         ->  Bitmap Index Scan on idx_orders_orderdate  (cost=0.00..2687.95 rows=228152 width=0)
                                                               Index Cond: ((o_orderdate >= '1993-01-01'::date) AND (o_orderdate < '1994-01-01'::date))
                                                   ->  Parallel Hash  (cost=4583.88..4583.88 rows=12500 width=38)
                                                         ->  Hash Join  (cost=2.51..4583.88 rows=12500 width=38)
                                                               Hash Cond: (customer.c_nationkey = nation.n_nationkey)
                                                               ->  Parallel Seq Scan on customer  (cost=0.00..4222.00 rows=62500 width=8)
                                                               ->  Hash  (cost=2.45..2.45 rows=5 width=30)
                                                                     ->  Hash Join  (cost=1.07..2.45 rows=5 width=30)
                                                                           Hash Cond: (nation.n_regionkey = region.r_regionkey)
                                                                           ->  Seq Scan on nation  (cost=0.00..1.25 rows=25 width=34)
                                                                           ->  Hash  (cost=1.06..1.06 rows=1 width=4)
                                                                                 ->  Seq Scan on region  (cost=0.00..1.06 rows=1 width=4)
                                                                                       Filter: (r_name = 'AMERICA'::bpchar)
                                             ->  Index Only Scan using q5_idx_1 on lineitem  (cost=0.43..2.31 rows=4 width=20)
                                                   Index Cond: (l_orderkey = orders.o_orderkey)
                                       ->  Hash  (cost=323.00..323.00 rows=10000 width=8)
                                             ->  Seq Scan on supplier  (cost=0.00..323.00 rows=10000 width=8)
(35 rows)

query 5 run 3
SET
SET
SET
                                                                       QUERY PLAN                                                                       
--------------------------------------------------------------------------------------------------------------------------------------------------------
 Limit  (cost=71650.62..71650.62 rows=1 width=58)
   ->  Sort  (cost=71650.62..71650.68 rows=25 width=58)
         Sort Key: (sum((lineitem.l_extendedprice * ('1'::numeric - lineitem.l_discount)))) DESC
         ->  Finalize GroupAggregate  (cost=71610.72..71650.50 rows=25 width=58)
               Group Key: nation.n_name
               ->  Gather Merge  (cost=71610.72..71649.60 rows=78 width=58)
                     Workers Planned: 3
                     ->  Partial GroupAggregate  (cost=70610.68..70640.39 rows=25 width=58)
                           Group Key: nation.n_name
                           ->  Sort  (cost=70610.68..70616.56 rows=2352 width=38)
                                 Sort Key: nation.n_name
                                 ->  Hash Join  (cost=7958.55..70478.97 rows=2352 width=38)
                                       Hash Cond: ((lineitem.l_suppkey = supplier.s_suppkey) AND (customer.c_nationkey = supplier.s_nationkey))
                                       ->  Nested Loop  (cost=7485.55..69696.81 rows=58889 width=50)
                                             ->  Parallel Hash Join  (cost=7485.12..35057.40 rows=14719 width=38)
                                                   Hash Cond: (orders.o_custkey = customer.c_custkey)
                                                   ->  Parallel Bitmap Heap Scan on orders  (cost=2744.99..29979.95 rows=73597 width=8)
                                                         Recheck Cond: ((o_orderdate >= '1993-01-01'::date) AND (o_orderdate < '1994-01-01'::date))
                                                         ->  Bitmap Index Scan on idx_orders_orderdate  (cost=0.00..2687.95 rows=228152 width=0)
                                                               Index Cond: ((o_orderdate >= '1993-01-01'::date) AND (o_orderdate < '1994-01-01'::date))
                                                   ->  Parallel Hash  (cost=4583.88..4583.88 rows=12500 width=38)
                                                         ->  Hash Join  (cost=2.51..4583.88 rows=12500 width=38)
                                                               Hash Cond: (customer.c_nationkey = nation.n_nationkey)
                                                               ->  Parallel Seq Scan on customer  (cost=0.00..4222.00 rows=62500 width=8)
                                                               ->  Hash  (cost=2.45..2.45 rows=5 width=30)
                                                                     ->  Hash Join  (cost=1.07..2.45 rows=5 width=30)
                                                                           Hash Cond: (nation.n_regionkey = region.r_regionkey)
                                                                           ->  Seq Scan on nation  (cost=0.00..1.25 rows=25 width=34)
                                                                           ->  Hash  (cost=1.06..1.06 rows=1 width=4)
                                                                                 ->  Seq Scan on region  (cost=0.00..1.06 rows=1 width=4)
                                                                                       Filter: (r_name = 'AMERICA'::bpchar)
                                             ->  Index Only Scan using q5_idx_1 on lineitem  (cost=0.43..2.31 rows=4 width=20)
                                                   Index Cond: (l_orderkey = orders.o_orderkey)
                                       ->  Hash  (cost=323.00..323.00 rows=10000 width=8)
                                             ->  Seq Scan on supplier  (cost=0.00..323.00 rows=10000 width=8)
(35 rows)

query 5 run 4
SET
SET
SET
                                                                       QUERY PLAN                                                                       
--------------------------------------------------------------------------------------------------------------------------------------------------------
 Limit  (cost=71650.62..71650.62 rows=1 width=58)
   ->  Sort  (cost=71650.62..71650.68 rows=25 width=58)
         Sort Key: (sum((lineitem.l_extendedprice * ('1'::numeric - lineitem.l_discount)))) DESC
         ->  Finalize GroupAggregate  (cost=71610.72..71650.50 rows=25 width=58)
               Group Key: nation.n_name
               ->  Gather Merge  (cost=71610.72..71649.60 rows=78 width=58)
                     Workers Planned: 3
                     ->  Partial GroupAggregate  (cost=70610.68..70640.39 rows=25 width=58)
                           Group Key: nation.n_name
                           ->  Sort  (cost=70610.68..70616.56 rows=2352 width=38)
                                 Sort Key: nation.n_name
                                 ->  Hash Join  (cost=7958.55..70478.97 rows=2352 width=38)
                                       Hash Cond: ((lineitem.l_suppkey = supplier.s_suppkey) AND (customer.c_nationkey = supplier.s_nationkey))
                                       ->  Nested Loop  (cost=7485.55..69696.81 rows=58889 width=50)
                                             ->  Parallel Hash Join  (cost=7485.12..35057.40 rows=14719 width=38)
                                                   Hash Cond: (orders.o_custkey = customer.c_custkey)
                                                   ->  Parallel Bitmap Heap Scan on orders  (cost=2744.99..29979.95 rows=73597 width=8)
                                                         Recheck Cond: ((o_orderdate >= '1993-01-01'::date) AND (o_orderdate < '1994-01-01'::date))
                                                         ->  Bitmap Index Scan on idx_orders_orderdate  (cost=0.00..2687.95 rows=228152 width=0)
                                                               Index Cond: ((o_orderdate >= '1993-01-01'::date) AND (o_orderdate < '1994-01-01'::date))
                                                   ->  Parallel Hash  (cost=4583.88..4583.88 rows=12500 width=38)
                                                         ->  Hash Join  (cost=2.51..4583.88 rows=12500 width=38)
                                                               Hash Cond: (customer.c_nationkey = nation.n_nationkey)
                                                               ->  Parallel Seq Scan on customer  (cost=0.00..4222.00 rows=62500 width=8)
                                                               ->  Hash  (cost=2.45..2.45 rows=5 width=30)
                                                                     ->  Hash Join  (cost=1.07..2.45 rows=5 width=30)
                                                                           Hash Cond: (nation.n_regionkey = region.r_regionkey)
                                                                           ->  Seq Scan on nation  (cost=0.00..1.25 rows=25 width=34)
                                                                           ->  Hash  (cost=1.06..1.06 rows=1 width=4)
                                                                                 ->  Seq Scan on region  (cost=0.00..1.06 rows=1 width=4)
                                                                                       Filter: (r_name = 'AMERICA'::bpchar)
                                             ->  Index Only Scan using q5_idx_1 on lineitem  (cost=0.43..2.31 rows=4 width=20)
                                                   Index Cond: (l_orderkey = orders.o_orderkey)
                                       ->  Hash  (cost=323.00..323.00 rows=10000 width=8)
                                             ->  Seq Scan on supplier  (cost=0.00..323.00 rows=10000 width=8)
(35 rows)

query 5 run 5
SET
SET
SET
                                                                       QUERY PLAN                                                                       
--------------------------------------------------------------------------------------------------------------------------------------------------------
 Limit  (cost=71650.62..71650.62 rows=1 width=58)
   ->  Sort  (cost=71650.62..71650.68 rows=25 width=58)
         Sort Key: (sum((lineitem.l_extendedprice * ('1'::numeric - lineitem.l_discount)))) DESC
         ->  Finalize GroupAggregate  (cost=71610.72..71650.50 rows=25 width=58)
               Group Key: nation.n_name
               ->  Gather Merge  (cost=71610.72..71649.60 rows=78 width=58)
                     Workers Planned: 3
                     ->  Partial GroupAggregate  (cost=70610.68..70640.39 rows=25 width=58)
                           Group Key: nation.n_name
                           ->  Sort  (cost=70610.68..70616.56 rows=2352 width=38)
                                 Sort Key: nation.n_name
                                 ->  Hash Join  (cost=7958.55..70478.97 rows=2352 width=38)
                                       Hash Cond: ((lineitem.l_suppkey = supplier.s_suppkey) AND (customer.c_nationkey = supplier.s_nationkey))
                                       ->  Nested Loop  (cost=7485.55..69696.81 rows=58889 width=50)
                                             ->  Parallel Hash Join  (cost=7485.12..35057.40 rows=14719 width=38)
                                                   Hash Cond: (orders.o_custkey = customer.c_custkey)
                                                   ->  Parallel Bitmap Heap Scan on orders  (cost=2744.99..29979.95 rows=73597 width=8)
                                                         Recheck Cond: ((o_orderdate >= '1993-01-01'::date) AND (o_orderdate < '1994-01-01'::date))
                                                         ->  Bitmap Index Scan on idx_orders_orderdate  (cost=0.00..2687.95 rows=228152 width=0)
                                                               Index Cond: ((o_orderdate >= '1993-01-01'::date) AND (o_orderdate < '1994-01-01'::date))
                                                   ->  Parallel Hash  (cost=4583.88..4583.88 rows=12500 width=38)
                                                         ->  Hash Join  (cost=2.51..4583.88 rows=12500 width=38)
                                                               Hash Cond: (customer.c_nationkey = nation.n_nationkey)
                                                               ->  Parallel Seq Scan on customer  (cost=0.00..4222.00 rows=62500 width=8)
                                                               ->  Hash  (cost=2.45..2.45 rows=5 width=30)
                                                                     ->  Hash Join  (cost=1.07..2.45 rows=5 width=30)
                                                                           Hash Cond: (nation.n_regionkey = region.r_regionkey)
                                                                           ->  Seq Scan on nation  (cost=0.00..1.25 rows=25 width=34)
                                                                           ->  Hash  (cost=1.06..1.06 rows=1 width=4)
                                                                                 ->  Seq Scan on region  (cost=0.00..1.06 rows=1 width=4)
                                                                                       Filter: (r_name = 'AMERICA'::bpchar)
                                             ->  Index Only Scan using q5_idx_1 on lineitem  (cost=0.43..2.31 rows=4 width=20)
                                                   Index Cond: (l_orderkey = orders.o_orderkey)
                                       ->  Hash  (cost=323.00..323.00 rows=10000 width=8)
                                             ->  Seq Scan on supplier  (cost=0.00..323.00 rows=10000 width=8)
(35 rows)

query 6 run 1
SET
SET
SET
                                                                                                                QUERY PLAN                                                                                                                 
-------------------------------------------------------------------------------------------------------------------------------------------------------------------------------------------------------------------------------------------
 Limit  (cost=117885.26..117885.27 rows=1 width=32)
   ->  Finalize Aggregate  (cost=117885.26..117885.27 rows=1 width=32)
         ->  Gather  (cost=117884.83..117885.24 rows=4 width=32)
               Workers Planned: 4
               ->  Partial Aggregate  (cost=116884.83..116884.84 rows=1 width=32)
                     ->  Parallel Bitmap Heap Scan on lineitem  (cost=23589.21..116730.16 rows=30934 width=12)
                           Recheck Cond: ((l_shipdate >= '1993-01-01'::date) AND (l_shipdate < '1994-01-01 00:00:00'::timestamp without time zone) AND (l_discount >= 0.06) AND (l_discount <= 0.08) AND (l_quantity < '25'::numeric))
                           ->  Bitmap Index Scan on idx_lineitem_shipdate  (cost=0.00..23558.27 rows=123738 width=0)
                                 Index Cond: ((l_shipdate >= '1993-01-01'::date) AND (l_shipdate < '1994-01-01 00:00:00'::timestamp without time zone) AND (l_discount >= 0.06) AND (l_discount <= 0.08) AND (l_quantity < '25'::numeric))
(9 rows)

query 6 run 2
SET
SET
SET
                                                                                                                QUERY PLAN                                                                                                                 
-------------------------------------------------------------------------------------------------------------------------------------------------------------------------------------------------------------------------------------------
 Limit  (cost=117885.26..117885.27 rows=1 width=32)
   ->  Finalize Aggregate  (cost=117885.26..117885.27 rows=1 width=32)
         ->  Gather  (cost=117884.83..117885.24 rows=4 width=32)
               Workers Planned: 4
               ->  Partial Aggregate  (cost=116884.83..116884.84 rows=1 width=32)
                     ->  Parallel Bitmap Heap Scan on lineitem  (cost=23589.21..116730.16 rows=30934 width=12)
                           Recheck Cond: ((l_shipdate >= '1993-01-01'::date) AND (l_shipdate < '1994-01-01 00:00:00'::timestamp without time zone) AND (l_discount >= 0.06) AND (l_discount <= 0.08) AND (l_quantity < '25'::numeric))
                           ->  Bitmap Index Scan on idx_lineitem_shipdate  (cost=0.00..23558.27 rows=123738 width=0)
                                 Index Cond: ((l_shipdate >= '1993-01-01'::date) AND (l_shipdate < '1994-01-01 00:00:00'::timestamp without time zone) AND (l_discount >= 0.06) AND (l_discount <= 0.08) AND (l_quantity < '25'::numeric))
(9 rows)

query 6 run 3
SET
SET
SET
                                                                                                                QUERY PLAN                                                                                                                 
-------------------------------------------------------------------------------------------------------------------------------------------------------------------------------------------------------------------------------------------
 Limit  (cost=117885.26..117885.27 rows=1 width=32)
   ->  Finalize Aggregate  (cost=117885.26..117885.27 rows=1 width=32)
         ->  Gather  (cost=117884.83..117885.24 rows=4 width=32)
               Workers Planned: 4
               ->  Partial Aggregate  (cost=116884.83..116884.84 rows=1 width=32)
                     ->  Parallel Bitmap Heap Scan on lineitem  (cost=23589.21..116730.16 rows=30934 width=12)
                           Recheck Cond: ((l_shipdate >= '1993-01-01'::date) AND (l_shipdate < '1994-01-01 00:00:00'::timestamp without time zone) AND (l_discount >= 0.06) AND (l_discount <= 0.08) AND (l_quantity < '25'::numeric))
                           ->  Bitmap Index Scan on idx_lineitem_shipdate  (cost=0.00..23558.27 rows=123738 width=0)
                                 Index Cond: ((l_shipdate >= '1993-01-01'::date) AND (l_shipdate < '1994-01-01 00:00:00'::timestamp without time zone) AND (l_discount >= 0.06) AND (l_discount <= 0.08) AND (l_quantity < '25'::numeric))
(9 rows)

query 6 run 4
SET
SET
SET
                                                                                                                QUERY PLAN                                                                                                                 
-------------------------------------------------------------------------------------------------------------------------------------------------------------------------------------------------------------------------------------------
 Limit  (cost=117885.26..117885.27 rows=1 width=32)
   ->  Finalize Aggregate  (cost=117885.26..117885.27 rows=1 width=32)
         ->  Gather  (cost=117884.83..117885.24 rows=4 width=32)
               Workers Planned: 4
               ->  Partial Aggregate  (cost=116884.83..116884.84 rows=1 width=32)
                     ->  Parallel Bitmap Heap Scan on lineitem  (cost=23589.21..116730.16 rows=30934 width=12)
                           Recheck Cond: ((l_shipdate >= '1993-01-01'::date) AND (l_shipdate < '1994-01-01 00:00:00'::timestamp without time zone) AND (l_discount >= 0.06) AND (l_discount <= 0.08) AND (l_quantity < '25'::numeric))
                           ->  Bitmap Index Scan on idx_lineitem_shipdate  (cost=0.00..23558.27 rows=123738 width=0)
                                 Index Cond: ((l_shipdate >= '1993-01-01'::date) AND (l_shipdate < '1994-01-01 00:00:00'::timestamp without time zone) AND (l_discount >= 0.06) AND (l_discount <= 0.08) AND (l_quantity < '25'::numeric))
(9 rows)

query 6 run 5
SET
SET
SET
                                                                                                                QUERY PLAN                                                                                                                 
-------------------------------------------------------------------------------------------------------------------------------------------------------------------------------------------------------------------------------------------
 Limit  (cost=117885.26..117885.27 rows=1 width=32)
   ->  Finalize Aggregate  (cost=117885.26..117885.27 rows=1 width=32)
         ->  Gather  (cost=117884.83..117885.24 rows=4 width=32)
               Workers Planned: 4
               ->  Partial Aggregate  (cost=116884.83..116884.84 rows=1 width=32)
                     ->  Parallel Bitmap Heap Scan on lineitem  (cost=23589.21..116730.16 rows=30934 width=12)
                           Recheck Cond: ((l_shipdate >= '1993-01-01'::date) AND (l_shipdate < '1994-01-01 00:00:00'::timestamp without time zone) AND (l_discount >= 0.06) AND (l_discount <= 0.08) AND (l_quantity < '25'::numeric))
                           ->  Bitmap Index Scan on idx_lineitem_shipdate  (cost=0.00..23558.27 rows=123738 width=0)
                                 Index Cond: ((l_shipdate >= '1993-01-01'::date) AND (l_shipdate < '1994-01-01 00:00:00'::timestamp without time zone) AND (l_discount >= 0.06) AND (l_discount <= 0.08) AND (l_quantity < '25'::numeric))
(9 rows)

query 7 run 1
SET
SET
SET
                                                                                                      QUERY PLAN                                                                                                       
-----------------------------------------------------------------------------------------------------------------------------------------------------------------------------------------------------------------------
 Limit  (cost=141393.18..141551.78 rows=1 width=116)
   ->  GroupAggregate  (cost=141393.18..1098709.20 rows=6036 width=116)
         Group Key: n1.n_name, n2.n_name, EXTRACT(year FROM lineitem.l_shipdate)
         ->  Nested Loop  (cost=141393.18..1098528.12 rows=6036 width=96)
               Join Filter: (customer.c_nationkey = n2.n_nationkey)
               ->  Nested Loop  (cost=141392.76..762749.59 rows=150890 width=76)
                     ->  Gather Merge  (cost=141392.33..159459.09 rows=150890 width=76)
                           Workers Planned: 4
                           ->  Sort  (cost=140392.28..140486.58 rows=37722 width=76)
                                 Sort Key: n1.n_name, n2.n_name, (EXTRACT(year FROM lineitem.l_shipdate))
                                 ->  Hash Join  (cost=381.77..137524.81 rows=37722 width=76)
                                       Hash Cond: (lineitem.l_suppkey = supplier.s_suppkey)
                                       ->  Parallel Seq Scan on lineitem  (cost=0.00..135064.18 rows=453810 width=24)
                                             Filter: ((l_shipdate >= '1995-01-01'::date) AND (l_shipdate <= '1996-12-31'::date))
                                       ->  Hash  (cost=371.37..371.37 rows=832 width=60)
                                             ->  Hash Join  (cost=2.87..371.37 rows=832 width=60)
                                                   Hash Cond: (supplier.s_nationkey = n1.n_nationkey)
                                                   ->  Seq Scan on supplier  (cost=0.00..323.00 rows=10000 width=8)
                                                   ->  Hash  (cost=2.84..2.84 rows=2 width=60)
                                                         ->  Nested Loop  (cost=0.00..2.84 rows=2 width=60)
                                                               Join Filter: (((n1.n_name = 'PERU'::bpchar) AND (n2.n_name = 'MOROCCO'::bpchar)) OR ((n1.n_name = 'MOROCCO'::bpchar) AND (n2.n_name = 'PERU'::bpchar)))
                                                               ->  Seq Scan on nation n1  (cost=0.00..1.38 rows=2 width=30)
                                                                     Filter: ((n_name = 'PERU'::bpchar) OR (n_name = 'MOROCCO'::bpchar))
                                                               ->  Materialize  (cost=0.00..1.39 rows=2 width=30)
                                                                     ->  Seq Scan on nation n2  (cost=0.00..1.38 rows=2 width=30)
                                                                           Filter: ((n_name = 'MOROCCO'::bpchar) OR (n_name = 'PERU'::bpchar))
                     ->  Index Scan using q21_idx_3 on orders  (cost=0.43..4.00 rows=1 width=8)
                           Index Cond: (o_orderkey = lineitem.l_orderkey)
               ->  Index Only Scan using q10_idx_1 on customer  (cost=0.42..2.21 rows=1 width=8)
                     Index Cond: (c_custkey = orders.o_custkey)
(30 rows)

query 7 run 2
SET
SET
SET
                                                                                                      QUERY PLAN                                                                                                       
-----------------------------------------------------------------------------------------------------------------------------------------------------------------------------------------------------------------------
 Limit  (cost=141393.18..141551.78 rows=1 width=116)
   ->  GroupAggregate  (cost=141393.18..1098709.20 rows=6036 width=116)
         Group Key: n1.n_name, n2.n_name, EXTRACT(year FROM lineitem.l_shipdate)
         ->  Nested Loop  (cost=141393.18..1098528.12 rows=6036 width=96)
               Join Filter: (customer.c_nationkey = n2.n_nationkey)
               ->  Nested Loop  (cost=141392.76..762749.59 rows=150890 width=76)
                     ->  Gather Merge  (cost=141392.33..159459.09 rows=150890 width=76)
                           Workers Planned: 4
                           ->  Sort  (cost=140392.28..140486.58 rows=37722 width=76)
                                 Sort Key: n1.n_name, n2.n_name, (EXTRACT(year FROM lineitem.l_shipdate))
                                 ->  Hash Join  (cost=381.77..137524.81 rows=37722 width=76)
                                       Hash Cond: (lineitem.l_suppkey = supplier.s_suppkey)
                                       ->  Parallel Seq Scan on lineitem  (cost=0.00..135064.18 rows=453810 width=24)
                                             Filter: ((l_shipdate >= '1995-01-01'::date) AND (l_shipdate <= '1996-12-31'::date))
                                       ->  Hash  (cost=371.37..371.37 rows=832 width=60)
                                             ->  Hash Join  (cost=2.87..371.37 rows=832 width=60)
                                                   Hash Cond: (supplier.s_nationkey = n1.n_nationkey)
                                                   ->  Seq Scan on supplier  (cost=0.00..323.00 rows=10000 width=8)
                                                   ->  Hash  (cost=2.84..2.84 rows=2 width=60)
                                                         ->  Nested Loop  (cost=0.00..2.84 rows=2 width=60)
                                                               Join Filter: (((n1.n_name = 'PERU'::bpchar) AND (n2.n_name = 'MOROCCO'::bpchar)) OR ((n1.n_name = 'MOROCCO'::bpchar) AND (n2.n_name = 'PERU'::bpchar)))
                                                               ->  Seq Scan on nation n1  (cost=0.00..1.38 rows=2 width=30)
                                                                     Filter: ((n_name = 'PERU'::bpchar) OR (n_name = 'MOROCCO'::bpchar))
                                                               ->  Materialize  (cost=0.00..1.39 rows=2 width=30)
                                                                     ->  Seq Scan on nation n2  (cost=0.00..1.38 rows=2 width=30)
                                                                           Filter: ((n_name = 'MOROCCO'::bpchar) OR (n_name = 'PERU'::bpchar))
                     ->  Index Scan using q21_idx_3 on orders  (cost=0.43..4.00 rows=1 width=8)
                           Index Cond: (o_orderkey = lineitem.l_orderkey)
               ->  Index Only Scan using q10_idx_1 on customer  (cost=0.42..2.21 rows=1 width=8)
                     Index Cond: (c_custkey = orders.o_custkey)
(30 rows)

query 7 run 3
SET
SET
SET
                                                                                                      QUERY PLAN                                                                                                       
-----------------------------------------------------------------------------------------------------------------------------------------------------------------------------------------------------------------------
 Limit  (cost=141393.18..141551.78 rows=1 width=116)
   ->  GroupAggregate  (cost=141393.18..1098709.20 rows=6036 width=116)
         Group Key: n1.n_name, n2.n_name, EXTRACT(year FROM lineitem.l_shipdate)
         ->  Nested Loop  (cost=141393.18..1098528.12 rows=6036 width=96)
               Join Filter: (customer.c_nationkey = n2.n_nationkey)
               ->  Nested Loop  (cost=141392.76..762749.59 rows=150890 width=76)
                     ->  Gather Merge  (cost=141392.33..159459.09 rows=150890 width=76)
                           Workers Planned: 4
                           ->  Sort  (cost=140392.28..140486.58 rows=37722 width=76)
                                 Sort Key: n1.n_name, n2.n_name, (EXTRACT(year FROM lineitem.l_shipdate))
                                 ->  Hash Join  (cost=381.77..137524.81 rows=37722 width=76)
                                       Hash Cond: (lineitem.l_suppkey = supplier.s_suppkey)
                                       ->  Parallel Seq Scan on lineitem  (cost=0.00..135064.18 rows=453810 width=24)
                                             Filter: ((l_shipdate >= '1995-01-01'::date) AND (l_shipdate <= '1996-12-31'::date))
                                       ->  Hash  (cost=371.37..371.37 rows=832 width=60)
                                             ->  Hash Join  (cost=2.87..371.37 rows=832 width=60)
                                                   Hash Cond: (supplier.s_nationkey = n1.n_nationkey)
                                                   ->  Seq Scan on supplier  (cost=0.00..323.00 rows=10000 width=8)
                                                   ->  Hash  (cost=2.84..2.84 rows=2 width=60)
                                                         ->  Nested Loop  (cost=0.00..2.84 rows=2 width=60)
                                                               Join Filter: (((n1.n_name = 'PERU'::bpchar) AND (n2.n_name = 'MOROCCO'::bpchar)) OR ((n1.n_name = 'MOROCCO'::bpchar) AND (n2.n_name = 'PERU'::bpchar)))
                                                               ->  Seq Scan on nation n1  (cost=0.00..1.38 rows=2 width=30)
                                                                     Filter: ((n_name = 'PERU'::bpchar) OR (n_name = 'MOROCCO'::bpchar))
                                                               ->  Materialize  (cost=0.00..1.39 rows=2 width=30)
                                                                     ->  Seq Scan on nation n2  (cost=0.00..1.38 rows=2 width=30)
                                                                           Filter: ((n_name = 'MOROCCO'::bpchar) OR (n_name = 'PERU'::bpchar))
                     ->  Index Scan using q21_idx_3 on orders  (cost=0.43..4.00 rows=1 width=8)
                           Index Cond: (o_orderkey = lineitem.l_orderkey)
               ->  Index Only Scan using q10_idx_1 on customer  (cost=0.42..2.21 rows=1 width=8)
                     Index Cond: (c_custkey = orders.o_custkey)
(30 rows)

query 7 run 4
SET
SET
SET
                                                                                                      QUERY PLAN                                                                                                       
-----------------------------------------------------------------------------------------------------------------------------------------------------------------------------------------------------------------------
 Limit  (cost=141393.18..141551.78 rows=1 width=116)
   ->  GroupAggregate  (cost=141393.18..1098709.20 rows=6036 width=116)
         Group Key: n1.n_name, n2.n_name, EXTRACT(year FROM lineitem.l_shipdate)
         ->  Nested Loop  (cost=141393.18..1098528.12 rows=6036 width=96)
               Join Filter: (customer.c_nationkey = n2.n_nationkey)
               ->  Nested Loop  (cost=141392.76..762749.59 rows=150890 width=76)
                     ->  Gather Merge  (cost=141392.33..159459.09 rows=150890 width=76)
                           Workers Planned: 4
                           ->  Sort  (cost=140392.28..140486.58 rows=37722 width=76)
                                 Sort Key: n1.n_name, n2.n_name, (EXTRACT(year FROM lineitem.l_shipdate))
                                 ->  Hash Join  (cost=381.77..137524.81 rows=37722 width=76)
                                       Hash Cond: (lineitem.l_suppkey = supplier.s_suppkey)
                                       ->  Parallel Seq Scan on lineitem  (cost=0.00..135064.18 rows=453810 width=24)
                                             Filter: ((l_shipdate >= '1995-01-01'::date) AND (l_shipdate <= '1996-12-31'::date))
                                       ->  Hash  (cost=371.37..371.37 rows=832 width=60)
                                             ->  Hash Join  (cost=2.87..371.37 rows=832 width=60)
                                                   Hash Cond: (supplier.s_nationkey = n1.n_nationkey)
                                                   ->  Seq Scan on supplier  (cost=0.00..323.00 rows=10000 width=8)
                                                   ->  Hash  (cost=2.84..2.84 rows=2 width=60)
                                                         ->  Nested Loop  (cost=0.00..2.84 rows=2 width=60)
                                                               Join Filter: (((n1.n_name = 'PERU'::bpchar) AND (n2.n_name = 'MOROCCO'::bpchar)) OR ((n1.n_name = 'MOROCCO'::bpchar) AND (n2.n_name = 'PERU'::bpchar)))
                                                               ->  Seq Scan on nation n1  (cost=0.00..1.38 rows=2 width=30)
                                                                     Filter: ((n_name = 'PERU'::bpchar) OR (n_name = 'MOROCCO'::bpchar))
                                                               ->  Materialize  (cost=0.00..1.39 rows=2 width=30)
                                                                     ->  Seq Scan on nation n2  (cost=0.00..1.38 rows=2 width=30)
                                                                           Filter: ((n_name = 'MOROCCO'::bpchar) OR (n_name = 'PERU'::bpchar))
                     ->  Index Scan using q21_idx_3 on orders  (cost=0.43..4.00 rows=1 width=8)
                           Index Cond: (o_orderkey = lineitem.l_orderkey)
               ->  Index Only Scan using q10_idx_1 on customer  (cost=0.42..2.21 rows=1 width=8)
                     Index Cond: (c_custkey = orders.o_custkey)
(30 rows)

query 7 run 5
SET
SET
SET
                                                                                                      QUERY PLAN                                                                                                       
-----------------------------------------------------------------------------------------------------------------------------------------------------------------------------------------------------------------------
 Limit  (cost=141393.18..141551.78 rows=1 width=116)
   ->  GroupAggregate  (cost=141393.18..1098709.20 rows=6036 width=116)
         Group Key: n1.n_name, n2.n_name, EXTRACT(year FROM lineitem.l_shipdate)
         ->  Nested Loop  (cost=141393.18..1098528.12 rows=6036 width=96)
               Join Filter: (customer.c_nationkey = n2.n_nationkey)
               ->  Nested Loop  (cost=141392.76..762749.59 rows=150890 width=76)
                     ->  Gather Merge  (cost=141392.33..159459.09 rows=150890 width=76)
                           Workers Planned: 4
                           ->  Sort  (cost=140392.28..140486.58 rows=37722 width=76)
                                 Sort Key: n1.n_name, n2.n_name, (EXTRACT(year FROM lineitem.l_shipdate))
                                 ->  Hash Join  (cost=381.77..137524.81 rows=37722 width=76)
                                       Hash Cond: (lineitem.l_suppkey = supplier.s_suppkey)
                                       ->  Parallel Seq Scan on lineitem  (cost=0.00..135064.18 rows=453810 width=24)
                                             Filter: ((l_shipdate >= '1995-01-01'::date) AND (l_shipdate <= '1996-12-31'::date))
                                       ->  Hash  (cost=371.37..371.37 rows=832 width=60)
                                             ->  Hash Join  (cost=2.87..371.37 rows=832 width=60)
                                                   Hash Cond: (supplier.s_nationkey = n1.n_nationkey)
                                                   ->  Seq Scan on supplier  (cost=0.00..323.00 rows=10000 width=8)
                                                   ->  Hash  (cost=2.84..2.84 rows=2 width=60)
                                                         ->  Nested Loop  (cost=0.00..2.84 rows=2 width=60)
                                                               Join Filter: (((n1.n_name = 'PERU'::bpchar) AND (n2.n_name = 'MOROCCO'::bpchar)) OR ((n1.n_name = 'MOROCCO'::bpchar) AND (n2.n_name = 'PERU'::bpchar)))
                                                               ->  Seq Scan on nation n1  (cost=0.00..1.38 rows=2 width=30)
                                                                     Filter: ((n_name = 'PERU'::bpchar) OR (n_name = 'MOROCCO'::bpchar))
                                                               ->  Materialize  (cost=0.00..1.39 rows=2 width=30)
                                                                     ->  Seq Scan on nation n2  (cost=0.00..1.38 rows=2 width=30)
                                                                           Filter: ((n_name = 'MOROCCO'::bpchar) OR (n_name = 'PERU'::bpchar))
                     ->  Index Scan using q21_idx_3 on orders  (cost=0.43..4.00 rows=1 width=8)
                           Index Cond: (o_orderkey = lineitem.l_orderkey)
               ->  Index Only Scan using q10_idx_1 on customer  (cost=0.42..2.21 rows=1 width=8)
                     Index Cond: (c_custkey = orders.o_custkey)
(30 rows)

query 8 run 1
SET
SET
SET
                                                                           QUERY PLAN                                                                           
----------------------------------------------------------------------------------------------------------------------------------------------------------------
 Limit  (cost=41771.62..41785.68 rows=1 width=64)
   ->  GroupAggregate  (cost=41771.62..75453.47 rows=2395 width=64)
         Group Key: EXTRACT(year FROM orders.o_orderdate)
         ->  Nested Loop  (cost=41771.62..75357.67 rows=2395 width=70)
               ->  Nested Loop  (cost=41771.47..75264.06 rows=2395 width=20)
                     ->  Nested Loop  (cost=41771.19..70297.99 rows=2398 width=20)
                           Join Filter: (n1.n_regionkey = region.r_regionkey)
                           ->  Nested Loop  (cost=41771.19..70117.09 rows=11989 width=24)
                                 ->  Nested Loop  (cost=41771.04..69794.93 rows=11989 width=24)
                                       ->  Gather Merge  (cost=41770.62..43188.99 rows=11989 width=24)
                                             Workers Planned: 3
                                             ->  Sort  (cost=40770.58..40780.25 rows=3867 width=24)
                                                   Sort Key: (EXTRACT(year FROM orders.o_orderdate))
                                                   ->  Parallel Hash Join  (cost=6594.67..40540.16 rows=3867 width=24)
                                                         Hash Cond: (orders.o_orderkey = lineitem.l_orderkey)
                                                         ->  Parallel Seq Scan on orders  (cost=0.00..33389.06 rows=145801 width=12)
                                                               Filter: ((o_orderdate >= '1995-01-01'::date) AND (o_orderdate <= '1996-12-31'::date))
                                                         ->  Parallel Hash  (cost=6470.34..6470.34 rows=9947 width=20)
                                                               ->  Nested Loop  (cost=0.85..6470.34 rows=9947 width=20)
                                                                     ->  Parallel Index Only Scan using q2_idx_1 on part  (cost=0.42..5391.73 rows=332 width=4)
                                                                           Index Cond: (p_type = 'LARGE POLISHED BRASS'::text)
                                                                     ->  Index Only Scan using q8_idx_1 on lineitem  (cost=0.43..2.94 rows=31 width=24)
                                                                           Index Cond: (l_partkey = part.p_partkey)
                                       ->  Index Only Scan using q10_idx_1 on customer  (cost=0.42..2.22 rows=1 width=8)
                                             Index Cond: (c_custkey = orders.o_custkey)
                                 ->  Memoize  (cost=0.15..1.17 rows=1 width=8)
                                       Cache Key: customer.c_nationkey
                                       Cache Mode: logical
                                       ->  Index Scan using nation_pkey on nation n1  (cost=0.14..1.16 rows=1 width=8)
                                             Index Cond: (n_nationkey = customer.c_nationkey)
                           ->  Materialize  (cost=0.00..1.07 rows=1 width=4)
                                 ->  Seq Scan on region  (cost=0.00..1.06 rows=1 width=4)
                                       Filter: (r_name = 'AMERICA'::bpchar)
                     ->  Index Only Scan using q2_idx_3 on supplier  (cost=0.29..2.07 rows=1 width=8)
                           Index Cond: (s_suppkey = lineitem.l_suppkey)
               ->  Memoize  (cost=0.15..1.17 rows=1 width=30)
                     Cache Key: supplier.s_nationkey
                     Cache Mode: logical
                     ->  Index Scan using nation_pkey on nation n2  (cost=0.14..1.16 rows=1 width=30)
                           Index Cond: (n_nationkey = supplier.s_nationkey)
(40 rows)

query 8 run 2
SET
SET
SET
                                                                           QUERY PLAN                                                                           
----------------------------------------------------------------------------------------------------------------------------------------------------------------
 Limit  (cost=41771.62..41785.68 rows=1 width=64)
   ->  GroupAggregate  (cost=41771.62..75453.47 rows=2395 width=64)
         Group Key: EXTRACT(year FROM orders.o_orderdate)
         ->  Nested Loop  (cost=41771.62..75357.67 rows=2395 width=70)
               ->  Nested Loop  (cost=41771.47..75264.06 rows=2395 width=20)
                     ->  Nested Loop  (cost=41771.19..70297.99 rows=2398 width=20)
                           Join Filter: (n1.n_regionkey = region.r_regionkey)
                           ->  Nested Loop  (cost=41771.19..70117.09 rows=11989 width=24)
                                 ->  Nested Loop  (cost=41771.04..69794.93 rows=11989 width=24)
                                       ->  Gather Merge  (cost=41770.62..43188.99 rows=11989 width=24)
                                             Workers Planned: 3
                                             ->  Sort  (cost=40770.58..40780.25 rows=3867 width=24)
                                                   Sort Key: (EXTRACT(year FROM orders.o_orderdate))
                                                   ->  Parallel Hash Join  (cost=6594.67..40540.16 rows=3867 width=24)
                                                         Hash Cond: (orders.o_orderkey = lineitem.l_orderkey)
                                                         ->  Parallel Seq Scan on orders  (cost=0.00..33389.06 rows=145801 width=12)
                                                               Filter: ((o_orderdate >= '1995-01-01'::date) AND (o_orderdate <= '1996-12-31'::date))
                                                         ->  Parallel Hash  (cost=6470.34..6470.34 rows=9947 width=20)
                                                               ->  Nested Loop  (cost=0.85..6470.34 rows=9947 width=20)
                                                                     ->  Parallel Index Only Scan using q2_idx_1 on part  (cost=0.42..5391.73 rows=332 width=4)
                                                                           Index Cond: (p_type = 'LARGE POLISHED BRASS'::text)
                                                                     ->  Index Only Scan using q8_idx_1 on lineitem  (cost=0.43..2.94 rows=31 width=24)
                                                                           Index Cond: (l_partkey = part.p_partkey)
                                       ->  Index Only Scan using q10_idx_1 on customer  (cost=0.42..2.22 rows=1 width=8)
                                             Index Cond: (c_custkey = orders.o_custkey)
                                 ->  Memoize  (cost=0.15..1.17 rows=1 width=8)
                                       Cache Key: customer.c_nationkey
                                       Cache Mode: logical
                                       ->  Index Scan using nation_pkey on nation n1  (cost=0.14..1.16 rows=1 width=8)
                                             Index Cond: (n_nationkey = customer.c_nationkey)
                           ->  Materialize  (cost=0.00..1.07 rows=1 width=4)
                                 ->  Seq Scan on region  (cost=0.00..1.06 rows=1 width=4)
                                       Filter: (r_name = 'AMERICA'::bpchar)
                     ->  Index Only Scan using q2_idx_3 on supplier  (cost=0.29..2.07 rows=1 width=8)
                           Index Cond: (s_suppkey = lineitem.l_suppkey)
               ->  Memoize  (cost=0.15..1.17 rows=1 width=30)
                     Cache Key: supplier.s_nationkey
                     Cache Mode: logical
                     ->  Index Scan using nation_pkey on nation n2  (cost=0.14..1.16 rows=1 width=30)
                           Index Cond: (n_nationkey = supplier.s_nationkey)
(40 rows)

query 8 run 3
SET
SET
SET
                                                                           QUERY PLAN                                                                           
----------------------------------------------------------------------------------------------------------------------------------------------------------------
 Limit  (cost=41771.62..41785.68 rows=1 width=64)
   ->  GroupAggregate  (cost=41771.62..75453.47 rows=2395 width=64)
         Group Key: EXTRACT(year FROM orders.o_orderdate)
         ->  Nested Loop  (cost=41771.62..75357.67 rows=2395 width=70)
               ->  Nested Loop  (cost=41771.47..75264.06 rows=2395 width=20)
                     ->  Nested Loop  (cost=41771.19..70297.99 rows=2398 width=20)
                           Join Filter: (n1.n_regionkey = region.r_regionkey)
                           ->  Nested Loop  (cost=41771.19..70117.09 rows=11989 width=24)
                                 ->  Nested Loop  (cost=41771.04..69794.93 rows=11989 width=24)
                                       ->  Gather Merge  (cost=41770.62..43188.99 rows=11989 width=24)
                                             Workers Planned: 3
                                             ->  Sort  (cost=40770.58..40780.25 rows=3867 width=24)
                                                   Sort Key: (EXTRACT(year FROM orders.o_orderdate))
                                                   ->  Parallel Hash Join  (cost=6594.67..40540.16 rows=3867 width=24)
                                                         Hash Cond: (orders.o_orderkey = lineitem.l_orderkey)
                                                         ->  Parallel Seq Scan on orders  (cost=0.00..33389.06 rows=145801 width=12)
                                                               Filter: ((o_orderdate >= '1995-01-01'::date) AND (o_orderdate <= '1996-12-31'::date))
                                                         ->  Parallel Hash  (cost=6470.34..6470.34 rows=9947 width=20)
                                                               ->  Nested Loop  (cost=0.85..6470.34 rows=9947 width=20)
                                                                     ->  Parallel Index Only Scan using q2_idx_1 on part  (cost=0.42..5391.73 rows=332 width=4)
                                                                           Index Cond: (p_type = 'LARGE POLISHED BRASS'::text)
                                                                     ->  Index Only Scan using q8_idx_1 on lineitem  (cost=0.43..2.94 rows=31 width=24)
                                                                           Index Cond: (l_partkey = part.p_partkey)
                                       ->  Index Only Scan using q10_idx_1 on customer  (cost=0.42..2.22 rows=1 width=8)
                                             Index Cond: (c_custkey = orders.o_custkey)
                                 ->  Memoize  (cost=0.15..1.17 rows=1 width=8)
                                       Cache Key: customer.c_nationkey
                                       Cache Mode: logical
                                       ->  Index Scan using nation_pkey on nation n1  (cost=0.14..1.16 rows=1 width=8)
                                             Index Cond: (n_nationkey = customer.c_nationkey)
                           ->  Materialize  (cost=0.00..1.07 rows=1 width=4)
                                 ->  Seq Scan on region  (cost=0.00..1.06 rows=1 width=4)
                                       Filter: (r_name = 'AMERICA'::bpchar)
                     ->  Index Only Scan using q2_idx_3 on supplier  (cost=0.29..2.07 rows=1 width=8)
                           Index Cond: (s_suppkey = lineitem.l_suppkey)
               ->  Memoize  (cost=0.15..1.17 rows=1 width=30)
                     Cache Key: supplier.s_nationkey
                     Cache Mode: logical
                     ->  Index Scan using nation_pkey on nation n2  (cost=0.14..1.16 rows=1 width=30)
                           Index Cond: (n_nationkey = supplier.s_nationkey)
(40 rows)

query 8 run 4
SET
SET
SET
                                                                           QUERY PLAN                                                                           
----------------------------------------------------------------------------------------------------------------------------------------------------------------
 Limit  (cost=41771.62..41785.68 rows=1 width=64)
   ->  GroupAggregate  (cost=41771.62..75453.47 rows=2395 width=64)
         Group Key: EXTRACT(year FROM orders.o_orderdate)
         ->  Nested Loop  (cost=41771.62..75357.67 rows=2395 width=70)
               ->  Nested Loop  (cost=41771.47..75264.06 rows=2395 width=20)
                     ->  Nested Loop  (cost=41771.19..70297.99 rows=2398 width=20)
                           Join Filter: (n1.n_regionkey = region.r_regionkey)
                           ->  Nested Loop  (cost=41771.19..70117.09 rows=11989 width=24)
                                 ->  Nested Loop  (cost=41771.04..69794.93 rows=11989 width=24)
                                       ->  Gather Merge  (cost=41770.62..43188.99 rows=11989 width=24)
                                             Workers Planned: 3
                                             ->  Sort  (cost=40770.58..40780.25 rows=3867 width=24)
                                                   Sort Key: (EXTRACT(year FROM orders.o_orderdate))
                                                   ->  Parallel Hash Join  (cost=6594.67..40540.16 rows=3867 width=24)
                                                         Hash Cond: (orders.o_orderkey = lineitem.l_orderkey)
                                                         ->  Parallel Seq Scan on orders  (cost=0.00..33389.06 rows=145801 width=12)
                                                               Filter: ((o_orderdate >= '1995-01-01'::date) AND (o_orderdate <= '1996-12-31'::date))
                                                         ->  Parallel Hash  (cost=6470.34..6470.34 rows=9947 width=20)
                                                               ->  Nested Loop  (cost=0.85..6470.34 rows=9947 width=20)
                                                                     ->  Parallel Index Only Scan using q2_idx_1 on part  (cost=0.42..5391.73 rows=332 width=4)
                                                                           Index Cond: (p_type = 'LARGE POLISHED BRASS'::text)
                                                                     ->  Index Only Scan using q8_idx_1 on lineitem  (cost=0.43..2.94 rows=31 width=24)
                                                                           Index Cond: (l_partkey = part.p_partkey)
                                       ->  Index Only Scan using q10_idx_1 on customer  (cost=0.42..2.22 rows=1 width=8)
                                             Index Cond: (c_custkey = orders.o_custkey)
                                 ->  Memoize  (cost=0.15..1.17 rows=1 width=8)
                                       Cache Key: customer.c_nationkey
                                       Cache Mode: logical
                                       ->  Index Scan using nation_pkey on nation n1  (cost=0.14..1.16 rows=1 width=8)
                                             Index Cond: (n_nationkey = customer.c_nationkey)
                           ->  Materialize  (cost=0.00..1.07 rows=1 width=4)
                                 ->  Seq Scan on region  (cost=0.00..1.06 rows=1 width=4)
                                       Filter: (r_name = 'AMERICA'::bpchar)
                     ->  Index Only Scan using q2_idx_3 on supplier  (cost=0.29..2.07 rows=1 width=8)
                           Index Cond: (s_suppkey = lineitem.l_suppkey)
               ->  Memoize  (cost=0.15..1.17 rows=1 width=30)
                     Cache Key: supplier.s_nationkey
                     Cache Mode: logical
                     ->  Index Scan using nation_pkey on nation n2  (cost=0.14..1.16 rows=1 width=30)
                           Index Cond: (n_nationkey = supplier.s_nationkey)
(40 rows)

query 8 run 5
SET
SET
SET
                                                                           QUERY PLAN                                                                           
----------------------------------------------------------------------------------------------------------------------------------------------------------------
 Limit  (cost=41771.62..41785.68 rows=1 width=64)
   ->  GroupAggregate  (cost=41771.62..75453.47 rows=2395 width=64)
         Group Key: EXTRACT(year FROM orders.o_orderdate)
         ->  Nested Loop  (cost=41771.62..75357.67 rows=2395 width=70)
               ->  Nested Loop  (cost=41771.47..75264.06 rows=2395 width=20)
                     ->  Nested Loop  (cost=41771.19..70297.99 rows=2398 width=20)
                           Join Filter: (n1.n_regionkey = region.r_regionkey)
                           ->  Nested Loop  (cost=41771.19..70117.09 rows=11989 width=24)
                                 ->  Nested Loop  (cost=41771.04..69794.93 rows=11989 width=24)
                                       ->  Gather Merge  (cost=41770.62..43188.99 rows=11989 width=24)
                                             Workers Planned: 3
                                             ->  Sort  (cost=40770.58..40780.25 rows=3867 width=24)
                                                   Sort Key: (EXTRACT(year FROM orders.o_orderdate))
                                                   ->  Parallel Hash Join  (cost=6594.67..40540.16 rows=3867 width=24)
                                                         Hash Cond: (orders.o_orderkey = lineitem.l_orderkey)
                                                         ->  Parallel Seq Scan on orders  (cost=0.00..33389.06 rows=145801 width=12)
                                                               Filter: ((o_orderdate >= '1995-01-01'::date) AND (o_orderdate <= '1996-12-31'::date))
                                                         ->  Parallel Hash  (cost=6470.34..6470.34 rows=9947 width=20)
                                                               ->  Nested Loop  (cost=0.85..6470.34 rows=9947 width=20)
                                                                     ->  Parallel Index Only Scan using q2_idx_1 on part  (cost=0.42..5391.73 rows=332 width=4)
                                                                           Index Cond: (p_type = 'LARGE POLISHED BRASS'::text)
                                                                     ->  Index Only Scan using q8_idx_1 on lineitem  (cost=0.43..2.94 rows=31 width=24)
                                                                           Index Cond: (l_partkey = part.p_partkey)
                                       ->  Index Only Scan using q10_idx_1 on customer  (cost=0.42..2.22 rows=1 width=8)
                                             Index Cond: (c_custkey = orders.o_custkey)
                                 ->  Memoize  (cost=0.15..1.17 rows=1 width=8)
                                       Cache Key: customer.c_nationkey
                                       Cache Mode: logical
                                       ->  Index Scan using nation_pkey on nation n1  (cost=0.14..1.16 rows=1 width=8)
                                             Index Cond: (n_nationkey = customer.c_nationkey)
                           ->  Materialize  (cost=0.00..1.07 rows=1 width=4)
                                 ->  Seq Scan on region  (cost=0.00..1.06 rows=1 width=4)
                                       Filter: (r_name = 'AMERICA'::bpchar)
                     ->  Index Only Scan using q2_idx_3 on supplier  (cost=0.29..2.07 rows=1 width=8)
                           Index Cond: (s_suppkey = lineitem.l_suppkey)
               ->  Memoize  (cost=0.15..1.17 rows=1 width=30)
                     Cache Key: supplier.s_nationkey
                     Cache Mode: logical
                     ->  Index Scan using nation_pkey on nation n2  (cost=0.14..1.16 rows=1 width=30)
                           Index Cond: (n_nationkey = supplier.s_nationkey)
(40 rows)

query 9 run 1
SET
SET
SET
                                                                      QUERY PLAN                                                                      
------------------------------------------------------------------------------------------------------------------------------------------------------
 Limit  (cost=30404.29..30412.67 rows=1 width=90)
   ->  GroupAggregate  (cost=30404.29..534264.10 rows=60150 width=90)
         Group Key: nation.n_name, (EXTRACT(year FROM orders.o_orderdate))
         ->  Incremental Sort  (cost=30404.29..531243.19 rows=121066 width=81)
               Sort Key: nation.n_name, (EXTRACT(year FROM orders.o_orderdate)) DESC
               Presorted Key: nation.n_name
               ->  Nested Loop  (cost=9599.08..522319.18 rows=121066 width=81)
                     ->  Nested Loop  (cost=9598.65..32091.92 rows=121066 width=53)
                           Join Filter: ((supplier.s_suppkey = lineitem.l_suppkey) AND (partsupp.ps_partkey = lineitem.l_partkey))
                           ->  Gather Merge  (cost=9598.21..11510.04 rows=16160 width=48)
                                 Workers Planned: 3
                                 ->  Sort  (cost=8598.17..8611.20 rows=5213 width=48)
                                       Sort Key: nation.n_name
                                       ->  Hash Join  (cost=450.41..8276.32 rows=5213 width=48)
                                             Hash Cond: (supplier.s_nationkey = nation.n_nationkey)
                                             ->  Hash Join  (cost=448.85..8258.75 rows=5213 width=26)
                                                   Hash Cond: (partsupp.ps_suppkey = supplier.s_suppkey)
                                                   ->  Nested Loop  (cost=0.84..7797.05 rows=5213 width=18)
                                                         ->  Parallel Index Only Scan using q20_idx_2 on part  (cost=0.42..4744.87 rows=1303 width=4)
                                                               Filter: ((p_name)::text ~~ '%navy%'::text)
                                                         ->  Index Only Scan using q2_idx_2 on partsupp  (cost=0.42..2.30 rows=4 width=14)
                                                               Index Cond: (ps_partkey = part.p_partkey)
                                                   ->  Hash  (cost=323.00..323.00 rows=10000 width=8)
                                                         ->  Seq Scan on supplier  (cost=0.00..323.00 rows=10000 width=8)
                                             ->  Hash  (cost=1.25..1.25 rows=25 width=30)
                                                   ->  Seq Scan on nation  (cost=0.00..1.25 rows=25 width=30)
                           ->  Memoize  (cost=0.44..2.88 rows=31 width=29)
                                 Cache Key: part.p_partkey
                                 Cache Mode: logical
                                 ->  Index Only Scan using q9_idx_1 on lineitem  (cost=0.43..2.87 rows=31 width=29)
                                       Index Cond: (l_partkey = part.p_partkey)
                     ->  Index Scan using q21_idx_3 on orders  (cost=0.43..4.05 rows=1 width=8)
                           Index Cond: (o_orderkey = lineitem.l_orderkey)
(33 rows)

query 9 run 2
SET
SET
SET
                                                                      QUERY PLAN                                                                      
------------------------------------------------------------------------------------------------------------------------------------------------------
 Limit  (cost=30404.29..30412.67 rows=1 width=90)
   ->  GroupAggregate  (cost=30404.29..534264.10 rows=60150 width=90)
         Group Key: nation.n_name, (EXTRACT(year FROM orders.o_orderdate))
         ->  Incremental Sort  (cost=30404.29..531243.19 rows=121066 width=81)
               Sort Key: nation.n_name, (EXTRACT(year FROM orders.o_orderdate)) DESC
               Presorted Key: nation.n_name
               ->  Nested Loop  (cost=9599.08..522319.18 rows=121066 width=81)
                     ->  Nested Loop  (cost=9598.65..32091.92 rows=121066 width=53)
                           Join Filter: ((supplier.s_suppkey = lineitem.l_suppkey) AND (partsupp.ps_partkey = lineitem.l_partkey))
                           ->  Gather Merge  (cost=9598.21..11510.04 rows=16160 width=48)
                                 Workers Planned: 3
                                 ->  Sort  (cost=8598.17..8611.20 rows=5213 width=48)
                                       Sort Key: nation.n_name
                                       ->  Hash Join  (cost=450.41..8276.32 rows=5213 width=48)
                                             Hash Cond: (supplier.s_nationkey = nation.n_nationkey)
                                             ->  Hash Join  (cost=448.85..8258.75 rows=5213 width=26)
                                                   Hash Cond: (partsupp.ps_suppkey = supplier.s_suppkey)
                                                   ->  Nested Loop  (cost=0.84..7797.05 rows=5213 width=18)
                                                         ->  Parallel Index Only Scan using q20_idx_2 on part  (cost=0.42..4744.87 rows=1303 width=4)
                                                               Filter: ((p_name)::text ~~ '%navy%'::text)
                                                         ->  Index Only Scan using q2_idx_2 on partsupp  (cost=0.42..2.30 rows=4 width=14)
                                                               Index Cond: (ps_partkey = part.p_partkey)
                                                   ->  Hash  (cost=323.00..323.00 rows=10000 width=8)
                                                         ->  Seq Scan on supplier  (cost=0.00..323.00 rows=10000 width=8)
                                             ->  Hash  (cost=1.25..1.25 rows=25 width=30)
                                                   ->  Seq Scan on nation  (cost=0.00..1.25 rows=25 width=30)
                           ->  Memoize  (cost=0.44..2.88 rows=31 width=29)
                                 Cache Key: part.p_partkey
                                 Cache Mode: logical
                                 ->  Index Only Scan using q9_idx_1 on lineitem  (cost=0.43..2.87 rows=31 width=29)
                                       Index Cond: (l_partkey = part.p_partkey)
                     ->  Index Scan using q21_idx_3 on orders  (cost=0.43..4.05 rows=1 width=8)
                           Index Cond: (o_orderkey = lineitem.l_orderkey)
(33 rows)

query 9 run 3
SET
SET
SET
                                                                      QUERY PLAN                                                                      
------------------------------------------------------------------------------------------------------------------------------------------------------
 Limit  (cost=30404.29..30412.67 rows=1 width=90)
   ->  GroupAggregate  (cost=30404.29..534264.10 rows=60150 width=90)
         Group Key: nation.n_name, (EXTRACT(year FROM orders.o_orderdate))
         ->  Incremental Sort  (cost=30404.29..531243.19 rows=121066 width=81)
               Sort Key: nation.n_name, (EXTRACT(year FROM orders.o_orderdate)) DESC
               Presorted Key: nation.n_name
               ->  Nested Loop  (cost=9599.08..522319.18 rows=121066 width=81)
                     ->  Nested Loop  (cost=9598.65..32091.92 rows=121066 width=53)
                           Join Filter: ((supplier.s_suppkey = lineitem.l_suppkey) AND (partsupp.ps_partkey = lineitem.l_partkey))
                           ->  Gather Merge  (cost=9598.21..11510.04 rows=16160 width=48)
                                 Workers Planned: 3
                                 ->  Sort  (cost=8598.17..8611.20 rows=5213 width=48)
                                       Sort Key: nation.n_name
                                       ->  Hash Join  (cost=450.41..8276.32 rows=5213 width=48)
                                             Hash Cond: (supplier.s_nationkey = nation.n_nationkey)
                                             ->  Hash Join  (cost=448.85..8258.75 rows=5213 width=26)
                                                   Hash Cond: (partsupp.ps_suppkey = supplier.s_suppkey)
                                                   ->  Nested Loop  (cost=0.84..7797.05 rows=5213 width=18)
                                                         ->  Parallel Index Only Scan using q20_idx_2 on part  (cost=0.42..4744.87 rows=1303 width=4)
                                                               Filter: ((p_name)::text ~~ '%navy%'::text)
                                                         ->  Index Only Scan using q2_idx_2 on partsupp  (cost=0.42..2.30 rows=4 width=14)
                                                               Index Cond: (ps_partkey = part.p_partkey)
                                                   ->  Hash  (cost=323.00..323.00 rows=10000 width=8)
                                                         ->  Seq Scan on supplier  (cost=0.00..323.00 rows=10000 width=8)
                                             ->  Hash  (cost=1.25..1.25 rows=25 width=30)
                                                   ->  Seq Scan on nation  (cost=0.00..1.25 rows=25 width=30)
                           ->  Memoize  (cost=0.44..2.88 rows=31 width=29)
                                 Cache Key: part.p_partkey
                                 Cache Mode: logical
                                 ->  Index Only Scan using q9_idx_1 on lineitem  (cost=0.43..2.87 rows=31 width=29)
                                       Index Cond: (l_partkey = part.p_partkey)
                     ->  Index Scan using q21_idx_3 on orders  (cost=0.43..4.05 rows=1 width=8)
                           Index Cond: (o_orderkey = lineitem.l_orderkey)
(33 rows)

query 9 run 4
SET
SET
SET
                                                                      QUERY PLAN                                                                      
------------------------------------------------------------------------------------------------------------------------------------------------------
 Limit  (cost=30404.29..30412.67 rows=1 width=90)
   ->  GroupAggregate  (cost=30404.29..534264.10 rows=60150 width=90)
         Group Key: nation.n_name, (EXTRACT(year FROM orders.o_orderdate))
         ->  Incremental Sort  (cost=30404.29..531243.19 rows=121066 width=81)
               Sort Key: nation.n_name, (EXTRACT(year FROM orders.o_orderdate)) DESC
               Presorted Key: nation.n_name
               ->  Nested Loop  (cost=9599.08..522319.18 rows=121066 width=81)
                     ->  Nested Loop  (cost=9598.65..32091.92 rows=121066 width=53)
                           Join Filter: ((supplier.s_suppkey = lineitem.l_suppkey) AND (partsupp.ps_partkey = lineitem.l_partkey))
                           ->  Gather Merge  (cost=9598.21..11510.04 rows=16160 width=48)
                                 Workers Planned: 3
                                 ->  Sort  (cost=8598.17..8611.20 rows=5213 width=48)
                                       Sort Key: nation.n_name
                                       ->  Hash Join  (cost=450.41..8276.32 rows=5213 width=48)
                                             Hash Cond: (supplier.s_nationkey = nation.n_nationkey)
                                             ->  Hash Join  (cost=448.85..8258.75 rows=5213 width=26)
                                                   Hash Cond: (partsupp.ps_suppkey = supplier.s_suppkey)
                                                   ->  Nested Loop  (cost=0.84..7797.05 rows=5213 width=18)
                                                         ->  Parallel Index Only Scan using q20_idx_2 on part  (cost=0.42..4744.87 rows=1303 width=4)
                                                               Filter: ((p_name)::text ~~ '%navy%'::text)
                                                         ->  Index Only Scan using q2_idx_2 on partsupp  (cost=0.42..2.30 rows=4 width=14)
                                                               Index Cond: (ps_partkey = part.p_partkey)
                                                   ->  Hash  (cost=323.00..323.00 rows=10000 width=8)
                                                         ->  Seq Scan on supplier  (cost=0.00..323.00 rows=10000 width=8)
                                             ->  Hash  (cost=1.25..1.25 rows=25 width=30)
                                                   ->  Seq Scan on nation  (cost=0.00..1.25 rows=25 width=30)
                           ->  Memoize  (cost=0.44..2.88 rows=31 width=29)
                                 Cache Key: part.p_partkey
                                 Cache Mode: logical
                                 ->  Index Only Scan using q9_idx_1 on lineitem  (cost=0.43..2.87 rows=31 width=29)
                                       Index Cond: (l_partkey = part.p_partkey)
                     ->  Index Scan using q21_idx_3 on orders  (cost=0.43..4.05 rows=1 width=8)
                           Index Cond: (o_orderkey = lineitem.l_orderkey)
(33 rows)

query 9 run 5
SET
SET
SET
                                                                      QUERY PLAN                                                                      
------------------------------------------------------------------------------------------------------------------------------------------------------
 Limit  (cost=30404.29..30412.67 rows=1 width=90)
   ->  GroupAggregate  (cost=30404.29..534264.10 rows=60150 width=90)
         Group Key: nation.n_name, (EXTRACT(year FROM orders.o_orderdate))
         ->  Incremental Sort  (cost=30404.29..531243.19 rows=121066 width=81)
               Sort Key: nation.n_name, (EXTRACT(year FROM orders.o_orderdate)) DESC
               Presorted Key: nation.n_name
               ->  Nested Loop  (cost=9599.08..522319.18 rows=121066 width=81)
                     ->  Nested Loop  (cost=9598.65..32091.92 rows=121066 width=53)
                           Join Filter: ((supplier.s_suppkey = lineitem.l_suppkey) AND (partsupp.ps_partkey = lineitem.l_partkey))
                           ->  Gather Merge  (cost=9598.21..11510.04 rows=16160 width=48)
                                 Workers Planned: 3
                                 ->  Sort  (cost=8598.17..8611.20 rows=5213 width=48)
                                       Sort Key: nation.n_name
                                       ->  Hash Join  (cost=450.41..8276.32 rows=5213 width=48)
                                             Hash Cond: (supplier.s_nationkey = nation.n_nationkey)
                                             ->  Hash Join  (cost=448.85..8258.75 rows=5213 width=26)
                                                   Hash Cond: (partsupp.ps_suppkey = supplier.s_suppkey)
                                                   ->  Nested Loop  (cost=0.84..7797.05 rows=5213 width=18)
                                                         ->  Parallel Index Only Scan using q20_idx_2 on part  (cost=0.42..4744.87 rows=1303 width=4)
                                                               Filter: ((p_name)::text ~~ '%navy%'::text)
                                                         ->  Index Only Scan using q2_idx_2 on partsupp  (cost=0.42..2.30 rows=4 width=14)
                                                               Index Cond: (ps_partkey = part.p_partkey)
                                                   ->  Hash  (cost=323.00..323.00 rows=10000 width=8)
                                                         ->  Seq Scan on supplier  (cost=0.00..323.00 rows=10000 width=8)
                                             ->  Hash  (cost=1.25..1.25 rows=25 width=30)
                                                   ->  Seq Scan on nation  (cost=0.00..1.25 rows=25 width=30)
                           ->  Memoize  (cost=0.44..2.88 rows=31 width=29)
                                 Cache Key: part.p_partkey
                                 Cache Mode: logical
                                 ->  Index Only Scan using q9_idx_1 on lineitem  (cost=0.43..2.87 rows=31 width=29)
                                       Index Cond: (l_partkey = part.p_partkey)
                     ->  Index Scan using q21_idx_3 on orders  (cost=0.43..4.05 rows=1 width=8)
                           Index Cond: (o_orderkey = lineitem.l_orderkey)
(33 rows)

query 10 run 1
SET
SET
SET
                                                                 QUERY PLAN                                                                 
--------------------------------------------------------------------------------------------------------------------------------------------
 Limit  (cost=82566.49..82566.54 rows=20 width=202)
   ->  Sort  (cost=82566.49..82705.89 rows=55758 width=202)
         Sort Key: (sum((lineitem.l_extendedprice * ('1'::numeric - lineitem.l_discount)))) DESC
         ->  HashAggregate  (cost=80385.81..81082.79 rows=55758 width=202)
               Group Key: customer.c_custkey, nation.n_name
               ->  Gather  (cost=6676.94..79688.84 rows=55758 width=182)
                     Workers Planned: 3
                     ->  Nested Loop  (cost=5676.94..73113.04 rows=17986 width=182)
                           ->  Hash Join  (cost=5676.50..32179.56 rows=17978 width=174)
                                 Hash Cond: (customer.c_nationkey = nation.n_nationkey)
                                 ->  Parallel Hash Join  (cost=5674.94..32122.81 rows=17978 width=152)
                                       Hash Cond: (orders.o_custkey = customer.c_custkey)
                                       ->  Parallel Bitmap Heap Scan on orders  (cost=671.69..27072.37 rows=17978 width=8)
                                             Recheck Cond: ((o_orderdate >= '1994-08-01'::date) AND (o_orderdate < '1994-11-01'::date))
                                             ->  Bitmap Index Scan on idx_orders_orderdate  (cost=0.00..657.76 rows=55733 width=0)
                                                   Index Cond: ((o_orderdate >= '1994-08-01'::date) AND (o_orderdate < '1994-11-01'::date))
                                       ->  Parallel Hash  (cost=4222.00..4222.00 rows=62500 width=148)
                                             ->  Parallel Seq Scan on customer  (cost=0.00..4222.00 rows=62500 width=148)
                                 ->  Hash  (cost=1.25..1.25 rows=25 width=30)
                                       ->  Seq Scan on nation  (cost=0.00..1.25 rows=25 width=30)
                           ->  Index Only Scan using q10_idx_2 on lineitem  (cost=0.43..2.27 rows=1 width=16)
                                 Index Cond: ((l_orderkey = orders.o_orderkey) AND (l_returnflag = 'R'::bpchar))
(22 rows)

query 10 run 2
SET
SET
SET
                                                                 QUERY PLAN                                                                 
--------------------------------------------------------------------------------------------------------------------------------------------
 Limit  (cost=82566.49..82566.54 rows=20 width=202)
   ->  Sort  (cost=82566.49..82705.89 rows=55758 width=202)
         Sort Key: (sum((lineitem.l_extendedprice * ('1'::numeric - lineitem.l_discount)))) DESC
         ->  HashAggregate  (cost=80385.81..81082.79 rows=55758 width=202)
               Group Key: customer.c_custkey, nation.n_name
               ->  Gather  (cost=6676.94..79688.84 rows=55758 width=182)
                     Workers Planned: 3
                     ->  Nested Loop  (cost=5676.94..73113.04 rows=17986 width=182)
                           ->  Hash Join  (cost=5676.50..32179.56 rows=17978 width=174)
                                 Hash Cond: (customer.c_nationkey = nation.n_nationkey)
                                 ->  Parallel Hash Join  (cost=5674.94..32122.81 rows=17978 width=152)
                                       Hash Cond: (orders.o_custkey = customer.c_custkey)
                                       ->  Parallel Bitmap Heap Scan on orders  (cost=671.69..27072.37 rows=17978 width=8)
                                             Recheck Cond: ((o_orderdate >= '1994-08-01'::date) AND (o_orderdate < '1994-11-01'::date))
                                             ->  Bitmap Index Scan on idx_orders_orderdate  (cost=0.00..657.76 rows=55733 width=0)
                                                   Index Cond: ((o_orderdate >= '1994-08-01'::date) AND (o_orderdate < '1994-11-01'::date))
                                       ->  Parallel Hash  (cost=4222.00..4222.00 rows=62500 width=148)
                                             ->  Parallel Seq Scan on customer  (cost=0.00..4222.00 rows=62500 width=148)
                                 ->  Hash  (cost=1.25..1.25 rows=25 width=30)
                                       ->  Seq Scan on nation  (cost=0.00..1.25 rows=25 width=30)
                           ->  Index Only Scan using q10_idx_2 on lineitem  (cost=0.43..2.27 rows=1 width=16)
                                 Index Cond: ((l_orderkey = orders.o_orderkey) AND (l_returnflag = 'R'::bpchar))
(22 rows)

query 10 run 3
SET
SET
SET
                                                                 QUERY PLAN                                                                 
--------------------------------------------------------------------------------------------------------------------------------------------
 Limit  (cost=82566.49..82566.54 rows=20 width=202)
   ->  Sort  (cost=82566.49..82705.89 rows=55758 width=202)
         Sort Key: (sum((lineitem.l_extendedprice * ('1'::numeric - lineitem.l_discount)))) DESC
         ->  HashAggregate  (cost=80385.81..81082.79 rows=55758 width=202)
               Group Key: customer.c_custkey, nation.n_name
               ->  Gather  (cost=6676.94..79688.84 rows=55758 width=182)
                     Workers Planned: 3
                     ->  Nested Loop  (cost=5676.94..73113.04 rows=17986 width=182)
                           ->  Hash Join  (cost=5676.50..32179.56 rows=17978 width=174)
                                 Hash Cond: (customer.c_nationkey = nation.n_nationkey)
                                 ->  Parallel Hash Join  (cost=5674.94..32122.81 rows=17978 width=152)
                                       Hash Cond: (orders.o_custkey = customer.c_custkey)
                                       ->  Parallel Bitmap Heap Scan on orders  (cost=671.69..27072.37 rows=17978 width=8)
                                             Recheck Cond: ((o_orderdate >= '1994-08-01'::date) AND (o_orderdate < '1994-11-01'::date))
                                             ->  Bitmap Index Scan on idx_orders_orderdate  (cost=0.00..657.76 rows=55733 width=0)
                                                   Index Cond: ((o_orderdate >= '1994-08-01'::date) AND (o_orderdate < '1994-11-01'::date))
                                       ->  Parallel Hash  (cost=4222.00..4222.00 rows=62500 width=148)
                                             ->  Parallel Seq Scan on customer  (cost=0.00..4222.00 rows=62500 width=148)
                                 ->  Hash  (cost=1.25..1.25 rows=25 width=30)
                                       ->  Seq Scan on nation  (cost=0.00..1.25 rows=25 width=30)
                           ->  Index Only Scan using q10_idx_2 on lineitem  (cost=0.43..2.27 rows=1 width=16)
                                 Index Cond: ((l_orderkey = orders.o_orderkey) AND (l_returnflag = 'R'::bpchar))
(22 rows)

query 10 run 4
SET
SET
SET
                                                                 QUERY PLAN                                                                 
--------------------------------------------------------------------------------------------------------------------------------------------
 Limit  (cost=82566.49..82566.54 rows=20 width=202)
   ->  Sort  (cost=82566.49..82705.89 rows=55758 width=202)
         Sort Key: (sum((lineitem.l_extendedprice * ('1'::numeric - lineitem.l_discount)))) DESC
         ->  HashAggregate  (cost=80385.81..81082.79 rows=55758 width=202)
               Group Key: customer.c_custkey, nation.n_name
               ->  Gather  (cost=6676.94..79688.84 rows=55758 width=182)
                     Workers Planned: 3
                     ->  Nested Loop  (cost=5676.94..73113.04 rows=17986 width=182)
                           ->  Hash Join  (cost=5676.50..32179.56 rows=17978 width=174)
                                 Hash Cond: (customer.c_nationkey = nation.n_nationkey)
                                 ->  Parallel Hash Join  (cost=5674.94..32122.81 rows=17978 width=152)
                                       Hash Cond: (orders.o_custkey = customer.c_custkey)
                                       ->  Parallel Bitmap Heap Scan on orders  (cost=671.69..27072.37 rows=17978 width=8)
                                             Recheck Cond: ((o_orderdate >= '1994-08-01'::date) AND (o_orderdate < '1994-11-01'::date))
                                             ->  Bitmap Index Scan on idx_orders_orderdate  (cost=0.00..657.76 rows=55733 width=0)
                                                   Index Cond: ((o_orderdate >= '1994-08-01'::date) AND (o_orderdate < '1994-11-01'::date))
                                       ->  Parallel Hash  (cost=4222.00..4222.00 rows=62500 width=148)
                                             ->  Parallel Seq Scan on customer  (cost=0.00..4222.00 rows=62500 width=148)
                                 ->  Hash  (cost=1.25..1.25 rows=25 width=30)
                                       ->  Seq Scan on nation  (cost=0.00..1.25 rows=25 width=30)
                           ->  Index Only Scan using q10_idx_2 on lineitem  (cost=0.43..2.27 rows=1 width=16)
                                 Index Cond: ((l_orderkey = orders.o_orderkey) AND (l_returnflag = 'R'::bpchar))
(22 rows)

query 10 run 5
SET
SET
SET
                                                                 QUERY PLAN                                                                 
--------------------------------------------------------------------------------------------------------------------------------------------
 Limit  (cost=82566.49..82566.54 rows=20 width=202)
   ->  Sort  (cost=82566.49..82705.89 rows=55758 width=202)
         Sort Key: (sum((lineitem.l_extendedprice * ('1'::numeric - lineitem.l_discount)))) DESC
         ->  HashAggregate  (cost=80385.81..81082.79 rows=55758 width=202)
               Group Key: customer.c_custkey, nation.n_name
               ->  Gather  (cost=6676.94..79688.84 rows=55758 width=182)
                     Workers Planned: 3
                     ->  Nested Loop  (cost=5676.94..73113.04 rows=17986 width=182)
                           ->  Hash Join  (cost=5676.50..32179.56 rows=17978 width=174)
                                 Hash Cond: (customer.c_nationkey = nation.n_nationkey)
                                 ->  Parallel Hash Join  (cost=5674.94..32122.81 rows=17978 width=152)
                                       Hash Cond: (orders.o_custkey = customer.c_custkey)
                                       ->  Parallel Bitmap Heap Scan on orders  (cost=671.69..27072.37 rows=17978 width=8)
                                             Recheck Cond: ((o_orderdate >= '1994-08-01'::date) AND (o_orderdate < '1994-11-01'::date))
                                             ->  Bitmap Index Scan on idx_orders_orderdate  (cost=0.00..657.76 rows=55733 width=0)
                                                   Index Cond: ((o_orderdate >= '1994-08-01'::date) AND (o_orderdate < '1994-11-01'::date))
                                       ->  Parallel Hash  (cost=4222.00..4222.00 rows=62500 width=148)
                                             ->  Parallel Seq Scan on customer  (cost=0.00..4222.00 rows=62500 width=148)
                                 ->  Hash  (cost=1.25..1.25 rows=25 width=30)
                                       ->  Seq Scan on nation  (cost=0.00..1.25 rows=25 width=30)
                           ->  Index Only Scan using q10_idx_2 on lineitem  (cost=0.43..2.27 rows=1 width=16)
                                 Index Cond: ((l_orderkey = orders.o_orderkey) AND (l_returnflag = 'R'::bpchar))
(22 rows)

query 11 run 1
SET
SET
SET
                                                                 QUERY PLAN                                                                  
---------------------------------------------------------------------------------------------------------------------------------------------
 Limit  (cost=17533.73..17533.73 rows=1 width=36)
   InitPlan 1
     ->  Finalize Aggregate  (cost=7170.53..7170.54 rows=1 width=32)
           ->  Gather  (cost=7170.31..7170.52 rows=2 width=32)
                 Workers Planned: 1
                 ->  Partial Aggregate  (cost=6170.31..6170.32 rows=1 width=32)
                       ->  Nested Loop  (cost=0.71..6029.12 rows=18824 width=10)
                             ->  Nested Loop  (cost=0.29..578.65 rows=235 width=4)
                                   Join Filter: (supplier_1.s_nationkey = nation_1.n_nationkey)
                                   ->  Parallel Index Only Scan using q2_idx_3 on supplier supplier_1  (cost=0.29..489.11 rows=5882 width=8)
                                   ->  Materialize  (cost=0.00..1.32 rows=1 width=4)
                                         ->  Seq Scan on nation nation_1  (cost=0.00..1.31 rows=1 width=4)
                                               Filter: (n_name = 'SAUDI ARABIA'::bpchar)
                             ->  Index Scan using idx_partsupp_suppkey on partsupp partsupp_1  (cost=0.42..22.39 rows=80 width=14)
                                   Index Cond: (ps_suppkey = supplier_1.s_suppkey)
   ->  Sort  (cost=10363.19..10389.85 rows=10667 width=36)
         Sort Key: (sum((partsupp.ps_supplycost * (partsupp.ps_availqty)::numeric))) DESC
         ->  HashAggregate  (cost=9829.85..10309.85 rows=10667 width=36)
               Group Key: partsupp.ps_partkey
               Filter: (sum((partsupp.ps_supplycost * (partsupp.ps_availqty)::numeric)) > (InitPlan 1).col1)
               ->  Nested Loop  (cost=5.81..9509.85 rows=32000 width=14)
                     ->  Nested Loop  (cost=5.38..232.45 rows=400 width=4)
                           ->  Seq Scan on nation  (cost=0.00..1.31 rows=1 width=4)
                                 Filter: (n_name = 'SAUDI ARABIA'::bpchar)
                           ->  Bitmap Heap Scan on supplier  (cost=5.38..227.14 rows=400 width=8)
                                 Recheck Cond: (s_nationkey = nation.n_nationkey)
                                 ->  Bitmap Index Scan on idx_supplier_nation_key  (cost=0.00..5.29 rows=400 width=0)
                                       Index Cond: (s_nationkey = nation.n_nationkey)
                     ->  Index Scan using idx_partsupp_suppkey on partsupp  (cost=0.42..22.39 rows=80 width=18)
                           Index Cond: (ps_suppkey = supplier.s_suppkey)
(30 rows)

query 11 run 2
SET
SET
SET
                                                                 QUERY PLAN                                                                  
---------------------------------------------------------------------------------------------------------------------------------------------
 Limit  (cost=17533.73..17533.73 rows=1 width=36)
   InitPlan 1
     ->  Finalize Aggregate  (cost=7170.53..7170.54 rows=1 width=32)
           ->  Gather  (cost=7170.31..7170.52 rows=2 width=32)
                 Workers Planned: 1
                 ->  Partial Aggregate  (cost=6170.31..6170.32 rows=1 width=32)
                       ->  Nested Loop  (cost=0.71..6029.12 rows=18824 width=10)
                             ->  Nested Loop  (cost=0.29..578.65 rows=235 width=4)
                                   Join Filter: (supplier_1.s_nationkey = nation_1.n_nationkey)
                                   ->  Parallel Index Only Scan using q2_idx_3 on supplier supplier_1  (cost=0.29..489.11 rows=5882 width=8)
                                   ->  Materialize  (cost=0.00..1.32 rows=1 width=4)
                                         ->  Seq Scan on nation nation_1  (cost=0.00..1.31 rows=1 width=4)
                                               Filter: (n_name = 'SAUDI ARABIA'::bpchar)
                             ->  Index Scan using idx_partsupp_suppkey on partsupp partsupp_1  (cost=0.42..22.39 rows=80 width=14)
                                   Index Cond: (ps_suppkey = supplier_1.s_suppkey)
   ->  Sort  (cost=10363.19..10389.85 rows=10667 width=36)
         Sort Key: (sum((partsupp.ps_supplycost * (partsupp.ps_availqty)::numeric))) DESC
         ->  HashAggregate  (cost=9829.85..10309.85 rows=10667 width=36)
               Group Key: partsupp.ps_partkey
               Filter: (sum((partsupp.ps_supplycost * (partsupp.ps_availqty)::numeric)) > (InitPlan 1).col1)
               ->  Nested Loop  (cost=5.81..9509.85 rows=32000 width=14)
                     ->  Nested Loop  (cost=5.38..232.45 rows=400 width=4)
                           ->  Seq Scan on nation  (cost=0.00..1.31 rows=1 width=4)
                                 Filter: (n_name = 'SAUDI ARABIA'::bpchar)
                           ->  Bitmap Heap Scan on supplier  (cost=5.38..227.14 rows=400 width=8)
                                 Recheck Cond: (s_nationkey = nation.n_nationkey)
                                 ->  Bitmap Index Scan on idx_supplier_nation_key  (cost=0.00..5.29 rows=400 width=0)
                                       Index Cond: (s_nationkey = nation.n_nationkey)
                     ->  Index Scan using idx_partsupp_suppkey on partsupp  (cost=0.42..22.39 rows=80 width=18)
                           Index Cond: (ps_suppkey = supplier.s_suppkey)
(30 rows)

query 11 run 3
SET
SET
SET
                                                                 QUERY PLAN                                                                  
---------------------------------------------------------------------------------------------------------------------------------------------
 Limit  (cost=17533.73..17533.73 rows=1 width=36)
   InitPlan 1
     ->  Finalize Aggregate  (cost=7170.53..7170.54 rows=1 width=32)
           ->  Gather  (cost=7170.31..7170.52 rows=2 width=32)
                 Workers Planned: 1
                 ->  Partial Aggregate  (cost=6170.31..6170.32 rows=1 width=32)
                       ->  Nested Loop  (cost=0.71..6029.12 rows=18824 width=10)
                             ->  Nested Loop  (cost=0.29..578.65 rows=235 width=4)
                                   Join Filter: (supplier_1.s_nationkey = nation_1.n_nationkey)
                                   ->  Parallel Index Only Scan using q2_idx_3 on supplier supplier_1  (cost=0.29..489.11 rows=5882 width=8)
                                   ->  Materialize  (cost=0.00..1.32 rows=1 width=4)
                                         ->  Seq Scan on nation nation_1  (cost=0.00..1.31 rows=1 width=4)
                                               Filter: (n_name = 'SAUDI ARABIA'::bpchar)
                             ->  Index Scan using idx_partsupp_suppkey on partsupp partsupp_1  (cost=0.42..22.39 rows=80 width=14)
                                   Index Cond: (ps_suppkey = supplier_1.s_suppkey)
   ->  Sort  (cost=10363.19..10389.85 rows=10667 width=36)
         Sort Key: (sum((partsupp.ps_supplycost * (partsupp.ps_availqty)::numeric))) DESC
         ->  HashAggregate  (cost=9829.85..10309.85 rows=10667 width=36)
               Group Key: partsupp.ps_partkey
               Filter: (sum((partsupp.ps_supplycost * (partsupp.ps_availqty)::numeric)) > (InitPlan 1).col1)
               ->  Nested Loop  (cost=5.81..9509.85 rows=32000 width=14)
                     ->  Nested Loop  (cost=5.38..232.45 rows=400 width=4)
                           ->  Seq Scan on nation  (cost=0.00..1.31 rows=1 width=4)
                                 Filter: (n_name = 'SAUDI ARABIA'::bpchar)
                           ->  Bitmap Heap Scan on supplier  (cost=5.38..227.14 rows=400 width=8)
                                 Recheck Cond: (s_nationkey = nation.n_nationkey)
                                 ->  Bitmap Index Scan on idx_supplier_nation_key  (cost=0.00..5.29 rows=400 width=0)
                                       Index Cond: (s_nationkey = nation.n_nationkey)
                     ->  Index Scan using idx_partsupp_suppkey on partsupp  (cost=0.42..22.39 rows=80 width=18)
                           Index Cond: (ps_suppkey = supplier.s_suppkey)
(30 rows)

query 11 run 4
SET
SET
SET
                                                                 QUERY PLAN                                                                  
---------------------------------------------------------------------------------------------------------------------------------------------
 Limit  (cost=17533.73..17533.73 rows=1 width=36)
   InitPlan 1
     ->  Finalize Aggregate  (cost=7170.53..7170.54 rows=1 width=32)
           ->  Gather  (cost=7170.31..7170.52 rows=2 width=32)
                 Workers Planned: 1
                 ->  Partial Aggregate  (cost=6170.31..6170.32 rows=1 width=32)
                       ->  Nested Loop  (cost=0.71..6029.12 rows=18824 width=10)
                             ->  Nested Loop  (cost=0.29..578.65 rows=235 width=4)
                                   Join Filter: (supplier_1.s_nationkey = nation_1.n_nationkey)
                                   ->  Parallel Index Only Scan using q2_idx_3 on supplier supplier_1  (cost=0.29..489.11 rows=5882 width=8)
                                   ->  Materialize  (cost=0.00..1.32 rows=1 width=4)
                                         ->  Seq Scan on nation nation_1  (cost=0.00..1.31 rows=1 width=4)
                                               Filter: (n_name = 'SAUDI ARABIA'::bpchar)
                             ->  Index Scan using idx_partsupp_suppkey on partsupp partsupp_1  (cost=0.42..22.39 rows=80 width=14)
                                   Index Cond: (ps_suppkey = supplier_1.s_suppkey)
   ->  Sort  (cost=10363.19..10389.85 rows=10667 width=36)
         Sort Key: (sum((partsupp.ps_supplycost * (partsupp.ps_availqty)::numeric))) DESC
         ->  HashAggregate  (cost=9829.85..10309.85 rows=10667 width=36)
               Group Key: partsupp.ps_partkey
               Filter: (sum((partsupp.ps_supplycost * (partsupp.ps_availqty)::numeric)) > (InitPlan 1).col1)
               ->  Nested Loop  (cost=5.81..9509.85 rows=32000 width=14)
                     ->  Nested Loop  (cost=5.38..232.45 rows=400 width=4)
                           ->  Seq Scan on nation  (cost=0.00..1.31 rows=1 width=4)
                                 Filter: (n_name = 'SAUDI ARABIA'::bpchar)
                           ->  Bitmap Heap Scan on supplier  (cost=5.38..227.14 rows=400 width=8)
                                 Recheck Cond: (s_nationkey = nation.n_nationkey)
                                 ->  Bitmap Index Scan on idx_supplier_nation_key  (cost=0.00..5.29 rows=400 width=0)
                                       Index Cond: (s_nationkey = nation.n_nationkey)
                     ->  Index Scan using idx_partsupp_suppkey on partsupp  (cost=0.42..22.39 rows=80 width=18)
                           Index Cond: (ps_suppkey = supplier.s_suppkey)
(30 rows)

query 11 run 5
SET
SET
SET
                                                                 QUERY PLAN                                                                  
---------------------------------------------------------------------------------------------------------------------------------------------
 Limit  (cost=17533.73..17533.73 rows=1 width=36)
   InitPlan 1
     ->  Finalize Aggregate  (cost=7170.53..7170.54 rows=1 width=32)
           ->  Gather  (cost=7170.31..7170.52 rows=2 width=32)
                 Workers Planned: 1
                 ->  Partial Aggregate  (cost=6170.31..6170.32 rows=1 width=32)
                       ->  Nested Loop  (cost=0.71..6029.12 rows=18824 width=10)
                             ->  Nested Loop  (cost=0.29..578.65 rows=235 width=4)
                                   Join Filter: (supplier_1.s_nationkey = nation_1.n_nationkey)
                                   ->  Parallel Index Only Scan using q2_idx_3 on supplier supplier_1  (cost=0.29..489.11 rows=5882 width=8)
                                   ->  Materialize  (cost=0.00..1.32 rows=1 width=4)
                                         ->  Seq Scan on nation nation_1  (cost=0.00..1.31 rows=1 width=4)
                                               Filter: (n_name = 'SAUDI ARABIA'::bpchar)
                             ->  Index Scan using idx_partsupp_suppkey on partsupp partsupp_1  (cost=0.42..22.39 rows=80 width=14)
                                   Index Cond: (ps_suppkey = supplier_1.s_suppkey)
   ->  Sort  (cost=10363.19..10389.85 rows=10667 width=36)
         Sort Key: (sum((partsupp.ps_supplycost * (partsupp.ps_availqty)::numeric))) DESC
         ->  HashAggregate  (cost=9829.85..10309.85 rows=10667 width=36)
               Group Key: partsupp.ps_partkey
               Filter: (sum((partsupp.ps_supplycost * (partsupp.ps_availqty)::numeric)) > (InitPlan 1).col1)
               ->  Nested Loop  (cost=5.81..9509.85 rows=32000 width=14)
                     ->  Nested Loop  (cost=5.38..232.45 rows=400 width=4)
                           ->  Seq Scan on nation  (cost=0.00..1.31 rows=1 width=4)
                                 Filter: (n_name = 'SAUDI ARABIA'::bpchar)
                           ->  Bitmap Heap Scan on supplier  (cost=5.38..227.14 rows=400 width=8)
                                 Recheck Cond: (s_nationkey = nation.n_nationkey)
                                 ->  Bitmap Index Scan on idx_supplier_nation_key  (cost=0.00..5.29 rows=400 width=0)
                                       Index Cond: (s_nationkey = nation.n_nationkey)
                     ->  Index Scan using idx_partsupp_suppkey on partsupp  (cost=0.42..22.39 rows=80 width=18)
                           Index Cond: (ps_suppkey = supplier.s_suppkey)
(30 rows)

query 12 run 1
SET
SET
SET
                                                                                     QUERY PLAN                                                                                     
------------------------------------------------------------------------------------------------------------------------------------------------------------------------------------
 Limit  (cost=16558.26..34079.68 rows=1 width=27)
   ->  GroupAggregate  (cost=16558.26..139208.24 rows=7 width=27)
         Group Key: lineitem.l_shipmode
         ->  Nested Loop  (cost=16558.26..138689.39 rows=29645 width=27)
               ->  Gather Merge  (cost=16557.83..20107.36 rows=29645 width=15)
                     Workers Planned: 4
                     ->  Sort  (cost=15557.77..15576.30 rows=7411 width=15)
                           Sort Key: lineitem.l_shipmode
                           ->  Parallel Index Only Scan using q12_idx_1 on lineitem  (cost=0.42..15081.41 rows=7411 width=15)
                                 Index Cond: ((l_shipmode = ANY ('{SHIP,"REG AIR"}'::bpchar[])) AND (l_receiptdate >= '1994-01-01'::date) AND (l_receiptdate < '1995-01-01'::date))
               ->  Index Scan using q21_idx_3 on orders  (cost=0.43..4.00 rows=1 width=20)
                     Index Cond: (o_orderkey = lineitem.l_orderkey)
(12 rows)

query 12 run 2
SET
SET
SET
                                                                                     QUERY PLAN                                                                                     
------------------------------------------------------------------------------------------------------------------------------------------------------------------------------------
 Limit  (cost=16558.26..34079.68 rows=1 width=27)
   ->  GroupAggregate  (cost=16558.26..139208.24 rows=7 width=27)
         Group Key: lineitem.l_shipmode
         ->  Nested Loop  (cost=16558.26..138689.39 rows=29645 width=27)
               ->  Gather Merge  (cost=16557.83..20107.36 rows=29645 width=15)
                     Workers Planned: 4
                     ->  Sort  (cost=15557.77..15576.30 rows=7411 width=15)
                           Sort Key: lineitem.l_shipmode
                           ->  Parallel Index Only Scan using q12_idx_1 on lineitem  (cost=0.42..15081.41 rows=7411 width=15)
                                 Index Cond: ((l_shipmode = ANY ('{SHIP,"REG AIR"}'::bpchar[])) AND (l_receiptdate >= '1994-01-01'::date) AND (l_receiptdate < '1995-01-01'::date))
               ->  Index Scan using q21_idx_3 on orders  (cost=0.43..4.00 rows=1 width=20)
                     Index Cond: (o_orderkey = lineitem.l_orderkey)
(12 rows)

query 12 run 3
SET
SET
SET
                                                                                     QUERY PLAN                                                                                     
------------------------------------------------------------------------------------------------------------------------------------------------------------------------------------
 Limit  (cost=16558.26..34079.68 rows=1 width=27)
   ->  GroupAggregate  (cost=16558.26..139208.24 rows=7 width=27)
         Group Key: lineitem.l_shipmode
         ->  Nested Loop  (cost=16558.26..138689.39 rows=29645 width=27)
               ->  Gather Merge  (cost=16557.83..20107.36 rows=29645 width=15)
                     Workers Planned: 4
                     ->  Sort  (cost=15557.77..15576.30 rows=7411 width=15)
                           Sort Key: lineitem.l_shipmode
                           ->  Parallel Index Only Scan using q12_idx_1 on lineitem  (cost=0.42..15081.41 rows=7411 width=15)
                                 Index Cond: ((l_shipmode = ANY ('{SHIP,"REG AIR"}'::bpchar[])) AND (l_receiptdate >= '1994-01-01'::date) AND (l_receiptdate < '1995-01-01'::date))
               ->  Index Scan using q21_idx_3 on orders  (cost=0.43..4.00 rows=1 width=20)
                     Index Cond: (o_orderkey = lineitem.l_orderkey)
(12 rows)

query 12 run 4
SET
SET
SET
                                                                                     QUERY PLAN                                                                                     
------------------------------------------------------------------------------------------------------------------------------------------------------------------------------------
 Limit  (cost=16558.26..34079.68 rows=1 width=27)
   ->  GroupAggregate  (cost=16558.26..139208.24 rows=7 width=27)
         Group Key: lineitem.l_shipmode
         ->  Nested Loop  (cost=16558.26..138689.39 rows=29645 width=27)
               ->  Gather Merge  (cost=16557.83..20107.36 rows=29645 width=15)
                     Workers Planned: 4
                     ->  Sort  (cost=15557.77..15576.30 rows=7411 width=15)
                           Sort Key: lineitem.l_shipmode
                           ->  Parallel Index Only Scan using q12_idx_1 on lineitem  (cost=0.42..15081.41 rows=7411 width=15)
                                 Index Cond: ((l_shipmode = ANY ('{SHIP,"REG AIR"}'::bpchar[])) AND (l_receiptdate >= '1994-01-01'::date) AND (l_receiptdate < '1995-01-01'::date))
               ->  Index Scan using q21_idx_3 on orders  (cost=0.43..4.00 rows=1 width=20)
                     Index Cond: (o_orderkey = lineitem.l_orderkey)
(12 rows)

query 12 run 5
SET
SET
SET
                                                                                     QUERY PLAN                                                                                     
------------------------------------------------------------------------------------------------------------------------------------------------------------------------------------
 Limit  (cost=16558.26..34079.68 rows=1 width=27)
   ->  GroupAggregate  (cost=16558.26..139208.24 rows=7 width=27)
         Group Key: lineitem.l_shipmode
         ->  Nested Loop  (cost=16558.26..138689.39 rows=29645 width=27)
               ->  Gather Merge  (cost=16557.83..20107.36 rows=29645 width=15)
                     Workers Planned: 4
                     ->  Sort  (cost=15557.77..15576.30 rows=7411 width=15)
                           Sort Key: lineitem.l_shipmode
                           ->  Parallel Index Only Scan using q12_idx_1 on lineitem  (cost=0.42..15081.41 rows=7411 width=15)
                                 Index Cond: ((l_shipmode = ANY ('{SHIP,"REG AIR"}'::bpchar[])) AND (l_receiptdate >= '1994-01-01'::date) AND (l_receiptdate < '1995-01-01'::date))
               ->  Index Scan using q21_idx_3 on orders  (cost=0.43..4.00 rows=1 width=20)
                     Index Cond: (o_orderkey = lineitem.l_orderkey)
(12 rows)

query 13 run 1
SET
SET
SET
                                                          QUERY PLAN                                                           
-------------------------------------------------------------------------------------------------------------------------------
 Limit  (cost=64678.44..64678.44 rows=1 width=16)
   ->  Sort  (cost=64678.44..64678.94 rows=200 width=16)
         Sort Key: (count(*)) DESC, (count(orders.o_orderkey)) DESC
         ->  HashAggregate  (cost=64675.44..64677.44 rows=200 width=16)
               Group Key: count(orders.o_orderkey)
               ->  HashAggregate  (cost=60925.44..62425.44 rows=150000 width=12)
                     Group Key: customer.c_custkey
                     ->  Hash Right Join  (cost=4953.42..53652.71 rows=1454545 width=8)
                           Hash Cond: (orders.o_custkey = customer.c_custkey)
                           ->  Seq Scan on orders  (cost=0.00..44881.00 rows=1454545 width=8)
                                 Filter: ((o_comment)::text !~~ '%special%requests%'::text)
                           ->  Hash  (cost=3078.42..3078.42 rows=150000 width=4)
                                 ->  Index Only Scan using customer_pkey on customer  (cost=0.42..3078.42 rows=150000 width=4)
(13 rows)

query 13 run 2
SET
SET
SET
                                                          QUERY PLAN                                                           
-------------------------------------------------------------------------------------------------------------------------------
 Limit  (cost=64678.44..64678.44 rows=1 width=16)
   ->  Sort  (cost=64678.44..64678.94 rows=200 width=16)
         Sort Key: (count(*)) DESC, (count(orders.o_orderkey)) DESC
         ->  HashAggregate  (cost=64675.44..64677.44 rows=200 width=16)
               Group Key: count(orders.o_orderkey)
               ->  HashAggregate  (cost=60925.44..62425.44 rows=150000 width=12)
                     Group Key: customer.c_custkey
                     ->  Hash Right Join  (cost=4953.42..53652.71 rows=1454545 width=8)
                           Hash Cond: (orders.o_custkey = customer.c_custkey)
                           ->  Seq Scan on orders  (cost=0.00..44881.00 rows=1454545 width=8)
                                 Filter: ((o_comment)::text !~~ '%special%requests%'::text)
                           ->  Hash  (cost=3078.42..3078.42 rows=150000 width=4)
                                 ->  Index Only Scan using customer_pkey on customer  (cost=0.42..3078.42 rows=150000 width=4)
(13 rows)

query 13 run 3
SET
SET
SET
                                                          QUERY PLAN                                                           
-------------------------------------------------------------------------------------------------------------------------------
 Limit  (cost=64678.44..64678.44 rows=1 width=16)
   ->  Sort  (cost=64678.44..64678.94 rows=200 width=16)
         Sort Key: (count(*)) DESC, (count(orders.o_orderkey)) DESC
         ->  HashAggregate  (cost=64675.44..64677.44 rows=200 width=16)
               Group Key: count(orders.o_orderkey)
               ->  HashAggregate  (cost=60925.44..62425.44 rows=150000 width=12)
                     Group Key: customer.c_custkey
                     ->  Hash Right Join  (cost=4953.42..53652.71 rows=1454545 width=8)
                           Hash Cond: (orders.o_custkey = customer.c_custkey)
                           ->  Seq Scan on orders  (cost=0.00..44881.00 rows=1454545 width=8)
                                 Filter: ((o_comment)::text !~~ '%special%requests%'::text)
                           ->  Hash  (cost=3078.42..3078.42 rows=150000 width=4)
                                 ->  Index Only Scan using customer_pkey on customer  (cost=0.42..3078.42 rows=150000 width=4)
(13 rows)

query 13 run 4
SET
SET
SET
                                                          QUERY PLAN                                                           
-------------------------------------------------------------------------------------------------------------------------------
 Limit  (cost=64678.44..64678.44 rows=1 width=16)
   ->  Sort  (cost=64678.44..64678.94 rows=200 width=16)
         Sort Key: (count(*)) DESC, (count(orders.o_orderkey)) DESC
         ->  HashAggregate  (cost=64675.44..64677.44 rows=200 width=16)
               Group Key: count(orders.o_orderkey)
               ->  HashAggregate  (cost=60925.44..62425.44 rows=150000 width=12)
                     Group Key: customer.c_custkey
                     ->  Hash Right Join  (cost=4953.42..53652.71 rows=1454545 width=8)
                           Hash Cond: (orders.o_custkey = customer.c_custkey)
                           ->  Seq Scan on orders  (cost=0.00..44881.00 rows=1454545 width=8)
                                 Filter: ((o_comment)::text !~~ '%special%requests%'::text)
                           ->  Hash  (cost=3078.42..3078.42 rows=150000 width=4)
                                 ->  Index Only Scan using customer_pkey on customer  (cost=0.42..3078.42 rows=150000 width=4)
(13 rows)

query 13 run 5
SET
SET
SET
                                                          QUERY PLAN                                                           
-------------------------------------------------------------------------------------------------------------------------------
 Limit  (cost=64678.44..64678.44 rows=1 width=16)
   ->  Sort  (cost=64678.44..64678.94 rows=200 width=16)
         Sort Key: (count(*)) DESC, (count(orders.o_orderkey)) DESC
         ->  HashAggregate  (cost=64675.44..64677.44 rows=200 width=16)
               Group Key: count(orders.o_orderkey)
               ->  HashAggregate  (cost=60925.44..62425.44 rows=150000 width=12)
                     Group Key: customer.c_custkey
                     ->  Hash Right Join  (cost=4953.42..53652.71 rows=1454545 width=8)
                           Hash Cond: (orders.o_custkey = customer.c_custkey)
                           ->  Seq Scan on orders  (cost=0.00..44881.00 rows=1454545 width=8)
                                 Filter: ((o_comment)::text !~~ '%special%requests%'::text)
                           ->  Hash  (cost=3078.42..3078.42 rows=150000 width=4)
                                 ->  Index Only Scan using customer_pkey on customer  (cost=0.42..3078.42 rows=150000 width=4)
(13 rows)

query 14 run 1
SET
SET
SET
                                                          QUERY PLAN                                                          
------------------------------------------------------------------------------------------------------------------------------
 Limit  (cost=81079.02..81079.03 rows=1 width=32)
   ->  Finalize Aggregate  (cost=81079.02..81079.03 rows=1 width=32)
         ->  Gather  (cost=81078.56..81078.97 rows=4 width=64)
               Workers Planned: 4
               ->  Partial Aggregate  (cost=80078.56..80078.57 rows=1 width=64)
                     ->  Parallel Hash Join  (cost=7301.34..79755.49 rows=18461 width=33)
                           Hash Cond: (lineitem.l_partkey = part.p_partkey)
                           ->  Parallel Bitmap Heap Scan on lineitem  (cost=1327.34..73733.03 rows=18461 width=16)
                                 Recheck Cond: ((l_shipdate >= '1994-05-01'::date) AND (l_shipdate < '1994-06-01'::date))
                                 ->  Bitmap Index Scan on idx_lineitem_shipdate  (cost=0.00..1308.88 rows=73845 width=0)
                                       Index Cond: ((l_shipdate >= '1994-05-01'::date) AND (l_shipdate < '1994-06-01'::date))
                           ->  Parallel Hash  (cost=4932.33..4932.33 rows=83333 width=25)
                                 ->  Parallel Seq Scan on part  (cost=0.00..4932.33 rows=83333 width=25)
(13 rows)

query 14 run 2
SET
SET
SET
                                                          QUERY PLAN                                                          
------------------------------------------------------------------------------------------------------------------------------
 Limit  (cost=81079.02..81079.03 rows=1 width=32)
   ->  Finalize Aggregate  (cost=81079.02..81079.03 rows=1 width=32)
         ->  Gather  (cost=81078.56..81078.97 rows=4 width=64)
               Workers Planned: 4
               ->  Partial Aggregate  (cost=80078.56..80078.57 rows=1 width=64)
                     ->  Parallel Hash Join  (cost=7301.34..79755.49 rows=18461 width=33)
                           Hash Cond: (lineitem.l_partkey = part.p_partkey)
                           ->  Parallel Bitmap Heap Scan on lineitem  (cost=1327.34..73733.03 rows=18461 width=16)
                                 Recheck Cond: ((l_shipdate >= '1994-05-01'::date) AND (l_shipdate < '1994-06-01'::date))
                                 ->  Bitmap Index Scan on idx_lineitem_shipdate  (cost=0.00..1308.88 rows=73845 width=0)
                                       Index Cond: ((l_shipdate >= '1994-05-01'::date) AND (l_shipdate < '1994-06-01'::date))
                           ->  Parallel Hash  (cost=4932.33..4932.33 rows=83333 width=25)
                                 ->  Parallel Seq Scan on part  (cost=0.00..4932.33 rows=83333 width=25)
(13 rows)

query 14 run 3
SET
SET
SET
                                                          QUERY PLAN                                                          
------------------------------------------------------------------------------------------------------------------------------
 Limit  (cost=81079.02..81079.03 rows=1 width=32)
   ->  Finalize Aggregate  (cost=81079.02..81079.03 rows=1 width=32)
         ->  Gather  (cost=81078.56..81078.97 rows=4 width=64)
               Workers Planned: 4
               ->  Partial Aggregate  (cost=80078.56..80078.57 rows=1 width=64)
                     ->  Parallel Hash Join  (cost=7301.34..79755.49 rows=18461 width=33)
                           Hash Cond: (lineitem.l_partkey = part.p_partkey)
                           ->  Parallel Bitmap Heap Scan on lineitem  (cost=1327.34..73733.03 rows=18461 width=16)
                                 Recheck Cond: ((l_shipdate >= '1994-05-01'::date) AND (l_shipdate < '1994-06-01'::date))
                                 ->  Bitmap Index Scan on idx_lineitem_shipdate  (cost=0.00..1308.88 rows=73845 width=0)
                                       Index Cond: ((l_shipdate >= '1994-05-01'::date) AND (l_shipdate < '1994-06-01'::date))
                           ->  Parallel Hash  (cost=4932.33..4932.33 rows=83333 width=25)
                                 ->  Parallel Seq Scan on part  (cost=0.00..4932.33 rows=83333 width=25)
(13 rows)

query 14 run 4
SET
SET
SET
                                                          QUERY PLAN                                                          
------------------------------------------------------------------------------------------------------------------------------
 Limit  (cost=81079.02..81079.03 rows=1 width=32)
   ->  Finalize Aggregate  (cost=81079.02..81079.03 rows=1 width=32)
         ->  Gather  (cost=81078.56..81078.97 rows=4 width=64)
               Workers Planned: 4
               ->  Partial Aggregate  (cost=80078.56..80078.57 rows=1 width=64)
                     ->  Parallel Hash Join  (cost=7301.34..79755.49 rows=18461 width=33)
                           Hash Cond: (lineitem.l_partkey = part.p_partkey)
                           ->  Parallel Bitmap Heap Scan on lineitem  (cost=1327.34..73733.03 rows=18461 width=16)
                                 Recheck Cond: ((l_shipdate >= '1994-05-01'::date) AND (l_shipdate < '1994-06-01'::date))
                                 ->  Bitmap Index Scan on idx_lineitem_shipdate  (cost=0.00..1308.88 rows=73845 width=0)
                                       Index Cond: ((l_shipdate >= '1994-05-01'::date) AND (l_shipdate < '1994-06-01'::date))
                           ->  Parallel Hash  (cost=4932.33..4932.33 rows=83333 width=25)
                                 ->  Parallel Seq Scan on part  (cost=0.00..4932.33 rows=83333 width=25)
(13 rows)

query 14 run 5
SET
SET
SET
                                                          QUERY PLAN                                                          
------------------------------------------------------------------------------------------------------------------------------
 Limit  (cost=81079.02..81079.03 rows=1 width=32)
   ->  Finalize Aggregate  (cost=81079.02..81079.03 rows=1 width=32)
         ->  Gather  (cost=81078.56..81078.97 rows=4 width=64)
               Workers Planned: 4
               ->  Partial Aggregate  (cost=80078.56..80078.57 rows=1 width=64)
                     ->  Parallel Hash Join  (cost=7301.34..79755.49 rows=18461 width=33)
                           Hash Cond: (lineitem.l_partkey = part.p_partkey)
                           ->  Parallel Bitmap Heap Scan on lineitem  (cost=1327.34..73733.03 rows=18461 width=16)
                                 Recheck Cond: ((l_shipdate >= '1994-05-01'::date) AND (l_shipdate < '1994-06-01'::date))
                                 ->  Bitmap Index Scan on idx_lineitem_shipdate  (cost=0.00..1308.88 rows=73845 width=0)
                                       Index Cond: ((l_shipdate >= '1994-05-01'::date) AND (l_shipdate < '1994-06-01'::date))
                           ->  Parallel Hash  (cost=4932.33..4932.33 rows=83333 width=25)
                                 ->  Parallel Seq Scan on part  (cost=0.00..4932.33 rows=83333 width=25)
(13 rows)

query 15 run 1
SET
SET
SET
CREATE VIEW
                                                             QUERY PLAN                                                             
------------------------------------------------------------------------------------------------------------------------------------
 Limit  (cost=239948.26..240056.41 rows=1 width=103)
   InitPlan 1
     ->  Aggregate  (cost=121246.73..121246.74 rows=1 width=32)
           ->  HashAggregate  (cost=120996.41..121121.57 rows=10013 width=36)
                 Group Key: lineitem_1.l_suppkey
                 ->  Bitmap Heap Scan on lineitem lineitem_1  (cost=3915.97..118817.35 rows=217906 width=16)
                       Recheck Cond: ((l_shipdate >= '1996-01-01'::date) AND (l_shipdate < '1996-04-01'::date))
                       ->  Bitmap Index Scan on idx_lineitem_shipdate  (cost=0.00..3861.49 rows=217906 width=0)
                             Index Cond: ((l_shipdate >= '1996-01-01'::date) AND (l_shipdate < '1996-04-01'::date))
   ->  Nested Loop  (cost=118701.51..124109.05 rows=50 width=103)
         ->  Finalize GroupAggregate  (cost=118701.23..123947.43 rows=50 width=36)
               Group Key: lineitem.l_suppkey
               Filter: (sum((lineitem.l_extendedprice * ('1'::numeric - lineitem.l_discount))) = (InitPlan 1).col1)
               ->  Gather Merge  (cost=118701.23..123496.84 rows=40052 width=36)
                     Workers Planned: 4
                     ->  Sort  (cost=117701.17..117726.20 rows=10013 width=36)
                           Sort Key: lineitem.l_suppkey
                           ->  Partial HashAggregate  (cost=116910.66..117035.83 rows=10013 width=36)
                                 Group Key: lineitem.l_suppkey
                                 ->  Parallel Bitmap Heap Scan on lineitem  (cost=3915.97..116365.90 rows=54476 width=16)
                                       Recheck Cond: ((l_shipdate >= '1996-01-01'::date) AND (l_shipdate < '1996-04-01'::date))
                                       ->  Bitmap Index Scan on idx_lineitem_shipdate  (cost=0.00..3861.49 rows=217906 width=0)
                                             Index Cond: ((l_shipdate >= '1996-01-01'::date) AND (l_shipdate < '1996-04-01'::date))
         ->  Index Scan using supplier_pkey on supplier  (cost=0.29..3.22 rows=1 width=71)
               Index Cond: (s_suppkey = lineitem.l_suppkey)
(25 rows)

DROP VIEW
query 15 run 2
SET
SET
SET
CREATE VIEW
                                                             QUERY PLAN                                                             
------------------------------------------------------------------------------------------------------------------------------------
 Limit  (cost=239948.26..240056.41 rows=1 width=103)
   InitPlan 1
     ->  Aggregate  (cost=121246.73..121246.74 rows=1 width=32)
           ->  HashAggregate  (cost=120996.41..121121.57 rows=10013 width=36)
                 Group Key: lineitem_1.l_suppkey
                 ->  Bitmap Heap Scan on lineitem lineitem_1  (cost=3915.97..118817.35 rows=217906 width=16)
                       Recheck Cond: ((l_shipdate >= '1996-01-01'::date) AND (l_shipdate < '1996-04-01'::date))
                       ->  Bitmap Index Scan on idx_lineitem_shipdate  (cost=0.00..3861.49 rows=217906 width=0)
                             Index Cond: ((l_shipdate >= '1996-01-01'::date) AND (l_shipdate < '1996-04-01'::date))
   ->  Nested Loop  (cost=118701.51..124109.05 rows=50 width=103)
         ->  Finalize GroupAggregate  (cost=118701.23..123947.43 rows=50 width=36)
               Group Key: lineitem.l_suppkey
               Filter: (sum((lineitem.l_extendedprice * ('1'::numeric - lineitem.l_discount))) = (InitPlan 1).col1)
               ->  Gather Merge  (cost=118701.23..123496.84 rows=40052 width=36)
                     Workers Planned: 4
                     ->  Sort  (cost=117701.17..117726.20 rows=10013 width=36)
                           Sort Key: lineitem.l_suppkey
                           ->  Partial HashAggregate  (cost=116910.66..117035.83 rows=10013 width=36)
                                 Group Key: lineitem.l_suppkey
                                 ->  Parallel Bitmap Heap Scan on lineitem  (cost=3915.97..116365.90 rows=54476 width=16)
                                       Recheck Cond: ((l_shipdate >= '1996-01-01'::date) AND (l_shipdate < '1996-04-01'::date))
                                       ->  Bitmap Index Scan on idx_lineitem_shipdate  (cost=0.00..3861.49 rows=217906 width=0)
                                             Index Cond: ((l_shipdate >= '1996-01-01'::date) AND (l_shipdate < '1996-04-01'::date))
         ->  Index Scan using supplier_pkey on supplier  (cost=0.29..3.22 rows=1 width=71)
               Index Cond: (s_suppkey = lineitem.l_suppkey)
(25 rows)

DROP VIEW
query 15 run 3
SET
SET
SET
CREATE VIEW
                                                             QUERY PLAN                                                             
------------------------------------------------------------------------------------------------------------------------------------
 Limit  (cost=239948.26..240056.41 rows=1 width=103)
   InitPlan 1
     ->  Aggregate  (cost=121246.73..121246.74 rows=1 width=32)
           ->  HashAggregate  (cost=120996.41..121121.57 rows=10013 width=36)
                 Group Key: lineitem_1.l_suppkey
                 ->  Bitmap Heap Scan on lineitem lineitem_1  (cost=3915.97..118817.35 rows=217906 width=16)
                       Recheck Cond: ((l_shipdate >= '1996-01-01'::date) AND (l_shipdate < '1996-04-01'::date))
                       ->  Bitmap Index Scan on idx_lineitem_shipdate  (cost=0.00..3861.49 rows=217906 width=0)
                             Index Cond: ((l_shipdate >= '1996-01-01'::date) AND (l_shipdate < '1996-04-01'::date))
   ->  Nested Loop  (cost=118701.51..124109.05 rows=50 width=103)
         ->  Finalize GroupAggregate  (cost=118701.23..123947.43 rows=50 width=36)
               Group Key: lineitem.l_suppkey
               Filter: (sum((lineitem.l_extendedprice * ('1'::numeric - lineitem.l_discount))) = (InitPlan 1).col1)
               ->  Gather Merge  (cost=118701.23..123496.84 rows=40052 width=36)
                     Workers Planned: 4
                     ->  Sort  (cost=117701.17..117726.20 rows=10013 width=36)
                           Sort Key: lineitem.l_suppkey
                           ->  Partial HashAggregate  (cost=116910.66..117035.83 rows=10013 width=36)
                                 Group Key: lineitem.l_suppkey
                                 ->  Parallel Bitmap Heap Scan on lineitem  (cost=3915.97..116365.90 rows=54476 width=16)
                                       Recheck Cond: ((l_shipdate >= '1996-01-01'::date) AND (l_shipdate < '1996-04-01'::date))
                                       ->  Bitmap Index Scan on idx_lineitem_shipdate  (cost=0.00..3861.49 rows=217906 width=0)
                                             Index Cond: ((l_shipdate >= '1996-01-01'::date) AND (l_shipdate < '1996-04-01'::date))
         ->  Index Scan using supplier_pkey on supplier  (cost=0.29..3.22 rows=1 width=71)
               Index Cond: (s_suppkey = lineitem.l_suppkey)
(25 rows)

DROP VIEW
query 15 run 4
SET
SET
SET
CREATE VIEW
                                                             QUERY PLAN                                                             
------------------------------------------------------------------------------------------------------------------------------------
 Limit  (cost=239948.26..240056.41 rows=1 width=103)
   InitPlan 1
     ->  Aggregate  (cost=121246.73..121246.74 rows=1 width=32)
           ->  HashAggregate  (cost=120996.41..121121.57 rows=10013 width=36)
                 Group Key: lineitem_1.l_suppkey
                 ->  Bitmap Heap Scan on lineitem lineitem_1  (cost=3915.97..118817.35 rows=217906 width=16)
                       Recheck Cond: ((l_shipdate >= '1996-01-01'::date) AND (l_shipdate < '1996-04-01'::date))
                       ->  Bitmap Index Scan on idx_lineitem_shipdate  (cost=0.00..3861.49 rows=217906 width=0)
                             Index Cond: ((l_shipdate >= '1996-01-01'::date) AND (l_shipdate < '1996-04-01'::date))
   ->  Nested Loop  (cost=118701.51..124109.05 rows=50 width=103)
         ->  Finalize GroupAggregate  (cost=118701.23..123947.43 rows=50 width=36)
               Group Key: lineitem.l_suppkey
               Filter: (sum((lineitem.l_extendedprice * ('1'::numeric - lineitem.l_discount))) = (InitPlan 1).col1)
               ->  Gather Merge  (cost=118701.23..123496.84 rows=40052 width=36)
                     Workers Planned: 4
                     ->  Sort  (cost=117701.17..117726.20 rows=10013 width=36)
                           Sort Key: lineitem.l_suppkey
                           ->  Partial HashAggregate  (cost=116910.66..117035.83 rows=10013 width=36)
                                 Group Key: lineitem.l_suppkey
                                 ->  Parallel Bitmap Heap Scan on lineitem  (cost=3915.97..116365.90 rows=54476 width=16)
                                       Recheck Cond: ((l_shipdate >= '1996-01-01'::date) AND (l_shipdate < '1996-04-01'::date))
                                       ->  Bitmap Index Scan on idx_lineitem_shipdate  (cost=0.00..3861.49 rows=217906 width=0)
                                             Index Cond: ((l_shipdate >= '1996-01-01'::date) AND (l_shipdate < '1996-04-01'::date))
         ->  Index Scan using supplier_pkey on supplier  (cost=0.29..3.22 rows=1 width=71)
               Index Cond: (s_suppkey = lineitem.l_suppkey)
(25 rows)

DROP VIEW
query 15 run 5
SET
SET
SET
CREATE VIEW
                                                             QUERY PLAN                                                             
------------------------------------------------------------------------------------------------------------------------------------
 Limit  (cost=239948.26..240056.41 rows=1 width=103)
   InitPlan 1
     ->  Aggregate  (cost=121246.73..121246.74 rows=1 width=32)
           ->  HashAggregate  (cost=120996.41..121121.57 rows=10013 width=36)
                 Group Key: lineitem_1.l_suppkey
                 ->  Bitmap Heap Scan on lineitem lineitem_1  (cost=3915.97..118817.35 rows=217906 width=16)
                       Recheck Cond: ((l_shipdate >= '1996-01-01'::date) AND (l_shipdate < '1996-04-01'::date))
                       ->  Bitmap Index Scan on idx_lineitem_shipdate  (cost=0.00..3861.49 rows=217906 width=0)
                             Index Cond: ((l_shipdate >= '1996-01-01'::date) AND (l_shipdate < '1996-04-01'::date))
   ->  Nested Loop  (cost=118701.51..124109.05 rows=50 width=103)
         ->  Finalize GroupAggregate  (cost=118701.23..123947.43 rows=50 width=36)
               Group Key: lineitem.l_suppkey
               Filter: (sum((lineitem.l_extendedprice * ('1'::numeric - lineitem.l_discount))) = (InitPlan 1).col1)
               ->  Gather Merge  (cost=118701.23..123496.84 rows=40052 width=36)
                     Workers Planned: 4
                     ->  Sort  (cost=117701.17..117726.20 rows=10013 width=36)
                           Sort Key: lineitem.l_suppkey
                           ->  Partial HashAggregate  (cost=116910.66..117035.83 rows=10013 width=36)
                                 Group Key: lineitem.l_suppkey
                                 ->  Parallel Bitmap Heap Scan on lineitem  (cost=3915.97..116365.90 rows=54476 width=16)
                                       Recheck Cond: ((l_shipdate >= '1996-01-01'::date) AND (l_shipdate < '1996-04-01'::date))
                                       ->  Bitmap Index Scan on idx_lineitem_shipdate  (cost=0.00..3861.49 rows=217906 width=0)
                                             Index Cond: ((l_shipdate >= '1996-01-01'::date) AND (l_shipdate < '1996-04-01'::date))
         ->  Index Scan using supplier_pkey on supplier  (cost=0.29..3.22 rows=1 width=71)
               Index Cond: (s_suppkey = lineitem.l_suppkey)
(25 rows)

DROP VIEW
query 16 run 1
SET
SET
SET
                                                                                            QUERY PLAN                                                                                            
--------------------------------------------------------------------------------------------------------------------------------------------------------------------------------------------------
 Limit  (cost=27796.45..27796.45 rows=1 width=44)
   ->  Sort  (cost=27796.45..27836.39 rows=15978 width=44)
         Sort Key: (count(DISTINCT partsupp.ps_suppkey)) DESC, part.p_brand, part.p_type, part.p_size
         ->  GroupAggregate  (cost=19866.37..27716.56 rows=15978 width=44)
               Group Key: part.p_brand, part.p_type, part.p_size
               ->  Gather Merge  (cost=19866.37..26964.00 rows=59278 width=40)
                     Workers Planned: 4
                     ->  Sort  (cost=18866.31..18903.36 rows=14820 width=40)
                           Sort Key: part.p_brand, part.p_type, part.p_size, partsupp.ps_suppkey
                           ->  Parallel Hash Join  (cost=6685.14..17839.64 rows=14820 width=40)
                                 Hash Cond: (partsupp.ps_partkey = part.p_partkey)
                                 ->  Parallel Index Only Scan using partsupp_pkey on partsupp  (cost=348.43..11240.43 rows=100000 width=8)
                                       Filter: (NOT (ANY (ps_suppkey = (hashed SubPlan 1).col1)))
                                       SubPlan 1
                                         ->  Seq Scan on supplier  (cost=0.00..348.00 rows=1 width=4)
                                               Filter: ((s_comment)::text ~~ '%Customer%Complaints%'::text)
                                 ->  Parallel Hash  (cost=6182.33..6182.33 rows=12350 width=40)
                                       ->  Parallel Seq Scan on part  (cost=0.00..6182.33 rows=12350 width=40)
                                             Filter: ((p_brand <> 'Brand#12'::bpchar) AND ((p_type)::text !~~ 'SMALL BRUSHED%'::text) AND (p_size = ANY ('{12,32,36,26,40,34,49,9}'::integer[])))
(19 rows)

query 16 run 2
SET
SET
SET
                                                                                            QUERY PLAN                                                                                            
--------------------------------------------------------------------------------------------------------------------------------------------------------------------------------------------------
 Limit  (cost=27796.45..27796.45 rows=1 width=44)
   ->  Sort  (cost=27796.45..27836.39 rows=15978 width=44)
         Sort Key: (count(DISTINCT partsupp.ps_suppkey)) DESC, part.p_brand, part.p_type, part.p_size
         ->  GroupAggregate  (cost=19866.37..27716.56 rows=15978 width=44)
               Group Key: part.p_brand, part.p_type, part.p_size
               ->  Gather Merge  (cost=19866.37..26964.00 rows=59278 width=40)
                     Workers Planned: 4
                     ->  Sort  (cost=18866.31..18903.36 rows=14820 width=40)
                           Sort Key: part.p_brand, part.p_type, part.p_size, partsupp.ps_suppkey
                           ->  Parallel Hash Join  (cost=6685.14..17839.64 rows=14820 width=40)
                                 Hash Cond: (partsupp.ps_partkey = part.p_partkey)
                                 ->  Parallel Index Only Scan using partsupp_pkey on partsupp  (cost=348.43..11240.43 rows=100000 width=8)
                                       Filter: (NOT (ANY (ps_suppkey = (hashed SubPlan 1).col1)))
                                       SubPlan 1
                                         ->  Seq Scan on supplier  (cost=0.00..348.00 rows=1 width=4)
                                               Filter: ((s_comment)::text ~~ '%Customer%Complaints%'::text)
                                 ->  Parallel Hash  (cost=6182.33..6182.33 rows=12350 width=40)
                                       ->  Parallel Seq Scan on part  (cost=0.00..6182.33 rows=12350 width=40)
                                             Filter: ((p_brand <> 'Brand#12'::bpchar) AND ((p_type)::text !~~ 'SMALL BRUSHED%'::text) AND (p_size = ANY ('{12,32,36,26,40,34,49,9}'::integer[])))
(19 rows)

query 16 run 3
SET
SET
SET
                                                                                            QUERY PLAN                                                                                            
--------------------------------------------------------------------------------------------------------------------------------------------------------------------------------------------------
 Limit  (cost=27796.45..27796.45 rows=1 width=44)
   ->  Sort  (cost=27796.45..27836.39 rows=15978 width=44)
         Sort Key: (count(DISTINCT partsupp.ps_suppkey)) DESC, part.p_brand, part.p_type, part.p_size
         ->  GroupAggregate  (cost=19866.37..27716.56 rows=15978 width=44)
               Group Key: part.p_brand, part.p_type, part.p_size
               ->  Gather Merge  (cost=19866.37..26964.00 rows=59278 width=40)
                     Workers Planned: 4
                     ->  Sort  (cost=18866.31..18903.36 rows=14820 width=40)
                           Sort Key: part.p_brand, part.p_type, part.p_size, partsupp.ps_suppkey
                           ->  Parallel Hash Join  (cost=6685.14..17839.64 rows=14820 width=40)
                                 Hash Cond: (partsupp.ps_partkey = part.p_partkey)
                                 ->  Parallel Index Only Scan using partsupp_pkey on partsupp  (cost=348.43..11240.43 rows=100000 width=8)
                                       Filter: (NOT (ANY (ps_suppkey = (hashed SubPlan 1).col1)))
                                       SubPlan 1
                                         ->  Seq Scan on supplier  (cost=0.00..348.00 rows=1 width=4)
                                               Filter: ((s_comment)::text ~~ '%Customer%Complaints%'::text)
                                 ->  Parallel Hash  (cost=6182.33..6182.33 rows=12350 width=40)
                                       ->  Parallel Seq Scan on part  (cost=0.00..6182.33 rows=12350 width=40)
                                             Filter: ((p_brand <> 'Brand#12'::bpchar) AND ((p_type)::text !~~ 'SMALL BRUSHED%'::text) AND (p_size = ANY ('{12,32,36,26,40,34,49,9}'::integer[])))
(19 rows)

query 16 run 4
SET
SET
SET
                                                                                            QUERY PLAN                                                                                            
--------------------------------------------------------------------------------------------------------------------------------------------------------------------------------------------------
 Limit  (cost=27796.45..27796.45 rows=1 width=44)
   ->  Sort  (cost=27796.45..27836.39 rows=15978 width=44)
         Sort Key: (count(DISTINCT partsupp.ps_suppkey)) DESC, part.p_brand, part.p_type, part.p_size
         ->  GroupAggregate  (cost=19866.37..27716.56 rows=15978 width=44)
               Group Key: part.p_brand, part.p_type, part.p_size
               ->  Gather Merge  (cost=19866.37..26964.00 rows=59278 width=40)
                     Workers Planned: 4
                     ->  Sort  (cost=18866.31..18903.36 rows=14820 width=40)
                           Sort Key: part.p_brand, part.p_type, part.p_size, partsupp.ps_suppkey
                           ->  Parallel Hash Join  (cost=6685.14..17839.64 rows=14820 width=40)
                                 Hash Cond: (partsupp.ps_partkey = part.p_partkey)
                                 ->  Parallel Index Only Scan using partsupp_pkey on partsupp  (cost=348.43..11240.43 rows=100000 width=8)
                                       Filter: (NOT (ANY (ps_suppkey = (hashed SubPlan 1).col1)))
                                       SubPlan 1
                                         ->  Seq Scan on supplier  (cost=0.00..348.00 rows=1 width=4)
                                               Filter: ((s_comment)::text ~~ '%Customer%Complaints%'::text)
                                 ->  Parallel Hash  (cost=6182.33..6182.33 rows=12350 width=40)
                                       ->  Parallel Seq Scan on part  (cost=0.00..6182.33 rows=12350 width=40)
                                             Filter: ((p_brand <> 'Brand#12'::bpchar) AND ((p_type)::text !~~ 'SMALL BRUSHED%'::text) AND (p_size = ANY ('{12,32,36,26,40,34,49,9}'::integer[])))
(19 rows)

query 16 run 5
SET
SET
SET
                                                                                            QUERY PLAN                                                                                            
--------------------------------------------------------------------------------------------------------------------------------------------------------------------------------------------------
 Limit  (cost=27796.45..27796.45 rows=1 width=44)
   ->  Sort  (cost=27796.45..27836.39 rows=15978 width=44)
         Sort Key: (count(DISTINCT partsupp.ps_suppkey)) DESC, part.p_brand, part.p_type, part.p_size
         ->  GroupAggregate  (cost=19866.37..27716.56 rows=15978 width=44)
               Group Key: part.p_brand, part.p_type, part.p_size
               ->  Gather Merge  (cost=19866.37..26964.00 rows=59278 width=40)
                     Workers Planned: 4
                     ->  Sort  (cost=18866.31..18903.36 rows=14820 width=40)
                           Sort Key: part.p_brand, part.p_type, part.p_size, partsupp.ps_suppkey
                           ->  Parallel Hash Join  (cost=6685.14..17839.64 rows=14820 width=40)
                                 Hash Cond: (partsupp.ps_partkey = part.p_partkey)
                                 ->  Parallel Index Only Scan using partsupp_pkey on partsupp  (cost=348.43..11240.43 rows=100000 width=8)
                                       Filter: (NOT (ANY (ps_suppkey = (hashed SubPlan 1).col1)))
                                       SubPlan 1
                                         ->  Seq Scan on supplier  (cost=0.00..348.00 rows=1 width=4)
                                               Filter: ((s_comment)::text ~~ '%Customer%Complaints%'::text)
                                 ->  Parallel Hash  (cost=6182.33..6182.33 rows=12350 width=40)
                                       ->  Parallel Seq Scan on part  (cost=0.00..6182.33 rows=12350 width=40)
                                             Filter: ((p_brand <> 'Brand#12'::bpchar) AND ((p_type)::text !~~ 'SMALL BRUSHED%'::text) AND (p_size = ANY ('{12,32,36,26,40,34,49,9}'::integer[])))
(19 rows)

query 17 run 1
SET
SET
SET
                                                                  QUERY PLAN                                                                   
-----------------------------------------------------------------------------------------------------------------------------------------------
 Limit  (cost=176258.23..176258.24 rows=1 width=32)
   ->  Finalize Aggregate  (cost=176258.23..176258.24 rows=1 width=32)
         ->  Gather  (cost=176258.01..176258.22 rows=2 width=32)
               Workers Planned: 2
               ->  Partial Aggregate  (cost=175258.01..175258.02 rows=1 width=32)
                     ->  Nested Loop  (cost=5352.79..175255.82 rows=875 width=8)
                           Join Filter: (part.p_partkey = lineitem.l_partkey)
                           ->  Merge Join  (cost=5352.35..175013.33 rows=88 width=40)
                                 Merge Cond: (part.p_partkey = lineitem_1.l_partkey)
                                 ->  Sort  (cost=5351.92..5352.15 rows=90 width=4)
                                       Sort Key: part.p_partkey
                                       ->  Parallel Seq Scan on part  (cost=0.00..5349.00 rows=90 width=4)
                                             Filter: ((p_brand = 'Brand#22'::bpchar) AND (p_container = 'LG BOX'::bpchar))
                                 ->  GroupAggregate  (cost=0.43..169173.88 rows=194478 width=36)
                                       Group Key: lineitem_1.l_partkey
                                       ->  Index Only Scan using q17_idx_1 on lineitem lineitem_1  (cost=0.43..136251.14 rows=6001114 width=9)
                           ->  Index Only Scan using q9_idx_1 on lineitem  (cost=0.43..2.63 rows=10 width=17)
                                 Index Cond: ((l_partkey = lineitem_1.l_partkey) AND (l_quantity < ((0.2 * avg(lineitem_1.l_quantity)))))
(18 rows)

query 17 run 2
SET
SET
SET
                                                                  QUERY PLAN                                                                   
-----------------------------------------------------------------------------------------------------------------------------------------------
 Limit  (cost=176258.23..176258.24 rows=1 width=32)
   ->  Finalize Aggregate  (cost=176258.23..176258.24 rows=1 width=32)
         ->  Gather  (cost=176258.01..176258.22 rows=2 width=32)
               Workers Planned: 2
               ->  Partial Aggregate  (cost=175258.01..175258.02 rows=1 width=32)
                     ->  Nested Loop  (cost=5352.79..175255.82 rows=875 width=8)
                           Join Filter: (part.p_partkey = lineitem.l_partkey)
                           ->  Merge Join  (cost=5352.35..175013.33 rows=88 width=40)
                                 Merge Cond: (part.p_partkey = lineitem_1.l_partkey)
                                 ->  Sort  (cost=5351.92..5352.15 rows=90 width=4)
                                       Sort Key: part.p_partkey
                                       ->  Parallel Seq Scan on part  (cost=0.00..5349.00 rows=90 width=4)
                                             Filter: ((p_brand = 'Brand#22'::bpchar) AND (p_container = 'LG BOX'::bpchar))
                                 ->  GroupAggregate  (cost=0.43..169173.88 rows=194478 width=36)
                                       Group Key: lineitem_1.l_partkey
                                       ->  Index Only Scan using q17_idx_1 on lineitem lineitem_1  (cost=0.43..136251.14 rows=6001114 width=9)
                           ->  Index Only Scan using q9_idx_1 on lineitem  (cost=0.43..2.63 rows=10 width=17)
                                 Index Cond: ((l_partkey = lineitem_1.l_partkey) AND (l_quantity < ((0.2 * avg(lineitem_1.l_quantity)))))
(18 rows)

query 17 run 3
SET
SET
SET
                                                                  QUERY PLAN                                                                   
-----------------------------------------------------------------------------------------------------------------------------------------------
 Limit  (cost=176258.23..176258.24 rows=1 width=32)
   ->  Finalize Aggregate  (cost=176258.23..176258.24 rows=1 width=32)
         ->  Gather  (cost=176258.01..176258.22 rows=2 width=32)
               Workers Planned: 2
               ->  Partial Aggregate  (cost=175258.01..175258.02 rows=1 width=32)
                     ->  Nested Loop  (cost=5352.79..175255.82 rows=875 width=8)
                           Join Filter: (part.p_partkey = lineitem.l_partkey)
                           ->  Merge Join  (cost=5352.35..175013.33 rows=88 width=40)
                                 Merge Cond: (part.p_partkey = lineitem_1.l_partkey)
                                 ->  Sort  (cost=5351.92..5352.15 rows=90 width=4)
                                       Sort Key: part.p_partkey
                                       ->  Parallel Seq Scan on part  (cost=0.00..5349.00 rows=90 width=4)
                                             Filter: ((p_brand = 'Brand#22'::bpchar) AND (p_container = 'LG BOX'::bpchar))
                                 ->  GroupAggregate  (cost=0.43..169173.88 rows=194478 width=36)
                                       Group Key: lineitem_1.l_partkey
                                       ->  Index Only Scan using q17_idx_1 on lineitem lineitem_1  (cost=0.43..136251.14 rows=6001114 width=9)
                           ->  Index Only Scan using q9_idx_1 on lineitem  (cost=0.43..2.63 rows=10 width=17)
                                 Index Cond: ((l_partkey = lineitem_1.l_partkey) AND (l_quantity < ((0.2 * avg(lineitem_1.l_quantity)))))
(18 rows)

query 17 run 4
SET
SET
SET
                                                                  QUERY PLAN                                                                   
-----------------------------------------------------------------------------------------------------------------------------------------------
 Limit  (cost=176258.23..176258.24 rows=1 width=32)
   ->  Finalize Aggregate  (cost=176258.23..176258.24 rows=1 width=32)
         ->  Gather  (cost=176258.01..176258.22 rows=2 width=32)
               Workers Planned: 2
               ->  Partial Aggregate  (cost=175258.01..175258.02 rows=1 width=32)
                     ->  Nested Loop  (cost=5352.79..175255.82 rows=875 width=8)
                           Join Filter: (part.p_partkey = lineitem.l_partkey)
                           ->  Merge Join  (cost=5352.35..175013.33 rows=88 width=40)
                                 Merge Cond: (part.p_partkey = lineitem_1.l_partkey)
                                 ->  Sort  (cost=5351.92..5352.15 rows=90 width=4)
                                       Sort Key: part.p_partkey
                                       ->  Parallel Seq Scan on part  (cost=0.00..5349.00 rows=90 width=4)
                                             Filter: ((p_brand = 'Brand#22'::bpchar) AND (p_container = 'LG BOX'::bpchar))
                                 ->  GroupAggregate  (cost=0.43..169173.88 rows=194478 width=36)
                                       Group Key: lineitem_1.l_partkey
                                       ->  Index Only Scan using q17_idx_1 on lineitem lineitem_1  (cost=0.43..136251.14 rows=6001114 width=9)
                           ->  Index Only Scan using q9_idx_1 on lineitem  (cost=0.43..2.63 rows=10 width=17)
                                 Index Cond: ((l_partkey = lineitem_1.l_partkey) AND (l_quantity < ((0.2 * avg(lineitem_1.l_quantity)))))
(18 rows)

query 17 run 5
SET
SET
SET
                                                                  QUERY PLAN                                                                   
-----------------------------------------------------------------------------------------------------------------------------------------------
 Limit  (cost=176258.23..176258.24 rows=1 width=32)
   ->  Finalize Aggregate  (cost=176258.23..176258.24 rows=1 width=32)
         ->  Gather  (cost=176258.01..176258.22 rows=2 width=32)
               Workers Planned: 2
               ->  Partial Aggregate  (cost=175258.01..175258.02 rows=1 width=32)
                     ->  Nested Loop  (cost=5352.79..175255.82 rows=875 width=8)
                           Join Filter: (part.p_partkey = lineitem.l_partkey)
                           ->  Merge Join  (cost=5352.35..175013.33 rows=88 width=40)
                                 Merge Cond: (part.p_partkey = lineitem_1.l_partkey)
                                 ->  Sort  (cost=5351.92..5352.15 rows=90 width=4)
                                       Sort Key: part.p_partkey
                                       ->  Parallel Seq Scan on part  (cost=0.00..5349.00 rows=90 width=4)
                                             Filter: ((p_brand = 'Brand#22'::bpchar) AND (p_container = 'LG BOX'::bpchar))
                                 ->  GroupAggregate  (cost=0.43..169173.88 rows=194478 width=36)
                                       Group Key: lineitem_1.l_partkey
                                       ->  Index Only Scan using q17_idx_1 on lineitem lineitem_1  (cost=0.43..136251.14 rows=6001114 width=9)
                           ->  Index Only Scan using q9_idx_1 on lineitem  (cost=0.43..2.63 rows=10 width=17)
                                 Index Cond: ((l_partkey = lineitem_1.l_partkey) AND (l_quantity < ((0.2 * avg(lineitem_1.l_quantity)))))
(18 rows)

query 18 run 1
SET
SET
SET
                                                                           QUERY PLAN                                                                            
-----------------------------------------------------------------------------------------------------------------------------------------------------------------
 Limit  (cost=669384.92..669385.17 rows=100 width=71)
   ->  Sort  (cost=669384.92..674386.78 rows=2000743 width=71)
         Sort Key: orders.o_totalprice DESC, orders.o_orderdate
         ->  GroupAggregate  (cost=306666.32..592917.96 rows=2000743 width=71)
               Group Key: orders.o_orderkey, customer.c_custkey
               ->  Incremental Sort  (cost=306666.32..552903.10 rows=2000743 width=44)
                     Sort Key: orders.o_orderkey, customer.c_custkey
                     Presorted Key: orders.o_orderkey
                     ->  Merge Join  (cost=306666.19..480395.67 rows=2000743 width=44)
                           Merge Cond: (orders.o_orderkey = lineitem.l_orderkey)
                           ->  Sort  (cost=306665.73..307915.96 rows=500093 width=43)
                                 Sort Key: orders.o_orderkey
                                 ->  Hash Join  (cost=201956.05..248337.33 rows=500093 width=43)
                                       Hash Cond: (orders.o_custkey = customer.c_custkey)
                                       ->  Hash Join  (cost=194984.05..240052.56 rows=500093 width=24)
                                             Hash Cond: (orders.o_orderkey = lineitem_1.l_orderkey)
                                             ->  Seq Scan on orders  (cost=0.00..41131.00 rows=1500000 width=20)
                                             ->  Hash  (cost=188732.88..188732.88 rows=500093 width=4)
                                                   ->  GroupAggregate  (cost=0.43..188732.88 rows=500093 width=4)
                                                         Group Key: lineitem_1.l_orderkey
                                                         Filter: (sum(lineitem_1.l_quantity) > '313'::numeric)
                                                         ->  Index Only Scan using q18_idx_1 on lineitem lineitem_1  (cost=0.43..136223.14 rows=6001114 width=9)
                                       ->  Hash  (cost=5097.00..5097.00 rows=150000 width=23)
                                             ->  Seq Scan on customer  (cost=0.00..5097.00 rows=150000 width=23)
                           ->  Index Only Scan using q18_idx_1 on lineitem  (cost=0.43..136223.14 rows=6001114 width=9)
(25 rows)

query 18 run 2
SET
SET
SET
                                                                           QUERY PLAN                                                                            
-----------------------------------------------------------------------------------------------------------------------------------------------------------------
 Limit  (cost=669384.92..669385.17 rows=100 width=71)
   ->  Sort  (cost=669384.92..674386.78 rows=2000743 width=71)
         Sort Key: orders.o_totalprice DESC, orders.o_orderdate
         ->  GroupAggregate  (cost=306666.32..592917.96 rows=2000743 width=71)
               Group Key: orders.o_orderkey, customer.c_custkey
               ->  Incremental Sort  (cost=306666.32..552903.10 rows=2000743 width=44)
                     Sort Key: orders.o_orderkey, customer.c_custkey
                     Presorted Key: orders.o_orderkey
                     ->  Merge Join  (cost=306666.19..480395.67 rows=2000743 width=44)
                           Merge Cond: (orders.o_orderkey = lineitem.l_orderkey)
                           ->  Sort  (cost=306665.73..307915.96 rows=500093 width=43)
                                 Sort Key: orders.o_orderkey
                                 ->  Hash Join  (cost=201956.05..248337.33 rows=500093 width=43)
                                       Hash Cond: (orders.o_custkey = customer.c_custkey)
                                       ->  Hash Join  (cost=194984.05..240052.56 rows=500093 width=24)
                                             Hash Cond: (orders.o_orderkey = lineitem_1.l_orderkey)
                                             ->  Seq Scan on orders  (cost=0.00..41131.00 rows=1500000 width=20)
                                             ->  Hash  (cost=188732.88..188732.88 rows=500093 width=4)
                                                   ->  GroupAggregate  (cost=0.43..188732.88 rows=500093 width=4)
                                                         Group Key: lineitem_1.l_orderkey
                                                         Filter: (sum(lineitem_1.l_quantity) > '313'::numeric)
                                                         ->  Index Only Scan using q18_idx_1 on lineitem lineitem_1  (cost=0.43..136223.14 rows=6001114 width=9)
                                       ->  Hash  (cost=5097.00..5097.00 rows=150000 width=23)
                                             ->  Seq Scan on customer  (cost=0.00..5097.00 rows=150000 width=23)
                           ->  Index Only Scan using q18_idx_1 on lineitem  (cost=0.43..136223.14 rows=6001114 width=9)
(25 rows)

query 18 run 3
SET
SET
SET
                                                                           QUERY PLAN                                                                            
-----------------------------------------------------------------------------------------------------------------------------------------------------------------
 Limit  (cost=669384.92..669385.17 rows=100 width=71)
   ->  Sort  (cost=669384.92..674386.78 rows=2000743 width=71)
         Sort Key: orders.o_totalprice DESC, orders.o_orderdate
         ->  GroupAggregate  (cost=306666.32..592917.96 rows=2000743 width=71)
               Group Key: orders.o_orderkey, customer.c_custkey
               ->  Incremental Sort  (cost=306666.32..552903.10 rows=2000743 width=44)
                     Sort Key: orders.o_orderkey, customer.c_custkey
                     Presorted Key: orders.o_orderkey
                     ->  Merge Join  (cost=306666.19..480395.67 rows=2000743 width=44)
                           Merge Cond: (orders.o_orderkey = lineitem.l_orderkey)
                           ->  Sort  (cost=306665.73..307915.96 rows=500093 width=43)
                                 Sort Key: orders.o_orderkey
                                 ->  Hash Join  (cost=201956.05..248337.33 rows=500093 width=43)
                                       Hash Cond: (orders.o_custkey = customer.c_custkey)
                                       ->  Hash Join  (cost=194984.05..240052.56 rows=500093 width=24)
                                             Hash Cond: (orders.o_orderkey = lineitem_1.l_orderkey)
                                             ->  Seq Scan on orders  (cost=0.00..41131.00 rows=1500000 width=20)
                                             ->  Hash  (cost=188732.88..188732.88 rows=500093 width=4)
                                                   ->  GroupAggregate  (cost=0.43..188732.88 rows=500093 width=4)
                                                         Group Key: lineitem_1.l_orderkey
                                                         Filter: (sum(lineitem_1.l_quantity) > '313'::numeric)
                                                         ->  Index Only Scan using q18_idx_1 on lineitem lineitem_1  (cost=0.43..136223.14 rows=6001114 width=9)
                                       ->  Hash  (cost=5097.00..5097.00 rows=150000 width=23)
                                             ->  Seq Scan on customer  (cost=0.00..5097.00 rows=150000 width=23)
                           ->  Index Only Scan using q18_idx_1 on lineitem  (cost=0.43..136223.14 rows=6001114 width=9)
(25 rows)

query 18 run 4
SET
SET
SET
                                                                           QUERY PLAN                                                                            
-----------------------------------------------------------------------------------------------------------------------------------------------------------------
 Limit  (cost=669384.92..669385.17 rows=100 width=71)
   ->  Sort  (cost=669384.92..674386.78 rows=2000743 width=71)
         Sort Key: orders.o_totalprice DESC, orders.o_orderdate
         ->  GroupAggregate  (cost=306666.32..592917.96 rows=2000743 width=71)
               Group Key: orders.o_orderkey, customer.c_custkey
               ->  Incremental Sort  (cost=306666.32..552903.10 rows=2000743 width=44)
                     Sort Key: orders.o_orderkey, customer.c_custkey
                     Presorted Key: orders.o_orderkey
                     ->  Merge Join  (cost=306666.19..480395.67 rows=2000743 width=44)
                           Merge Cond: (orders.o_orderkey = lineitem.l_orderkey)
                           ->  Sort  (cost=306665.73..307915.96 rows=500093 width=43)
                                 Sort Key: orders.o_orderkey
                                 ->  Hash Join  (cost=201956.05..248337.33 rows=500093 width=43)
                                       Hash Cond: (orders.o_custkey = customer.c_custkey)
                                       ->  Hash Join  (cost=194984.05..240052.56 rows=500093 width=24)
                                             Hash Cond: (orders.o_orderkey = lineitem_1.l_orderkey)
                                             ->  Seq Scan on orders  (cost=0.00..41131.00 rows=1500000 width=20)
                                             ->  Hash  (cost=188732.88..188732.88 rows=500093 width=4)
                                                   ->  GroupAggregate  (cost=0.43..188732.88 rows=500093 width=4)
                                                         Group Key: lineitem_1.l_orderkey
                                                         Filter: (sum(lineitem_1.l_quantity) > '313'::numeric)
                                                         ->  Index Only Scan using q18_idx_1 on lineitem lineitem_1  (cost=0.43..136223.14 rows=6001114 width=9)
                                       ->  Hash  (cost=5097.00..5097.00 rows=150000 width=23)
                                             ->  Seq Scan on customer  (cost=0.00..5097.00 rows=150000 width=23)
                           ->  Index Only Scan using q18_idx_1 on lineitem  (cost=0.43..136223.14 rows=6001114 width=9)
(25 rows)

query 18 run 5
SET
SET
SET
                                                                           QUERY PLAN                                                                            
-----------------------------------------------------------------------------------------------------------------------------------------------------------------
 Limit  (cost=669384.92..669385.17 rows=100 width=71)
   ->  Sort  (cost=669384.92..674386.78 rows=2000743 width=71)
         Sort Key: orders.o_totalprice DESC, orders.o_orderdate
         ->  GroupAggregate  (cost=306666.32..592917.96 rows=2000743 width=71)
               Group Key: orders.o_orderkey, customer.c_custkey
               ->  Incremental Sort  (cost=306666.32..552903.10 rows=2000743 width=44)
                     Sort Key: orders.o_orderkey, customer.c_custkey
                     Presorted Key: orders.o_orderkey
                     ->  Merge Join  (cost=306666.19..480395.67 rows=2000743 width=44)
                           Merge Cond: (orders.o_orderkey = lineitem.l_orderkey)
                           ->  Sort  (cost=306665.73..307915.96 rows=500093 width=43)
                                 Sort Key: orders.o_orderkey
                                 ->  Hash Join  (cost=201956.05..248337.33 rows=500093 width=43)
                                       Hash Cond: (orders.o_custkey = customer.c_custkey)
                                       ->  Hash Join  (cost=194984.05..240052.56 rows=500093 width=24)
                                             Hash Cond: (orders.o_orderkey = lineitem_1.l_orderkey)
                                             ->  Seq Scan on orders  (cost=0.00..41131.00 rows=1500000 width=20)
                                             ->  Hash  (cost=188732.88..188732.88 rows=500093 width=4)
                                                   ->  GroupAggregate  (cost=0.43..188732.88 rows=500093 width=4)
                                                         Group Key: lineitem_1.l_orderkey
                                                         Filter: (sum(lineitem_1.l_quantity) > '313'::numeric)
                                                         ->  Index Only Scan using q18_idx_1 on lineitem lineitem_1  (cost=0.43..136223.14 rows=6001114 width=9)
                                       ->  Hash  (cost=5097.00..5097.00 rows=150000 width=23)
                                             ->  Seq Scan on customer  (cost=0.00..5097.00 rows=150000 width=23)
                           ->  Index Only Scan using q18_idx_1 on lineitem  (cost=0.43..136223.14 rows=6001114 width=9)
(25 rows)

query 19 run 1
SET
SET
SET
                                                                                                                                                                                                                                                                                                                                                                                                                                                              QUERY PLAN                                                                                                                                                                                                                                                                                                                                                                                                                                                              
--------------------------------------------------------------------------------------------------------------------------------------------------------------------------------------------------------------------------------------------------------------------------------------------------------------------------------------------------------------------------------------------------------------------------------------------------------------------------------------------------------------------------------------------------------------------------------------------------------------------------------------------------------------------------------------------------------------------------------------------------------------------------------------------------------------------------------------------------------------------------------------------------------------------------------------
 Limit  (cost=9700.31..9700.32 rows=1 width=32)
   ->  Finalize Aggregate  (cost=9700.31..9700.32 rows=1 width=32)
         ->  Gather  (cost=9700.09..9700.30 rows=2 width=32)
               Workers Planned: 2
               ->  Partial Aggregate  (cost=8700.09..8700.10 rows=1 width=32)
                     ->  Nested Loop  (cost=0.56..8699.72 rows=49 width=12)
                           ->  Parallel Seq Scan on part  (cost=0.00..7640.67 rows=204 width=30)
                                 Filter: ((p_size >= 1) AND (((p_brand = 'Brand#24'::bpchar) AND (p_container = ANY ('{"SM CASE","SM BOX","SM PACK","SM PKG"}'::bpchar[])) AND (p_size <= 5)) OR ((p_brand = 'Brand#43'::bpchar) AND (p_container = ANY ('{"MED BAG","MED BOX","MED PKG","MED PACK"}'::bpchar[])) AND (p_size <= 10)) OR ((p_brand = 'Brand#44'::bpchar) AND (p_container = ANY ('{"LG CASE","LG BOX","LG PACK","LG PKG"}'::bpchar[])) AND (p_size <= 15))))
                           ->  Index Only Scan using q19_idx_1 on lineitem  (cost=0.56..5.18 rows=1 width=21)
                                 Index Cond: ((l_partkey = part.p_partkey) AND (l_shipmode = ANY ('{AIR,"AIR REG"}'::bpchar[])) AND (l_shipinstruct = 'DELIVER IN PERSON'::bpchar))
                                 Filter: ((((l_quantity >= '10'::numeric) AND (l_quantity <= '20'::numeric)) OR ((l_quantity >= '10'::numeric) AND (l_quantity <= '20'::numeric)) OR ((l_quantity >= '20'::numeric) AND (l_quantity <= '30'::numeric))) AND (((part.p_brand = 'Brand#24'::bpchar) AND (part.p_container = ANY ('{"SM CASE","SM BOX","SM PACK","SM PKG"}'::bpchar[])) AND (l_quantity >= '10'::numeric) AND (l_quantity <= '20'::numeric) AND (part.p_size <= 5)) OR ((part.p_brand = 'Brand#43'::bpchar) AND (part.p_container = ANY ('{"MED BAG","MED BOX","MED PKG","MED PACK"}'::bpchar[])) AND (l_quantity >= '10'::numeric) AND (l_quantity <= '20'::numeric) AND (part.p_size <= 10)) OR ((part.p_brand = 'Brand#44'::bpchar) AND (part.p_container = ANY ('{"LG CASE","LG BOX","LG PACK","LG PKG"}'::bpchar[])) AND (l_quantity >= '20'::numeric) AND (l_quantity <= '30'::numeric) AND (part.p_size <= 15))))
(11 rows)

query 19 run 2
SET
SET
SET
                                                                                                                                                                                                                                                                                                                                                                                                                                                              QUERY PLAN                                                                                                                                                                                                                                                                                                                                                                                                                                                              
--------------------------------------------------------------------------------------------------------------------------------------------------------------------------------------------------------------------------------------------------------------------------------------------------------------------------------------------------------------------------------------------------------------------------------------------------------------------------------------------------------------------------------------------------------------------------------------------------------------------------------------------------------------------------------------------------------------------------------------------------------------------------------------------------------------------------------------------------------------------------------------------------------------------------------------
 Limit  (cost=9700.31..9700.32 rows=1 width=32)
   ->  Finalize Aggregate  (cost=9700.31..9700.32 rows=1 width=32)
         ->  Gather  (cost=9700.09..9700.30 rows=2 width=32)
               Workers Planned: 2
               ->  Partial Aggregate  (cost=8700.09..8700.10 rows=1 width=32)
                     ->  Nested Loop  (cost=0.56..8699.72 rows=49 width=12)
                           ->  Parallel Seq Scan on part  (cost=0.00..7640.67 rows=204 width=30)
                                 Filter: ((p_size >= 1) AND (((p_brand = 'Brand#24'::bpchar) AND (p_container = ANY ('{"SM CASE","SM BOX","SM PACK","SM PKG"}'::bpchar[])) AND (p_size <= 5)) OR ((p_brand = 'Brand#43'::bpchar) AND (p_container = ANY ('{"MED BAG","MED BOX","MED PKG","MED PACK"}'::bpchar[])) AND (p_size <= 10)) OR ((p_brand = 'Brand#44'::bpchar) AND (p_container = ANY ('{"LG CASE","LG BOX","LG PACK","LG PKG"}'::bpchar[])) AND (p_size <= 15))))
                           ->  Index Only Scan using q19_idx_1 on lineitem  (cost=0.56..5.18 rows=1 width=21)
                                 Index Cond: ((l_partkey = part.p_partkey) AND (l_shipmode = ANY ('{AIR,"AIR REG"}'::bpchar[])) AND (l_shipinstruct = 'DELIVER IN PERSON'::bpchar))
                                 Filter: ((((l_quantity >= '10'::numeric) AND (l_quantity <= '20'::numeric)) OR ((l_quantity >= '10'::numeric) AND (l_quantity <= '20'::numeric)) OR ((l_quantity >= '20'::numeric) AND (l_quantity <= '30'::numeric))) AND (((part.p_brand = 'Brand#24'::bpchar) AND (part.p_container = ANY ('{"SM CASE","SM BOX","SM PACK","SM PKG"}'::bpchar[])) AND (l_quantity >= '10'::numeric) AND (l_quantity <= '20'::numeric) AND (part.p_size <= 5)) OR ((part.p_brand = 'Brand#43'::bpchar) AND (part.p_container = ANY ('{"MED BAG","MED BOX","MED PKG","MED PACK"}'::bpchar[])) AND (l_quantity >= '10'::numeric) AND (l_quantity <= '20'::numeric) AND (part.p_size <= 10)) OR ((part.p_brand = 'Brand#44'::bpchar) AND (part.p_container = ANY ('{"LG CASE","LG BOX","LG PACK","LG PKG"}'::bpchar[])) AND (l_quantity >= '20'::numeric) AND (l_quantity <= '30'::numeric) AND (part.p_size <= 15))))
(11 rows)

query 19 run 3
SET
SET
SET
                                                                                                                                                                                                                                                                                                                                                                                                                                                              QUERY PLAN                                                                                                                                                                                                                                                                                                                                                                                                                                                              
--------------------------------------------------------------------------------------------------------------------------------------------------------------------------------------------------------------------------------------------------------------------------------------------------------------------------------------------------------------------------------------------------------------------------------------------------------------------------------------------------------------------------------------------------------------------------------------------------------------------------------------------------------------------------------------------------------------------------------------------------------------------------------------------------------------------------------------------------------------------------------------------------------------------------------------
 Limit  (cost=9700.31..9700.32 rows=1 width=32)
   ->  Finalize Aggregate  (cost=9700.31..9700.32 rows=1 width=32)
         ->  Gather  (cost=9700.09..9700.30 rows=2 width=32)
               Workers Planned: 2
               ->  Partial Aggregate  (cost=8700.09..8700.10 rows=1 width=32)
                     ->  Nested Loop  (cost=0.56..8699.72 rows=49 width=12)
                           ->  Parallel Seq Scan on part  (cost=0.00..7640.67 rows=204 width=30)
                                 Filter: ((p_size >= 1) AND (((p_brand = 'Brand#24'::bpchar) AND (p_container = ANY ('{"SM CASE","SM BOX","SM PACK","SM PKG"}'::bpchar[])) AND (p_size <= 5)) OR ((p_brand = 'Brand#43'::bpchar) AND (p_container = ANY ('{"MED BAG","MED BOX","MED PKG","MED PACK"}'::bpchar[])) AND (p_size <= 10)) OR ((p_brand = 'Brand#44'::bpchar) AND (p_container = ANY ('{"LG CASE","LG BOX","LG PACK","LG PKG"}'::bpchar[])) AND (p_size <= 15))))
                           ->  Index Only Scan using q19_idx_1 on lineitem  (cost=0.56..5.18 rows=1 width=21)
                                 Index Cond: ((l_partkey = part.p_partkey) AND (l_shipmode = ANY ('{AIR,"AIR REG"}'::bpchar[])) AND (l_shipinstruct = 'DELIVER IN PERSON'::bpchar))
                                 Filter: ((((l_quantity >= '10'::numeric) AND (l_quantity <= '20'::numeric)) OR ((l_quantity >= '10'::numeric) AND (l_quantity <= '20'::numeric)) OR ((l_quantity >= '20'::numeric) AND (l_quantity <= '30'::numeric))) AND (((part.p_brand = 'Brand#24'::bpchar) AND (part.p_container = ANY ('{"SM CASE","SM BOX","SM PACK","SM PKG"}'::bpchar[])) AND (l_quantity >= '10'::numeric) AND (l_quantity <= '20'::numeric) AND (part.p_size <= 5)) OR ((part.p_brand = 'Brand#43'::bpchar) AND (part.p_container = ANY ('{"MED BAG","MED BOX","MED PKG","MED PACK"}'::bpchar[])) AND (l_quantity >= '10'::numeric) AND (l_quantity <= '20'::numeric) AND (part.p_size <= 10)) OR ((part.p_brand = 'Brand#44'::bpchar) AND (part.p_container = ANY ('{"LG CASE","LG BOX","LG PACK","LG PKG"}'::bpchar[])) AND (l_quantity >= '20'::numeric) AND (l_quantity <= '30'::numeric) AND (part.p_size <= 15))))
(11 rows)

query 19 run 4
SET
SET
SET
                                                                                                                                                                                                                                                                                                                                                                                                                                                              QUERY PLAN                                                                                                                                                                                                                                                                                                                                                                                                                                                              
--------------------------------------------------------------------------------------------------------------------------------------------------------------------------------------------------------------------------------------------------------------------------------------------------------------------------------------------------------------------------------------------------------------------------------------------------------------------------------------------------------------------------------------------------------------------------------------------------------------------------------------------------------------------------------------------------------------------------------------------------------------------------------------------------------------------------------------------------------------------------------------------------------------------------------------
 Limit  (cost=9700.31..9700.32 rows=1 width=32)
   ->  Finalize Aggregate  (cost=9700.31..9700.32 rows=1 width=32)
         ->  Gather  (cost=9700.09..9700.30 rows=2 width=32)
               Workers Planned: 2
               ->  Partial Aggregate  (cost=8700.09..8700.10 rows=1 width=32)
                     ->  Nested Loop  (cost=0.56..8699.72 rows=49 width=12)
                           ->  Parallel Seq Scan on part  (cost=0.00..7640.67 rows=204 width=30)
                                 Filter: ((p_size >= 1) AND (((p_brand = 'Brand#24'::bpchar) AND (p_container = ANY ('{"SM CASE","SM BOX","SM PACK","SM PKG"}'::bpchar[])) AND (p_size <= 5)) OR ((p_brand = 'Brand#43'::bpchar) AND (p_container = ANY ('{"MED BAG","MED BOX","MED PKG","MED PACK"}'::bpchar[])) AND (p_size <= 10)) OR ((p_brand = 'Brand#44'::bpchar) AND (p_container = ANY ('{"LG CASE","LG BOX","LG PACK","LG PKG"}'::bpchar[])) AND (p_size <= 15))))
                           ->  Index Only Scan using q19_idx_1 on lineitem  (cost=0.56..5.18 rows=1 width=21)
                                 Index Cond: ((l_partkey = part.p_partkey) AND (l_shipmode = ANY ('{AIR,"AIR REG"}'::bpchar[])) AND (l_shipinstruct = 'DELIVER IN PERSON'::bpchar))
                                 Filter: ((((l_quantity >= '10'::numeric) AND (l_quantity <= '20'::numeric)) OR ((l_quantity >= '10'::numeric) AND (l_quantity <= '20'::numeric)) OR ((l_quantity >= '20'::numeric) AND (l_quantity <= '30'::numeric))) AND (((part.p_brand = 'Brand#24'::bpchar) AND (part.p_container = ANY ('{"SM CASE","SM BOX","SM PACK","SM PKG"}'::bpchar[])) AND (l_quantity >= '10'::numeric) AND (l_quantity <= '20'::numeric) AND (part.p_size <= 5)) OR ((part.p_brand = 'Brand#43'::bpchar) AND (part.p_container = ANY ('{"MED BAG","MED BOX","MED PKG","MED PACK"}'::bpchar[])) AND (l_quantity >= '10'::numeric) AND (l_quantity <= '20'::numeric) AND (part.p_size <= 10)) OR ((part.p_brand = 'Brand#44'::bpchar) AND (part.p_container = ANY ('{"LG CASE","LG BOX","LG PACK","LG PKG"}'::bpchar[])) AND (l_quantity >= '20'::numeric) AND (l_quantity <= '30'::numeric) AND (part.p_size <= 15))))
(11 rows)

query 19 run 5
SET
SET
SET
                                                                                                                                                                                                                                                                                                                                                                                                                                                              QUERY PLAN                                                                                                                                                                                                                                                                                                                                                                                                                                                              
--------------------------------------------------------------------------------------------------------------------------------------------------------------------------------------------------------------------------------------------------------------------------------------------------------------------------------------------------------------------------------------------------------------------------------------------------------------------------------------------------------------------------------------------------------------------------------------------------------------------------------------------------------------------------------------------------------------------------------------------------------------------------------------------------------------------------------------------------------------------------------------------------------------------------------------
 Limit  (cost=9700.31..9700.32 rows=1 width=32)
   ->  Finalize Aggregate  (cost=9700.31..9700.32 rows=1 width=32)
         ->  Gather  (cost=9700.09..9700.30 rows=2 width=32)
               Workers Planned: 2
               ->  Partial Aggregate  (cost=8700.09..8700.10 rows=1 width=32)
                     ->  Nested Loop  (cost=0.56..8699.72 rows=49 width=12)
                           ->  Parallel Seq Scan on part  (cost=0.00..7640.67 rows=204 width=30)
                                 Filter: ((p_size >= 1) AND (((p_brand = 'Brand#24'::bpchar) AND (p_container = ANY ('{"SM CASE","SM BOX","SM PACK","SM PKG"}'::bpchar[])) AND (p_size <= 5)) OR ((p_brand = 'Brand#43'::bpchar) AND (p_container = ANY ('{"MED BAG","MED BOX","MED PKG","MED PACK"}'::bpchar[])) AND (p_size <= 10)) OR ((p_brand = 'Brand#44'::bpchar) AND (p_container = ANY ('{"LG CASE","LG BOX","LG PACK","LG PKG"}'::bpchar[])) AND (p_size <= 15))))
                           ->  Index Only Scan using q19_idx_1 on lineitem  (cost=0.56..5.18 rows=1 width=21)
                                 Index Cond: ((l_partkey = part.p_partkey) AND (l_shipmode = ANY ('{AIR,"AIR REG"}'::bpchar[])) AND (l_shipinstruct = 'DELIVER IN PERSON'::bpchar))
                                 Filter: ((((l_quantity >= '10'::numeric) AND (l_quantity <= '20'::numeric)) OR ((l_quantity >= '10'::numeric) AND (l_quantity <= '20'::numeric)) OR ((l_quantity >= '20'::numeric) AND (l_quantity <= '30'::numeric))) AND (((part.p_brand = 'Brand#24'::bpchar) AND (part.p_container = ANY ('{"SM CASE","SM BOX","SM PACK","SM PKG"}'::bpchar[])) AND (l_quantity >= '10'::numeric) AND (l_quantity <= '20'::numeric) AND (part.p_size <= 5)) OR ((part.p_brand = 'Brand#43'::bpchar) AND (part.p_container = ANY ('{"MED BAG","MED BOX","MED PKG","MED PACK"}'::bpchar[])) AND (l_quantity >= '10'::numeric) AND (l_quantity <= '20'::numeric) AND (part.p_size <= 10)) OR ((part.p_brand = 'Brand#44'::bpchar) AND (part.p_container = ANY ('{"LG CASE","LG BOX","LG PACK","LG PKG"}'::bpchar[])) AND (l_quantity >= '20'::numeric) AND (l_quantity <= '30'::numeric) AND (part.p_size <= 15))))
(11 rows)

query 20 run 1
SET
SET
SET
                                                                QUERY PLAN                                                                
------------------------------------------------------------------------------------------------------------------------------------------
 Limit  (cost=214784.57..214784.58 rows=1 width=51)
   ->  Sort  (cost=214784.57..214784.58 rows=1 width=51)
         Sort Key: supplier.s_name
         ->  Nested Loop Semi Join  (cost=191299.93..214784.56 rows=1 width=51)
               Join Filter: (supplier.s_suppkey = lineitem.l_suppkey)
               ->  Nested Loop  (cost=0.00..449.31 rows=400 width=55)
                     Join Filter: (supplier.s_nationkey = nation.n_nationkey)
                     ->  Seq Scan on nation  (cost=0.00..1.31 rows=1 width=4)
                           Filter: (n_name = 'IRAQ'::bpchar)
                     ->  Seq Scan on supplier  (cost=0.00..323.00 rows=10000 width=59)
               ->  Materialize  (cost=191299.93..214329.25 rows=1 width=8)
                     ->  Nested Loop  (cost=191299.93..214329.25 rows=1 width=8)
                           ->  Hash Join  (cost=191299.50..208709.92 rows=4889 width=44)
                                 Hash Cond: (lineitem.l_partkey = part.p_partkey)
                                 ->  HashAggregate  (cost=185291.99..201431.77 rows=484045 width=40)
                                       Group Key: lineitem.l_partkey, lineitem.l_suppkey
                                       Planned Partitions: 4
                                       ->  Bitmap Heap Scan on lineitem  (cost=16331.94..142530.24 rows=909220 width=13)
                                             Recheck Cond: ((l_shipdate >= '1996-01-01'::date) AND (l_shipdate < '1997-01-01'::date))
                                             ->  Bitmap Index Scan on idx_lineitem_shipdate  (cost=0.00..16104.63 rows=909220 width=0)
                                                   Index Cond: ((l_shipdate >= '1996-01-01'::date) AND (l_shipdate < '1997-01-01'::date))
                                 ->  Hash  (cost=5982.26..5982.26 rows=2020 width=4)
                                       ->  Gather Merge  (cost=1000.46..5982.26 rows=2020 width=4)
                                             Workers Planned: 3
                                             ->  Parallel Index Only Scan using q20_idx_2 on part  (cost=0.42..4744.87 rows=652 width=4)
                                                   Filter: ((p_name)::text ~~ 'olive%'::text)
                           ->  Index Only Scan using q20_idx_1 on partsupp  (cost=0.42..1.14 rows=1 width=12)
                                 Index Cond: ((ps_partkey = lineitem.l_partkey) AND (ps_suppkey = lineitem.l_suppkey))
                                 Filter: ((ps_availqty)::numeric > ((0.5 * sum(lineitem.l_quantity))))
(29 rows)

query 20 run 2
SET
SET
SET
                                                                QUERY PLAN                                                                
------------------------------------------------------------------------------------------------------------------------------------------
 Limit  (cost=214784.57..214784.58 rows=1 width=51)
   ->  Sort  (cost=214784.57..214784.58 rows=1 width=51)
         Sort Key: supplier.s_name
         ->  Nested Loop Semi Join  (cost=191299.93..214784.56 rows=1 width=51)
               Join Filter: (supplier.s_suppkey = lineitem.l_suppkey)
               ->  Nested Loop  (cost=0.00..449.31 rows=400 width=55)
                     Join Filter: (supplier.s_nationkey = nation.n_nationkey)
                     ->  Seq Scan on nation  (cost=0.00..1.31 rows=1 width=4)
                           Filter: (n_name = 'IRAQ'::bpchar)
                     ->  Seq Scan on supplier  (cost=0.00..323.00 rows=10000 width=59)
               ->  Materialize  (cost=191299.93..214329.25 rows=1 width=8)
                     ->  Nested Loop  (cost=191299.93..214329.25 rows=1 width=8)
                           ->  Hash Join  (cost=191299.50..208709.92 rows=4889 width=44)
                                 Hash Cond: (lineitem.l_partkey = part.p_partkey)
                                 ->  HashAggregate  (cost=185291.99..201431.77 rows=484045 width=40)
                                       Group Key: lineitem.l_partkey, lineitem.l_suppkey
                                       Planned Partitions: 4
                                       ->  Bitmap Heap Scan on lineitem  (cost=16331.94..142530.24 rows=909220 width=13)
                                             Recheck Cond: ((l_shipdate >= '1996-01-01'::date) AND (l_shipdate < '1997-01-01'::date))
                                             ->  Bitmap Index Scan on idx_lineitem_shipdate  (cost=0.00..16104.63 rows=909220 width=0)
                                                   Index Cond: ((l_shipdate >= '1996-01-01'::date) AND (l_shipdate < '1997-01-01'::date))
                                 ->  Hash  (cost=5982.26..5982.26 rows=2020 width=4)
                                       ->  Gather Merge  (cost=1000.46..5982.26 rows=2020 width=4)
                                             Workers Planned: 3
                                             ->  Parallel Index Only Scan using q20_idx_2 on part  (cost=0.42..4744.87 rows=652 width=4)
                                                   Filter: ((p_name)::text ~~ 'olive%'::text)
                           ->  Index Only Scan using q20_idx_1 on partsupp  (cost=0.42..1.14 rows=1 width=12)
                                 Index Cond: ((ps_partkey = lineitem.l_partkey) AND (ps_suppkey = lineitem.l_suppkey))
                                 Filter: ((ps_availqty)::numeric > ((0.5 * sum(lineitem.l_quantity))))
(29 rows)

query 20 run 3
SET
SET
SET
                                                                QUERY PLAN                                                                
------------------------------------------------------------------------------------------------------------------------------------------
 Limit  (cost=214784.57..214784.58 rows=1 width=51)
   ->  Sort  (cost=214784.57..214784.58 rows=1 width=51)
         Sort Key: supplier.s_name
         ->  Nested Loop Semi Join  (cost=191299.93..214784.56 rows=1 width=51)
               Join Filter: (supplier.s_suppkey = lineitem.l_suppkey)
               ->  Nested Loop  (cost=0.00..449.31 rows=400 width=55)
                     Join Filter: (supplier.s_nationkey = nation.n_nationkey)
                     ->  Seq Scan on nation  (cost=0.00..1.31 rows=1 width=4)
                           Filter: (n_name = 'IRAQ'::bpchar)
                     ->  Seq Scan on supplier  (cost=0.00..323.00 rows=10000 width=59)
               ->  Materialize  (cost=191299.93..214329.25 rows=1 width=8)
                     ->  Nested Loop  (cost=191299.93..214329.25 rows=1 width=8)
                           ->  Hash Join  (cost=191299.50..208709.92 rows=4889 width=44)
                                 Hash Cond: (lineitem.l_partkey = part.p_partkey)
                                 ->  HashAggregate  (cost=185291.99..201431.77 rows=484045 width=40)
                                       Group Key: lineitem.l_partkey, lineitem.l_suppkey
                                       Planned Partitions: 4
                                       ->  Bitmap Heap Scan on lineitem  (cost=16331.94..142530.24 rows=909220 width=13)
                                             Recheck Cond: ((l_shipdate >= '1996-01-01'::date) AND (l_shipdate < '1997-01-01'::date))
                                             ->  Bitmap Index Scan on idx_lineitem_shipdate  (cost=0.00..16104.63 rows=909220 width=0)
                                                   Index Cond: ((l_shipdate >= '1996-01-01'::date) AND (l_shipdate < '1997-01-01'::date))
                                 ->  Hash  (cost=5982.26..5982.26 rows=2020 width=4)
                                       ->  Gather Merge  (cost=1000.46..5982.26 rows=2020 width=4)
                                             Workers Planned: 3
                                             ->  Parallel Index Only Scan using q20_idx_2 on part  (cost=0.42..4744.87 rows=652 width=4)
                                                   Filter: ((p_name)::text ~~ 'olive%'::text)
                           ->  Index Only Scan using q20_idx_1 on partsupp  (cost=0.42..1.14 rows=1 width=12)
                                 Index Cond: ((ps_partkey = lineitem.l_partkey) AND (ps_suppkey = lineitem.l_suppkey))
                                 Filter: ((ps_availqty)::numeric > ((0.5 * sum(lineitem.l_quantity))))
(29 rows)

query 20 run 4
SET
SET
SET
                                                                QUERY PLAN                                                                
------------------------------------------------------------------------------------------------------------------------------------------
 Limit  (cost=214784.57..214784.58 rows=1 width=51)
   ->  Sort  (cost=214784.57..214784.58 rows=1 width=51)
         Sort Key: supplier.s_name
         ->  Nested Loop Semi Join  (cost=191299.93..214784.56 rows=1 width=51)
               Join Filter: (supplier.s_suppkey = lineitem.l_suppkey)
               ->  Nested Loop  (cost=0.00..449.31 rows=400 width=55)
                     Join Filter: (supplier.s_nationkey = nation.n_nationkey)
                     ->  Seq Scan on nation  (cost=0.00..1.31 rows=1 width=4)
                           Filter: (n_name = 'IRAQ'::bpchar)
                     ->  Seq Scan on supplier  (cost=0.00..323.00 rows=10000 width=59)
               ->  Materialize  (cost=191299.93..214329.25 rows=1 width=8)
                     ->  Nested Loop  (cost=191299.93..214329.25 rows=1 width=8)
                           ->  Hash Join  (cost=191299.50..208709.92 rows=4889 width=44)
                                 Hash Cond: (lineitem.l_partkey = part.p_partkey)
                                 ->  HashAggregate  (cost=185291.99..201431.77 rows=484045 width=40)
                                       Group Key: lineitem.l_partkey, lineitem.l_suppkey
                                       Planned Partitions: 4
                                       ->  Bitmap Heap Scan on lineitem  (cost=16331.94..142530.24 rows=909220 width=13)
                                             Recheck Cond: ((l_shipdate >= '1996-01-01'::date) AND (l_shipdate < '1997-01-01'::date))
                                             ->  Bitmap Index Scan on idx_lineitem_shipdate  (cost=0.00..16104.63 rows=909220 width=0)
                                                   Index Cond: ((l_shipdate >= '1996-01-01'::date) AND (l_shipdate < '1997-01-01'::date))
                                 ->  Hash  (cost=5982.26..5982.26 rows=2020 width=4)
                                       ->  Gather Merge  (cost=1000.46..5982.26 rows=2020 width=4)
                                             Workers Planned: 3
                                             ->  Parallel Index Only Scan using q20_idx_2 on part  (cost=0.42..4744.87 rows=652 width=4)
                                                   Filter: ((p_name)::text ~~ 'olive%'::text)
                           ->  Index Only Scan using q20_idx_1 on partsupp  (cost=0.42..1.14 rows=1 width=12)
                                 Index Cond: ((ps_partkey = lineitem.l_partkey) AND (ps_suppkey = lineitem.l_suppkey))
                                 Filter: ((ps_availqty)::numeric > ((0.5 * sum(lineitem.l_quantity))))
(29 rows)

query 20 run 5
SET
SET
SET
                                                                QUERY PLAN                                                                
------------------------------------------------------------------------------------------------------------------------------------------
 Limit  (cost=214784.57..214784.58 rows=1 width=51)
   ->  Sort  (cost=214784.57..214784.58 rows=1 width=51)
         Sort Key: supplier.s_name
         ->  Nested Loop Semi Join  (cost=191299.93..214784.56 rows=1 width=51)
               Join Filter: (supplier.s_suppkey = lineitem.l_suppkey)
               ->  Nested Loop  (cost=0.00..449.31 rows=400 width=55)
                     Join Filter: (supplier.s_nationkey = nation.n_nationkey)
                     ->  Seq Scan on nation  (cost=0.00..1.31 rows=1 width=4)
                           Filter: (n_name = 'IRAQ'::bpchar)
                     ->  Seq Scan on supplier  (cost=0.00..323.00 rows=10000 width=59)
               ->  Materialize  (cost=191299.93..214329.25 rows=1 width=8)
                     ->  Nested Loop  (cost=191299.93..214329.25 rows=1 width=8)
                           ->  Hash Join  (cost=191299.50..208709.92 rows=4889 width=44)
                                 Hash Cond: (lineitem.l_partkey = part.p_partkey)
                                 ->  HashAggregate  (cost=185291.99..201431.77 rows=484045 width=40)
                                       Group Key: lineitem.l_partkey, lineitem.l_suppkey
                                       Planned Partitions: 4
                                       ->  Bitmap Heap Scan on lineitem  (cost=16331.94..142530.24 rows=909220 width=13)
                                             Recheck Cond: ((l_shipdate >= '1996-01-01'::date) AND (l_shipdate < '1997-01-01'::date))
                                             ->  Bitmap Index Scan on idx_lineitem_shipdate  (cost=0.00..16104.63 rows=909220 width=0)
                                                   Index Cond: ((l_shipdate >= '1996-01-01'::date) AND (l_shipdate < '1997-01-01'::date))
                                 ->  Hash  (cost=5982.26..5982.26 rows=2020 width=4)
                                       ->  Gather Merge  (cost=1000.46..5982.26 rows=2020 width=4)
                                             Workers Planned: 3
                                             ->  Parallel Index Only Scan using q20_idx_2 on part  (cost=0.42..4744.87 rows=652 width=4)
                                                   Filter: ((p_name)::text ~~ 'olive%'::text)
                           ->  Index Only Scan using q20_idx_1 on partsupp  (cost=0.42..1.14 rows=1 width=12)
                                 Index Cond: ((ps_partkey = lineitem.l_partkey) AND (ps_suppkey = lineitem.l_suppkey))
                                 Filter: ((ps_availqty)::numeric > ((0.5 * sum(lineitem.l_quantity))))
(29 rows)

query 21 run 1
SET
SET
SET
                                                                           QUERY PLAN                                                                           
----------------------------------------------------------------------------------------------------------------------------------------------------------------
 Limit  (cost=57560.25..57560.26 rows=1 width=34)
   ->  Sort  (cost=57560.25..57560.26 rows=1 width=34)
         Sort Key: (count(*)) DESC, supplier.s_name
         ->  GroupAggregate  (cost=57560.22..57560.24 rows=1 width=34)
               Group Key: supplier.s_name
               ->  Sort  (cost=57560.22..57560.23 rows=1 width=26)
                     Sort Key: supplier.s_name
                     ->  Nested Loop Semi Join  (cost=29580.81..57560.21 rows=1 width=26)
                           Join Filter: (l2.l_suppkey <> l1.l_suppkey)
                           ->  Nested Loop  (cost=29580.38..57557.78 rows=1 width=38)
                                 ->  Gather  (cost=29579.95..57555.42 rows=1 width=34)
                                       Workers Planned: 4
                                       ->  Parallel Hash Right Anti Join  (cost=28579.95..56555.32 rows=1 width=34)
                                             Hash Cond: (l3.l_orderkey = l1.l_orderkey)
                                             Join Filter: (l3.l_suppkey <> l1.l_suppkey)
                                             ->  Parallel Index Only Scan using q21_idx_2 on lineitem l3  (cost=0.43..26017.21 rows=500093 width=8)
                                             ->  Parallel Hash  (cost=28329.79..28329.79 rows=19978 width=34)
                                                   ->  Hash Join  (cost=237.88..28329.79 rows=19978 width=34)
                                                         Hash Cond: (l1.l_suppkey = supplier.s_suppkey)
                                                         ->  Parallel Index Only Scan using q21_idx_2 on lineitem l1  (cost=0.43..26017.21 rows=500093 width=8)
                                                         ->  Hash  (cost=232.45..232.45 rows=400 width=30)
                                                               ->  Nested Loop  (cost=5.38..232.45 rows=400 width=30)
                                                                     ->  Seq Scan on nation  (cost=0.00..1.31 rows=1 width=4)
                                                                           Filter: (n_name = 'PERU'::bpchar)
                                                                     ->  Bitmap Heap Scan on supplier  (cost=5.38..227.14 rows=400 width=34)
                                                                           Recheck Cond: (s_nationkey = nation.n_nationkey)
                                                                           ->  Bitmap Index Scan on idx_supplier_nation_key  (cost=0.00..5.29 rows=400 width=0)
                                                                                 Index Cond: (s_nationkey = nation.n_nationkey)
                                 ->  Index Only Scan using q21_idx_3 on orders  (cost=0.43..2.36 rows=1 width=4)
                                       Index Cond: ((o_orderkey = l1.l_orderkey) AND (o_orderstatus = 'F'::bpchar))
                           ->  Index Only Scan using q21_idx_1 on lineitem l2  (cost=0.43..2.42 rows=4 width=8)
                                 Index Cond: (l_orderkey = orders.o_orderkey)
(32 rows)

query 21 run 2
SET
SET
SET
                                                                           QUERY PLAN                                                                           
----------------------------------------------------------------------------------------------------------------------------------------------------------------
 Limit  (cost=57560.25..57560.26 rows=1 width=34)
   ->  Sort  (cost=57560.25..57560.26 rows=1 width=34)
         Sort Key: (count(*)) DESC, supplier.s_name
         ->  GroupAggregate  (cost=57560.22..57560.24 rows=1 width=34)
               Group Key: supplier.s_name
               ->  Sort  (cost=57560.22..57560.23 rows=1 width=26)
                     Sort Key: supplier.s_name
                     ->  Nested Loop Semi Join  (cost=29580.81..57560.21 rows=1 width=26)
                           Join Filter: (l2.l_suppkey <> l1.l_suppkey)
                           ->  Nested Loop  (cost=29580.38..57557.78 rows=1 width=38)
                                 ->  Gather  (cost=29579.95..57555.42 rows=1 width=34)
                                       Workers Planned: 4
                                       ->  Parallel Hash Right Anti Join  (cost=28579.95..56555.32 rows=1 width=34)
                                             Hash Cond: (l3.l_orderkey = l1.l_orderkey)
                                             Join Filter: (l3.l_suppkey <> l1.l_suppkey)
                                             ->  Parallel Index Only Scan using q21_idx_2 on lineitem l3  (cost=0.43..26017.21 rows=500093 width=8)
                                             ->  Parallel Hash  (cost=28329.79..28329.79 rows=19978 width=34)
                                                   ->  Hash Join  (cost=237.88..28329.79 rows=19978 width=34)
                                                         Hash Cond: (l1.l_suppkey = supplier.s_suppkey)
                                                         ->  Parallel Index Only Scan using q21_idx_2 on lineitem l1  (cost=0.43..26017.21 rows=500093 width=8)
                                                         ->  Hash  (cost=232.45..232.45 rows=400 width=30)
                                                               ->  Nested Loop  (cost=5.38..232.45 rows=400 width=30)
                                                                     ->  Seq Scan on nation  (cost=0.00..1.31 rows=1 width=4)
                                                                           Filter: (n_name = 'PERU'::bpchar)
                                                                     ->  Bitmap Heap Scan on supplier  (cost=5.38..227.14 rows=400 width=34)
                                                                           Recheck Cond: (s_nationkey = nation.n_nationkey)
                                                                           ->  Bitmap Index Scan on idx_supplier_nation_key  (cost=0.00..5.29 rows=400 width=0)
                                                                                 Index Cond: (s_nationkey = nation.n_nationkey)
                                 ->  Index Only Scan using q21_idx_3 on orders  (cost=0.43..2.36 rows=1 width=4)
                                       Index Cond: ((o_orderkey = l1.l_orderkey) AND (o_orderstatus = 'F'::bpchar))
                           ->  Index Only Scan using q21_idx_1 on lineitem l2  (cost=0.43..2.42 rows=4 width=8)
                                 Index Cond: (l_orderkey = orders.o_orderkey)
(32 rows)

query 21 run 3
SET
SET
SET
                                                                           QUERY PLAN                                                                           
----------------------------------------------------------------------------------------------------------------------------------------------------------------
 Limit  (cost=57560.25..57560.26 rows=1 width=34)
   ->  Sort  (cost=57560.25..57560.26 rows=1 width=34)
         Sort Key: (count(*)) DESC, supplier.s_name
         ->  GroupAggregate  (cost=57560.22..57560.24 rows=1 width=34)
               Group Key: supplier.s_name
               ->  Sort  (cost=57560.22..57560.23 rows=1 width=26)
                     Sort Key: supplier.s_name
                     ->  Nested Loop Semi Join  (cost=29580.81..57560.21 rows=1 width=26)
                           Join Filter: (l2.l_suppkey <> l1.l_suppkey)
                           ->  Nested Loop  (cost=29580.38..57557.78 rows=1 width=38)
                                 ->  Gather  (cost=29579.95..57555.42 rows=1 width=34)
                                       Workers Planned: 4
                                       ->  Parallel Hash Right Anti Join  (cost=28579.95..56555.32 rows=1 width=34)
                                             Hash Cond: (l3.l_orderkey = l1.l_orderkey)
                                             Join Filter: (l3.l_suppkey <> l1.l_suppkey)
                                             ->  Parallel Index Only Scan using q21_idx_2 on lineitem l3  (cost=0.43..26017.21 rows=500093 width=8)
                                             ->  Parallel Hash  (cost=28329.79..28329.79 rows=19978 width=34)
                                                   ->  Hash Join  (cost=237.88..28329.79 rows=19978 width=34)
                                                         Hash Cond: (l1.l_suppkey = supplier.s_suppkey)
                                                         ->  Parallel Index Only Scan using q21_idx_2 on lineitem l1  (cost=0.43..26017.21 rows=500093 width=8)
                                                         ->  Hash  (cost=232.45..232.45 rows=400 width=30)
                                                               ->  Nested Loop  (cost=5.38..232.45 rows=400 width=30)
                                                                     ->  Seq Scan on nation  (cost=0.00..1.31 rows=1 width=4)
                                                                           Filter: (n_name = 'PERU'::bpchar)
                                                                     ->  Bitmap Heap Scan on supplier  (cost=5.38..227.14 rows=400 width=34)
                                                                           Recheck Cond: (s_nationkey = nation.n_nationkey)
                                                                           ->  Bitmap Index Scan on idx_supplier_nation_key  (cost=0.00..5.29 rows=400 width=0)
                                                                                 Index Cond: (s_nationkey = nation.n_nationkey)
                                 ->  Index Only Scan using q21_idx_3 on orders  (cost=0.43..2.36 rows=1 width=4)
                                       Index Cond: ((o_orderkey = l1.l_orderkey) AND (o_orderstatus = 'F'::bpchar))
                           ->  Index Only Scan using q21_idx_1 on lineitem l2  (cost=0.43..2.42 rows=4 width=8)
                                 Index Cond: (l_orderkey = orders.o_orderkey)
(32 rows)

query 21 run 4
SET
SET
SET
                                                                           QUERY PLAN                                                                           
----------------------------------------------------------------------------------------------------------------------------------------------------------------
 Limit  (cost=57560.25..57560.26 rows=1 width=34)
   ->  Sort  (cost=57560.25..57560.26 rows=1 width=34)
         Sort Key: (count(*)) DESC, supplier.s_name
         ->  GroupAggregate  (cost=57560.22..57560.24 rows=1 width=34)
               Group Key: supplier.s_name
               ->  Sort  (cost=57560.22..57560.23 rows=1 width=26)
                     Sort Key: supplier.s_name
                     ->  Nested Loop Semi Join  (cost=29580.81..57560.21 rows=1 width=26)
                           Join Filter: (l2.l_suppkey <> l1.l_suppkey)
                           ->  Nested Loop  (cost=29580.38..57557.78 rows=1 width=38)
                                 ->  Gather  (cost=29579.95..57555.42 rows=1 width=34)
                                       Workers Planned: 4
                                       ->  Parallel Hash Right Anti Join  (cost=28579.95..56555.32 rows=1 width=34)
                                             Hash Cond: (l3.l_orderkey = l1.l_orderkey)
                                             Join Filter: (l3.l_suppkey <> l1.l_suppkey)
                                             ->  Parallel Index Only Scan using q21_idx_2 on lineitem l3  (cost=0.43..26017.21 rows=500093 width=8)
                                             ->  Parallel Hash  (cost=28329.79..28329.79 rows=19978 width=34)
                                                   ->  Hash Join  (cost=237.88..28329.79 rows=19978 width=34)
                                                         Hash Cond: (l1.l_suppkey = supplier.s_suppkey)
                                                         ->  Parallel Index Only Scan using q21_idx_2 on lineitem l1  (cost=0.43..26017.21 rows=500093 width=8)
                                                         ->  Hash  (cost=232.45..232.45 rows=400 width=30)
                                                               ->  Nested Loop  (cost=5.38..232.45 rows=400 width=30)
                                                                     ->  Seq Scan on nation  (cost=0.00..1.31 rows=1 width=4)
                                                                           Filter: (n_name = 'PERU'::bpchar)
                                                                     ->  Bitmap Heap Scan on supplier  (cost=5.38..227.14 rows=400 width=34)
                                                                           Recheck Cond: (s_nationkey = nation.n_nationkey)
                                                                           ->  Bitmap Index Scan on idx_supplier_nation_key  (cost=0.00..5.29 rows=400 width=0)
                                                                                 Index Cond: (s_nationkey = nation.n_nationkey)
                                 ->  Index Only Scan using q21_idx_3 on orders  (cost=0.43..2.36 rows=1 width=4)
                                       Index Cond: ((o_orderkey = l1.l_orderkey) AND (o_orderstatus = 'F'::bpchar))
                           ->  Index Only Scan using q21_idx_1 on lineitem l2  (cost=0.43..2.42 rows=4 width=8)
                                 Index Cond: (l_orderkey = orders.o_orderkey)
(32 rows)

query 21 run 5
SET
SET
SET
                                                                           QUERY PLAN                                                                           
----------------------------------------------------------------------------------------------------------------------------------------------------------------
 Limit  (cost=57560.25..57560.26 rows=1 width=34)
   ->  Sort  (cost=57560.25..57560.26 rows=1 width=34)
         Sort Key: (count(*)) DESC, supplier.s_name
         ->  GroupAggregate  (cost=57560.22..57560.24 rows=1 width=34)
               Group Key: supplier.s_name
               ->  Sort  (cost=57560.22..57560.23 rows=1 width=26)
                     Sort Key: supplier.s_name
                     ->  Nested Loop Semi Join  (cost=29580.81..57560.21 rows=1 width=26)
                           Join Filter: (l2.l_suppkey <> l1.l_suppkey)
                           ->  Nested Loop  (cost=29580.38..57557.78 rows=1 width=38)
                                 ->  Gather  (cost=29579.95..57555.42 rows=1 width=34)
                                       Workers Planned: 4
                                       ->  Parallel Hash Right Anti Join  (cost=28579.95..56555.32 rows=1 width=34)
                                             Hash Cond: (l3.l_orderkey = l1.l_orderkey)
                                             Join Filter: (l3.l_suppkey <> l1.l_suppkey)
                                             ->  Parallel Index Only Scan using q21_idx_2 on lineitem l3  (cost=0.43..26017.21 rows=500093 width=8)
                                             ->  Parallel Hash  (cost=28329.79..28329.79 rows=19978 width=34)
                                                   ->  Hash Join  (cost=237.88..28329.79 rows=19978 width=34)
                                                         Hash Cond: (l1.l_suppkey = supplier.s_suppkey)
                                                         ->  Parallel Index Only Scan using q21_idx_2 on lineitem l1  (cost=0.43..26017.21 rows=500093 width=8)
                                                         ->  Hash  (cost=232.45..232.45 rows=400 width=30)
                                                               ->  Nested Loop  (cost=5.38..232.45 rows=400 width=30)
                                                                     ->  Seq Scan on nation  (cost=0.00..1.31 rows=1 width=4)
                                                                           Filter: (n_name = 'PERU'::bpchar)
                                                                     ->  Bitmap Heap Scan on supplier  (cost=5.38..227.14 rows=400 width=34)
                                                                           Recheck Cond: (s_nationkey = nation.n_nationkey)
                                                                           ->  Bitmap Index Scan on idx_supplier_nation_key  (cost=0.00..5.29 rows=400 width=0)
                                                                                 Index Cond: (s_nationkey = nation.n_nationkey)
                                 ->  Index Only Scan using q21_idx_3 on orders  (cost=0.43..2.36 rows=1 width=4)
                                       Index Cond: ((o_orderkey = l1.l_orderkey) AND (o_orderstatus = 'F'::bpchar))
                           ->  Index Only Scan using q21_idx_1 on lineitem l2  (cost=0.43..2.42 rows=4 width=8)
                                 Index Cond: (l_orderkey = orders.o_orderkey)
(32 rows)

query 22 run 1
SET
SET
SET
                                                                        QUERY PLAN                                                                        
----------------------------------------------------------------------------------------------------------------------------------------------------------
 Limit  (cost=12515.56..12517.19 rows=1 width=72)
   InitPlan 1
     ->  Finalize Aggregate  (cost=6242.81..6242.82 rows=1 width=32)
           ->  Gather  (cost=6242.59..6242.80 rows=2 width=32)
                 Workers Planned: 2
                 ->  Partial Aggregate  (cost=5242.59..5242.60 rows=1 width=32)
                       ->  Parallel Seq Scan on customer customer_1  (cost=0.00..5237.62 rows=1984 width=6)
                             Filter: ((c_acctbal > 0.00) AND (SUBSTRING(c_phone FROM 1 FOR 2) = ANY ('{21,29,26,34,14,15,17}'::text[])))
   ->  GroupAggregate  (cost=6272.74..7504.08 rows=754 width=72)
         Group Key: SUBSTRING(customer.c_phone FROM 1 FOR 2)
         ->  Nested Loop Anti Join  (cost=6272.74..7485.23 rows=754 width=38)
               ->  Gather Merge  (cost=6272.31..6476.13 rows=1750 width=26)
                     Workers Planned: 2
                     ->  Sort  (cost=5272.29..5274.11 rows=729 width=26)
                           Sort Key: (SUBSTRING(customer.c_phone FROM 1 FOR 2))
                           ->  Parallel Seq Scan on customer  (cost=0.00..5237.62 rows=729 width=26)
                                 Filter: ((c_acctbal > (InitPlan 1).col1) AND (SUBSTRING(c_phone FROM 1 FOR 2) = ANY ('{21,29,26,34,14,15,17}'::text[])))
               ->  Index Only Scan using idx_orders_custkey on orders  (cost=0.43..2.02 rows=18 width=4)
                     Index Cond: (o_custkey = customer.c_custkey)
(19 rows)

query 22 run 2
SET
SET
SET
                                                                        QUERY PLAN                                                                        
----------------------------------------------------------------------------------------------------------------------------------------------------------
 Limit  (cost=12515.56..12517.19 rows=1 width=72)
   InitPlan 1
     ->  Finalize Aggregate  (cost=6242.81..6242.82 rows=1 width=32)
           ->  Gather  (cost=6242.59..6242.80 rows=2 width=32)
                 Workers Planned: 2
                 ->  Partial Aggregate  (cost=5242.59..5242.60 rows=1 width=32)
                       ->  Parallel Seq Scan on customer customer_1  (cost=0.00..5237.62 rows=1984 width=6)
                             Filter: ((c_acctbal > 0.00) AND (SUBSTRING(c_phone FROM 1 FOR 2) = ANY ('{21,29,26,34,14,15,17}'::text[])))
   ->  GroupAggregate  (cost=6272.74..7504.08 rows=754 width=72)
         Group Key: SUBSTRING(customer.c_phone FROM 1 FOR 2)
         ->  Nested Loop Anti Join  (cost=6272.74..7485.23 rows=754 width=38)
               ->  Gather Merge  (cost=6272.31..6476.13 rows=1750 width=26)
                     Workers Planned: 2
                     ->  Sort  (cost=5272.29..5274.11 rows=729 width=26)
                           Sort Key: (SUBSTRING(customer.c_phone FROM 1 FOR 2))
                           ->  Parallel Seq Scan on customer  (cost=0.00..5237.62 rows=729 width=26)
                                 Filter: ((c_acctbal > (InitPlan 1).col1) AND (SUBSTRING(c_phone FROM 1 FOR 2) = ANY ('{21,29,26,34,14,15,17}'::text[])))
               ->  Index Only Scan using idx_orders_custkey on orders  (cost=0.43..2.02 rows=18 width=4)
                     Index Cond: (o_custkey = customer.c_custkey)
(19 rows)

query 22 run 3
SET
SET
SET
                                                                        QUERY PLAN                                                                        
----------------------------------------------------------------------------------------------------------------------------------------------------------
 Limit  (cost=12515.56..12517.19 rows=1 width=72)
   InitPlan 1
     ->  Finalize Aggregate  (cost=6242.81..6242.82 rows=1 width=32)
           ->  Gather  (cost=6242.59..6242.80 rows=2 width=32)
                 Workers Planned: 2
                 ->  Partial Aggregate  (cost=5242.59..5242.60 rows=1 width=32)
                       ->  Parallel Seq Scan on customer customer_1  (cost=0.00..5237.62 rows=1984 width=6)
                             Filter: ((c_acctbal > 0.00) AND (SUBSTRING(c_phone FROM 1 FOR 2) = ANY ('{21,29,26,34,14,15,17}'::text[])))
   ->  GroupAggregate  (cost=6272.74..7504.08 rows=754 width=72)
         Group Key: SUBSTRING(customer.c_phone FROM 1 FOR 2)
         ->  Nested Loop Anti Join  (cost=6272.74..7485.23 rows=754 width=38)
               ->  Gather Merge  (cost=6272.31..6476.13 rows=1750 width=26)
                     Workers Planned: 2
                     ->  Sort  (cost=5272.29..5274.11 rows=729 width=26)
                           Sort Key: (SUBSTRING(customer.c_phone FROM 1 FOR 2))
                           ->  Parallel Seq Scan on customer  (cost=0.00..5237.62 rows=729 width=26)
                                 Filter: ((c_acctbal > (InitPlan 1).col1) AND (SUBSTRING(c_phone FROM 1 FOR 2) = ANY ('{21,29,26,34,14,15,17}'::text[])))
               ->  Index Only Scan using idx_orders_custkey on orders  (cost=0.43..2.02 rows=18 width=4)
                     Index Cond: (o_custkey = customer.c_custkey)
(19 rows)

query 22 run 4
SET
SET
SET
                                                                        QUERY PLAN                                                                        
----------------------------------------------------------------------------------------------------------------------------------------------------------
 Limit  (cost=12515.56..12517.19 rows=1 width=72)
   InitPlan 1
     ->  Finalize Aggregate  (cost=6242.81..6242.82 rows=1 width=32)
           ->  Gather  (cost=6242.59..6242.80 rows=2 width=32)
                 Workers Planned: 2
                 ->  Partial Aggregate  (cost=5242.59..5242.60 rows=1 width=32)
                       ->  Parallel Seq Scan on customer customer_1  (cost=0.00..5237.62 rows=1984 width=6)
                             Filter: ((c_acctbal > 0.00) AND (SUBSTRING(c_phone FROM 1 FOR 2) = ANY ('{21,29,26,34,14,15,17}'::text[])))
   ->  GroupAggregate  (cost=6272.74..7504.08 rows=754 width=72)
         Group Key: SUBSTRING(customer.c_phone FROM 1 FOR 2)
         ->  Nested Loop Anti Join  (cost=6272.74..7485.23 rows=754 width=38)
               ->  Gather Merge  (cost=6272.31..6476.13 rows=1750 width=26)
                     Workers Planned: 2
                     ->  Sort  (cost=5272.29..5274.11 rows=729 width=26)
                           Sort Key: (SUBSTRING(customer.c_phone FROM 1 FOR 2))
                           ->  Parallel Seq Scan on customer  (cost=0.00..5237.62 rows=729 width=26)
                                 Filter: ((c_acctbal > (InitPlan 1).col1) AND (SUBSTRING(c_phone FROM 1 FOR 2) = ANY ('{21,29,26,34,14,15,17}'::text[])))
               ->  Index Only Scan using idx_orders_custkey on orders  (cost=0.43..2.02 rows=18 width=4)
                     Index Cond: (o_custkey = customer.c_custkey)
(19 rows)

query 22 run 5
SET
SET
SET
                                                                        QUERY PLAN                                                                        
----------------------------------------------------------------------------------------------------------------------------------------------------------
 Limit  (cost=12515.56..12517.19 rows=1 width=72)
   InitPlan 1
     ->  Finalize Aggregate  (cost=6242.81..6242.82 rows=1 width=32)
           ->  Gather  (cost=6242.59..6242.80 rows=2 width=32)
                 Workers Planned: 2
                 ->  Partial Aggregate  (cost=5242.59..5242.60 rows=1 width=32)
                       ->  Parallel Seq Scan on customer customer_1  (cost=0.00..5237.62 rows=1984 width=6)
                             Filter: ((c_acctbal > 0.00) AND (SUBSTRING(c_phone FROM 1 FOR 2) = ANY ('{21,29,26,34,14,15,17}'::text[])))
   ->  GroupAggregate  (cost=6272.74..7504.08 rows=754 width=72)
         Group Key: SUBSTRING(customer.c_phone FROM 1 FOR 2)
         ->  Nested Loop Anti Join  (cost=6272.74..7485.23 rows=754 width=38)
               ->  Gather Merge  (cost=6272.31..6476.13 rows=1750 width=26)
                     Workers Planned: 2
                     ->  Sort  (cost=5272.29..5274.11 rows=729 width=26)
                           Sort Key: (SUBSTRING(customer.c_phone FROM 1 FOR 2))
                           ->  Parallel Seq Scan on customer  (cost=0.00..5237.62 rows=729 width=26)
                                 Filter: ((c_acctbal > (InitPlan 1).col1) AND (SUBSTRING(c_phone FROM 1 FOR 2) = ANY ('{21,29,26,34,14,15,17}'::text[])))
               ->  Index Only Scan using idx_orders_custkey on orders  (cost=0.43..2.02 rows=18 width=4)
                     Index Cond: (o_custkey = customer.c_custkey)
(19 rows)

