query 1 run 1
SET
SET
SET
                                                                         QUERY PLAN                                                                          
-------------------------------------------------------------------------------------------------------------------------------------------------------------
 Limit  (cost=184171.97..184172.60 rows=1 width=236) (actual time=1846.447..1849.991 rows=1 loops=1)
   ->  Finalize GroupAggregate  (cost=184171.97..184175.78 rows=6 width=236) (actual time=1846.445..1849.989 rows=1 loops=1)
         Group Key: l_returnflag, l_linestatus
         ->  Gather Merge  (cost=184171.97..184174.84 rows=24 width=236) (actual time=1846.415..1849.961 rows=6 loops=1)
               Workers Planned: 4
               Workers Launched: 4
               ->  Sort  (cost=183171.91..183171.92 rows=6 width=236) (actual time=1835.264..1835.265 rows=4 loops=5)
                     Sort Key: l_returnflag, l_linestatus
                     Sort Method: quicksort  Memory: 26kB
                     Worker 0:  Sort Method: quicksort  Memory: 26kB
                     Worker 1:  Sort Method: quicksort  Memory: 26kB
                     Worker 2:  Sort Method: quicksort  Memory: 26kB
                     Worker 3:  Sort Method: quicksort  Memory: 26kB
                     ->  Partial HashAggregate  (cost=183171.70..183171.83 rows=6 width=236) (actual time=1835.215..1835.220 rows=4 loops=5)
                           Group Key: l_returnflag, l_linestatus
                           Batches: 1  Memory Usage: 24kB
                           Worker 0:  Batches: 1  Memory Usage: 24kB
                           Worker 1:  Batches: 1  Memory Usage: 24kB
                           Worker 2:  Batches: 1  Memory Usage: 24kB
                           Worker 3:  Batches: 1  Memory Usage: 24kB
                           ->  Parallel Seq Scan on lineitem  (cost=0.00..131315.27 rows=1481612 width=25) (actual time=0.475..495.217 rows=1186191 loops=5)
                                 Filter: (l_shipdate <= '1998-09-10 00:00:00'::timestamp without time zone)
                                 Rows Removed by Filter: 14052
 Planning Time: 19.310 ms
 Execution Time: 1850.924 ms
(25 rows)

SET
SET
SET
                                                                         QUERY PLAN                                                                          
-------------------------------------------------------------------------------------------------------------------------------------------------------------
 Limit  (cost=184171.97..184172.60 rows=1 width=236) (actual time=1659.903..1660.546 rows=1 loops=1)
   ->  Finalize GroupAggregate  (cost=184171.97..184175.78 rows=6 width=236) (actual time=1659.901..1660.543 rows=1 loops=1)
         Group Key: l_returnflag, l_linestatus
         ->  Gather Merge  (cost=184171.97..184174.84 rows=24 width=236) (actual time=1659.866..1660.511 rows=6 loops=1)
               Workers Planned: 4
               Workers Launched: 4
               ->  Sort  (cost=183171.91..183171.92 rows=6 width=236) (actual time=1654.801..1654.802 rows=4 loops=5)
                     Sort Key: l_returnflag, l_linestatus
                     Sort Method: quicksort  Memory: 26kB
                     Worker 0:  Sort Method: quicksort  Memory: 26kB
                     Worker 1:  Sort Method: quicksort  Memory: 26kB
                     Worker 2:  Sort Method: quicksort  Memory: 26kB
                     Worker 3:  Sort Method: quicksort  Memory: 26kB
                     ->  Partial HashAggregate  (cost=183171.70..183171.83 rows=6 width=236) (actual time=1654.755..1654.760 rows=4 loops=5)
                           Group Key: l_returnflag, l_linestatus
                           Batches: 1  Memory Usage: 24kB
                           Worker 0:  Batches: 1  Memory Usage: 24kB
                           Worker 1:  Batches: 1  Memory Usage: 24kB
                           Worker 2:  Batches: 1  Memory Usage: 24kB
                           Worker 3:  Batches: 1  Memory Usage: 24kB
                           ->  Parallel Seq Scan on lineitem  (cost=0.00..131315.27 rows=1481612 width=25) (actual time=0.032..261.845 rows=1186191 loops=5)
                                 Filter: (l_shipdate <= '1998-09-10 00:00:00'::timestamp without time zone)
                                 Rows Removed by Filter: 14052
 Planning Time: 1.260 ms
 Execution Time: 1660.669 ms
(25 rows)

query 2 run 1
SET
SET
SET
                                                                                                QUERY PLAN                                                                                                
----------------------------------------------------------------------------------------------------------------------------------------------------------------------------------------------------------
 Limit  (cost=18569.23..18569.24 rows=1 width=192) (actual time=171.951..171.964 rows=100 loops=1)
   ->  Sort  (cost=18569.23..18569.24 rows=1 width=192) (actual time=171.951..171.958 rows=100 loops=1)
         Sort Key: supplier.s_acctbal DESC, nation.n_name, supplier.s_name, part.p_partkey
         Sort Method: top-N heapsort  Memory: 70kB
         ->  Nested Loop  (cost=14.58..18569.22 rows=1 width=192) (actual time=5.552..171.543 rows=489 loops=1)
               Join Filter: (supplier.s_nationkey = nation.n_nationkey)
               Rows Removed by Join Filter: 1956
               ->  Nested Loop  (cost=0.00..2.62 rows=5 width=30) (actual time=0.285..0.290 rows=5 loops=1)
                     Join Filter: (nation.n_regionkey = region.r_regionkey)
                     Rows Removed by Join Filter: 20
                     ->  Seq Scan on region  (cost=0.00..1.06 rows=1 width=4) (actual time=0.145..0.147 rows=1 loops=1)
                           Filter: (r_name = 'AMERICA'::bpchar)
                           Rows Removed by Filter: 4
                     ->  Seq Scan on nation  (cost=0.00..1.25 rows=25 width=34) (actual time=0.136..0.138 rows=25 loops=1)
               ->  Materialize  (cost=14.58..18566.53 rows=1 width=170) (actual time=0.388..34.159 rows=489 loops=5)
                     Storage: Memory  Maximum Storage: 113kB
                     ->  Nested Loop  (cost=14.58..18566.52 rows=1 width=170) (actual time=1.930..169.975 rows=489 loops=1)
                           ->  Nested Loop  (cost=14.30..18565.25 rows=1 width=34) (actual time=1.485..128.718 rows=489 loops=1)
                                 ->  Index Only Scan using q2_idx_1 on part  (cost=0.42..5438.08 rows=836 width=30) (actual time=0.174..26.437 rows=799 loops=1)
                                       Index Cond: (p_size = 16)
                                       Filter: ((p_type)::text ~~ '%NICKEL'::text)
                                       Rows Removed by Filter: 3304
                                       Heap Fetches: 0
                                 ->  Index Only Scan using q2_idx_2 on partsupp  (cost=13.88..15.69 rows=1 width=14) (actual time=0.002..0.002 rows=1 loops=799)
                                       Index Cond: ((ps_partkey = part.p_partkey) AND (ps_supplycost = (SubPlan 1)))
                                       Heap Fetches: 0
                                       SubPlan 1
                                         ->  Aggregate  (cost=13.44..13.45 rows=1 width=32) (actual time=0.124..0.124 rows=1 loops=799)
                                               ->  Nested Loop  (cost=0.85..13.44 rows=1 width=6) (actual time=0.110..0.121 rows=1 loops=799)
                                                     Join Filter: (nation_1.n_regionkey = region_1.r_regionkey)
                                                     Rows Removed by Join Filter: 3
                                                     ->  Seq Scan on region region_1  (cost=0.00..1.06 rows=1 width=4) (actual time=0.001..0.002 rows=1 loops=799)
                                                           Filter: (r_name = 'AMERICA'::bpchar)
                                                           Rows Removed by Filter: 4
                                                     ->  Nested Loop  (cost=0.85..12.33 rows=4 width=10) (actual time=0.088..0.119 rows=4 loops=799)
                                                           ->  Nested Loop  (cost=0.71..11.71 rows=4 width=10) (actual time=0.085..0.111 rows=4 loops=799)
                                                                 ->  Index Only Scan using q2_idx_2 on partsupp partsupp_1  (cost=0.42..2.49 rows=4 width=10) (actual time=0.080..0.083 rows=4 loops=799)
                                                                       Index Cond: (ps_partkey = part.p_partkey)
                                                                       Heap Fetches: 0
                                                                 ->  Index Only Scan using q2_idx_3 on supplier supplier_1  (cost=0.29..2.30 rows=1 width=8) (actual time=0.006..0.006 rows=1 loops=3196)
                                                                       Index Cond: (s_suppkey = partsupp_1.ps_suppkey)
                                                                       Heap Fetches: 0
                                                           ->  Index Scan using nation_pkey on nation nation_1  (cost=0.14..0.16 rows=1 width=8) (actual time=0.001..0.001 rows=1 loops=3196)
                                                                 Index Cond: (n_nationkey = supplier_1.s_nationkey)
                           ->  Index Scan using supplier_pkey on supplier  (cost=0.29..1.27 rows=1 width=144) (actual time=0.083..0.083 rows=1 loops=489)
                                 Index Cond: (s_suppkey = partsupp.ps_suppkey)
 Planning Time: 24.080 ms
 Execution Time: 172.116 ms
(48 rows)

SET
SET
SET
                                                                                                QUERY PLAN                                                                                                
----------------------------------------------------------------------------------------------------------------------------------------------------------------------------------------------------------
 Limit  (cost=18569.23..18569.24 rows=1 width=192) (actual time=26.574..26.588 rows=100 loops=1)
   ->  Sort  (cost=18569.23..18569.24 rows=1 width=192) (actual time=26.573..26.580 rows=100 loops=1)
         Sort Key: supplier.s_acctbal DESC, nation.n_name, supplier.s_name, part.p_partkey
         Sort Method: top-N heapsort  Memory: 70kB
         ->  Nested Loop  (cost=14.58..18569.22 rows=1 width=192) (actual time=0.216..26.225 rows=489 loops=1)
               Join Filter: (supplier.s_nationkey = nation.n_nationkey)
               Rows Removed by Join Filter: 1956
               ->  Nested Loop  (cost=0.00..2.62 rows=5 width=30) (actual time=0.019..0.025 rows=5 loops=1)
                     Join Filter: (nation.n_regionkey = region.r_regionkey)
                     Rows Removed by Join Filter: 20
                     ->  Seq Scan on region  (cost=0.00..1.06 rows=1 width=4) (actual time=0.007..0.008 rows=1 loops=1)
                           Filter: (r_name = 'AMERICA'::bpchar)
                           Rows Removed by Filter: 4
                     ->  Seq Scan on nation  (cost=0.00..1.25 rows=25 width=34) (actual time=0.010..0.011 rows=25 loops=1)
               ->  Materialize  (cost=14.58..18566.53 rows=1 width=170) (actual time=0.019..5.177 rows=489 loops=5)
                     Storage: Memory  Maximum Storage: 113kB
                     ->  Nested Loop  (cost=14.58..18566.52 rows=1 width=170) (actual time=0.089..25.444 rows=489 loops=1)
                           ->  Nested Loop  (cost=14.30..18565.25 rows=1 width=34) (actual time=0.078..24.199 rows=489 loops=1)
                                 ->  Index Only Scan using q2_idx_1 on part  (cost=0.42..5438.08 rows=836 width=30) (actual time=0.013..8.582 rows=799 loops=1)
                                       Index Cond: (p_size = 16)
                                       Filter: ((p_type)::text ~~ '%NICKEL'::text)
                                       Rows Removed by Filter: 3304
                                       Heap Fetches: 0
                                 ->  Index Only Scan using q2_idx_2 on partsupp  (cost=13.88..15.69 rows=1 width=14) (actual time=0.001..0.001 rows=1 loops=799)
                                       Index Cond: ((ps_partkey = part.p_partkey) AND (ps_supplycost = (SubPlan 1)))
                                       Heap Fetches: 0
                                       SubPlan 1
                                         ->  Aggregate  (cost=13.44..13.45 rows=1 width=32) (actual time=0.017..0.017 rows=1 loops=799)
                                               ->  Nested Loop  (cost=0.85..13.44 rows=1 width=6) (actual time=0.012..0.016 rows=1 loops=799)
                                                     Join Filter: (nation_1.n_regionkey = region_1.r_regionkey)
                                                     Rows Removed by Join Filter: 3
                                                     ->  Seq Scan on region region_1  (cost=0.00..1.06 rows=1 width=4) (actual time=0.001..0.001 rows=1 loops=799)
                                                           Filter: (r_name = 'AMERICA'::bpchar)
                                                           Rows Removed by Filter: 4
                                                     ->  Nested Loop  (cost=0.85..12.33 rows=4 width=10) (actual time=0.006..0.014 rows=4 loops=799)
                                                           ->  Nested Loop  (cost=0.71..11.71 rows=4 width=10) (actual time=0.004..0.009 rows=4 loops=799)
                                                                 ->  Index Only Scan using q2_idx_2 on partsupp partsupp_1  (cost=0.42..2.49 rows=4 width=10) (actual time=0.003..0.003 rows=4 loops=799)
                                                                       Index Cond: (ps_partkey = part.p_partkey)
                                                                       Heap Fetches: 0
                                                                 ->  Index Only Scan using q2_idx_3 on supplier supplier_1  (cost=0.29..2.30 rows=1 width=8) (actual time=0.001..0.001 rows=1 loops=3196)
                                                                       Index Cond: (s_suppkey = partsupp_1.ps_suppkey)
                                                                       Heap Fetches: 0
                                                           ->  Index Scan using nation_pkey on nation nation_1  (cost=0.14..0.16 rows=1 width=8) (actual time=0.001..0.001 rows=1 loops=3196)
                                                                 Index Cond: (n_nationkey = supplier_1.s_nationkey)
                           ->  Index Scan using supplier_pkey on supplier  (cost=0.29..1.27 rows=1 width=144) (actual time=0.002..0.002 rows=1 loops=489)
                                 Index Cond: (s_suppkey = partsupp.ps_suppkey)
 Planning Time: 2.501 ms
 Execution Time: 26.714 ms
(48 rows)

query 3 run 1
SET
SET
SET
                                                                                 QUERY PLAN                                                                                 
----------------------------------------------------------------------------------------------------------------------------------------------------------------------------
 Limit  (cost=232715.49..232715.51 rows=10 width=44) (actual time=1170.694..1173.087 rows=10 loops=1)
   ->  Sort  (cost=232715.49..233497.74 rows=312901 width=44) (actual time=1170.692..1173.084 rows=10 loops=1)
         Sort Key: (sum((lineitem.l_extendedprice * ('1'::numeric - lineitem.l_discount)))) DESC, orders.o_orderdate
         Sort Method: top-N heapsort  Memory: 26kB
         ->  GroupAggregate  (cost=179883.94..225953.81 rows=312901 width=44) (actual time=1148.517..1170.886 rows=11612 loops=1)
               Group Key: lineitem.l_orderkey, orders.o_orderdate, orders.o_shippriority
               ->  Gather Merge  (cost=179883.94..217349.03 rows=312901 width=24) (actual time=1148.503..1155.721 rows=30533 loops=1)
                     Workers Planned: 4
                     Workers Launched: 4
                     ->  Sort  (cost=178883.88..179079.45 rows=78225 width=24) (actual time=1136.065..1136.324 rows=6107 loops=5)
                           Sort Key: lineitem.l_orderkey, orders.o_orderdate, orders.o_shippriority
                           Sort Method: quicksort  Memory: 497kB
                           Worker 0:  Sort Method: quicksort  Memory: 466kB
                           Worker 1:  Sort Method: quicksort  Memory: 461kB
                           Worker 2:  Sort Method: quicksort  Memory: 468kB
                           Worker 3:  Sort Method: quicksort  Memory: 444kB
                           ->  Parallel Hash Join  (cost=37900.61..172526.01 rows=78225 width=24) (actual time=218.133..1133.486 rows=6107 loops=5)
                                 Hash Cond: (lineitem.l_orderkey = orders.o_orderkey)
                                 ->  Parallel Seq Scan on lineitem  (cost=0.00..131315.27 rows=815430 width=16) (actual time=0.615..849.075 rows=652375 loops=5)
                                       Filter: (l_shipdate > '1995-03-07'::date)
                                       Rows Removed by Filter: 547868
                                 ->  Parallel Hash  (cost=37320.38..37320.38 rows=46418 width=12) (actual time=215.975..215.977 rows=29213 loops=5)
                                       Buckets: 262144  Batches: 1  Memory Usage: 9024kB
                                       ->  Parallel Hash Join  (cost=4535.46..37320.38 rows=46418 width=12) (actual time=19.869..206.349 rows=29213 loops=5)
                                             Hash Cond: (orders.o_custkey = customer.c_custkey)
                                             ->  Parallel Seq Scan on orders  (cost=0.00..32179.39 rows=230670 width=16) (actual time=0.504..157.610 rows=144455 loops=5)
                                                   Filter: (o_orderdate < '1995-03-07'::date)
                                                   Rows Removed by Filter: 155545
                                             ->  Parallel Hash  (cost=4378.25..4378.25 rows=12577 width=4) (actual time=19.245..19.245 rows=6028 loops=5)
                                                   Buckets: 32768  Batches: 1  Memory Usage: 1536kB
                                                   ->  Parallel Seq Scan on customer  (cost=0.00..4378.25 rows=12577 width=4) (actual time=0.242..17.032 rows=6028 loops=5)
                                                         Filter: (c_mktsegment = 'BUILDING'::bpchar)
                                                         Rows Removed by Filter: 23972
 Planning Time: 28.083 ms
 Execution Time: 1173.259 ms
(35 rows)

SET
SET
SET
                                                                                QUERY PLAN                                                                                 
---------------------------------------------------------------------------------------------------------------------------------------------------------------------------
 Limit  (cost=232715.49..232715.51 rows=10 width=44) (actual time=422.303..423.655 rows=10 loops=1)
   ->  Sort  (cost=232715.49..233497.74 rows=312901 width=44) (actual time=422.302..423.653 rows=10 loops=1)
         Sort Key: (sum((lineitem.l_extendedprice * ('1'::numeric - lineitem.l_discount)))) DESC, orders.o_orderdate
         Sort Method: top-N heapsort  Memory: 26kB
         ->  GroupAggregate  (cost=179883.94..225953.81 rows=312901 width=44) (actual time=400.334..421.454 rows=11612 loops=1)
               Group Key: lineitem.l_orderkey, orders.o_orderdate, orders.o_shippriority
               ->  Gather Merge  (cost=179883.94..217349.03 rows=312901 width=24) (actual time=400.320..406.242 rows=30533 loops=1)
                     Workers Planned: 4
                     Workers Launched: 4
                     ->  Sort  (cost=178883.88..179079.45 rows=78225 width=24) (actual time=395.588..395.853 rows=6107 loops=5)
                           Sort Key: lineitem.l_orderkey, orders.o_orderdate, orders.o_shippriority
                           Sort Method: quicksort  Memory: 389kB
                           Worker 0:  Sort Method: quicksort  Memory: 441kB
                           Worker 1:  Sort Method: quicksort  Memory: 538kB
                           Worker 2:  Sort Method: quicksort  Memory: 504kB
                           Worker 3:  Sort Method: quicksort  Memory: 463kB
                           ->  Parallel Hash Join  (cost=37900.61..172526.01 rows=78225 width=24) (actual time=90.108..392.833 rows=6107 loops=5)
                                 Hash Cond: (lineitem.l_orderkey = orders.o_orderkey)
                                 ->  Parallel Seq Scan on lineitem  (cost=0.00..131315.27 rows=815430 width=16) (actual time=0.053..227.879 rows=652375 loops=5)
                                       Filter: (l_shipdate > '1995-03-07'::date)
                                       Rows Removed by Filter: 547868
                                 ->  Parallel Hash  (cost=37320.38..37320.38 rows=46418 width=12) (actual time=89.214..89.217 rows=29213 loops=5)
                                       Buckets: 262144  Batches: 1  Memory Usage: 8960kB
                                       ->  Parallel Hash Join  (cost=4535.46..37320.38 rows=46418 width=12) (actual time=9.248..80.780 rows=29213 loops=5)
                                             Hash Cond: (orders.o_custkey = customer.c_custkey)
                                             ->  Parallel Seq Scan on orders  (cost=0.00..32179.39 rows=230670 width=16) (actual time=0.016..46.143 rows=144455 loops=5)
                                                   Filter: (o_orderdate < '1995-03-07'::date)
                                                   Rows Removed by Filter: 155545
                                             ->  Parallel Hash  (cost=4378.25..4378.25 rows=12577 width=4) (actual time=8.468..8.468 rows=6028 loops=5)
                                                   Buckets: 32768  Batches: 1  Memory Usage: 1536kB
                                                   ->  Parallel Seq Scan on customer  (cost=0.00..4378.25 rows=12577 width=4) (actual time=0.010..6.465 rows=6028 loops=5)
                                                         Filter: (c_mktsegment = 'BUILDING'::bpchar)
                                                         Rows Removed by Filter: 23972
 Planning Time: 1.917 ms
 Execution Time: 423.820 ms
(35 rows)

query 4 run 1
SET
SET
SET
                                                                             QUERY PLAN                                                                              
---------------------------------------------------------------------------------------------------------------------------------------------------------------------
 Limit  (cost=29298.47..52256.03 rows=1 width=24) (actual time=926.136..930.958 rows=1 loops=1)
   ->  GroupAggregate  (cost=29298.47..144086.26 rows=5 width=24) (actual time=926.135..930.956 rows=1 loops=1)
         Group Key: orders.o_orderpriority
         ->  Nested Loop Semi Join  (cost=29298.47..143812.88 rows=54666 width=16) (actual time=421.294..926.975 rows=10479 loops=1)
               ->  Gather Merge  (cost=29298.04..35765.38 rows=54666 width=20) (actual time=420.802..431.820 rows=11387 loops=1)
                     Workers Planned: 3
                     Workers Launched: 3
                     ->  Sort  (cost=28298.00..28342.08 rows=17634 width=20) (actual time=413.168..413.556 rows=3745 loops=4)
                           Sort Key: orders.o_orderpriority
                           Sort Method: quicksort  Memory: 910kB
                           Worker 0:  Sort Method: quicksort  Memory: 950kB
                           Worker 1:  Sort Method: quicksort  Memory: 927kB
                           Worker 2:  Sort Method: quicksort  Memory: 938kB
                           ->  Parallel Bitmap Heap Scan on orders  (cost=658.75..27054.27 rows=17634 width=20) (actual time=4.729..407.583 rows=13993 loops=4)
                                 Recheck Cond: ((o_orderdate >= '1993-12-01'::date) AND (o_orderdate < '1994-03-01'::date))
                                 Heap Blocks: exact=5574
                                 Worker 0:  Heap Blocks: exact=5981
                                 Worker 1:  Heap Blocks: exact=5744
                                 Worker 2:  Heap Blocks: exact=5887
                                 ->  Bitmap Index Scan on idx_orders_orderdate  (cost=0.00..645.09 rows=54666 width=0) (actual time=7.164..7.164 rows=55973 loops=1)
                                       Index Cond: ((o_orderdate >= '1993-12-01'::date) AND (o_orderdate < '1994-03-01'::date))
               ->  Index Only Scan using q4_idx_1 on lineitem  (cost=0.43..2.22 rows=1 width=4) (actual time=0.043..0.043 rows=1 loops=11387)
                     Index Cond: (l_orderkey = orders.o_orderkey)
                     Heap Fetches: 0
 Planning Time: 23.179 ms
 Execution Time: 931.138 ms
(26 rows)

SET
SET
SET
                                                                             QUERY PLAN                                                                              
---------------------------------------------------------------------------------------------------------------------------------------------------------------------
 Limit  (cost=29298.47..52256.03 rows=1 width=24) (actual time=61.793..66.758 rows=1 loops=1)
   ->  GroupAggregate  (cost=29298.47..144086.26 rows=5 width=24) (actual time=61.792..66.756 rows=1 loops=1)
         Group Key: orders.o_orderpriority
         ->  Nested Loop Semi Join  (cost=29298.47..143812.88 rows=54666 width=16) (actual time=32.082..65.432 rows=10479 loops=1)
               ->  Gather Merge  (cost=29298.04..35765.38 rows=54666 width=20) (actual time=32.043..39.485 rows=11387 loops=1)
                     Workers Planned: 3
                     Workers Launched: 3
                     ->  Sort  (cost=28298.00..28342.08 rows=17634 width=20) (actual time=29.114..29.355 rows=3794 loops=4)
                           Sort Key: orders.o_orderpriority
                           Sort Method: quicksort  Memory: 932kB
                           Worker 0:  Sort Method: quicksort  Memory: 934kB
                           Worker 1:  Sort Method: quicksort  Memory: 929kB
                           Worker 2:  Sort Method: quicksort  Memory: 929kB
                           ->  Parallel Bitmap Heap Scan on orders  (cost=658.75..27054.27 rows=17634 width=20) (actual time=5.957..25.702 rows=13993 loops=4)
                                 Recheck Cond: ((o_orderdate >= '1993-12-01'::date) AND (o_orderdate < '1994-03-01'::date))
                                 Heap Blocks: exact=5835
                                 Worker 0:  Heap Blocks: exact=5844
                                 Worker 1:  Heap Blocks: exact=5750
                                 Worker 2:  Heap Blocks: exact=5757
                                 ->  Bitmap Index Scan on idx_orders_orderdate  (cost=0.00..645.09 rows=54666 width=0) (actual time=5.167..5.168 rows=55973 loops=1)
                                       Index Cond: ((o_orderdate >= '1993-12-01'::date) AND (o_orderdate < '1994-03-01'::date))
               ->  Index Only Scan using q4_idx_1 on lineitem  (cost=0.43..2.22 rows=1 width=4) (actual time=0.002..0.002 rows=1 loops=11387)
                     Index Cond: (l_orderkey = orders.o_orderkey)
                     Heap Fetches: 0
 Planning Time: 1.592 ms
 Execution Time: 66.916 ms
(26 rows)

query 5 run 1
SET
SET
SET
                                                                                            QUERY PLAN                                                                                            
--------------------------------------------------------------------------------------------------------------------------------------------------------------------------------------------------
 Limit  (cost=70805.39..70805.40 rows=1 width=58) (actual time=773.160..780.664 rows=1 loops=1)
   ->  Sort  (cost=70805.39..70805.46 rows=25 width=58) (actual time=773.159..780.662 rows=1 loops=1)
         Sort Key: (sum((lineitem.l_extendedprice * ('1'::numeric - lineitem.l_discount)))) DESC
         Sort Method: top-N heapsort  Memory: 25kB
         ->  Finalize GroupAggregate  (cost=70766.16..70805.27 rows=25 width=58) (actual time=772.700..780.639 rows=5 loops=1)
               Group Key: nation.n_name
               ->  Gather Merge  (cost=70766.16..70804.37 rows=78 width=58) (actual time=772.525..780.621 rows=20 loops=1)
                     Workers Planned: 3
                     Workers Launched: 3
                     ->  Partial GroupAggregate  (cost=69766.12..69795.17 rows=25 width=58) (actual time=764.615..765.222 rows=5 loops=4)
                           Group Key: nation.n_name
                           ->  Sort  (cost=69766.12..69771.86 rows=2299 width=38) (actual time=764.458..764.543 rows=1885 loops=4)
                                 Sort Key: nation.n_name
                                 Sort Method: quicksort  Memory: 147kB
                                 Worker 0:  Sort Method: quicksort  Memory: 150kB
                                 Worker 1:  Sort Method: quicksort  Memory: 156kB
                                 Worker 2:  Sort Method: quicksort  Memory: 154kB
                                 ->  Hash Join  (cost=7898.20..69637.75 rows=2299 width=38) (actual time=48.674..763.022 rows=1885 loops=4)
                                       Hash Cond: ((lineitem.l_suppkey = supplier.s_suppkey) AND (customer.c_nationkey = supplier.s_nationkey))
                                       ->  Nested Loop  (cost=7425.20..68862.22 rows=57626 width=50) (actual time=44.852..747.389 rows=45609 loops=4)
                                             ->  Parallel Hash Join  (cost=7424.77..34966.02 rows=14403 width=38) (actual time=44.266..512.846 rows=11324 loops=4)
                                                   Hash Cond: (orders.o_custkey = customer.c_custkey)
                                                   ->  Parallel Bitmap Heap Scan on orders  (cost=2684.64..29895.83 rows=72013 width=8) (actual time=20.012..465.008 rows=56661 loops=4)
                                                         Recheck Cond: ((o_orderdate >= '1993-01-01'::date) AND (o_orderdate < '1994-01-01'::date))
                                                         Heap Blocks: exact=6436
                                                         Worker 0:  Heap Blocks: exact=6406
                                                         Worker 1:  Heap Blocks: exact=6575
                                                         Worker 2:  Heap Blocks: exact=6710
                                                         ->  Bitmap Index Scan on idx_orders_orderdate  (cost=0.00..2628.83 rows=223240 width=0) (actual time=15.893..15.893 rows=226645 loops=1)
                                                               Index Cond: ((o_orderdate >= '1993-01-01'::date) AND (o_orderdate < '1994-01-01'::date))
                                                   ->  Parallel Hash  (cost=4583.88..4583.88 rows=12500 width=38) (actual time=24.092..24.094 rows=7488 loops=4)
                                                         Buckets: 32768  Batches: 1  Memory Usage: 2400kB
                                                         ->  Hash Join  (cost=2.51..4583.88 rows=12500 width=38) (actual time=0.326..21.784 rows=7488 loops=4)
                                                               Hash Cond: (customer.c_nationkey = nation.n_nationkey)
                                                               ->  Parallel Seq Scan on customer  (cost=0.00..4222.00 rows=62500 width=8) (actual time=0.151..17.213 rows=37500 loops=4)
                                                               ->  Hash  (cost=2.45..2.45 rows=5 width=30) (actual time=0.154..0.156 rows=5 loops=4)
                                                                     Buckets: 1024  Batches: 1  Memory Usage: 9kB
                                                                     ->  Hash Join  (cost=1.07..2.45 rows=5 width=30) (actual time=0.143..0.150 rows=5 loops=4)
                                                                           Hash Cond: (nation.n_regionkey = region.r_regionkey)
                                                                           ->  Seq Scan on nation  (cost=0.00..1.25 rows=25 width=34) (actual time=0.056..0.058 rows=25 loops=4)
                                                                           ->  Hash  (cost=1.06..1.06 rows=1 width=4) (actual time=0.064..0.065 rows=1 loops=4)
                                                                                 Buckets: 1024  Batches: 1  Memory Usage: 9kB
                                                                                 ->  Seq Scan on region  (cost=0.00..1.06 rows=1 width=4) (actual time=0.058..0.059 rows=1 loops=4)
                                                                                       Filter: (r_name = 'AMERICA'::bpchar)
                                                                                       Rows Removed by Filter: 4
                                             ->  Index Only Scan using q5_idx_1 on lineitem  (cost=0.43..2.31 rows=4 width=20) (actual time=0.019..0.020 rows=4 loops=45297)
                                                   Index Cond: (l_orderkey = orders.o_orderkey)
                                                   Heap Fetches: 0
                                       ->  Hash  (cost=323.00..323.00 rows=10000 width=8) (actual time=3.642..3.643 rows=10000 loops=4)
                                             Buckets: 16384  Batches: 1  Memory Usage: 519kB
                                             ->  Seq Scan on supplier  (cost=0.00..323.00 rows=10000 width=8) (actual time=0.107..2.118 rows=10000 loops=4)
 Planning Time: 34.356 ms
 Execution Time: 780.874 ms
(53 rows)

SET
SET
SET
                                                                                            QUERY PLAN                                                                                            
--------------------------------------------------------------------------------------------------------------------------------------------------------------------------------------------------
 Limit  (cost=70805.39..70805.40 rows=1 width=58) (actual time=127.882..136.629 rows=1 loops=1)
   ->  Sort  (cost=70805.39..70805.46 rows=25 width=58) (actual time=127.881..136.627 rows=1 loops=1)
         Sort Key: (sum((lineitem.l_extendedprice * ('1'::numeric - lineitem.l_discount)))) DESC
         Sort Method: top-N heapsort  Memory: 25kB
         ->  Finalize GroupAggregate  (cost=70766.16..70805.27 rows=25 width=58) (actual time=127.392..136.605 rows=5 loops=1)
               Group Key: nation.n_name
               ->  Gather Merge  (cost=70766.16..70804.37 rows=78 width=58) (actual time=127.206..136.586 rows=20 loops=1)
                     Workers Planned: 3
                     Workers Launched: 3
                     ->  Partial GroupAggregate  (cost=69766.12..69795.17 rows=25 width=58) (actual time=123.226..123.835 rows=5 loops=4)
                           Group Key: nation.n_name
                           ->  Sort  (cost=69766.12..69771.86 rows=2299 width=38) (actual time=123.060..123.146 rows=1885 loops=4)
                                 Sort Key: nation.n_name
                                 Sort Method: quicksort  Memory: 150kB
                                 Worker 0:  Sort Method: quicksort  Memory: 148kB
                                 Worker 1:  Sort Method: quicksort  Memory: 151kB
                                 Worker 2:  Sort Method: quicksort  Memory: 157kB
                                 ->  Hash Join  (cost=7898.20..69637.75 rows=2299 width=38) (actual time=30.385..122.203 rows=1885 loops=4)
                                       Hash Cond: ((lineitem.l_suppkey = supplier.s_suppkey) AND (customer.c_nationkey = supplier.s_nationkey))
                                       ->  Nested Loop  (cost=7425.20..68862.22 rows=57626 width=50) (actual time=27.320..111.459 rows=45609 loops=4)
                                             ->  Parallel Hash Join  (cost=7424.77..34966.02 rows=14403 width=38) (actual time=27.289..66.733 rows=11324 loops=4)
                                                   Hash Cond: (orders.o_custkey = customer.c_custkey)
                                                   ->  Parallel Bitmap Heap Scan on orders  (cost=2684.64..29895.83 rows=72013 width=8) (actual time=16.281..42.118 rows=56661 loops=4)
                                                         Recheck Cond: ((o_orderdate >= '1993-01-01'::date) AND (o_orderdate < '1994-01-01'::date))
                                                         Heap Blocks: exact=6536
                                                         Worker 0:  Heap Blocks: exact=6550
                                                         Worker 1:  Heap Blocks: exact=6519
                                                         Worker 2:  Heap Blocks: exact=6522
                                                         ->  Bitmap Index Scan on idx_orders_orderdate  (cost=0.00..2628.83 rows=223240 width=0) (actual time=12.611..12.611 rows=226645 loops=1)
                                                               Index Cond: ((o_orderdate >= '1993-01-01'::date) AND (o_orderdate < '1994-01-01'::date))
                                                   ->  Parallel Hash  (cost=4583.88..4583.88 rows=12500 width=38) (actual time=10.861..10.864 rows=7488 loops=4)
                                                         Buckets: 32768  Batches: 1  Memory Usage: 2464kB
                                                         ->  Hash Join  (cost=2.51..4583.88 rows=12500 width=38) (actual time=0.083..9.033 rows=7488 loops=4)
                                                               Hash Cond: (customer.c_nationkey = nation.n_nationkey)
                                                               ->  Parallel Seq Scan on customer  (cost=0.00..4222.00 rows=62500 width=8) (actual time=0.006..3.573 rows=37500 loops=4)
                                                               ->  Hash  (cost=2.45..2.45 rows=5 width=30) (actual time=0.059..0.061 rows=5 loops=4)
                                                                     Buckets: 1024  Batches: 1  Memory Usage: 9kB
                                                                     ->  Hash Join  (cost=1.07..2.45 rows=5 width=30) (actual time=0.050..0.056 rows=5 loops=4)
                                                                           Hash Cond: (nation.n_regionkey = region.r_regionkey)
                                                                           ->  Seq Scan on nation  (cost=0.00..1.25 rows=25 width=34) (actual time=0.015..0.017 rows=25 loops=4)
                                                                           ->  Hash  (cost=1.06..1.06 rows=1 width=4) (actual time=0.018..0.019 rows=1 loops=4)
                                                                                 Buckets: 1024  Batches: 1  Memory Usage: 9kB
                                                                                 ->  Seq Scan on region  (cost=0.00..1.06 rows=1 width=4) (actual time=0.013..0.014 rows=1 loops=4)
                                                                                       Filter: (r_name = 'AMERICA'::bpchar)
                                                                                       Rows Removed by Filter: 4
                                             ->  Index Only Scan using q5_idx_1 on lineitem  (cost=0.43..2.31 rows=4 width=20) (actual time=0.003..0.003 rows=4 loops=45297)
                                                   Index Cond: (l_orderkey = orders.o_orderkey)
                                                   Heap Fetches: 0
                                       ->  Hash  (cost=323.00..323.00 rows=10000 width=8) (actual time=2.926..2.926 rows=10000 loops=4)
                                             Buckets: 16384  Batches: 1  Memory Usage: 519kB
                                             ->  Seq Scan on supplier  (cost=0.00..323.00 rows=10000 width=8) (actual time=0.016..1.438 rows=10000 loops=4)
 Planning Time: 5.989 ms
 Execution Time: 136.824 ms
(53 rows)

query 6 run 1
SET
SET
SET
                                                                                                                QUERY PLAN                                                                                                                 
-------------------------------------------------------------------------------------------------------------------------------------------------------------------------------------------------------------------------------------------
 Limit  (cost=114830.73..114830.74 rows=1 width=32) (actual time=1076.179..1082.424 rows=1 loops=1)
   ->  Finalize Aggregate  (cost=114830.73..114830.74 rows=1 width=32) (actual time=1076.178..1082.422 rows=1 loops=1)
         ->  Gather  (cost=114830.30..114830.71 rows=4 width=32) (actual time=1075.774..1082.402 rows=5 loops=1)
               Workers Planned: 4
               Workers Launched: 4
               ->  Partial Aggregate  (cost=113830.30..113830.31 rows=1 width=32) (actual time=1066.856..1066.859 rows=1 loops=5)
                     ->  Parallel Bitmap Heap Scan on lineitem  (cost=22904.24..113684.73 rows=29114 width=12) (actual time=129.587..1050.695 rows=23842 loops=5)
                           Recheck Cond: ((l_shipdate >= '1993-01-01'::date) AND (l_shipdate < '1994-01-01 00:00:00'::timestamp without time zone) AND (l_discount >= 0.06) AND (l_discount <= 0.08) AND (l_quantity < '25'::numeric))
                           Heap Blocks: exact=13242
                           Worker 0:  Heap Blocks: exact=13288
                           Worker 1:  Heap Blocks: exact=13101
                           Worker 2:  Heap Blocks: exact=13546
                           Worker 3:  Heap Blocks: exact=12966
                           ->  Bitmap Index Scan on idx_lineitem_shipdate  (cost=0.00..22875.13 rows=116456 width=0) (actual time=125.262..125.263 rows=119208 loops=1)
                                 Index Cond: ((l_shipdate >= '1993-01-01'::date) AND (l_shipdate < '1994-01-01 00:00:00'::timestamp without time zone) AND (l_discount >= 0.06) AND (l_discount <= 0.08) AND (l_quantity < '25'::numeric))
 Planning Time: 18.473 ms
 Execution Time: 1083.312 ms
(17 rows)

SET
SET
SET
                                                                                                                QUERY PLAN                                                                                                                 
-------------------------------------------------------------------------------------------------------------------------------------------------------------------------------------------------------------------------------------------
 Limit  (cost=114830.73..114830.74 rows=1 width=32) (actual time=192.750..194.316 rows=1 loops=1)
   ->  Finalize Aggregate  (cost=114830.73..114830.74 rows=1 width=32) (actual time=192.749..194.313 rows=1 loops=1)
         ->  Gather  (cost=114830.30..114830.71 rows=4 width=32) (actual time=186.853..194.295 rows=5 loops=1)
               Workers Planned: 4
               Workers Launched: 4
               ->  Partial Aggregate  (cost=113830.30..113830.31 rows=1 width=32) (actual time=183.494..183.495 rows=1 loops=5)
                     ->  Parallel Bitmap Heap Scan on lineitem  (cost=22904.24..113684.73 rows=29114 width=12) (actual time=101.096..176.218 rows=23842 loops=5)
                           Recheck Cond: ((l_shipdate >= '1993-01-01'::date) AND (l_shipdate < '1994-01-01 00:00:00'::timestamp without time zone) AND (l_discount >= 0.06) AND (l_discount <= 0.08) AND (l_quantity < '25'::numeric))
                           Heap Blocks: exact=10647
                           Worker 0:  Heap Blocks: exact=10866
                           Worker 1:  Heap Blocks: exact=13440
                           Worker 2:  Heap Blocks: exact=15378
                           Worker 3:  Heap Blocks: exact=15812
                           ->  Bitmap Index Scan on idx_lineitem_shipdate  (cost=0.00..22875.13 rows=116456 width=0) (actual time=92.859..92.860 rows=119208 loops=1)
                                 Index Cond: ((l_shipdate >= '1993-01-01'::date) AND (l_shipdate < '1994-01-01 00:00:00'::timestamp without time zone) AND (l_discount >= 0.06) AND (l_discount <= 0.08) AND (l_quantity < '25'::numeric))
 Planning Time: 1.071 ms
 Execution Time: 194.389 ms
(17 rows)

query 7 run 1
SET
SET
SET
                                                                                                      QUERY PLAN                                                                                                       
-----------------------------------------------------------------------------------------------------------------------------------------------------------------------------------------------------------------------
 Limit  (cost=141394.56..141553.16 rows=1 width=116) (actual time=3660.898..3664.530 rows=1 loops=1)
   ->  GroupAggregate  (cost=141394.56..1098063.37 rows=6032 width=116) (actual time=3660.897..3664.528 rows=1 loops=1)
         Group Key: n1.n_name, n2.n_name, EXTRACT(year FROM lineitem.l_shipdate)
         ->  Nested Loop  (cost=141394.56..1097882.41 rows=6032 width=96) (actual time=853.839..3661.499 rows=1359 loops=1)
               Join Filter: (customer.c_nationkey = n2.n_nationkey)
               Rows Removed by Join Filter: 32674
               ->  Nested Loop  (cost=141394.14..762330.86 rows=150788 width=76) (actual time=847.134..3219.466 rows=34033 loops=1)
                     ->  Gather Merge  (cost=141393.71..159448.26 rows=150788 width=76) (actual time=846.165..892.602 rows=34033 loops=1)
                           Workers Planned: 4
                           Workers Launched: 4
                           ->  Sort  (cost=140393.65..140487.90 rows=37697 width=76) (actual time=832.736..833.692 rows=7214 loops=5)
                                 Sort Key: n1.n_name, n2.n_name, (EXTRACT(year FROM lineitem.l_shipdate))
                                 Sort Method: quicksort  Memory: 3718kB
                                 Worker 0:  Sort Method: quicksort  Memory: 3816kB
                                 Worker 1:  Sort Method: quicksort  Memory: 3658kB
                                 Worker 2:  Sort Method: quicksort  Memory: 3595kB
                                 Worker 3:  Sort Method: quicksort  Memory: 3752kB
                                 ->  Hash Join  (cost=381.77..137528.27 rows=37697 width=76) (actual time=3.688..807.574 rows=28944 loops=5)
                                       Hash Cond: (lineitem.l_suppkey = supplier.s_suppkey)
                                       ->  Parallel Seq Scan on lineitem  (cost=0.00..135066.33 rows=454228 width=24) (actual time=0.420..759.747 rows=365690 loops=5)
                                             Filter: ((l_shipdate >= '1995-01-01'::date) AND (l_shipdate <= '1996-12-31'::date))
                                             Rows Removed by Filter: 834553
                                       ->  Hash  (cost=371.37..371.37 rows=832 width=60) (actual time=2.768..2.772 rows=794 loops=5)
                                             Buckets: 1024  Batches: 1  Memory Usage: 80kB
                                             ->  Hash Join  (cost=2.87..371.37 rows=832 width=60) (actual time=0.185..2.609 rows=794 loops=5)
                                                   Hash Cond: (supplier.s_nationkey = n1.n_nationkey)
                                                   ->  Seq Scan on supplier  (cost=0.00..323.00 rows=10000 width=8) (actual time=0.078..1.451 rows=10000 loops=5)
                                                   ->  Hash  (cost=2.84..2.84 rows=2 width=60) (actual time=0.085..0.087 rows=2 loops=5)
                                                         Buckets: 1024  Batches: 1  Memory Usage: 9kB
                                                         ->  Nested Loop  (cost=0.00..2.84 rows=2 width=60) (actual time=0.073..0.079 rows=2 loops=5)
                                                               Join Filter: (((n1.n_name = 'PERU'::bpchar) AND (n2.n_name = 'MOROCCO'::bpchar)) OR ((n1.n_name = 'MOROCCO'::bpchar) AND (n2.n_name = 'PERU'::bpchar)))
                                                               Rows Removed by Join Filter: 2
                                                               ->  Seq Scan on nation n1  (cost=0.00..1.38 rows=2 width=30) (actual time=0.049..0.051 rows=2 loops=5)
                                                                     Filter: ((n_name = 'PERU'::bpchar) OR (n_name = 'MOROCCO'::bpchar))
                                                                     Rows Removed by Filter: 23
                                                               ->  Materialize  (cost=0.00..1.39 rows=2 width=30) (actual time=0.009..0.011 rows=2 loops=10)
                                                                     Storage: Memory  Maximum Storage: 17kB
                                                                     ->  Seq Scan on nation n2  (cost=0.00..1.38 rows=2 width=30) (actual time=0.007..0.009 rows=2 loops=5)
                                                                           Filter: ((n_name = 'MOROCCO'::bpchar) OR (n_name = 'PERU'::bpchar))
                                                                           Rows Removed by Filter: 23
                     ->  Index Scan using q21_idx_3 on orders  (cost=0.43..4.00 rows=1 width=8) (actual time=0.068..0.068 rows=1 loops=34033)
                           Index Cond: (o_orderkey = lineitem.l_orderkey)
               ->  Index Only Scan using q10_idx_1 on customer  (cost=0.42..2.21 rows=1 width=8) (actual time=0.012..0.012 rows=1 loops=34033)
                     Index Cond: (c_custkey = orders.o_custkey)
                     Heap Fetches: 0
 Planning Time: 33.268 ms
 Execution Time: 3664.891 ms
(47 rows)

SET
SET
SET
                                                                                                      QUERY PLAN                                                                                                       
-----------------------------------------------------------------------------------------------------------------------------------------------------------------------------------------------------------------------
 Limit  (cost=141394.56..141553.16 rows=1 width=116) (actual time=495.937..497.451 rows=1 loops=1)
   ->  GroupAggregate  (cost=141394.56..1098063.37 rows=6032 width=116) (actual time=495.936..497.449 rows=1 loops=1)
         Group Key: n1.n_name, n2.n_name, EXTRACT(year FROM lineitem.l_shipdate)
         ->  Nested Loop  (cost=141394.56..1097882.41 rows=6032 width=96) (actual time=322.890..496.375 rows=1359 loops=1)
               Join Filter: (customer.c_nationkey = n2.n_nationkey)
               Rows Removed by Join Filter: 32686
               ->  Nested Loop  (cost=141394.14..762330.86 rows=150788 width=76) (actual time=321.060..422.693 rows=34045 loops=1)
                     ->  Gather Merge  (cost=141393.71..159448.26 rows=150788 width=76) (actual time=321.004..339.757 rows=34045 loops=1)
                           Workers Planned: 4
                           Workers Launched: 4
                           ->  Sort  (cost=140393.65..140487.90 rows=37697 width=76) (actual time=312.509..313.142 rows=7252 loops=5)
                                 Sort Key: n1.n_name, n2.n_name, (EXTRACT(year FROM lineitem.l_shipdate))
                                 Sort Method: quicksort  Memory: 3516kB
                                 Worker 0:  Sort Method: quicksort  Memory: 3863kB
                                 Worker 1:  Sort Method: quicksort  Memory: 2615kB
                                 Worker 2:  Sort Method: quicksort  Memory: 5096kB
                                 Worker 3:  Sort Method: quicksort  Memory: 4986kB
                                 ->  Hash Join  (cost=381.77..137528.27 rows=37697 width=76) (actual time=2.151..285.353 rows=28944 loops=5)
                                       Hash Cond: (lineitem.l_suppkey = supplier.s_suppkey)
                                       ->  Parallel Seq Scan on lineitem  (cost=0.00..135066.33 rows=454228 width=24) (actual time=0.044..233.743 rows=365690 loops=5)
                                             Filter: ((l_shipdate >= '1995-01-01'::date) AND (l_shipdate <= '1996-12-31'::date))
                                             Rows Removed by Filter: 834553
                                       ->  Hash  (cost=371.37..371.37 rows=832 width=60) (actual time=2.088..2.091 rows=794 loops=5)
                                             Buckets: 1024  Batches: 1  Memory Usage: 80kB
                                             ->  Hash Join  (cost=2.87..371.37 rows=832 width=60) (actual time=0.078..1.928 rows=794 loops=5)
                                                   Hash Cond: (supplier.s_nationkey = n1.n_nationkey)
                                                   ->  Seq Scan on supplier  (cost=0.00..323.00 rows=10000 width=8) (actual time=0.009..0.691 rows=10000 loops=5)
                                                   ->  Hash  (cost=2.84..2.84 rows=2 width=60) (actual time=0.050..0.052 rows=2 loops=5)
                                                         Buckets: 1024  Batches: 1  Memory Usage: 9kB
                                                         ->  Nested Loop  (cost=0.00..2.84 rows=2 width=60) (actual time=0.038..0.044 rows=2 loops=5)
                                                               Join Filter: (((n1.n_name = 'PERU'::bpchar) AND (n2.n_name = 'MOROCCO'::bpchar)) OR ((n1.n_name = 'MOROCCO'::bpchar) AND (n2.n_name = 'PERU'::bpchar)))
                                                               Rows Removed by Join Filter: 2
                                                               ->  Seq Scan on nation n1  (cost=0.00..1.38 rows=2 width=30) (actual time=0.018..0.019 rows=2 loops=5)
                                                                     Filter: ((n_name = 'PERU'::bpchar) OR (n_name = 'MOROCCO'::bpchar))
                                                                     Rows Removed by Filter: 23
                                                               ->  Materialize  (cost=0.00..1.39 rows=2 width=30) (actual time=0.008..0.010 rows=2 loops=10)
                                                                     Storage: Memory  Maximum Storage: 17kB
                                                                     ->  Seq Scan on nation n2  (cost=0.00..1.38 rows=2 width=30) (actual time=0.006..0.008 rows=2 loops=5)
                                                                           Filter: ((n_name = 'MOROCCO'::bpchar) OR (n_name = 'PERU'::bpchar))
                                                                           Rows Removed by Filter: 23
                     ->  Index Scan using q21_idx_3 on orders  (cost=0.43..4.00 rows=1 width=8) (actual time=0.002..0.002 rows=1 loops=34045)
                           Index Cond: (o_orderkey = lineitem.l_orderkey)
               ->  Index Only Scan using q10_idx_1 on customer  (cost=0.42..2.21 rows=1 width=8) (actual time=0.002..0.002 rows=1 loops=34045)
                     Index Cond: (c_custkey = orders.o_custkey)
                     Heap Fetches: 0
 Planning Time: 4.329 ms
 Execution Time: 497.752 ms
(47 rows)

query 8 run 1
SET
SET
SET
                                                                                                 QUERY PLAN                                                                                                  
-------------------------------------------------------------------------------------------------------------------------------------------------------------------------------------------------------------
 Limit  (cost=41812.89..41827.43 rows=1 width=64) (actual time=742.502..748.210 rows=1 loops=1)
   ->  GroupAggregate  (cost=41812.89..76782.96 rows=2406 width=64) (actual time=742.501..748.208 rows=1 loops=1)
         Group Key: EXTRACT(year FROM orders.o_orderdate)
         ->  Nested Loop  (cost=41812.89..76685.18 rows=2483 width=70) (actual time=319.606..746.185 rows=1235 loops=1)
               ->  Nested Loop  (cost=41812.74..76589.18 rows=2483 width=20) (actual time=319.570..743.722 rows=1235 loops=1)
                     ->  Nested Loop  (cost=41812.46..71432.58 rows=2490 width=20) (actual time=319.290..715.963 rows=1235 loops=1)
                           Join Filter: (n1.n_regionkey = region.r_regionkey)
                           Rows Removed by Join Filter: 4857
                           ->  Nested Loop  (cost=41812.46..71244.78 rows=12449 width=24) (actual time=319.035..712.388 rows=6092 loops=1)
                                 ->  Nested Loop  (cost=41812.31..70911.37 rows=12449 width=24) (actual time=318.822..704.564 rows=6092 loops=1)
                                       ->  Gather Merge  (cost=41811.89..43284.69 rows=12449 width=24) (actual time=318.177..328.363 rows=6092 loops=1)
                                             Workers Planned: 3
                                             Workers Launched: 3
                                             ->  Sort  (cost=40811.85..40821.89 rows=4016 width=24) (actual time=310.631..310.838 rows=2235 loops=4)
                                                   Sort Key: (EXTRACT(year FROM orders.o_orderdate))
                                                   Sort Method: quicksort  Memory: 260kB
                                                   Worker 0:  Sort Method: quicksort  Memory: 254kB
                                                   Worker 1:  Sort Method: quicksort  Memory: 258kB
                                                   Worker 2:  Sort Method: quicksort  Memory: 252kB
                                                   ->  Parallel Hash Join  (cost=6607.23..40571.46 rows=4016 width=24) (actual time=114.194..308.901 rows=3024 loops=4)
                                                         Hash Cond: (orders.o_orderkey = lineitem.l_orderkey)
                                                         ->  Parallel Seq Scan on orders  (cost=0.00..33389.06 rows=150702 width=12) (actual time=0.494..174.254 rows=114316 loops=4)
                                                               Filter: ((o_orderdate >= '1995-01-01'::date) AND (o_orderdate <= '1996-12-31'::date))
                                                               Rows Removed by Filter: 260684
                                                         ->  Parallel Hash  (cost=6482.31..6482.31 rows=9993 width=20) (actual time=113.329..113.330 rows=9924 loops=4)
                                                               Buckets: 65536  Batches: 1  Memory Usage: 2784kB
                                                               ->  Nested Loop  (cost=0.85..6482.31 rows=9993 width=20) (actual time=0.758..109.593 rows=9924 loops=4)
                                                                     ->  Parallel Index Only Scan using q2_idx_1 on part  (cost=0.42..5391.75 rows=333 width=4) (actual time=0.376..15.825 rows=330 loops=4)
                                                                           Index Cond: (p_type = 'LARGE POLISHED BRASS'::text)
                                                                           Heap Fetches: 0
                                                                     ->  Index Only Scan using q8_idx_1 on lineitem  (cost=0.43..2.95 rows=32 width=24) (actual time=0.226..0.280 rows=30 loops=1320)
                                                                           Index Cond: (l_partkey = part.p_partkey)
                                                                           Heap Fetches: 0
                                       ->  Index Only Scan using q10_idx_1 on customer  (cost=0.42..2.22 rows=1 width=8) (actual time=0.061..0.061 rows=1 loops=6092)
                                             Index Cond: (c_custkey = orders.o_custkey)
                                             Heap Fetches: 0
                                 ->  Memoize  (cost=0.15..1.17 rows=1 width=8) (actual time=0.001..0.001 rows=1 loops=6092)
                                       Cache Key: customer.c_nationkey
                                       Cache Mode: logical
                                       Hits: 6067  Misses: 25  Evictions: 0  Overflows: 0  Memory Usage: 3kB
                                       ->  Index Scan using nation_pkey on nation n1  (cost=0.14..1.16 rows=1 width=8) (actual time=0.012..0.012 rows=1 loops=25)
                                             Index Cond: (n_nationkey = customer.c_nationkey)
                           ->  Materialize  (cost=0.00..1.07 rows=1 width=4) (actual time=0.000..0.000 rows=1 loops=6092)
                                 Storage: Memory  Maximum Storage: 17kB
                                 ->  Seq Scan on region  (cost=0.00..1.06 rows=1 width=4) (actual time=0.234..0.236 rows=1 loops=1)
                                       Filter: (r_name = 'AMERICA'::bpchar)
                                       Rows Removed by Filter: 4
                     ->  Index Only Scan using q2_idx_3 on supplier  (cost=0.29..2.07 rows=1 width=8) (actual time=0.022..0.022 rows=1 loops=1235)
                           Index Cond: (s_suppkey = lineitem.l_suppkey)
                           Heap Fetches: 0
               ->  Memoize  (cost=0.15..1.17 rows=1 width=30) (actual time=0.001..0.001 rows=1 loops=1235)
                     Cache Key: supplier.s_nationkey
                     Cache Mode: logical
                     Hits: 1210  Misses: 25  Evictions: 0  Overflows: 0  Memory Usage: 4kB
                     ->  Index Scan using nation_pkey on nation n2  (cost=0.14..1.16 rows=1 width=30) (actual time=0.005..0.005 rows=1 loops=25)
                           Index Cond: (n_nationkey = supplier.s_nationkey)
 Planning Time: 38.689 ms
 Execution Time: 748.460 ms
(58 rows)

SET
SET
SET
                                                                                                 QUERY PLAN                                                                                                 
------------------------------------------------------------------------------------------------------------------------------------------------------------------------------------------------------------
 Limit  (cost=41812.89..41827.43 rows=1 width=64) (actual time=107.962..112.023 rows=1 loops=1)
   ->  GroupAggregate  (cost=41812.89..76782.96 rows=2406 width=64) (actual time=107.961..112.022 rows=1 loops=1)
         Group Key: EXTRACT(year FROM orders.o_orderdate)
         ->  Nested Loop  (cost=41812.89..76685.18 rows=2483 width=70) (actual time=82.887..111.227 rows=1235 loops=1)
               ->  Nested Loop  (cost=41812.74..76589.18 rows=2483 width=20) (actual time=82.875..110.248 rows=1235 loops=1)
                     ->  Nested Loop  (cost=41812.46..71432.58 rows=2490 width=20) (actual time=82.855..107.813 rows=1235 loops=1)
                           Join Filter: (n1.n_regionkey = region.r_regionkey)
                           Rows Removed by Join Filter: 4861
                           ->  Nested Loop  (cost=41812.46..71244.78 rows=12449 width=24) (actual time=82.834..106.191 rows=6096 loops=1)
                                 ->  Nested Loop  (cost=41812.31..70911.37 rows=12449 width=24) (actual time=82.812..103.320 rows=6096 loops=1)
                                       ->  Gather Merge  (cost=41811.89..43284.69 rows=12449 width=24) (actual time=82.784..88.767 rows=6096 loops=1)
                                             Workers Planned: 3
                                             Workers Launched: 3
                                             ->  Sort  (cost=40811.85..40821.89 rows=4016 width=24) (actual time=79.580..79.689 rows=2166 loops=4)
                                                   Sort Key: (EXTRACT(year FROM orders.o_orderdate))
                                                   Sort Method: quicksort  Memory: 256kB
                                                   Worker 0:  Sort Method: quicksort  Memory: 254kB
                                                   Worker 1:  Sort Method: quicksort  Memory: 260kB
                                                   Worker 2:  Sort Method: quicksort  Memory: 254kB
                                                   ->  Parallel Hash Join  (cost=6607.23..40571.46 rows=4016 width=24) (actual time=12.060..78.170 rows=3024 loops=4)
                                                         Hash Cond: (orders.o_orderkey = lineitem.l_orderkey)
                                                         ->  Parallel Seq Scan on orders  (cost=0.00..33389.06 rows=150702 width=12) (actual time=0.009..49.570 rows=114316 loops=4)
                                                               Filter: ((o_orderdate >= '1995-01-01'::date) AND (o_orderdate <= '1996-12-31'::date))
                                                               Rows Removed by Filter: 260684
                                                         ->  Parallel Hash  (cost=6482.31..6482.31 rows=9993 width=20) (actual time=11.900..11.902 rows=9924 loops=4)
                                                               Buckets: 65536  Batches: 1  Memory Usage: 2752kB
                                                               ->  Nested Loop  (cost=0.85..6482.31 rows=9993 width=20) (actual time=0.073..9.433 rows=9924 loops=4)
                                                                     ->  Parallel Index Only Scan using q2_idx_1 on part  (cost=0.42..5391.75 rows=333 width=4) (actual time=0.043..5.274 rows=330 loops=4)
                                                                           Index Cond: (p_type = 'LARGE POLISHED BRASS'::text)
                                                                           Heap Fetches: 0
                                                                     ->  Index Only Scan using q8_idx_1 on lineitem  (cost=0.43..2.95 rows=32 width=24) (actual time=0.005..0.010 rows=30 loops=1320)
                                                                           Index Cond: (l_partkey = part.p_partkey)
                                                                           Heap Fetches: 0
                                       ->  Index Only Scan using q10_idx_1 on customer  (cost=0.42..2.22 rows=1 width=8) (actual time=0.002..0.002 rows=1 loops=6096)
                                             Index Cond: (c_custkey = orders.o_custkey)
                                             Heap Fetches: 0
                                 ->  Memoize  (cost=0.15..1.17 rows=1 width=8) (actual time=0.000..0.000 rows=1 loops=6096)
                                       Cache Key: customer.c_nationkey
                                       Cache Mode: logical
                                       Hits: 6071  Misses: 25  Evictions: 0  Overflows: 0  Memory Usage: 3kB
                                       ->  Index Scan using nation_pkey on nation n1  (cost=0.14..1.16 rows=1 width=8) (actual time=0.002..0.002 rows=1 loops=25)
                                             Index Cond: (n_nationkey = customer.c_nationkey)
                           ->  Materialize  (cost=0.00..1.07 rows=1 width=4) (actual time=0.000..0.000 rows=1 loops=6096)
                                 Storage: Memory  Maximum Storage: 17kB
                                 ->  Seq Scan on region  (cost=0.00..1.06 rows=1 width=4) (actual time=0.014..0.015 rows=1 loops=1)
                                       Filter: (r_name = 'AMERICA'::bpchar)
                                       Rows Removed by Filter: 4
                     ->  Index Only Scan using q2_idx_3 on supplier  (cost=0.29..2.07 rows=1 width=8) (actual time=0.002..0.002 rows=1 loops=1235)
                           Index Cond: (s_suppkey = lineitem.l_suppkey)
                           Heap Fetches: 0
               ->  Memoize  (cost=0.15..1.17 rows=1 width=30) (actual time=0.000..0.000 rows=1 loops=1235)
                     Cache Key: supplier.s_nationkey
                     Cache Mode: logical
                     Hits: 1210  Misses: 25  Evictions: 0  Overflows: 0  Memory Usage: 4kB
                     ->  Index Scan using nation_pkey on nation n2  (cost=0.14..1.16 rows=1 width=30) (actual time=0.002..0.002 rows=1 loops=25)
                           Index Cond: (n_nationkey = supplier.s_nationkey)
 Planning Time: 6.566 ms
 Execution Time: 112.241 ms
(58 rows)

query 9 run 1
SET
SET
SET
                                                                                             QUERY PLAN                                                                                             
----------------------------------------------------------------------------------------------------------------------------------------------------------------------------------------------------
 Limit  (cost=59482.12..59494.17 rows=1 width=90) (actual time=1081.853..1089.116 rows=1 loops=1)
   ->  GroupAggregate  (cost=59482.12..784275.85 rows=60150 width=90) (actual time=1081.851..1089.114 rows=1 loops=1)
         Group Key: nation.n_name, EXTRACT(year FROM orders.o_orderdate)
         ->  Nested Loop  (cost=59482.12..778084.41 rows=302239 width=81) (actual time=936.639..1086.426 rows=1210 loops=1)
               Join Filter: (supplier.s_suppkey = partsupp.ps_suppkey)
               ->  Gather Merge  (cost=59481.70..95238.52 rows=302239 width=63) (actual time=935.641..944.451 rows=1210 loops=1)
                     Workers Planned: 3
                     Workers Launched: 3
                     ->  Sort  (cost=58481.66..58725.40 rows=97496 width=63) (actual time=925.990..926.092 rows=717 loops=4)
                           Sort Key: nation.n_name, (EXTRACT(year FROM orders.o_orderdate)) DESC
                           Sort Method: quicksort  Memory: 10064kB
                           Worker 0:  Sort Method: quicksort  Memory: 9952kB
                           Worker 1:  Sort Method: quicksort  Memory: 10066kB
                           Worker 2:  Sort Method: quicksort  Memory: 10217kB
                           ->  Hash Join  (cost=17004.68..50402.63 rows=97496 width=63) (actual time=563.739..813.509 rows=81482 loops=4)
                                 Hash Cond: (supplier.s_nationkey = nation.n_nationkey)
                                 ->  Parallel Hash Join  (cost=17003.11..50101.75 rows=97496 width=41) (actual time=563.651..788.185 rows=81482 loops=4)
                                       Hash Cond: (orders.o_orderkey = lineitem.l_orderkey)
                                       ->  Parallel Seq Scan on orders  (cost=0.00..30969.71 rows=483871 width=8) (actual time=0.605..114.316 rows=375000 loops=4)
                                       ->  Parallel Hash  (cost=15784.41..15784.41 rows=97496 width=41) (actual time=562.306..562.309 rows=81482 loops=4)
                                             Buckets: 524288  Batches: 1  Memory Usage: 29632kB
                                             ->  Hash Join  (cost=448.85..15784.41 rows=97496 width=41) (actual time=4.237..529.589 rows=81482 loops=4)
                                                   Hash Cond: (lineitem.l_suppkey = supplier.s_suppkey)
                                                   ->  Nested Loop  (cost=0.85..15079.63 rows=97779 width=33) (actual time=0.806..505.924 rows=81482 loops=4)
                                                         ->  Parallel Index Only Scan using q20_idx_2 on part  (cost=0.42..4744.87 rows=3258 width=4) (actual time=0.235..15.744 rows=2720 loops=4)
                                                               Filter: ((p_name)::text ~~ '%navy%'::text)
                                                               Rows Removed by Filter: 47280
                                                               Heap Fetches: 0
                                                         ->  Index Only Scan using q9_idx_1 on lineitem  (cost=0.43..2.85 rows=32 width=29) (actual time=0.151..0.177 rows=30 loops=10880)
                                                               Index Cond: (l_partkey = part.p_partkey)
                                                               Heap Fetches: 0
                                                   ->  Hash  (cost=323.00..323.00 rows=10000 width=8) (actual time=3.353..3.354 rows=10000 loops=4)
                                                         Buckets: 16384  Batches: 1  Memory Usage: 519kB
                                                         ->  Seq Scan on supplier  (cost=0.00..323.00 rows=10000 width=8) (actual time=0.093..2.030 rows=10000 loops=4)
                                 ->  Hash  (cost=1.25..1.25 rows=25 width=30) (actual time=0.066..0.066 rows=25 loops=4)
                                       Buckets: 1024  Batches: 1  Memory Usage: 10kB
                                       ->  Seq Scan on nation  (cost=0.00..1.25 rows=25 width=30) (actual time=0.055..0.058 rows=25 loops=4)
               ->  Index Only Scan using q2_idx_2 on partsupp  (cost=0.42..2.24 rows=1 width=14) (actual time=0.115..0.115 rows=1 loops=1210)
                     Index Cond: ((ps_partkey = lineitem.l_partkey) AND (ps_suppkey = lineitem.l_suppkey))
                     Heap Fetches: 0
 Planning Time: 42.576 ms
 Execution Time: 1089.589 ms
(42 rows)

SET
SET
SET
                                                                                             QUERY PLAN                                                                                             
----------------------------------------------------------------------------------------------------------------------------------------------------------------------------------------------------
 Limit  (cost=59482.12..59494.17 rows=1 width=90) (actual time=383.653..389.707 rows=1 loops=1)
   ->  GroupAggregate  (cost=59482.12..784275.85 rows=60150 width=90) (actual time=383.652..389.705 rows=1 loops=1)
         Group Key: nation.n_name, EXTRACT(year FROM orders.o_orderdate)
         ->  Nested Loop  (cost=59482.12..778084.41 rows=302239 width=81) (actual time=378.764..388.871 rows=1210 loops=1)
               Join Filter: (supplier.s_suppkey = partsupp.ps_suppkey)
               ->  Gather Merge  (cost=59481.70..95238.52 rows=302239 width=63) (actual time=378.713..385.372 rows=1210 loops=1)
                     Workers Planned: 3
                     Workers Launched: 3
                     ->  Sort  (cost=58481.66..58725.40 rows=97496 width=63) (actual time=372.943..373.027 rows=716 loops=4)
                           Sort Key: nation.n_name, (EXTRACT(year FROM orders.o_orderdate)) DESC
                           Sort Method: quicksort  Memory: 10062kB
                           Worker 0:  Sort Method: quicksort  Memory: 10068kB
                           Worker 1:  Sort Method: quicksort  Memory: 10064kB
                           Worker 2:  Sort Method: quicksort  Memory: 10105kB
                           ->  Hash Join  (cost=17004.68..50402.63 rows=97496 width=63) (actual time=100.304..262.501 rows=81482 loops=4)
                                 Hash Cond: (supplier.s_nationkey = nation.n_nationkey)
                                 ->  Parallel Hash Join  (cost=17003.11..50101.75 rows=97496 width=41) (actual time=100.258..238.011 rows=81482 loops=4)
                                       Hash Cond: (orders.o_orderkey = lineitem.l_orderkey)
                                       ->  Parallel Seq Scan on orders  (cost=0.00..30969.71 rows=483871 width=8) (actual time=0.015..26.928 rows=375000 loops=4)
                                       ->  Parallel Hash  (cost=15784.41..15784.41 rows=97496 width=41) (actual time=99.548..99.550 rows=81482 loops=4)
                                             Buckets: 524288  Batches: 1  Memory Usage: 29632kB
                                             ->  Hash Join  (cost=448.85..15784.41 rows=97496 width=41) (actual time=2.605..69.041 rows=81482 loops=4)
                                                   Hash Cond: (lineitem.l_suppkey = supplier.s_suppkey)
                                                   ->  Nested Loop  (cost=0.85..15079.63 rows=97779 width=33) (actual time=0.052..49.145 rows=81482 loops=4)
                                                         ->  Parallel Index Only Scan using q20_idx_2 on part  (cost=0.42..4744.87 rows=3258 width=4) (actual time=0.028..11.220 rows=2720 loops=4)
                                                               Filter: ((p_name)::text ~~ '%navy%'::text)
                                                               Rows Removed by Filter: 47280
                                                               Heap Fetches: 0
                                                         ->  Index Only Scan using q9_idx_1 on lineitem  (cost=0.43..2.85 rows=32 width=29) (actual time=0.005..0.011 rows=30 loops=10880)
                                                               Index Cond: (l_partkey = part.p_partkey)
                                                               Heap Fetches: 0
                                                   ->  Hash  (cost=323.00..323.00 rows=10000 width=8) (actual time=2.482..2.483 rows=10000 loops=4)
                                                         Buckets: 16384  Batches: 1  Memory Usage: 519kB
                                                         ->  Seq Scan on supplier  (cost=0.00..323.00 rows=10000 width=8) (actual time=0.012..1.189 rows=10000 loops=4)
                                 ->  Hash  (cost=1.25..1.25 rows=25 width=30) (actual time=0.028..0.028 rows=25 loops=4)
                                       Buckets: 1024  Batches: 1  Memory Usage: 10kB
                                       ->  Seq Scan on nation  (cost=0.00..1.25 rows=25 width=30) (actual time=0.017..0.020 rows=25 loops=4)
               ->  Index Only Scan using q2_idx_2 on partsupp  (cost=0.42..2.24 rows=1 width=14) (actual time=0.002..0.002 rows=1 loops=1210)
                     Index Cond: ((ps_partkey = lineitem.l_partkey) AND (ps_suppkey = lineitem.l_suppkey))
                     Heap Fetches: 0
 Planning Time: 8.439 ms
 Execution Time: 390.089 ms
(42 rows)

query 10 run 1
SET
SET
SET
                                                                                   QUERY PLAN                                                                                    
---------------------------------------------------------------------------------------------------------------------------------------------------------------------------------
 Limit  (cost=84282.14..84282.19 rows=20 width=202) (actual time=713.368..718.165 rows=20 loops=1)
   ->  Sort  (cost=84282.14..84425.36 rows=57286 width=202) (actual time=713.366..718.162 rows=20 loops=1)
         Sort Key: (sum((lineitem.l_extendedprice * ('1'::numeric - lineitem.l_discount)))) DESC
         Sort Method: top-N heapsort  Memory: 32kB
         ->  HashAggregate  (cost=82041.71..82757.78 rows=57286 width=202) (actual time=682.769..706.825 rows=38076 loops=1)
               Group Key: customer.c_custkey, nation.n_name
               Batches: 1  Memory Usage: 24081kB
               ->  Gather  (cost=6701.18..81325.63 rows=57286 width=182) (actual time=60.458..589.445 rows=114347 loops=1)
                     Workers Planned: 3
                     Workers Launched: 3
                     ->  Hash Join  (cost=5701.18..74597.03 rows=18479 width=182) (actual time=52.809..636.029 rows=28587 loops=4)
                           Hash Cond: (customer.c_nationkey = nation.n_nationkey)
                           ->  Parallel Hash Join  (cost=5699.62..74538.74 rows=18479 width=160) (actual time=52.720..627.340 rows=28587 loops=4)
                                 Hash Cond: (orders.o_custkey = customer.c_custkey)
                                 ->  Nested Loop  (cost=696.37..69486.98 rows=18479 width=16) (actual time=13.819..570.575 rows=28587 loops=4)
                                       ->  Parallel Bitmap Heap Scan on orders  (cost=695.93..27106.17 rows=18615 width=8) (actual time=12.977..349.968 rows=14278 loops=4)
                                             Recheck Cond: ((o_orderdate >= '1994-08-01'::date) AND (o_orderdate < '1994-11-01'::date))
                                             Heap Blocks: exact=4470
                                             Worker 0:  Heap Blocks: exact=6301
                                             Worker 1:  Heap Blocks: exact=6361
                                             Worker 2:  Heap Blocks: exact=6245
                                             ->  Bitmap Index Scan on idx_orders_orderdate  (cost=0.00..681.51 rows=57708 width=0) (actual time=9.194..9.194 rows=57111 loops=1)
                                                   Index Cond: ((o_orderdate >= '1994-08-01'::date) AND (o_orderdate < '1994-11-01'::date))
                                       ->  Index Only Scan using q10_idx_2 on lineitem  (cost=0.43..2.27 rows=1 width=16) (actual time=0.014..0.015 rows=2 loops=57111)
                                             Index Cond: ((l_orderkey = orders.o_orderkey) AND (l_returnflag = 'R'::bpchar))
                                             Heap Fetches: 0
                                 ->  Parallel Hash  (cost=4222.00..4222.00 rows=62500 width=148) (actual time=38.481..38.482 rows=37500 loops=4)
                                       Buckets: 262144  Batches: 1  Memory Usage: 29312kB
                                       ->  Parallel Seq Scan on customer  (cost=0.00..4222.00 rows=62500 width=148) (actual time=0.123..18.313 rows=37500 loops=4)
                           ->  Hash  (cost=1.25..1.25 rows=25 width=30) (actual time=0.075..0.075 rows=25 loops=4)
                                 Buckets: 1024  Batches: 1  Memory Usage: 10kB
                                 ->  Seq Scan on nation  (cost=0.00..1.25 rows=25 width=30) (actual time=0.060..0.063 rows=25 loops=4)
 Planning Time: 29.396 ms
 Execution Time: 719.170 ms
(34 rows)

SET
SET
SET
                                                                                   QUERY PLAN                                                                                    
---------------------------------------------------------------------------------------------------------------------------------------------------------------------------------
 Limit  (cost=84282.14..84282.19 rows=20 width=202) (actual time=197.891..202.424 rows=20 loops=1)
   ->  Sort  (cost=84282.14..84425.36 rows=57286 width=202) (actual time=197.890..202.421 rows=20 loops=1)
         Sort Key: (sum((lineitem.l_extendedprice * ('1'::numeric - lineitem.l_discount)))) DESC
         Sort Method: top-N heapsort  Memory: 32kB
         ->  HashAggregate  (cost=82041.71..82757.78 rows=57286 width=202) (actual time=166.516..190.686 rows=38076 loops=1)
               Group Key: customer.c_custkey, nation.n_name
               Batches: 1  Memory Usage: 24081kB
               ->  Gather  (cost=6701.18..81325.63 rows=57286 width=182) (actual time=41.765..92.672 rows=114347 loops=1)
                     Workers Planned: 3
                     Workers Launched: 3
                     ->  Hash Join  (cost=5701.18..74597.03 rows=18479 width=182) (actual time=38.619..131.367 rows=28587 loops=4)
                           Hash Cond: (customer.c_nationkey = nation.n_nationkey)
                           ->  Parallel Hash Join  (cost=5699.62..74538.74 rows=18479 width=160) (actual time=38.577..124.836 rows=28587 loops=4)
                                 Hash Cond: (orders.o_custkey = customer.c_custkey)
                                 ->  Nested Loop  (cost=696.37..69486.98 rows=18479 width=16) (actual time=10.756..83.976 rows=28587 loops=4)
                                       ->  Parallel Bitmap Heap Scan on orders  (cost=695.93..27106.17 rows=18615 width=8) (actual time=10.666..28.172 rows=14278 loops=4)
                                             Recheck Cond: ((o_orderdate >= '1994-08-01'::date) AND (o_orderdate < '1994-11-01'::date))
                                             Heap Blocks: exact=1960
                                             Worker 0:  Heap Blocks: exact=7112
                                             Worker 1:  Heap Blocks: exact=7189
                                             Worker 2:  Heap Blocks: exact=7116
                                             ->  Bitmap Index Scan on idx_orders_orderdate  (cost=0.00..681.51 rows=57708 width=0) (actual time=7.371..7.371 rows=57111 loops=1)
                                                   Index Cond: ((o_orderdate >= '1994-08-01'::date) AND (o_orderdate < '1994-11-01'::date))
                                       ->  Index Only Scan using q10_idx_2 on lineitem  (cost=0.43..2.27 rows=1 width=16) (actual time=0.003..0.003 rows=2 loops=57111)
                                             Index Cond: ((l_orderkey = orders.o_orderkey) AND (l_returnflag = 'R'::bpchar))
                                             Heap Fetches: 0
                                 ->  Parallel Hash  (cost=4222.00..4222.00 rows=62500 width=148) (actual time=27.394..27.395 rows=37500 loops=4)
                                       Buckets: 262144  Batches: 1  Memory Usage: 29312kB
                                       ->  Parallel Seq Scan on customer  (cost=0.00..4222.00 rows=62500 width=148) (actual time=0.007..7.613 rows=37500 loops=4)
                           ->  Hash  (cost=1.25..1.25 rows=25 width=30) (actual time=0.028..0.029 rows=25 loops=4)
                                 Buckets: 1024  Batches: 1  Memory Usage: 10kB
                                 ->  Seq Scan on nation  (cost=0.00..1.25 rows=25 width=30) (actual time=0.014..0.017 rows=25 loops=4)
 Planning Time: 2.436 ms
 Execution Time: 203.342 ms
(34 rows)

query 11 run 1
SET
SET
SET
                                                                                        QUERY PLAN                                                                                        
------------------------------------------------------------------------------------------------------------------------------------------------------------------------------------------
 Limit  (cost=17533.79..17533.79 rows=1 width=36) (actual time=725.398..725.521 rows=1 loops=1)
   InitPlan 1
     ->  Finalize Aggregate  (cost=7170.55..7170.56 rows=1 width=32) (actual time=25.472..25.592 rows=1 loops=1)
           ->  Gather  (cost=7170.33..7170.54 rows=2 width=32) (actual time=25.335..25.583 rows=2 loops=1)
                 Workers Planned: 1
                 Workers Launched: 1
                 ->  Partial Aggregate  (cost=6170.33..6170.34 rows=1 width=32) (actual time=19.878..19.880 rows=1 loops=2)
                       ->  Nested Loop  (cost=0.71..6029.15 rows=18824 width=10) (actual time=0.125..16.155 rows=16440 loops=2)
                             ->  Nested Loop  (cost=0.29..578.65 rows=235 width=4) (actual time=0.108..2.885 rows=206 loops=2)
                                   Join Filter: (supplier_1.s_nationkey = nation_1.n_nationkey)
                                   Rows Removed by Join Filter: 4794
                                   ->  Parallel Index Only Scan using q2_idx_3 on supplier supplier_1  (cost=0.29..489.11 rows=5882 width=8) (actual time=0.029..1.717 rows=5000 loops=2)
                                         Heap Fetches: 0
                                   ->  Materialize  (cost=0.00..1.32 rows=1 width=4) (actual time=0.000..0.000 rows=1 loops=10000)
                                         Storage: Memory  Maximum Storage: 17kB
                                         ->  Seq Scan on nation nation_1  (cost=0.00..1.31 rows=1 width=4) (actual time=0.048..0.049 rows=1 loops=2)
                                               Filter: (n_name = 'SAUDI ARABIA'::bpchar)
                                               Rows Removed by Filter: 24
                             ->  Index Scan using idx_partsupp_suppkey on partsupp partsupp_1  (cost=0.42..22.39 rows=80 width=14) (actual time=0.004..0.055 rows=80 loops=411)
                                   Index Cond: (ps_suppkey = supplier_1.s_suppkey)
   ->  Sort  (cost=10363.22..10389.89 rows=10667 width=36) (actual time=725.396..725.398 rows=1 loops=1)
         Sort Key: (sum((partsupp.ps_supplycost * (partsupp.ps_availqty)::numeric))) DESC
         Sort Method: top-N heapsort  Memory: 25kB
         ->  HashAggregate  (cost=9829.89..10309.89 rows=10667 width=36) (actual time=714.733..725.227 rows=839 loops=1)
               Group Key: partsupp.ps_partkey
               Filter: (sum((partsupp.ps_supplycost * (partsupp.ps_availqty)::numeric)) > (InitPlan 1).col1)
               Batches: 1  Memory Usage: 13841kB
               Rows Removed by Filter: 30007
               ->  Nested Loop  (cost=5.81..9509.89 rows=32000 width=14) (actual time=0.930..656.338 rows=32880 loops=1)
                     ->  Nested Loop  (cost=5.38..232.45 rows=400 width=4) (actual time=0.544..4.272 rows=411 loops=1)
                           ->  Seq Scan on nation  (cost=0.00..1.31 rows=1 width=4) (actual time=0.169..0.172 rows=1 loops=1)
                                 Filter: (n_name = 'SAUDI ARABIA'::bpchar)
                                 Rows Removed by Filter: 24
                           ->  Bitmap Heap Scan on supplier  (cost=5.38..227.14 rows=400 width=8) (actual time=0.372..3.994 rows=411 loops=1)
                                 Recheck Cond: (s_nationkey = nation.n_nationkey)
                                 Heap Blocks: exact=183
                                 ->  Bitmap Index Scan on idx_supplier_nation_key  (cost=0.00..5.29 rows=400 width=0) (actual time=0.185..0.185 rows=411 loops=1)
                                       Index Cond: (s_nationkey = nation.n_nationkey)
                     ->  Index Scan using idx_partsupp_suppkey on partsupp  (cost=0.42..22.39 rows=80 width=18) (actual time=0.053..1.569 rows=80 loops=411)
                           Index Cond: (ps_suppkey = supplier.s_suppkey)
 Planning Time: 15.633 ms
 Execution Time: 726.566 ms
(42 rows)

SET
SET
SET
                                                                                        QUERY PLAN                                                                                        
------------------------------------------------------------------------------------------------------------------------------------------------------------------------------------------
 Limit  (cost=17533.79..17533.79 rows=1 width=36) (actual time=78.512..78.614 rows=1 loops=1)
   InitPlan 1
     ->  Finalize Aggregate  (cost=7170.55..7170.56 rows=1 width=32) (actual time=20.745..20.843 rows=1 loops=1)
           ->  Gather  (cost=7170.33..7170.54 rows=2 width=32) (actual time=20.631..20.835 rows=2 loops=1)
                 Workers Planned: 1
                 Workers Launched: 1
                 ->  Partial Aggregate  (cost=6170.33..6170.34 rows=1 width=32) (actual time=18.706..18.708 rows=1 loops=2)
                       ->  Nested Loop  (cost=0.71..6029.15 rows=18824 width=10) (actual time=0.108..15.041 rows=16440 loops=2)
                             ->  Nested Loop  (cost=0.29..578.65 rows=235 width=4) (actual time=0.092..2.099 rows=206 loops=2)
                                   Join Filter: (supplier_1.s_nationkey = nation_1.n_nationkey)
                                   Rows Removed by Join Filter: 4794
                                   ->  Parallel Index Only Scan using q2_idx_3 on supplier supplier_1  (cost=0.29..489.11 rows=5882 width=8) (actual time=0.021..0.961 rows=5000 loops=2)
                                         Heap Fetches: 0
                                   ->  Materialize  (cost=0.00..1.32 rows=1 width=4) (actual time=0.000..0.000 rows=1 loops=10000)
                                         Storage: Memory  Maximum Storage: 17kB
                                         ->  Seq Scan on nation nation_1  (cost=0.00..1.31 rows=1 width=4) (actual time=0.044..0.044 rows=1 loops=2)
                                               Filter: (n_name = 'SAUDI ARABIA'::bpchar)
                                               Rows Removed by Filter: 24
                             ->  Index Scan using idx_partsupp_suppkey on partsupp partsupp_1  (cost=0.42..22.39 rows=80 width=14) (actual time=0.003..0.054 rows=80 loops=411)
                                   Index Cond: (ps_suppkey = supplier_1.s_suppkey)
   ->  Sort  (cost=10363.22..10389.89 rows=10667 width=36) (actual time=78.511..78.513 rows=1 loops=1)
         Sort Key: (sum((partsupp.ps_supplycost * (partsupp.ps_availqty)::numeric))) DESC
         Sort Method: top-N heapsort  Memory: 25kB
         ->  HashAggregate  (cost=9829.89..10309.89 rows=10667 width=36) (actual time=67.937..78.360 rows=839 loops=1)
               Group Key: partsupp.ps_partkey
               Filter: (sum((partsupp.ps_supplycost * (partsupp.ps_availqty)::numeric)) > (InitPlan 1).col1)
               Batches: 1  Memory Usage: 13841kB
               Rows Removed by Filter: 30007
               ->  Nested Loop  (cost=5.81..9509.89 rows=32000 width=14) (actual time=0.072..29.552 rows=32880 loops=1)
                     ->  Nested Loop  (cost=5.38..232.45 rows=400 width=4) (actual time=0.062..0.557 rows=411 loops=1)
                           ->  Seq Scan on nation  (cost=0.00..1.31 rows=1 width=4) (actual time=0.014..0.017 rows=1 loops=1)
                                 Filter: (n_name = 'SAUDI ARABIA'::bpchar)
                                 Rows Removed by Filter: 24
                           ->  Bitmap Heap Scan on supplier  (cost=5.38..227.14 rows=400 width=8) (actual time=0.047..0.483 rows=411 loops=1)
                                 Recheck Cond: (s_nationkey = nation.n_nationkey)
                                 Heap Blocks: exact=183
                                 ->  Bitmap Index Scan on idx_supplier_nation_key  (cost=0.00..5.29 rows=400 width=0) (actual time=0.025..0.026 rows=411 loops=1)
                                       Index Cond: (s_nationkey = nation.n_nationkey)
                     ->  Index Scan using idx_partsupp_suppkey on partsupp  (cost=0.42..22.39 rows=80 width=18) (actual time=0.003..0.061 rows=80 loops=411)
                           Index Cond: (ps_suppkey = supplier.s_suppkey)
 Planning Time: 1.509 ms
 Execution Time: 79.663 ms
(42 rows)

query 12 run 1
SET
SET
SET
                                                                                     QUERY PLAN                                                                                     
------------------------------------------------------------------------------------------------------------------------------------------------------------------------------------
 Limit  (cost=16335.61..33293.52 rows=1 width=27) (actual time=1163.980..1167.357 rows=1 loops=1)
   ->  GroupAggregate  (cost=16335.61..135040.98 rows=7 width=27) (actual time=1163.979..1167.355 rows=1 loops=1)
         Group Key: lineitem.l_shipmode
         ->  Nested Loop  (cost=16335.61..134538.85 rows=28689 width=27) (actual time=63.169..1155.837 rows=15492 loops=1)
               ->  Gather Merge  (cost=16335.18..19770.25 rows=28689 width=15) (actual time=62.370..74.913 rows=15492 loops=1)
                     Workers Planned: 4
                     Workers Launched: 4
                     ->  Sort  (cost=15335.12..15353.05 rows=7172 width=15) (actual time=54.099..54.476 rows=4156 loops=5)
                           Sort Key: lineitem.l_shipmode
                           Sort Method: quicksort  Memory: 416kB
                           Worker 0:  Sort Method: quicksort  Memory: 370kB
                           Worker 1:  Sort Method: quicksort  Memory: 387kB
                           Worker 2:  Sort Method: quicksort  Memory: 390kB
                           Worker 3:  Sort Method: quicksort  Memory: 367kB
                           ->  Parallel Index Only Scan using q12_idx_1 on lineitem  (cost=0.42..14875.82 rows=7172 width=15) (actual time=0.171..52.710 rows=6191 loops=5)
                                 Index Cond: ((l_shipmode = ANY ('{SHIP,"REG AIR"}'::bpchar[])) AND (l_receiptdate >= '1994-01-01'::date) AND (l_receiptdate < '1995-01-01'::date))
                                 Heap Fetches: 0
               ->  Index Scan using q21_idx_3 on orders  (cost=0.43..4.00 rows=1 width=20) (actual time=0.069..0.069 rows=1 loops=15492)
                     Index Cond: (o_orderkey = lineitem.l_orderkey)
 Planning Time: 24.442 ms
 Execution Time: 1167.508 ms
(21 rows)

SET
SET
SET
                                                                                     QUERY PLAN                                                                                     
------------------------------------------------------------------------------------------------------------------------------------------------------------------------------------
 Limit  (cost=16335.61..33293.52 rows=1 width=27) (actual time=88.918..90.486 rows=1 loops=1)
   ->  GroupAggregate  (cost=16335.61..135040.98 rows=7 width=27) (actual time=88.917..90.485 rows=1 loops=1)
         Group Key: lineitem.l_shipmode
         ->  Nested Loop  (cost=16335.61..134538.85 rows=28689 width=27) (actual time=38.966..85.773 rows=15492 loops=1)
               ->  Gather Merge  (cost=16335.18..19770.25 rows=28689 width=15) (actual time=38.935..43.978 rows=15492 loops=1)
                     Workers Planned: 4
                     Workers Launched: 4
                     ->  Sort  (cost=15335.12..15353.05 rows=7172 width=15) (actual time=35.378..35.594 rows=4222 loops=5)
                           Sort Key: lineitem.l_shipmode
                           Sort Method: quicksort  Memory: 411kB
                           Worker 0:  Sort Method: quicksort  Memory: 345kB
                           Worker 1:  Sort Method: quicksort  Memory: 414kB
                           Worker 2:  Sort Method: quicksort  Memory: 386kB
                           Worker 3:  Sort Method: quicksort  Memory: 374kB
                           ->  Parallel Index Only Scan using q12_idx_1 on lineitem  (cost=0.42..14875.82 rows=7172 width=15) (actual time=0.068..33.938 rows=6191 loops=5)
                                 Index Cond: ((l_shipmode = ANY ('{SHIP,"REG AIR"}'::bpchar[])) AND (l_receiptdate >= '1994-01-01'::date) AND (l_receiptdate < '1995-01-01'::date))
                                 Heap Fetches: 0
               ->  Index Scan using q21_idx_3 on orders  (cost=0.43..4.00 rows=1 width=20) (actual time=0.002..0.002 rows=1 loops=15492)
                     Index Cond: (o_orderkey = lineitem.l_orderkey)
 Planning Time: 1.721 ms
 Execution Time: 90.622 ms
(21 rows)

query 13 run 1
SET
SET
SET
                                                                                  QUERY PLAN                                                                                   
-------------------------------------------------------------------------------------------------------------------------------------------------------------------------------
 Limit  (cost=64793.97..64793.97 rows=1 width=16) (actual time=1408.319..1408.322 rows=1 loops=1)
   ->  Sort  (cost=64793.97..64794.47 rows=200 width=16) (actual time=1408.317..1408.320 rows=1 loops=1)
         Sort Key: (count(*)) DESC, (count(orders.o_orderkey)) DESC
         Sort Method: top-N heapsort  Memory: 25kB
         ->  HashAggregate  (cost=64790.97..64792.97 rows=200 width=16) (actual time=1408.274..1408.282 rows=42 loops=1)
               Group Key: count(orders.o_orderkey)
               Batches: 1  Memory Usage: 40kB
               ->  HashAggregate  (cost=61040.97..62540.97 rows=150000 width=12) (actual time=1369.055..1391.235 rows=150000 loops=1)
                     Group Key: customer.c_custkey
                     Batches: 1  Memory Usage: 16401kB
                     ->  Hash Right Join  (cost=4953.42..53692.49 rows=1469697 width=8) (actual time=35.450..1009.016 rows=1533923 loops=1)
                           Hash Cond: (orders.o_custkey = customer.c_custkey)
                           ->  Seq Scan on orders  (cost=0.00..44881.00 rows=1469697 width=8) (actual time=0.584..561.928 rows=1483918 loops=1)
                                 Filter: ((o_comment)::text !~~ '%special%requests%'::text)
                                 Rows Removed by Filter: 16082
                           ->  Hash  (cost=3078.42..3078.42 rows=150000 width=4) (actual time=34.564..34.565 rows=150000 loops=1)
                                 Buckets: 262144  Batches: 1  Memory Usage: 7322kB
                                 ->  Index Only Scan using customer_pkey on customer  (cost=0.42..3078.42 rows=150000 width=4) (actual time=0.329..17.108 rows=150000 loops=1)
                                       Heap Fetches: 0
 Planning Time: 14.310 ms
 Execution Time: 1409.638 ms
(21 rows)

SET
SET
SET
                                                                                  QUERY PLAN                                                                                   
-------------------------------------------------------------------------------------------------------------------------------------------------------------------------------
 Limit  (cost=64793.97..64793.97 rows=1 width=16) (actual time=1279.511..1279.514 rows=1 loops=1)
   ->  Sort  (cost=64793.97..64794.47 rows=200 width=16) (actual time=1279.510..1279.512 rows=1 loops=1)
         Sort Key: (count(*)) DESC, (count(orders.o_orderkey)) DESC
         Sort Method: top-N heapsort  Memory: 25kB
         ->  HashAggregate  (cost=64790.97..64792.97 rows=200 width=16) (actual time=1279.473..1279.480 rows=42 loops=1)
               Group Key: count(orders.o_orderkey)
               Batches: 1  Memory Usage: 40kB
               ->  HashAggregate  (cost=61040.97..62540.97 rows=150000 width=12) (actual time=1240.196..1262.712 rows=150000 loops=1)
                     Group Key: customer.c_custkey
                     Batches: 1  Memory Usage: 16401kB
                     ->  Hash Right Join  (cost=4953.42..53692.49 rows=1469697 width=8) (actual time=31.488..895.061 rows=1533923 loops=1)
                           Hash Cond: (orders.o_custkey = customer.c_custkey)
                           ->  Seq Scan on orders  (cost=0.00..44881.00 rows=1469697 width=8) (actual time=0.015..467.904 rows=1483918 loops=1)
                                 Filter: ((o_comment)::text !~~ '%special%requests%'::text)
                                 Rows Removed by Filter: 16082
                           ->  Hash  (cost=3078.42..3078.42 rows=150000 width=4) (actual time=31.132..31.133 rows=150000 loops=1)
                                 Buckets: 262144  Batches: 1  Memory Usage: 7322kB
                                 ->  Index Only Scan using customer_pkey on customer  (cost=0.42..3078.42 rows=150000 width=4) (actual time=0.024..13.612 rows=150000 loops=1)
                                       Heap Fetches: 0
 Planning Time: 1.023 ms
 Execution Time: 1280.813 ms
(21 rows)

query 14 run 1
SET
SET
SET
                                                                               QUERY PLAN                                                                                
-------------------------------------------------------------------------------------------------------------------------------------------------------------------------
 Limit  (cost=85420.53..85420.55 rows=1 width=32) (actual time=534.176..539.865 rows=1 loops=1)
   ->  Finalize Aggregate  (cost=85420.53..85420.55 rows=1 width=32) (actual time=534.175..539.863 rows=1 loops=1)
         ->  Gather  (cost=85420.08..85420.49 rows=4 width=64) (actual time=532.827..539.847 rows=5 loops=1)
               Workers Planned: 4
               Workers Launched: 4
               ->  Partial Aggregate  (cost=84420.08..84420.09 rows=1 width=64) (actual time=523.403..523.405 rows=1 loops=5)
                     ->  Parallel Hash Join  (cost=7446.17..84061.64 rows=20482 width=33) (actual time=52.491..509.660 rows=15463 loops=5)
                           Hash Cond: (lineitem.l_partkey = part.p_partkey)
                           ->  Parallel Bitmap Heap Scan on lineitem  (cost=1472.17..78033.88 rows=20482 width=16) (actual time=20.838..461.659 rows=15463 loops=5)
                                 Recheck Cond: ((l_shipdate >= '1994-05-01'::date) AND (l_shipdate < '1994-06-01'::date))
                                 Heap Blocks: exact=8229
                                 Worker 0:  Heap Blocks: exact=8448
                                 Worker 1:  Heap Blocks: exact=8142
                                 Worker 2:  Heap Blocks: exact=8316
                                 Worker 3:  Heap Blocks: exact=8546
                                 ->  Bitmap Index Scan on idx_lineitem_shipdate  (cost=0.00..1451.69 rows=81926 width=0) (actual time=13.594..13.594 rows=77317 loops=1)
                                       Index Cond: ((l_shipdate >= '1994-05-01'::date) AND (l_shipdate < '1994-06-01'::date))
                           ->  Parallel Hash  (cost=4932.33..4932.33 rows=83333 width=25) (actual time=31.256..31.256 rows=40000 loops=5)
                                 Buckets: 262144  Batches: 1  Memory Usage: 14240kB
                                 ->  Parallel Seq Scan on part  (cost=0.00..4932.33 rows=83333 width=25) (actual time=0.256..16.448 rows=40000 loops=5)
 Planning Time: 23.036 ms
 Execution Time: 539.986 ms
(22 rows)

SET
SET
SET
                                                                              QUERY PLAN                                                                               
-----------------------------------------------------------------------------------------------------------------------------------------------------------------------
 Limit  (cost=85420.53..85420.55 rows=1 width=32) (actual time=112.173..114.495 rows=1 loops=1)
   ->  Finalize Aggregate  (cost=85420.53..85420.55 rows=1 width=32) (actual time=112.172..114.492 rows=1 loops=1)
         ->  Gather  (cost=85420.08..85420.49 rows=4 width=64) (actual time=106.398..114.473 rows=5 loops=1)
               Workers Planned: 4
               Workers Launched: 4
               ->  Partial Aggregate  (cost=84420.08..84420.09 rows=1 width=64) (actual time=102.291..102.294 rows=1 loops=5)
                     ->  Parallel Hash Join  (cost=7446.17..84061.64 rows=20482 width=33) (actual time=38.801..94.746 rows=15463 loops=5)
                           Hash Cond: (lineitem.l_partkey = part.p_partkey)
                           ->  Parallel Bitmap Heap Scan on lineitem  (cost=1472.17..78033.88 rows=20482 width=16) (actual time=14.735..62.091 rows=15463 loops=5)
                                 Recheck Cond: ((l_shipdate >= '1994-05-01'::date) AND (l_shipdate < '1994-06-01'::date))
                                 Heap Blocks: exact=7408
                                 Worker 0:  Heap Blocks: exact=8558
                                 Worker 1:  Heap Blocks: exact=8666
                                 Worker 2:  Heap Blocks: exact=8716
                                 Worker 3:  Heap Blocks: exact=8333
                                 ->  Bitmap Index Scan on idx_lineitem_shipdate  (cost=0.00..1451.69 rows=81926 width=0) (actual time=8.202..8.202 rows=77317 loops=1)
                                       Index Cond: ((l_shipdate >= '1994-05-01'::date) AND (l_shipdate < '1994-06-01'::date))
                           ->  Parallel Hash  (cost=4932.33..4932.33 rows=83333 width=25) (actual time=23.720..23.721 rows=40000 loops=5)
                                 Buckets: 262144  Batches: 1  Memory Usage: 14240kB
                                 ->  Parallel Seq Scan on part  (cost=0.00..4932.33 rows=83333 width=25) (actual time=0.008..6.344 rows=40000 loops=5)
 Planning Time: 1.604 ms
 Execution Time: 114.570 ms
(22 rows)

query 15 run 1
SET
SET
SET
CREATE VIEW
                                                                                   QUERY PLAN                                                                                    
---------------------------------------------------------------------------------------------------------------------------------------------------------------------------------
 Limit  (cost=242373.22..242481.54 rows=1 width=103) (actual time=1278.870..1286.078 rows=1 loops=1)
   InitPlan 1
     ->  Aggregate  (cost=122538.57..122538.58 rows=1 width=32) (actual time=237.797..237.798 rows=1 loops=1)
           ->  HashAggregate  (cost=122287.84..122413.21 rows=10029 width=36) (actual time=234.497..237.217 rows=10000 loops=1)
                 Group Key: lineitem_1.l_suppkey
                 Batches: 1  Memory Usage: 4497kB
                 ->  Bitmap Heap Scan on lineitem lineitem_1  (cost=4067.27..120023.61 rows=226423 width=16) (actual time=28.760..125.035 rows=225954 loops=1)
                       Recheck Cond: ((l_shipdate >= '1996-01-01'::date) AND (l_shipdate < '1996-04-01'::date))
                       Heap Blocks: exact=66828
                       ->  Bitmap Index Scan on idx_lineitem_shipdate  (cost=0.00..4010.66 rows=226423 width=0) (actual time=18.036..18.036 rows=225954 loops=1)
                             Index Cond: ((l_shipdate >= '1996-01-01'::date) AND (l_shipdate < '1996-04-01'::date))
   ->  Nested Loop  (cost=119834.64..125250.56 rows=50 width=103) (actual time=1278.869..1286.073 rows=1 loops=1)
         ->  Finalize GroupAggregate  (cost=119834.36..125088.94 rows=50 width=36) (actual time=1278.253..1285.457 rows=1 loops=1)
               Group Key: lineitem.l_suppkey
               Filter: (sum((lineitem.l_extendedprice * ('1'::numeric - lineitem.l_discount))) = (InitPlan 1).col1)
               Rows Removed by Filter: 8448
               ->  Gather Merge  (cost=119834.36..124637.63 rows=40116 width=36) (actual time=1017.769..1032.411 rows=41777 loops=1)
                     Workers Planned: 4
                     Workers Launched: 4
                     ->  Sort  (cost=118834.30..118859.37 rows=10029 width=36) (actual time=1006.656..1007.525 rows=8783 loops=5)
                           Sort Key: lineitem.l_suppkey
                           Sort Method: quicksort  Memory: 1235kB
                           Worker 0:  Sort Method: quicksort  Memory: 1234kB
                           Worker 1:  Sort Method: quicksort  Memory: 1234kB
                           Worker 2:  Sort Method: quicksort  Memory: 1236kB
                           Worker 3:  Sort Method: quicksort  Memory: 1236kB
                           ->  Partial HashAggregate  (cost=118042.41..118167.78 rows=10029 width=36) (actual time=998.797..1004.328 rows=9893 loops=5)
                                 Group Key: lineitem.l_suppkey
                                 Batches: 1  Memory Usage: 4497kB
                                 Worker 0:  Batches: 1  Memory Usage: 4497kB
                                 Worker 1:  Batches: 1  Memory Usage: 4497kB
                                 Worker 2:  Batches: 1  Memory Usage: 4497kB
                                 Worker 3:  Batches: 1  Memory Usage: 4497kB
                                 ->  Parallel Bitmap Heap Scan on lineitem  (cost=4067.27..117476.35 rows=56606 width=16) (actual time=41.365..945.587 rows=45191 loops=5)
                                       Recheck Cond: ((l_shipdate >= '1996-01-01'::date) AND (l_shipdate < '1996-04-01'::date))
                                       Heap Blocks: exact=13378
                                       Worker 0:  Heap Blocks: exact=13284
                                       Worker 1:  Heap Blocks: exact=13097
                                       Worker 2:  Heap Blocks: exact=13604
                                       Worker 3:  Heap Blocks: exact=13465
                                       ->  Bitmap Index Scan on idx_lineitem_shipdate  (cost=0.00..4010.66 rows=226423 width=0) (actual time=37.262..37.262 rows=225954 loops=1)
                                             Index Cond: ((l_shipdate >= '1996-01-01'::date) AND (l_shipdate < '1996-04-01'::date))
         ->  Index Scan using supplier_pkey on supplier  (cost=0.29..3.22 rows=1 width=71) (actual time=0.609..0.609 rows=1 loops=1)
               Index Cond: (s_suppkey = lineitem.l_suppkey)
 Planning Time: 20.301 ms
 Execution Time: 1286.853 ms
(46 rows)

DROP VIEW
SET
SET
SET
CREATE VIEW
                                                                                   QUERY PLAN                                                                                    
---------------------------------------------------------------------------------------------------------------------------------------------------------------------------------
 Limit  (cost=242373.22..242481.54 rows=1 width=103) (actual time=415.745..426.094 rows=1 loops=1)
   InitPlan 1
     ->  Aggregate  (cost=122538.57..122538.58 rows=1 width=32) (actual time=223.712..223.713 rows=1 loops=1)
           ->  HashAggregate  (cost=122287.84..122413.21 rows=10029 width=36) (actual time=220.451..223.133 rows=10000 loops=1)
                 Group Key: lineitem_1.l_suppkey
                 Batches: 1  Memory Usage: 4497kB
                 ->  Bitmap Heap Scan on lineitem lineitem_1  (cost=4067.27..120023.61 rows=226423 width=16) (actual time=28.620..112.490 rows=225954 loops=1)
                       Recheck Cond: ((l_shipdate >= '1996-01-01'::date) AND (l_shipdate < '1996-04-01'::date))
                       Heap Blocks: exact=66828
                       ->  Bitmap Index Scan on idx_lineitem_shipdate  (cost=0.00..4010.66 rows=226423 width=0) (actual time=17.894..17.894 rows=225954 loops=1)
                             Index Cond: ((l_shipdate >= '1996-01-01'::date) AND (l_shipdate < '1996-04-01'::date))
   ->  Nested Loop  (cost=119834.64..125250.56 rows=50 width=103) (actual time=415.744..426.090 rows=1 loops=1)
         ->  Finalize GroupAggregate  (cost=119834.36..125088.94 rows=50 width=36) (actual time=415.711..426.056 rows=1 loops=1)
               Group Key: lineitem.l_suppkey
               Filter: (sum((lineitem.l_extendedprice * ('1'::numeric - lineitem.l_discount))) = (InitPlan 1).col1)
               Rows Removed by Filter: 8448
               ->  Gather Merge  (cost=119834.36..124637.63 rows=40116 width=36) (actual time=169.676..187.323 rows=41784 loops=1)
                     Workers Planned: 4
                     Workers Launched: 4
                     ->  Sort  (cost=118834.30..118859.37 rows=10029 width=36) (actual time=162.314..163.166 rows=8816 loops=5)
                           Sort Key: lineitem.l_suppkey
                           Sort Method: quicksort  Memory: 1233kB
                           Worker 0:  Sort Method: quicksort  Memory: 1231kB
                           Worker 1:  Sort Method: quicksort  Memory: 1236kB
                           Worker 2:  Sort Method: quicksort  Memory: 1234kB
                           Worker 3:  Sort Method: quicksort  Memory: 1238kB
                           ->  Partial HashAggregate  (cost=118042.41..118167.78 rows=10029 width=36) (actual time=154.599..159.084 rows=9891 loops=5)
                                 Group Key: lineitem.l_suppkey
                                 Batches: 1  Memory Usage: 4497kB
                                 Worker 0:  Batches: 1  Memory Usage: 4497kB
                                 Worker 1:  Batches: 1  Memory Usage: 4497kB
                                 Worker 2:  Batches: 1  Memory Usage: 4497kB
                                 Worker 3:  Batches: 1  Memory Usage: 4497kB
                                 ->  Parallel Bitmap Heap Scan on lineitem  (cost=4067.27..117476.35 rows=56606 width=16) (actual time=31.487..117.330 rows=45191 loops=5)
                                       Recheck Cond: ((l_shipdate >= '1996-01-01'::date) AND (l_shipdate < '1996-04-01'::date))
                                       Heap Blocks: exact=13053
                                       Worker 0:  Heap Blocks: exact=12002
                                       Worker 1:  Heap Blocks: exact=13836
                                       Worker 2:  Heap Blocks: exact=13377
                                       Worker 3:  Heap Blocks: exact=14560
                                       ->  Bitmap Index Scan on idx_lineitem_shipdate  (cost=0.00..4010.66 rows=226423 width=0) (actual time=24.207..24.207 rows=225954 loops=1)
                                             Index Cond: ((l_shipdate >= '1996-01-01'::date) AND (l_shipdate < '1996-04-01'::date))
         ->  Index Scan using supplier_pkey on supplier  (cost=0.29..3.22 rows=1 width=71) (actual time=0.029..0.029 rows=1 loops=1)
               Index Cond: (s_suppkey = lineitem.l_suppkey)
 Planning Time: 1.619 ms
 Execution Time: 426.823 ms
(46 rows)

DROP VIEW
query 16 run 1
SET
SET
SET
                                                                                            QUERY PLAN                                                                                            
--------------------------------------------------------------------------------------------------------------------------------------------------------------------------------------------------
 Limit  (cost=27669.84..27669.85 rows=1 width=44) (actual time=287.013..288.381 rows=1 loops=1)
   ->  Sort  (cost=27669.84..27709.54 rows=15880 width=44) (actual time=287.012..288.380 rows=1 loops=1)
         Sort Key: (count(DISTINCT partsupp.ps_suppkey)) DESC, part.p_brand, part.p_type, part.p_size
         Sort Method: top-N heapsort  Memory: 25kB
         ->  GroupAggregate  (cost=19848.40..27590.44 rows=15880 width=44) (actual time=212.166..284.959 rows=18220 loops=1)
               Group Key: part.p_brand, part.p_type, part.p_size
               ->  Gather Merge  (cost=19848.40..26847.12 rows=58452 width=40) (actual time=212.152..266.663 rows=117930 loops=1)
                     Workers Planned: 4
                     Workers Launched: 4
                     ->  Sort  (cost=18848.34..18884.87 rows=14613 width=40) (actual time=178.031..179.421 rows=23586 loops=5)
                           Sort Key: part.p_brand, part.p_type, part.p_size, partsupp.ps_suppkey
                           Sort Method: quicksort  Memory: 2081kB
                           Worker 0:  Sort Method: quicksort  Memory: 2046kB
                           Worker 1:  Sort Method: quicksort  Memory: 2244kB
                           Worker 2:  Sort Method: quicksort  Memory: 2199kB
                           Worker 3:  Sort Method: quicksort  Memory: 2233kB
                           ->  Parallel Hash Join  (cost=6682.99..17837.49 rows=14613 width=40) (actual time=31.831..99.360 rows=23586 loops=5)
                                 Hash Cond: (partsupp.ps_partkey = part.p_partkey)
                                 ->  Parallel Index Only Scan using partsupp_pkey on partsupp  (cost=348.43..11240.43 rows=100000 width=8) (actual time=6.704..56.706 rows=159936 loops=5)
                                       Filter: (NOT (ANY (ps_suppkey = (hashed SubPlan 1).col1)))
                                       Rows Removed by Filter: 64
                                       Heap Fetches: 0
                                       SubPlan 1
                                         ->  Seq Scan on supplier  (cost=0.00..348.00 rows=1 width=4) (actual time=1.379..5.898 rows=4 loops=5)
                                               Filter: ((s_comment)::text ~~ '%Customer%Complaints%'::text)
                                               Rows Removed by Filter: 9996
                                 ->  Parallel Hash  (cost=6182.33..6182.33 rows=12178 width=40) (actual time=24.958..24.958 rows=5898 loops=5)
                                       Buckets: 32768  Batches: 1  Memory Usage: 2528kB
                                       ->  Parallel Seq Scan on part  (cost=0.00..6182.33 rows=12178 width=40) (actual time=0.175..22.895 rows=5898 loops=5)
                                             Filter: ((p_brand <> 'Brand#12'::bpchar) AND ((p_type)::text !~~ 'SMALL BRUSHED%'::text) AND (p_size = ANY ('{12,32,36,26,40,34,49,9}'::integer[])))
                                             Rows Removed by Filter: 34102
 Planning Time: 19.001 ms
 Execution Time: 288.645 ms
(33 rows)

SET
SET
SET
                                                                                            QUERY PLAN                                                                                            
--------------------------------------------------------------------------------------------------------------------------------------------------------------------------------------------------
 Limit  (cost=27669.84..27669.85 rows=1 width=44) (actual time=250.501..251.067 rows=1 loops=1)
   ->  Sort  (cost=27669.84..27709.54 rows=15880 width=44) (actual time=250.499..251.065 rows=1 loops=1)
         Sort Key: (count(DISTINCT partsupp.ps_suppkey)) DESC, part.p_brand, part.p_type, part.p_size
         Sort Method: top-N heapsort  Memory: 25kB
         ->  GroupAggregate  (cost=19848.40..27590.44 rows=15880 width=44) (actual time=175.372..247.643 rows=18220 loops=1)
               Group Key: part.p_brand, part.p_type, part.p_size
               ->  Gather Merge  (cost=19848.40..26847.12 rows=58452 width=40) (actual time=175.357..229.325 rows=117930 loops=1)
                     Workers Planned: 4
                     Workers Launched: 4
                     ->  Sort  (cost=18848.34..18884.87 rows=14613 width=40) (actual time=153.556..154.965 rows=23586 loops=5)
                           Sort Key: part.p_brand, part.p_type, part.p_size, partsupp.ps_suppkey
                           Sort Method: quicksort  Memory: 2230kB
                           Worker 0:  Sort Method: quicksort  Memory: 2188kB
                           Worker 1:  Sort Method: quicksort  Memory: 2154kB
                           Worker 2:  Sort Method: quicksort  Memory: 2193kB
                           Worker 3:  Sort Method: quicksort  Memory: 2038kB
                           ->  Parallel Hash Join  (cost=6682.99..17837.49 rows=14613 width=40) (actual time=17.606..75.762 rows=23586 loops=5)
                                 Hash Cond: (partsupp.ps_partkey = part.p_partkey)
                                 ->  Parallel Index Only Scan using partsupp_pkey on partsupp  (cost=348.43..11240.43 rows=100000 width=8) (actual time=2.690..43.731 rows=159936 loops=5)
                                       Filter: (NOT (ANY (ps_suppkey = (hashed SubPlan 1).col1)))
                                       Rows Removed by Filter: 64
                                       Heap Fetches: 0
                                       SubPlan 1
                                         ->  Seq Scan on supplier  (cost=0.00..348.00 rows=1 width=4) (actual time=0.085..2.459 rows=4 loops=5)
                                               Filter: ((s_comment)::text ~~ '%Customer%Complaints%'::text)
                                               Rows Removed by Filter: 9996
                                 ->  Parallel Hash  (cost=6182.33..6182.33 rows=12178 width=40) (actual time=14.757..14.757 rows=5898 loops=5)
                                       Buckets: 32768  Batches: 1  Memory Usage: 2560kB
                                       ->  Parallel Seq Scan on part  (cost=0.00..6182.33 rows=12178 width=40) (actual time=0.011..12.538 rows=5898 loops=5)
                                             Filter: ((p_brand <> 'Brand#12'::bpchar) AND ((p_type)::text !~~ 'SMALL BRUSHED%'::text) AND (p_size = ANY ('{12,32,36,26,40,34,49,9}'::integer[])))
                                             Rows Removed by Filter: 34102
 Planning Time: 1.316 ms
 Execution Time: 251.321 ms
(33 rows)

query 17 run 1
SET
SET
SET
                                                                                            QUERY PLAN                                                                                            
--------------------------------------------------------------------------------------------------------------------------------------------------------------------------------------------------
 Limit  (cost=176160.94..176160.96 rows=1 width=32) (actual time=2632.417..2637.796 rows=1 loops=1)
   ->  Finalize Aggregate  (cost=176160.94..176160.96 rows=1 width=32) (actual time=2632.416..2637.794 rows=1 loops=1)
         ->  Gather  (cost=176160.72..176160.93 rows=2 width=32) (actual time=2629.507..2637.784 rows=3 loops=1)
               Workers Planned: 2
               Workers Launched: 2
               ->  Partial Aggregate  (cost=175160.72..175160.73 rows=1 width=32) (actual time=2611.389..2611.391 rows=1 loops=3)
                     ->  Nested Loop  (cost=5352.59..175158.71 rows=805 width=8) (actual time=522.579..2611.311 rows=197 loops=3)
                           Join Filter: (part.p_partkey = lineitem.l_partkey)
                           ->  Merge Join  (cost=5352.16..174935.66 rows=80 width=40) (actual time=522.245..2580.856 rows=69 loops=3)
                                 Merge Cond: (part.p_partkey = lineitem_1.l_partkey)
                                 ->  Sort  (cost=5351.72..5351.94 rows=85 width=4) (actual time=27.004..27.038 rows=69 loops=3)
                                       Sort Key: part.p_partkey
                                       Sort Method: quicksort  Memory: 25kB
                                       Worker 0:  Sort Method: quicksort  Memory: 25kB
                                       Worker 1:  Sort Method: quicksort  Memory: 25kB
                                       ->  Parallel Seq Scan on part  (cost=0.00..5349.00 rows=85 width=4) (actual time=1.102..26.969 rows=69 loops=3)
                                             Filter: ((p_brand = 'Brand#22'::bpchar) AND (p_container = 'LG BOX'::bpchar))
                                             Rows Removed by Filter: 66597
                                 ->  GroupAggregate  (cost=0.43..169109.21 rows=189401 width=36) (actual time=0.601..2538.056 rows=198362 loops=3)
                                       Group Key: lineitem_1.l_partkey
                                       ->  Index Only Scan using q17_idx_1 on lineitem lineitem_1  (cost=0.43..136259.75 rows=6001688 width=9) (actual time=0.563..1688.479 rows=5951943 loops=3)
                                             Heap Fetches: 0
                           ->  Index Only Scan using q9_idx_1 on lineitem  (cost=0.43..2.65 rows=11 width=17) (actual time=0.402..0.436 rows=3 loops=208)
                                 Index Cond: ((l_partkey = lineitem_1.l_partkey) AND (l_quantity < ((0.2 * avg(lineitem_1.l_quantity)))))
                                 Heap Fetches: 0
 Planning Time: 22.066 ms
 Execution Time: 2638.260 ms
(27 rows)

SET
SET
SET
                                                                                            QUERY PLAN                                                                                            
--------------------------------------------------------------------------------------------------------------------------------------------------------------------------------------------------
 Limit  (cost=176160.94..176160.96 rows=1 width=32) (actual time=2316.193..2321.443 rows=1 loops=1)
   ->  Finalize Aggregate  (cost=176160.94..176160.96 rows=1 width=32) (actual time=2316.192..2321.441 rows=1 loops=1)
         ->  Gather  (cost=176160.72..176160.93 rows=2 width=32) (actual time=2314.648..2321.430 rows=3 loops=1)
               Workers Planned: 2
               Workers Launched: 2
               ->  Partial Aggregate  (cost=175160.72..175160.73 rows=1 width=32) (actual time=2301.970..2301.971 rows=1 loops=3)
                     ->  Nested Loop  (cost=5352.59..175158.71 rows=805 width=8) (actual time=239.711..2301.932 rows=197 loops=3)
                           Join Filter: (part.p_partkey = lineitem.l_partkey)
                           ->  Merge Join  (cost=5352.16..174935.66 rows=80 width=40) (actual time=239.679..2301.167 rows=69 loops=3)
                                 Merge Cond: (part.p_partkey = lineitem_1.l_partkey)
                                 ->  Sort  (cost=5351.72..5351.94 rows=85 width=4) (actual time=9.761..9.777 rows=69 loops=3)
                                       Sort Key: part.p_partkey
                                       Sort Method: quicksort  Memory: 25kB
                                       Worker 0:  Sort Method: quicksort  Memory: 25kB
                                       Worker 1:  Sort Method: quicksort  Memory: 25kB
                                       ->  Parallel Seq Scan on part  (cost=0.00..5349.00 rows=85 width=4) (actual time=0.152..9.730 rows=69 loops=3)
                                             Filter: ((p_brand = 'Brand#22'::bpchar) AND (p_container = 'LG BOX'::bpchar))
                                             Rows Removed by Filter: 66597
                                 ->  GroupAggregate  (cost=0.43..169109.21 rows=189401 width=36) (actual time=0.071..2277.513 rows=198194 loops=3)
                                       Group Key: lineitem_1.l_partkey
                                       ->  Index Only Scan using q17_idx_1 on lineitem lineitem_1  (cost=0.43..136259.75 rows=6001688 width=9) (actual time=0.045..1455.186 rows=5946975 loops=3)
                                             Heap Fetches: 0
                           ->  Index Only Scan using q9_idx_1 on lineitem  (cost=0.43..2.65 rows=11 width=17) (actual time=0.009..0.010 rows=3 loops=208)
                                 Index Cond: ((l_partkey = lineitem_1.l_partkey) AND (l_quantity < ((0.2 * avg(lineitem_1.l_quantity)))))
                                 Heap Fetches: 0
 Planning Time: 1.894 ms
 Execution Time: 2321.553 ms
(27 rows)

query 18 run 1
SET
SET
SET
                                                                                                    QUERY PLAN                                                                                                     
-------------------------------------------------------------------------------------------------------------------------------------------------------------------------------------------------------------------
 Limit  (cost=669442.46..669442.71 rows=100 width=71) (actual time=2917.256..2917.261 rows=9 loops=1)
   ->  Sort  (cost=669442.46..674445.28 rows=2001127 width=71) (actual time=2917.255..2917.259 rows=9 loops=1)
         Sort Key: orders.o_totalprice DESC, orders.o_orderdate
         Sort Method: quicksort  Memory: 25kB
         ->  GroupAggregate  (cost=306685.97..592960.82 rows=2001127 width=71) (actual time=2782.528..2917.218 rows=9 loops=1)
               Group Key: orders.o_orderkey, customer.c_custkey
               ->  Incremental Sort  (cost=306685.97..552938.28 rows=2001127 width=44) (actual time=2782.518..2917.189 rows=63 loops=1)
                     Sort Key: orders.o_orderkey, customer.c_custkey
                     Presorted Key: orders.o_orderkey
                     Full-sort Groups: 2  Sort Method: quicksort  Average Memory: 27kB  Peak Memory: 27kB
                     ->  Merge Join  (cost=306685.84..480427.01 rows=2001127 width=44) (actual time=2457.693..2917.138 rows=63 loops=1)
                           Merge Cond: (orders.o_orderkey = lineitem.l_orderkey)
                           ->  Sort  (cost=306684.99..307935.34 rows=500141 width=43) (actual time=2293.825..2293.833 rows=9 loops=1)
                                 Sort Key: orders.o_orderkey
                                 Sort Method: quicksort  Memory: 25kB
                                 ->  Hash Join  (cost=201970.29..248351.70 rows=500141 width=43) (actual time=1986.928..2293.800 rows=9 loops=1)
                                       Hash Cond: (orders.o_custkey = customer.c_custkey)
                                       ->  Hash Join  (cost=194998.29..240066.80 rows=500141 width=24) (actual time=1924.548..2231.407 rows=9 loops=1)
                                             Hash Cond: (orders.o_orderkey = lineitem_1.l_orderkey)
                                             ->  Seq Scan on orders  (cost=0.00..41131.00 rows=1500000 width=20) (actual time=0.658..224.418 rows=1500000 loops=1)
                                             ->  Hash  (cost=188746.52..188746.52 rows=500141 width=4) (actual time=1836.351..1836.352 rows=9 loops=1)
                                                   Buckets: 524288  Batches: 1  Memory Usage: 4097kB
                                                   ->  GroupAggregate  (cost=0.43..188746.52 rows=500141 width=4) (actual time=388.201..1836.335 rows=9 loops=1)
                                                         Group Key: lineitem_1.l_orderkey
                                                         Filter: (sum(lineitem_1.l_quantity) > '313'::numeric)
                                                         Rows Removed by Filter: 1499991
                                                         ->  Index Only Scan using q18_idx_1 on lineitem lineitem_1  (cost=0.43..136231.75 rows=6001688 width=9) (actual time=0.314..730.234 rows=6001215 loops=1)
                                                               Heap Fetches: 0
                                       ->  Hash  (cost=5097.00..5097.00 rows=150000 width=23) (actual time=62.069..62.070 rows=150000 loops=1)
                                             Buckets: 262144  Batches: 1  Memory Usage: 10252kB
                                             ->  Seq Scan on customer  (cost=0.00..5097.00 rows=150000 width=23) (actual time=0.496..35.192 rows=150000 loops=1)
                           ->  Index Only Scan using q18_idx_1 on lineitem  (cost=0.43..136231.75 rows=6001688 width=9) (actual time=0.036..424.937 rows=4807580 loops=1)
                                 Heap Fetches: 0
 Planning Time: 28.083 ms
 Execution Time: 2917.469 ms
(35 rows)

SET
SET
SET
                                                                                                    QUERY PLAN                                                                                                     
-------------------------------------------------------------------------------------------------------------------------------------------------------------------------------------------------------------------
 Limit  (cost=669442.46..669442.71 rows=100 width=71) (actual time=2565.130..2565.135 rows=9 loops=1)
   ->  Sort  (cost=669442.46..674445.28 rows=2001127 width=71) (actual time=2565.129..2565.133 rows=9 loops=1)
         Sort Key: orders.o_totalprice DESC, orders.o_orderdate
         Sort Method: quicksort  Memory: 25kB
         ->  GroupAggregate  (cost=306685.97..592960.82 rows=2001127 width=71) (actual time=2430.274..2565.088 rows=9 loops=1)
               Group Key: orders.o_orderkey, customer.c_custkey
               ->  Incremental Sort  (cost=306685.97..552938.28 rows=2001127 width=44) (actual time=2430.263..2565.059 rows=63 loops=1)
                     Sort Key: orders.o_orderkey, customer.c_custkey
                     Presorted Key: orders.o_orderkey
                     Full-sort Groups: 2  Sort Method: quicksort  Average Memory: 27kB  Peak Memory: 27kB
                     ->  Merge Join  (cost=306685.84..480427.01 rows=2001127 width=44) (actual time=2104.819..2565.016 rows=63 loops=1)
                           Merge Cond: (orders.o_orderkey = lineitem.l_orderkey)
                           ->  Sort  (cost=306684.99..307935.34 rows=500141 width=43) (actual time=1941.110..1941.117 rows=9 loops=1)
                                 Sort Key: orders.o_orderkey
                                 Sort Method: quicksort  Memory: 25kB
                                 ->  Hash Join  (cost=201970.29..248351.70 rows=500141 width=43) (actual time=1737.690..1941.090 rows=9 loops=1)
                                       Hash Cond: (orders.o_custkey = customer.c_custkey)
                                       ->  Hash Join  (cost=194998.29..240066.80 rows=500141 width=24) (actual time=1694.335..1897.726 rows=9 loops=1)
                                             Hash Cond: (orders.o_orderkey = lineitem_1.l_orderkey)
                                             ->  Seq Scan on orders  (cost=0.00..41131.00 rows=1500000 width=20) (actual time=0.008..83.060 rows=1500000 loops=1)
                                             ->  Hash  (cost=188746.52..188746.52 rows=500141 width=4) (actual time=1639.152..1639.153 rows=9 loops=1)
                                                   Buckets: 524288  Batches: 1  Memory Usage: 4097kB
                                                   ->  GroupAggregate  (cost=0.43..188746.52 rows=500141 width=4) (actual time=345.193..1639.137 rows=9 loops=1)
                                                         Group Key: lineitem_1.l_orderkey
                                                         Filter: (sum(lineitem_1.l_quantity) > '313'::numeric)
                                                         Rows Removed by Filter: 1499991
                                                         ->  Index Only Scan using q18_idx_1 on lineitem lineitem_1  (cost=0.43..136231.75 rows=6001688 width=9) (actual time=0.028..559.689 rows=6001215 loops=1)
                                                               Heap Fetches: 0
                                       ->  Hash  (cost=5097.00..5097.00 rows=150000 width=23) (actual time=43.030..43.031 rows=150000 loops=1)
                                             Buckets: 262144  Batches: 1  Memory Usage: 10252kB
                                             ->  Seq Scan on customer  (cost=0.00..5097.00 rows=150000 width=23) (actual time=0.012..18.034 rows=150000 loops=1)
                           ->  Index Only Scan using q18_idx_1 on lineitem  (cost=0.43..136231.75 rows=6001688 width=9) (actual time=0.039..424.259 rows=4807580 loops=1)
                                 Heap Fetches: 0
 Planning Time: 2.462 ms
 Execution Time: 2565.374 ms
(35 rows)

query 19 run 1
SET
SET
SET
                                                                                                                                                                                                                                                                                                                                                                                                                                                              QUERY PLAN                                                                                                                                                                                                                                                                                                                                                                                                                                                              
--------------------------------------------------------------------------------------------------------------------------------------------------------------------------------------------------------------------------------------------------------------------------------------------------------------------------------------------------------------------------------------------------------------------------------------------------------------------------------------------------------------------------------------------------------------------------------------------------------------------------------------------------------------------------------------------------------------------------------------------------------------------------------------------------------------------------------------------------------------------------------------------------------------------------------------
 Limit  (cost=9679.40..9679.41 rows=1 width=32) (actual time=109.424..112.776 rows=1 loops=1)
   ->  Finalize Aggregate  (cost=9679.40..9679.41 rows=1 width=32) (actual time=109.423..112.774 rows=1 loops=1)
         ->  Gather  (cost=9679.18..9679.39 rows=2 width=32) (actual time=108.855..112.764 rows=3 loops=1)
               Workers Planned: 2
               Workers Launched: 2
               ->  Partial Aggregate  (cost=8679.18..8679.19 rows=1 width=32) (actual time=101.683..101.684 rows=1 loops=3)
                     ->  Nested Loop  (cost=0.56..8678.82 rows=47 width=12) (actual time=2.167..101.608 rows=37 loops=3)
                           ->  Parallel Seq Scan on part  (cost=0.00..7640.67 rows=200 width=30) (actual time=0.810..25.678 rows=169 loops=3)
                                 Filter: ((p_size >= 1) AND (((p_brand = 'Brand#24'::bpchar) AND (p_container = ANY ('{"SM CASE","SM BOX","SM PACK","SM PKG"}'::bpchar[])) AND (p_size <= 5)) OR ((p_brand = 'Brand#43'::bpchar) AND (p_container = ANY ('{"MED BAG","MED BOX","MED PKG","MED PACK"}'::bpchar[])) AND (p_size <= 10)) OR ((p_brand = 'Brand#44'::bpchar) AND (p_container = ANY ('{"LG CASE","LG BOX","LG PACK","LG PKG"}'::bpchar[])) AND (p_size <= 15))))
                                 Rows Removed by Filter: 66498
                           ->  Index Only Scan using q19_idx_1 on lineitem  (cost=0.56..5.18 rows=1 width=21) (actual time=0.445..0.448 rows=0 loops=507)
                                 Index Cond: ((l_partkey = part.p_partkey) AND (l_shipmode = ANY ('{AIR,"AIR REG"}'::bpchar[])) AND (l_shipinstruct = 'DELIVER IN PERSON'::bpchar))
                                 Filter: ((((l_quantity >= '10'::numeric) AND (l_quantity <= '20'::numeric)) OR ((l_quantity >= '10'::numeric) AND (l_quantity <= '20'::numeric)) OR ((l_quantity >= '20'::numeric) AND (l_quantity <= '30'::numeric))) AND (((part.p_brand = 'Brand#24'::bpchar) AND (part.p_container = ANY ('{"SM CASE","SM BOX","SM PACK","SM PKG"}'::bpchar[])) AND (l_quantity >= '10'::numeric) AND (l_quantity <= '20'::numeric) AND (part.p_size <= 5)) OR ((part.p_brand = 'Brand#43'::bpchar) AND (part.p_container = ANY ('{"MED BAG","MED BOX","MED PKG","MED PACK"}'::bpchar[])) AND (l_quantity >= '10'::numeric) AND (l_quantity <= '20'::numeric) AND (part.p_size <= 10)) OR ((part.p_brand = 'Brand#44'::bpchar) AND (part.p_container = ANY ('{"LG CASE","LG BOX","LG PACK","LG PKG"}'::bpchar[])) AND (l_quantity >= '20'::numeric) AND (l_quantity <= '30'::numeric) AND (part.p_size <= 15))))
                                 Rows Removed by Filter: 1
                                 Heap Fetches: 0
 Planning Time: 26.405 ms
 Execution Time: 112.878 ms
(17 rows)

SET
SET
SET
                                                                                                                                                                                                                                                                                                                                                                                                                                                              QUERY PLAN                                                                                                                                                                                                                                                                                                                                                                                                                                                              
--------------------------------------------------------------------------------------------------------------------------------------------------------------------------------------------------------------------------------------------------------------------------------------------------------------------------------------------------------------------------------------------------------------------------------------------------------------------------------------------------------------------------------------------------------------------------------------------------------------------------------------------------------------------------------------------------------------------------------------------------------------------------------------------------------------------------------------------------------------------------------------------------------------------------------------
 Limit  (cost=9679.40..9679.41 rows=1 width=32) (actual time=21.275..23.012 rows=1 loops=1)
   ->  Finalize Aggregate  (cost=9679.40..9679.41 rows=1 width=32) (actual time=21.274..23.010 rows=1 loops=1)
         ->  Gather  (cost=9679.18..9679.39 rows=2 width=32) (actual time=21.140..22.999 rows=3 loops=1)
               Workers Planned: 2
               Workers Launched: 2
               ->  Partial Aggregate  (cost=8679.18..8679.19 rows=1 width=32) (actual time=18.474..18.475 rows=1 loops=3)
                     ->  Nested Loop  (cost=0.56..8678.82 rows=47 width=12) (actual time=0.451..18.440 rows=37 loops=3)
                           ->  Parallel Seq Scan on part  (cost=0.00..7640.67 rows=200 width=30) (actual time=0.090..16.364 rows=169 loops=3)
                                 Filter: ((p_size >= 1) AND (((p_brand = 'Brand#24'::bpchar) AND (p_container = ANY ('{"SM CASE","SM BOX","SM PACK","SM PKG"}'::bpchar[])) AND (p_size <= 5)) OR ((p_brand = 'Brand#43'::bpchar) AND (p_container = ANY ('{"MED BAG","MED BOX","MED PKG","MED PACK"}'::bpchar[])) AND (p_size <= 10)) OR ((p_brand = 'Brand#44'::bpchar) AND (p_container = ANY ('{"LG CASE","LG BOX","LG PACK","LG PKG"}'::bpchar[])) AND (p_size <= 15))))
                                 Rows Removed by Filter: 66498
                           ->  Index Only Scan using q19_idx_1 on lineitem  (cost=0.56..5.18 rows=1 width=21) (actual time=0.012..0.012 rows=0 loops=507)
                                 Index Cond: ((l_partkey = part.p_partkey) AND (l_shipmode = ANY ('{AIR,"AIR REG"}'::bpchar[])) AND (l_shipinstruct = 'DELIVER IN PERSON'::bpchar))
                                 Filter: ((((l_quantity >= '10'::numeric) AND (l_quantity <= '20'::numeric)) OR ((l_quantity >= '10'::numeric) AND (l_quantity <= '20'::numeric)) OR ((l_quantity >= '20'::numeric) AND (l_quantity <= '30'::numeric))) AND (((part.p_brand = 'Brand#24'::bpchar) AND (part.p_container = ANY ('{"SM CASE","SM BOX","SM PACK","SM PKG"}'::bpchar[])) AND (l_quantity >= '10'::numeric) AND (l_quantity <= '20'::numeric) AND (part.p_size <= 5)) OR ((part.p_brand = 'Brand#43'::bpchar) AND (part.p_container = ANY ('{"MED BAG","MED BOX","MED PKG","MED PACK"}'::bpchar[])) AND (l_quantity >= '10'::numeric) AND (l_quantity <= '20'::numeric) AND (part.p_size <= 10)) OR ((part.p_brand = 'Brand#44'::bpchar) AND (part.p_container = ANY ('{"LG CASE","LG BOX","LG PACK","LG PKG"}'::bpchar[])) AND (l_quantity >= '20'::numeric) AND (l_quantity <= '30'::numeric) AND (part.p_size <= 15))))
                                 Rows Removed by Filter: 1
                                 Heap Fetches: 0
 Planning Time: 3.149 ms
 Execution Time: 23.097 ms
(17 rows)

query 20 run 1
SET
SET
SET
                                                                                        QUERY PLAN                                                                                        
------------------------------------------------------------------------------------------------------------------------------------------------------------------------------------------
 Limit  (cost=215016.19..215016.20 rows=1 width=51) (actual time=3694.075..3694.178 rows=1 loops=1)
   ->  Sort  (cost=215016.19..215016.20 rows=1 width=51) (actual time=3694.073..3694.175 rows=1 loops=1)
         Sort Key: supplier.s_name
         Sort Method: top-N heapsort  Memory: 25kB
         ->  Nested Loop Semi Join  (cost=191491.19..215016.18 rows=1 width=51) (actual time=3528.726..3693.986 rows=196 loops=1)
               Join Filter: (supplier.s_suppkey = lineitem.l_suppkey)
               Rows Removed by Join Filter: 1900820
               ->  Nested Loop  (cost=0.00..449.31 rows=400 width=55) (actual time=0.612..3.206 rows=438 loops=1)
                     Join Filter: (supplier.s_nationkey = nation.n_nationkey)
                     Rows Removed by Join Filter: 9562
                     ->  Seq Scan on nation  (cost=0.00..1.31 rows=1 width=4) (actual time=0.215..0.218 rows=1 loops=1)
                           Filter: (n_name = 'IRAQ'::bpchar)
                           Rows Removed by Filter: 24
                     ->  Seq Scan on supplier  (cost=0.00..323.00 rows=10000 width=59) (actual time=0.389..2.261 rows=10000 loops=1)
               ->  Materialize  (cost=191491.19..214560.87 rows=1 width=8) (actual time=6.238..8.194 rows=4340 loops=438)
                     Storage: Memory  Maximum Storage: 249kB
                     ->  Nested Loop  (cost=191491.19..214560.87 rows=1 width=8) (actual time=2732.220..3522.433 rows=5898 loops=1)
                           ->  Hash Join  (cost=191490.76..208934.67 rows=4895 width=44) (actual time=2731.638..3240.036 rows=5914 loops=1)
                                 Hash Cond: (lineitem.l_partkey = part.p_partkey)
                                 ->  HashAggregate  (cost=185483.25..201655.01 rows=484617 width=40) (actual time=2700.601..3167.187 rows=544869 loops=1)
                                       Group Key: lineitem.l_partkey, lineitem.l_suppkey
                                       Planned Partitions: 4  Batches: 5  Memory Usage: 65585kB  Disk Usage: 24072kB
                                       ->  Bitmap Heap Scan on lineitem  (cost=16374.51..142608.76 rows=911617 width=13) (actual time=126.487..2065.245 rows=913487 loops=1)
                                             Recheck Cond: ((l_shipdate >= '1996-01-01'::date) AND (l_shipdate < '1997-01-01'::date))
                                             Heap Blocks: exact=104951
                                             ->  Bitmap Index Scan on idx_lineitem_shipdate  (cost=0.00..16146.60 rows=911617 width=0) (actual time=106.555..106.555 rows=913487 loops=1)
                                                   Index Cond: ((l_shipdate >= '1996-01-01'::date) AND (l_shipdate < '1997-01-01'::date))
                                 ->  Hash  (cost=5982.26..5982.26 rows=2020 width=4) (actual time=30.997..31.096 rows=2187 loops=1)
                                       Buckets: 4096 (originally 2048)  Batches: 1 (originally 1)  Memory Usage: 109kB
                                       ->  Gather Merge  (cost=1000.46..5982.26 rows=2020 width=4) (actual time=26.287..30.844 rows=2187 loops=1)
                                             Workers Planned: 3
                                             Workers Launched: 3
                                             ->  Parallel Index Only Scan using q20_idx_2 on part  (cost=0.42..4744.87 rows=652 width=4) (actual time=0.224..15.385 rows=547 loops=4)
                                                   Filter: ((p_name)::text ~~ 'olive%'::text)
                                                   Rows Removed by Filter: 49453
                                                   Heap Fetches: 0
                           ->  Index Only Scan using q20_idx_1 on partsupp  (cost=0.42..1.14 rows=1 width=12) (actual time=0.047..0.047 rows=1 loops=5914)
                                 Index Cond: ((ps_partkey = lineitem.l_partkey) AND (ps_suppkey = lineitem.l_suppkey))
                                 Filter: ((ps_availqty)::numeric > ((0.5 * sum(lineitem.l_quantity))))
                                 Rows Removed by Filter: 0
                                 Heap Fetches: 0
 Planning Time: 29.367 ms
 Execution Time: 3698.472 ms
(43 rows)

SET
SET
SET
                                                                                       QUERY PLAN                                                                                       
----------------------------------------------------------------------------------------------------------------------------------------------------------------------------------------
 Limit  (cost=215016.19..215016.20 rows=1 width=51) (actual time=1389.917..1390.015 rows=1 loops=1)
   ->  Sort  (cost=215016.19..215016.20 rows=1 width=51) (actual time=1389.915..1390.013 rows=1 loops=1)
         Sort Key: supplier.s_name
         Sort Method: top-N heapsort  Memory: 25kB
         ->  Nested Loop Semi Join  (cost=191491.19..215016.18 rows=1 width=51) (actual time=1226.118..1389.826 rows=196 loops=1)
               Join Filter: (supplier.s_suppkey = lineitem.l_suppkey)
               Rows Removed by Join Filter: 1900820
               ->  Nested Loop  (cost=0.00..449.31 rows=400 width=55) (actual time=0.029..1.566 rows=438 loops=1)
                     Join Filter: (supplier.s_nationkey = nation.n_nationkey)
                     Rows Removed by Join Filter: 9562
                     ->  Seq Scan on nation  (cost=0.00..1.31 rows=1 width=4) (actual time=0.018..0.021 rows=1 loops=1)
                           Filter: (n_name = 'IRAQ'::bpchar)
                           Rows Removed by Filter: 24
                     ->  Seq Scan on supplier  (cost=0.00..323.00 rows=10000 width=59) (actual time=0.007..0.647 rows=10000 loops=1)
               ->  Materialize  (cost=191491.19..214560.87 rows=1 width=8) (actual time=1.671..2.940 rows=4340 loops=438)
                     Storage: Memory  Maximum Storage: 249kB
                     ->  Nested Loop  (cost=191491.19..214560.87 rows=1 width=8) (actual time=731.934..1222.694 rows=5898 loops=1)
                           ->  Hash Join  (cost=191490.76..208934.67 rows=4895 width=44) (actual time=731.904..1203.484 rows=5914 loops=1)
                                 Hash Cond: (lineitem.l_partkey = part.p_partkey)
                                 ->  HashAggregate  (cost=185483.25..201655.01 rows=484617 width=40) (actual time=718.835..1153.738 rows=544869 loops=1)
                                       Group Key: lineitem.l_partkey, lineitem.l_suppkey
                                       Planned Partitions: 4  Batches: 5  Memory Usage: 65585kB  Disk Usage: 24072kB
                                       ->  Bitmap Heap Scan on lineitem  (cost=16374.51..142608.76 rows=911617 width=13) (actual time=87.880..303.735 rows=913487 loops=1)
                                             Recheck Cond: ((l_shipdate >= '1996-01-01'::date) AND (l_shipdate < '1997-01-01'::date))
                                             Heap Blocks: exact=104951
                                             ->  Bitmap Index Scan on idx_lineitem_shipdate  (cost=0.00..16146.60 rows=911617 width=0) (actual time=68.669..68.670 rows=913487 loops=1)
                                                   Index Cond: ((l_shipdate >= '1996-01-01'::date) AND (l_shipdate < '1997-01-01'::date))
                                 ->  Hash  (cost=5982.26..5982.26 rows=2020 width=4) (actual time=13.035..13.130 rows=2187 loops=1)
                                       Buckets: 4096 (originally 2048)  Batches: 1 (originally 1)  Memory Usage: 109kB
                                       ->  Gather Merge  (cost=1000.46..5982.26 rows=2020 width=4) (actual time=10.394..12.905 rows=2187 loops=1)
                                             Workers Planned: 3
                                             Workers Launched: 3
                                             ->  Parallel Index Only Scan using q20_idx_2 on part  (cost=0.42..4744.87 rows=652 width=4) (actual time=0.070..6.732 rows=547 loops=4)
                                                   Filter: ((p_name)::text ~~ 'olive%'::text)
                                                   Rows Removed by Filter: 49453
                                                   Heap Fetches: 0
                           ->  Index Only Scan using q20_idx_1 on partsupp  (cost=0.42..1.14 rows=1 width=12) (actual time=0.003..0.003 rows=1 loops=5914)
                                 Index Cond: ((ps_partkey = lineitem.l_partkey) AND (ps_suppkey = lineitem.l_suppkey))
                                 Filter: ((ps_availqty)::numeric > ((0.5 * sum(lineitem.l_quantity))))
                                 Rows Removed by Filter: 0
                                 Heap Fetches: 0
 Planning Time: 2.787 ms
 Execution Time: 1394.329 ms
(43 rows)

query 21 run 1
SET
SET
SET
                                                                                                   QUERY PLAN                                                                                                    
-----------------------------------------------------------------------------------------------------------------------------------------------------------------------------------------------------------------
 Limit  (cost=57462.69..57462.70 rows=1 width=34) (actual time=1891.519..1893.689 rows=100 loops=1)
   ->  Sort  (cost=57462.69..57462.70 rows=1 width=34) (actual time=1891.518..1893.681 rows=100 loops=1)
         Sort Key: (count(*)) DESC, supplier.s_name
         Sort Method: top-N heapsort  Memory: 36kB
         ->  GroupAggregate  (cost=57462.66..57462.68 rows=1 width=34) (actual time=1890.515..1893.258 rows=421 loops=1)
               Group Key: supplier.s_name
               ->  Sort  (cost=57462.66..57462.67 rows=1 width=26) (actual time=1890.506..1892.832 rows=4227 loops=1)
                     Sort Key: supplier.s_name
                     Sort Method: quicksort  Memory: 193kB
                     ->  Nested Loop Semi Join  (cost=29531.75..57462.65 rows=1 width=26) (actual time=434.710..1878.653 rows=4227 loops=1)
                           Join Filter: (l2.l_suppkey <> l1.l_suppkey)
                           Rows Removed by Join Filter: 2768
                           ->  Nested Loop  (cost=29531.32..57460.22 rows=1 width=38) (actual time=434.366..884.386 rows=6909 loops=1)
                                 ->  Gather  (cost=29530.89..57457.86 rows=1 width=34) (actual time=433.951..440.849 rows=14289 loops=1)
                                       Workers Planned: 4
                                       Workers Launched: 4
                                       ->  Parallel Hash Right Anti Join  (cost=28530.89..56457.76 rows=1 width=34) (actual time=425.314..427.271 rows=2858 loops=5)
                                             Hash Cond: (l3.l_orderkey = l1.l_orderkey)
                                             Join Filter: (l3.l_suppkey <> l1.l_suppkey)
                                             Rows Removed by Join Filter: 31839
                                             ->  Parallel Index Only Scan using q21_idx_2 on lineitem l3  (cost=0.43..25968.65 rows=500141 width=8) (actual time=0.205..108.836 rows=758659 loops=5)
                                                   Heap Fetches: 0
                                             ->  Parallel Hash  (cost=28281.11..28281.11 rows=19948 width=34) (actual time=226.061..226.064 rows=31833 loops=5)
                                                   Buckets: 262144 (originally 131072)  Batches: 1 (originally 1)  Memory Usage: 14368kB
                                                   ->  Hash Join  (cost=237.88..28281.11 rows=19948 width=34) (actual time=2.121..211.099 rows=31833 loops=5)
                                                         Hash Cond: (l1.l_suppkey = supplier.s_suppkey)
                                                         ->  Parallel Index Only Scan using q21_idx_2 on lineitem l1  (cost=0.43..25968.65 rows=500141 width=8) (actual time=0.302..158.100 rows=758659 loops=5)
                                                               Heap Fetches: 0
                                                         ->  Hash  (cost=232.45..232.45 rows=400 width=30) (actual time=1.799..1.800 rows=421 loops=5)
                                                               Buckets: 1024  Batches: 1  Memory Usage: 35kB
                                                               ->  Nested Loop  (cost=5.38..232.45 rows=400 width=30) (actual time=0.490..1.714 rows=421 loops=5)
                                                                     ->  Seq Scan on nation  (cost=0.00..1.31 rows=1 width=4) (actual time=0.282..0.286 rows=1 loops=5)
                                                                           Filter: (n_name = 'PERU'::bpchar)
                                                                           Rows Removed by Filter: 24
                                                                     ->  Bitmap Heap Scan on supplier  (cost=5.38..227.14 rows=400 width=34) (actual time=0.203..1.377 rows=421 loops=5)
                                                                           Recheck Cond: (s_nationkey = nation.n_nationkey)
                                                                           Heap Blocks: exact=184
                                                                           ->  Bitmap Index Scan on idx_supplier_nation_key  (cost=0.00..5.29 rows=400 width=0) (actual time=0.113..0.113 rows=421 loops=5)
                                                                                 Index Cond: (s_nationkey = nation.n_nationkey)
                                 ->  Index Only Scan using q21_idx_3 on orders  (cost=0.43..2.36 rows=1 width=4) (actual time=0.030..0.030 rows=0 loops=14289)
                                       Index Cond: ((o_orderkey = l1.l_orderkey) AND (o_orderstatus = 'F'::bpchar))
                                       Heap Fetches: 0
                           ->  Index Only Scan using q21_idx_1 on lineitem l2  (cost=0.43..2.42 rows=4 width=8) (actual time=0.143..0.143 rows=1 loops=6909)
                                 Index Cond: (l_orderkey = orders.o_orderkey)
                                 Heap Fetches: 0
 Planning Time: 26.739 ms
 Execution Time: 1893.883 ms
(47 rows)

SET
SET
SET
                                                                                                   QUERY PLAN                                                                                                    
-----------------------------------------------------------------------------------------------------------------------------------------------------------------------------------------------------------------
 Limit  (cost=57462.69..57462.70 rows=1 width=34) (actual time=449.494..451.678 rows=100 loops=1)
   ->  Sort  (cost=57462.69..57462.70 rows=1 width=34) (actual time=449.492..451.671 rows=100 loops=1)
         Sort Key: (count(*)) DESC, supplier.s_name
         Sort Method: top-N heapsort  Memory: 36kB
         ->  GroupAggregate  (cost=57462.66..57462.68 rows=1 width=34) (actual time=448.464..451.232 rows=421 loops=1)
               Group Key: supplier.s_name
               ->  Sort  (cost=57462.66..57462.67 rows=1 width=26) (actual time=448.455..450.796 rows=4227 loops=1)
                     Sort Key: supplier.s_name
                     Sort Method: quicksort  Memory: 193kB
                     ->  Nested Loop Semi Join  (cost=29531.75..57462.65 rows=1 width=26) (actual time=376.879..438.373 rows=4227 loops=1)
                           Join Filter: (l2.l_suppkey <> l1.l_suppkey)
                           Rows Removed by Join Filter: 2768
                           ->  Nested Loop  (cost=29531.32..57460.22 rows=1 width=38) (actual time=376.851..417.248 rows=6909 loops=1)
                                 ->  Gather  (cost=29530.89..57457.86 rows=1 width=34) (actual time=376.819..380.398 rows=14289 loops=1)
                                       Workers Planned: 4
                                       Workers Launched: 4
                                       ->  Parallel Hash Right Anti Join  (cost=28530.89..56457.76 rows=1 width=34) (actual time=371.919..373.721 rows=2858 loops=5)
                                             Hash Cond: (l3.l_orderkey = l1.l_orderkey)
                                             Join Filter: (l3.l_suppkey <> l1.l_suppkey)
                                             Rows Removed by Join Filter: 31839
                                             ->  Parallel Index Only Scan using q21_idx_2 on lineitem l3  (cost=0.43..25968.65 rows=500141 width=8) (actual time=0.453..110.293 rows=758659 loops=5)
                                                   Heap Fetches: 0
                                             ->  Parallel Hash  (cost=28281.11..28281.11 rows=19948 width=34) (actual time=174.957..174.960 rows=31833 loops=5)
                                                   Buckets: 262144 (originally 131072)  Batches: 1 (originally 1)  Memory Usage: 14368kB
                                                   ->  Hash Join  (cost=237.88..28281.11 rows=19948 width=34) (actual time=0.605..160.458 rows=31833 loops=5)
                                                         Hash Cond: (l1.l_suppkey = supplier.s_suppkey)
                                                         ->  Parallel Index Only Scan using q21_idx_2 on lineitem l1  (cost=0.43..25968.65 rows=500141 width=8) (actual time=0.166..108.759 rows=758659 loops=5)
                                                               Heap Fetches: 0
                                                         ->  Hash  (cost=232.45..232.45 rows=400 width=30) (actual time=0.414..0.415 rows=421 loops=5)
                                                               Buckets: 1024  Batches: 1  Memory Usage: 35kB
                                                               ->  Nested Loop  (cost=5.38..232.45 rows=400 width=30) (actual time=0.077..0.342 rows=421 loops=5)
                                                                     ->  Seq Scan on nation  (cost=0.00..1.31 rows=1 width=4) (actual time=0.015..0.017 rows=1 loops=5)
                                                                           Filter: (n_name = 'PERU'::bpchar)
                                                                           Rows Removed by Filter: 24
                                                                     ->  Bitmap Heap Scan on supplier  (cost=5.38..227.14 rows=400 width=34) (actual time=0.057..0.279 rows=421 loops=5)
                                                                           Recheck Cond: (s_nationkey = nation.n_nationkey)
                                                                           Heap Blocks: exact=184
                                                                           ->  Bitmap Index Scan on idx_supplier_nation_key  (cost=0.00..5.29 rows=400 width=0) (actual time=0.032..0.032 rows=421 loops=5)
                                                                                 Index Cond: (s_nationkey = nation.n_nationkey)
                                 ->  Index Only Scan using q21_idx_3 on orders  (cost=0.43..2.36 rows=1 width=4) (actual time=0.002..0.002 rows=0 loops=14289)
                                       Index Cond: ((o_orderkey = l1.l_orderkey) AND (o_orderstatus = 'F'::bpchar))
                                       Heap Fetches: 0
                           ->  Index Only Scan using q21_idx_1 on lineitem l2  (cost=0.43..2.42 rows=4 width=8) (actual time=0.003..0.003 rows=1 loops=6909)
                                 Index Cond: (l_orderkey = orders.o_orderkey)
                                 Heap Fetches: 0
 Planning Time: 3.787 ms
 Execution Time: 451.840 ms
(47 rows)

query 22 run 1
SET
SET
SET
                                                                        QUERY PLAN                                                                         
-----------------------------------------------------------------------------------------------------------------------------------------------------------
 Limit  (cost=12515.57..12517.23 rows=1 width=72) (actual time=135.078..136.888 rows=1 loops=1)
   InitPlan 1
     ->  Finalize Aggregate  (cost=6242.82..6242.83 rows=1 width=32) (actual time=47.648..47.727 rows=1 loops=1)
           ->  Gather  (cost=6242.60..6242.81 rows=2 width=32) (actual time=47.508..47.714 rows=3 loops=1)
                 Workers Planned: 2
                 Workers Launched: 2
                 ->  Partial Aggregate  (cost=5242.60..5242.61 rows=1 width=32) (actual time=39.516..39.517 rows=1 loops=3)
                       ->  Parallel Seq Scan on customer customer_1  (cost=0.00..5237.62 rows=1989 width=6) (actual time=0.176..38.265 rows=12672 loops=3)
                             Filter: ((c_acctbal > 0.00) AND (SUBSTRING(c_phone FROM 1 FOR 2) = ANY ('{21,29,26,34,14,15,17}'::text[])))
                             Rows Removed by Filter: 37328
   ->  GroupAggregate  (cost=6272.74..7506.72 rows=744 width=72) (actual time=135.077..136.806 rows=1 loops=1)
         Group Key: SUBSTRING(customer.c_phone FROM 1 FOR 2)
         ->  Nested Loop Anti Join  (cost=6272.74..7488.12 rows=744 width=38) (actual time=73.873..136.314 rows=952 loops=1)
               ->  Gather Merge  (cost=6272.31..6476.13 rows=1750 width=26) (actual time=71.203..74.253 rows=2735 loops=1)
                     Workers Planned: 2
                     Workers Launched: 2
                     ->  Sort  (cost=5272.29..5274.11 rows=729 width=26) (actual time=20.922..21.068 rows=1511 loops=3)
                           Sort Key: (SUBSTRING(customer.c_phone FROM 1 FOR 2))
                           Sort Method: quicksort  Memory: 528kB
                           Worker 0:  Sort Method: quicksort  Memory: 470kB
                           Worker 1:  Sort Method: quicksort  Memory: 474kB
                           ->  Parallel Seq Scan on customer  (cost=0.00..5237.62 rows=729 width=26) (actual time=0.020..18.898 rows=6359 loops=3)
                                 Filter: ((c_acctbal > (InitPlan 1).col1) AND (SUBSTRING(c_phone FROM 1 FOR 2) = ANY ('{21,29,26,34,14,15,17}'::text[])))
                                 Rows Removed by Filter: 43641
               ->  Index Only Scan using idx_orders_custkey on orders  (cost=0.43..2.00 rows=17 width=4) (actual time=0.022..0.022 rows=1 loops=2735)
                     Index Cond: (o_custkey = customer.c_custkey)
                     Heap Fetches: 0
 Planning Time: 15.315 ms
 Execution Time: 137.625 ms
(29 rows)

SET
SET
SET
                                                                        QUERY PLAN                                                                         
-----------------------------------------------------------------------------------------------------------------------------------------------------------
 Limit  (cost=12515.57..12517.23 rows=1 width=72) (actual time=56.958..58.567 rows=1 loops=1)
   InitPlan 1
     ->  Finalize Aggregate  (cost=6242.82..6242.83 rows=1 width=32) (actual time=27.371..27.449 rows=1 loops=1)
           ->  Gather  (cost=6242.60..6242.81 rows=2 width=32) (actual time=27.245..27.438 rows=3 loops=1)
                 Workers Planned: 2
                 Workers Launched: 2
                 ->  Partial Aggregate  (cost=5242.60..5242.61 rows=1 width=32) (actual time=24.987..24.988 rows=1 loops=3)
                       ->  Parallel Seq Scan on customer customer_1  (cost=0.00..5237.62 rows=1989 width=6) (actual time=0.014..23.881 rows=12672 loops=3)
                             Filter: ((c_acctbal > 0.00) AND (SUBSTRING(c_phone FROM 1 FOR 2) = ANY ('{21,29,26,34,14,15,17}'::text[])))
                             Rows Removed by Filter: 37328
   ->  GroupAggregate  (cost=6272.74..7506.72 rows=744 width=72) (actual time=56.957..58.487 rows=1 loops=1)
         Group Key: SUBSTRING(customer.c_phone FROM 1 FOR 2)
         ->  Nested Loop Anti Join  (cost=6272.74..7488.12 rows=744 width=38) (actual time=50.530..58.262 rows=952 loops=1)
               ->  Gather Merge  (cost=6272.31..6476.13 rows=1750 width=26) (actual time=50.487..52.720 rows=2734 loops=1)
                     Workers Planned: 2
                     Workers Launched: 2
                     ->  Sort  (cost=5272.29..5274.11 rows=729 width=26) (actual time=20.422..20.499 rows=1528 loops=3)
                           Sort Key: (SUBSTRING(customer.c_phone FROM 1 FOR 2))
                           Sort Method: quicksort  Memory: 542kB
                           Worker 0:  Sort Method: quicksort  Memory: 459kB
                           Worker 1:  Sort Method: quicksort  Memory: 471kB
                           ->  Parallel Seq Scan on customer  (cost=0.00..5237.62 rows=729 width=26) (actual time=0.019..18.352 rows=6359 loops=3)
                                 Filter: ((c_acctbal > (InitPlan 1).col1) AND (SUBSTRING(c_phone FROM 1 FOR 2) = ANY ('{21,29,26,34,14,15,17}'::text[])))
                                 Rows Removed by Filter: 43641
               ->  Index Only Scan using idx_orders_custkey on orders  (cost=0.43..2.00 rows=17 width=4) (actual time=0.002..0.002 rows=1 loops=2734)
                     Index Cond: (o_custkey = customer.c_custkey)
                     Heap Fetches: 0
 Planning Time: 1.113 ms
 Execution Time: 58.705 ms
(29 rows)

